[0.032s] Invoking command in '/home/monisha/simulation_ws/build/aruco': CMAKE_PREFIX_PATH=${CMAKE_PREFIX_PATH}:/home/monisha/turtlebot3_ws/install/turtlebot3_teleop:/home/monisha/turtlebot3_ws/install/turtlebot3_example:/home/monisha/turtlebot3_ws/install/my_aruco_detector:/home/monisha/install/turtlebot3_teleop:/home/monisha/install/turtlebot3_example:/home/monisha/install/launch_testing_examples:/home/monisha/install/examples_rclpy_pointcloud_publisher:/home/monisha/install/examples_rclpy_minimal_subscriber:/home/monisha/install/examples_rclpy_minimal_service:/home/monisha/install/examples_rclpy_minimal_publisher:/home/monisha/install/examples_rclpy_minimal_client:/home/monisha/install/examples_rclpy_minimal_action_server:/home/monisha/install/examples_rclpy_minimal_action_client:/home/monisha/install/examples_rclpy_guard_conditions:/home/monisha/install/examples_rclpy_executors:/opt/ros/humble /usr/bin/cmake --build /home/monisha/simulation_ws/build/aruco -- -j12 -l12
[0.151s] [100%] Built target aruco
[0.214s] Invoked command in '/home/monisha/simulation_ws/build/aruco' returned '0': CMAKE_PREFIX_PATH=${CMAKE_PREFIX_PATH}:/home/monisha/turtlebot3_ws/install/turtlebot3_teleop:/home/monisha/turtlebot3_ws/install/turtlebot3_example:/home/monisha/turtlebot3_ws/install/my_aruco_detector:/home/monisha/install/turtlebot3_teleop:/home/monisha/install/turtlebot3_example:/home/monisha/install/launch_testing_examples:/home/monisha/install/examples_rclpy_pointcloud_publisher:/home/monisha/install/examples_rclpy_minimal_subscriber:/home/monisha/install/examples_rclpy_minimal_service:/home/monisha/install/examples_rclpy_minimal_publisher:/home/monisha/install/examples_rclpy_minimal_client:/home/monisha/install/examples_rclpy_minimal_action_server:/home/monisha/install/examples_rclpy_minimal_action_client:/home/monisha/install/examples_rclpy_guard_conditions:/home/monisha/install/examples_rclpy_executors:/opt/ros/humble /usr/bin/cmake --build /home/monisha/simulation_ws/build/aruco -- -j12 -l12
[0.216s] Invoking command in '/home/monisha/simulation_ws/build/aruco': CMAKE_PREFIX_PATH=${CMAKE_PREFIX_PATH}:/home/monisha/turtlebot3_ws/install/turtlebot3_teleop:/home/monisha/turtlebot3_ws/install/turtlebot3_example:/home/monisha/turtlebot3_ws/install/my_aruco_detector:/home/monisha/install/turtlebot3_teleop:/home/monisha/install/turtlebot3_example:/home/monisha/install/launch_testing_examples:/home/monisha/install/examples_rclpy_pointcloud_publisher:/home/monisha/install/examples_rclpy_minimal_subscriber:/home/monisha/install/examples_rclpy_minimal_service:/home/monisha/install/examples_rclpy_minimal_publisher:/home/monisha/install/examples_rclpy_minimal_client:/home/monisha/install/examples_rclpy_minimal_action_server:/home/monisha/install/examples_rclpy_minimal_action_client:/home/monisha/install/examples_rclpy_guard_conditions:/home/monisha/install/examples_rclpy_executors:/opt/ros/humble /usr/bin/cmake --install /home/monisha/simulation_ws/build/aruco
[0.232s] -- Install configuration: ""
[0.232s] -- Up-to-date: /home/monisha/simulation_ws/install/aruco/lib/libaruco.so
[0.232s] -- Up-to-date: /home/monisha/simulation_ws/install/aruco/include
[0.233s] -- Up-to-date: /home/monisha/simulation_ws/install/aruco/include/aruco
[0.233s] -- Up-to-date: /home/monisha/simulation_ws/install/aruco/include/aruco/markerlabeler.h
[0.233s] -- Up-to-date: /home/monisha/simulation_ws/install/aruco/include/aruco/markerdetector.h
[0.233s] -- Up-to-date: /home/monisha/simulation_ws/install/aruco/include/aruco/markerdetector_impl.h
[0.233s] -- Up-to-date: /home/monisha/simulation_ws/install/aruco/include/aruco/timers.h
[0.233s] -- Up-to-date: /home/monisha/simulation_ws/install/aruco/include/aruco/aruco_cvversioning.h
[0.233s] -- Up-to-date: /home/monisha/simulation_ws/install/aruco/include/aruco/cameraparameters.h
[0.234s] -- Up-to-date: /home/monisha/simulation_ws/install/aruco/include/aruco/debug.h
[0.234s] -- Up-to-date: /home/monisha/simulation_ws/install/aruco/include/aruco/markermap.h
[0.234s] -- Up-to-date: /home/monisha/simulation_ws/install/aruco/include/aruco/ippe.h
[0.234s] -- Up-to-date: /home/monisha/simulation_ws/install/aruco/include/aruco/dictionary.h
[0.234s] -- Up-to-date: /home/monisha/simulation_ws/install/aruco/include/aruco/levmarq.h
[0.234s] -- Up-to-date: /home/monisha/simulation_ws/install/aruco/include/aruco/cvdrawingutils.h
[0.234s] -- Up-to-date: /home/monisha/simulation_ws/install/aruco/include/aruco/picoflann.h
[0.235s] -- Up-to-date: /home/monisha/simulation_ws/install/aruco/include/aruco/dictionary_based.h
[0.235s] -- Up-to-date: /home/monisha/simulation_ws/install/aruco/include/aruco/marker.h
[0.235s] -- Up-to-date: /home/monisha/simulation_ws/install/aruco/include/aruco/aruco_export.h
[0.235s] -- Up-to-date: /home/monisha/simulation_ws/install/aruco/include/aruco/fractaldetector.h
[0.235s] -- Up-to-date: /home/monisha/simulation_ws/install/aruco/include/aruco/fractallabelers
[0.235s] -- Up-to-date: /home/monisha/simulation_ws/install/aruco/include/aruco/fractallabelers/fractalmarkerset.h
[0.235s] -- Up-to-date: /home/monisha/simulation_ws/install/aruco/include/aruco/fractallabelers/fractalposetracker.h
[0.235s] -- Up-to-date: /home/monisha/simulation_ws/install/aruco/include/aruco/fractallabelers/fractalmarker.h
[0.235s] -- Up-to-date: /home/monisha/simulation_ws/install/aruco/include/aruco/fractallabelers/fractallabeler.h
[0.235s] -- Up-to-date: /home/monisha/simulation_ws/install/aruco/include/aruco/posetracker.h
[0.236s] -- Up-to-date: /home/monisha/simulation_ws/install/aruco/include/aruco/aruco.h
[0.236s] -- Up-to-date: /home/monisha/simulation_ws/install/aruco/share/aruco/environment/library_path.sh
[0.236s] -- Up-to-date: /home/monisha/simulation_ws/install/aruco/share/aruco/environment/library_path.dsv
[0.236s] -- Up-to-date: /home/monisha/simulation_ws/install/aruco/share/ament_index/resource_index/package_run_dependencies/aruco
[0.236s] -- Up-to-date: /home/monisha/simulation_ws/install/aruco/share/ament_index/resource_index/parent_prefix_path/aruco
[0.236s] -- Up-to-date: /home/monisha/simulation_ws/install/aruco/share/aruco/environment/ament_prefix_path.sh
[0.236s] -- Up-to-date: /home/monisha/simulation_ws/install/aruco/share/aruco/environment/ament_prefix_path.dsv
[0.236s] -- Up-to-date: /home/monisha/simulation_ws/install/aruco/share/aruco/environment/path.sh
[0.236s] -- Up-to-date: /home/monisha/simulation_ws/install/aruco/share/aruco/environment/path.dsv
[0.236s] -- Up-to-date: /home/monisha/simulation_ws/install/aruco/share/aruco/local_setup.bash
[0.236s] -- Up-to-date: /home/monisha/simulation_ws/install/aruco/share/aruco/local_setup.sh
[0.237s] -- Up-to-date: /home/monisha/simulation_ws/install/aruco/share/aruco/local_setup.zsh
[0.237s] -- Up-to-date: /home/monisha/simulation_ws/install/aruco/share/aruco/local_setup.dsv
[0.237s] -- Installing: /home/monisha/simulation_ws/install/aruco/share/aruco/package.dsv
[0.237s] -- Up-to-date: /home/monisha/simulation_ws/install/aruco/share/ament_index/resource_index/packages/aruco
[0.237s] -- Up-to-date: /home/monisha/simulation_ws/install/aruco/share/aruco/cmake/ament_cmake_export_include_directories-extras.cmake
[0.237s] -- Up-to-date: /home/monisha/simulation_ws/install/aruco/share/aruco/cmake/ament_cmake_export_libraries-extras.cmake
[0.238s] -- Up-to-date: /home/monisha/simulation_ws/install/aruco/share/aruco/cmake/arucoConfig.cmake
[0.238s] -- Up-to-date: /home/monisha/simulation_ws/install/aruco/share/aruco/cmake/arucoConfig-version.cmake
[0.240s] -- Up-to-date: /home/monisha/simulation_ws/install/aruco/share/aruco/package.xml
[0.241s] Invoked command in '/home/monisha/simulation_ws/build/aruco' returned '0': CMAKE_PREFIX_PATH=${CMAKE_PREFIX_PATH}:/home/monisha/turtlebot3_ws/install/turtlebot3_teleop:/home/monisha/turtlebot3_ws/install/turtlebot3_example:/home/monisha/turtlebot3_ws/install/my_aruco_detector:/home/monisha/install/turtlebot3_teleop:/home/monisha/install/turtlebot3_example:/home/monisha/install/launch_testing_examples:/home/monisha/install/examples_rclpy_pointcloud_publisher:/home/monisha/install/examples_rclpy_minimal_subscriber:/home/monisha/install/examples_rclpy_minimal_service:/home/monisha/install/examples_rclpy_minimal_publisher:/home/monisha/install/examples_rclpy_minimal_client:/home/monisha/install/examples_rclpy_minimal_action_server:/home/monisha/install/examples_rclpy_minimal_action_client:/home/monisha/install/examples_rclpy_guard_conditions:/home/monisha/install/examples_rclpy_executors:/opt/ros/humble /usr/bin/cmake --install /home/monisha/simulation_ws/build/aruco
