[0.083s] DEBUG:colcon:Command line arguments: ['/usr/bin/colcon', 'build']
[0.083s] DEBUG:colcon:Parsed command line arguments: Namespace(log_base=None, log_level=None, verb_name='build', build_base='build', install_base='install', merge_install=False, symlink_install=False, test_result_base=None, continue_on_error=False, executor='parallel', parallel_workers=12, event_handlers=None, ignore_user_meta=False, metas=['./colcon.meta'], base_paths=['.'], packages_ignore=None, packages_ignore_regex=None, paths=None, packages_up_to=None, packages_up_to_regex=None, packages_above=None, packages_above_and_dependencies=None, packages_above_depth=None, packages_select_by_dep=None, packages_skip_by_dep=None, packages_skip_up_to=None, packages_select_build_failed=False, packages_skip_build_finished=False, packages_select_test_failures=False, packages_skip_test_passed=False, packages_select=None, packages_skip=None, packages_select_regex=None, packages_skip_regex=None, packages_start=None, packages_end=None, allow_overriding=[], cmake_args=None, cmake_target=None, cmake_target_skip_unavailable=False, cmake_clean_cache=False, cmake_clean_first=False, cmake_force_configure=False, ament_cmake_args=None, catkin_cmake_args=None, catkin_skip_building_tests=False, verb_parser=<colcon_defaults.argument_parser.defaults.DefaultArgumentsDecorator object at 0x703d48c8e1d0>, verb_extension=<colcon_core.verb.build.BuildVerb object at 0x703d48c8d390>, main=<bound method BuildVerb.main of <colcon_core.verb.build.BuildVerb object at 0x703d48c8d390>>)
[0.211s] Level 1:colcon.colcon_core.package_discovery:discover_packages(colcon_meta) check parameters
[0.211s] Level 1:colcon.colcon_core.package_discovery:discover_packages(recursive) check parameters
[0.211s] Level 1:colcon.colcon_core.package_discovery:discover_packages(ignore) check parameters
[0.211s] Level 1:colcon.colcon_core.package_discovery:discover_packages(path) check parameters
[0.211s] Level 1:colcon.colcon_core.package_discovery:discover_packages(colcon_meta) discover
[0.211s] Level 1:colcon.colcon_core.package_discovery:discover_packages(recursive) discover
[0.211s] INFO:colcon.colcon_core.package_discovery:Crawling recursively for packages in '/home/monisha/simulation_ws'
[0.211s] Level 1:colcon.colcon_core.package_identification:_identify(.) by extensions ['ignore', 'ignore_ament_install']
[0.211s] Level 1:colcon.colcon_core.package_identification:_identify(.) by extension 'ignore'
[0.211s] Level 1:colcon.colcon_core.package_identification:_identify(.) by extension 'ignore_ament_install'
[0.211s] Level 1:colcon.colcon_core.package_identification:_identify(.) by extensions ['colcon_pkg']
[0.211s] Level 1:colcon.colcon_core.package_identification:_identify(.) by extension 'colcon_pkg'
[0.211s] Level 1:colcon.colcon_core.package_identification:_identify(.) by extensions ['colcon_meta']
[0.211s] Level 1:colcon.colcon_core.package_identification:_identify(.) by extension 'colcon_meta'
[0.211s] Level 1:colcon.colcon_core.package_identification:_identify(.) by extensions ['ros']
[0.211s] Level 1:colcon.colcon_core.package_identification:_identify(.) by extension 'ros'
[0.220s] Level 1:colcon.colcon_core.package_identification:_identify(.) by extensions ['cmake', 'python']
[0.221s] Level 1:colcon.colcon_core.package_identification:_identify(.) by extension 'cmake'
[0.221s] Level 1:colcon.colcon_core.package_identification:_identify(.) by extension 'python'
[0.221s] Level 1:colcon.colcon_core.package_identification:_identify(.) by extensions ['python_setup_py']
[0.221s] Level 1:colcon.colcon_core.package_identification:_identify(.) by extension 'python_setup_py'
[0.221s] Level 1:colcon.colcon_core.package_identification:_identify(build) by extensions ['ignore', 'ignore_ament_install']
[0.221s] Level 1:colcon.colcon_core.package_identification:_identify(build) by extension 'ignore'
[0.221s] Level 1:colcon.colcon_core.package_identification:_identify(build) ignored
[0.221s] Level 1:colcon.colcon_core.package_identification:_identify(install) by extensions ['ignore', 'ignore_ament_install']
[0.221s] Level 1:colcon.colcon_core.package_identification:_identify(install) by extension 'ignore'
[0.221s] Level 1:colcon.colcon_core.package_identification:_identify(install) ignored
[0.221s] Level 1:colcon.colcon_core.package_identification:_identify(log) by extensions ['ignore', 'ignore_ament_install']
[0.221s] Level 1:colcon.colcon_core.package_identification:_identify(log) by extension 'ignore'
[0.221s] Level 1:colcon.colcon_core.package_identification:_identify(log) ignored
[0.221s] Level 1:colcon.colcon_core.package_identification:_identify(src) by extensions ['ignore', 'ignore_ament_install']
[0.221s] Level 1:colcon.colcon_core.package_identification:_identify(src) by extension 'ignore'
[0.221s] Level 1:colcon.colcon_core.package_identification:_identify(src) by extension 'ignore_ament_install'
[0.221s] Level 1:colcon.colcon_core.package_identification:_identify(src) by extensions ['colcon_pkg']
[0.221s] Level 1:colcon.colcon_core.package_identification:_identify(src) by extension 'colcon_pkg'
[0.221s] Level 1:colcon.colcon_core.package_identification:_identify(src) by extensions ['colcon_meta']
[0.221s] Level 1:colcon.colcon_core.package_identification:_identify(src) by extension 'colcon_meta'
[0.221s] Level 1:colcon.colcon_core.package_identification:_identify(src) by extensions ['ros']
[0.221s] Level 1:colcon.colcon_core.package_identification:_identify(src) by extension 'ros'
[0.221s] Level 1:colcon.colcon_core.package_identification:_identify(src) by extensions ['cmake', 'python']
[0.221s] Level 1:colcon.colcon_core.package_identification:_identify(src) by extension 'cmake'
[0.222s] Level 1:colcon.colcon_core.package_identification:_identify(src) by extension 'python'
[0.222s] Level 1:colcon.colcon_core.package_identification:_identify(src) by extensions ['python_setup_py']
[0.222s] Level 1:colcon.colcon_core.package_identification:_identify(src) by extension 'python_setup_py'
[0.222s] Level 1:colcon.colcon_core.package_identification:_identify(src/aruco_ros) by extensions ['ignore', 'ignore_ament_install']
[0.222s] Level 1:colcon.colcon_core.package_identification:_identify(src/aruco_ros) by extension 'ignore'
[0.222s] Level 1:colcon.colcon_core.package_identification:_identify(src/aruco_ros) by extension 'ignore_ament_install'
[0.222s] Level 1:colcon.colcon_core.package_identification:_identify(src/aruco_ros) by extensions ['colcon_pkg']
[0.222s] Level 1:colcon.colcon_core.package_identification:_identify(src/aruco_ros) by extension 'colcon_pkg'
[0.222s] Level 1:colcon.colcon_core.package_identification:_identify(src/aruco_ros) by extensions ['colcon_meta']
[0.222s] Level 1:colcon.colcon_core.package_identification:_identify(src/aruco_ros) by extension 'colcon_meta'
[0.222s] Level 1:colcon.colcon_core.package_identification:_identify(src/aruco_ros) by extensions ['ros']
[0.222s] Level 1:colcon.colcon_core.package_identification:_identify(src/aruco_ros) by extension 'ros'
[0.222s] Level 1:colcon.colcon_core.package_identification:_identify(src/aruco_ros) by extensions ['cmake', 'python']
[0.222s] Level 1:colcon.colcon_core.package_identification:_identify(src/aruco_ros) by extension 'cmake'
[0.222s] Level 1:colcon.colcon_core.package_identification:_identify(src/aruco_ros) by extension 'python'
[0.222s] Level 1:colcon.colcon_core.package_identification:_identify(src/aruco_ros) by extensions ['python_setup_py']
[0.222s] Level 1:colcon.colcon_core.package_identification:_identify(src/aruco_ros) by extension 'python_setup_py'
[0.222s] Level 1:colcon.colcon_core.package_identification:_identify(src/aruco_ros/aruco) by extensions ['ignore', 'ignore_ament_install']
[0.222s] Level 1:colcon.colcon_core.package_identification:_identify(src/aruco_ros/aruco) by extension 'ignore'
[0.222s] Level 1:colcon.colcon_core.package_identification:_identify(src/aruco_ros/aruco) by extension 'ignore_ament_install'
[0.222s] Level 1:colcon.colcon_core.package_identification:_identify(src/aruco_ros/aruco) by extensions ['colcon_pkg']
[0.222s] Level 1:colcon.colcon_core.package_identification:_identify(src/aruco_ros/aruco) by extension 'colcon_pkg'
[0.222s] Level 1:colcon.colcon_core.package_identification:_identify(src/aruco_ros/aruco) by extensions ['colcon_meta']
[0.222s] Level 1:colcon.colcon_core.package_identification:_identify(src/aruco_ros/aruco) by extension 'colcon_meta'
[0.222s] Level 1:colcon.colcon_core.package_identification:_identify(src/aruco_ros/aruco) by extensions ['ros']
[0.222s] Level 1:colcon.colcon_core.package_identification:_identify(src/aruco_ros/aruco) by extension 'ros'
[0.224s] DEBUG:colcon.colcon_core.package_identification:Package 'src/aruco_ros/aruco' with type 'ros.ament_cmake' and name 'aruco'
[0.224s] Level 1:colcon.colcon_core.package_identification:_identify(src/aruco_ros/aruco_msgs) by extensions ['ignore', 'ignore_ament_install']
[0.224s] Level 1:colcon.colcon_core.package_identification:_identify(src/aruco_ros/aruco_msgs) by extension 'ignore'
[0.224s] Level 1:colcon.colcon_core.package_identification:_identify(src/aruco_ros/aruco_msgs) by extension 'ignore_ament_install'
[0.224s] Level 1:colcon.colcon_core.package_identification:_identify(src/aruco_ros/aruco_msgs) by extensions ['colcon_pkg']
[0.224s] Level 1:colcon.colcon_core.package_identification:_identify(src/aruco_ros/aruco_msgs) by extension 'colcon_pkg'
[0.224s] Level 1:colcon.colcon_core.package_identification:_identify(src/aruco_ros/aruco_msgs) by extensions ['colcon_meta']
[0.224s] Level 1:colcon.colcon_core.package_identification:_identify(src/aruco_ros/aruco_msgs) by extension 'colcon_meta'
[0.224s] Level 1:colcon.colcon_core.package_identification:_identify(src/aruco_ros/aruco_msgs) by extensions ['ros']
[0.224s] Level 1:colcon.colcon_core.package_identification:_identify(src/aruco_ros/aruco_msgs) by extension 'ros'
[0.225s] DEBUG:colcon.colcon_core.package_identification:Package 'src/aruco_ros/aruco_msgs' with type 'ros.ament_cmake' and name 'aruco_msgs'
[0.225s] Level 1:colcon.colcon_core.package_identification:_identify(src/aruco_ros/aruco_ros) by extensions ['ignore', 'ignore_ament_install']
[0.225s] Level 1:colcon.colcon_core.package_identification:_identify(src/aruco_ros/aruco_ros) by extension 'ignore'
[0.225s] Level 1:colcon.colcon_core.package_identification:_identify(src/aruco_ros/aruco_ros) by extension 'ignore_ament_install'
[0.225s] Level 1:colcon.colcon_core.package_identification:_identify(src/aruco_ros/aruco_ros) by extensions ['colcon_pkg']
[0.225s] Level 1:colcon.colcon_core.package_identification:_identify(src/aruco_ros/aruco_ros) by extension 'colcon_pkg'
[0.225s] Level 1:colcon.colcon_core.package_identification:_identify(src/aruco_ros/aruco_ros) by extensions ['colcon_meta']
[0.225s] Level 1:colcon.colcon_core.package_identification:_identify(src/aruco_ros/aruco_ros) by extension 'colcon_meta'
[0.225s] Level 1:colcon.colcon_core.package_identification:_identify(src/aruco_ros/aruco_ros) by extensions ['ros']
[0.225s] Level 1:colcon.colcon_core.package_identification:_identify(src/aruco_ros/aruco_ros) by extension 'ros'
[0.226s] DEBUG:colcon.colcon_core.package_identification:Package 'src/aruco_ros/aruco_ros' with type 'ros.ament_cmake' and name 'aruco_ros'
[0.226s] Level 1:colcon.colcon_core.package_identification:_identify(src/my_simulation) by extensions ['ignore', 'ignore_ament_install']
[0.226s] Level 1:colcon.colcon_core.package_identification:_identify(src/my_simulation) by extension 'ignore'
[0.226s] Level 1:colcon.colcon_core.package_identification:_identify(src/my_simulation) by extension 'ignore_ament_install'
[0.226s] Level 1:colcon.colcon_core.package_identification:_identify(src/my_simulation) by extensions ['colcon_pkg']
[0.226s] Level 1:colcon.colcon_core.package_identification:_identify(src/my_simulation) by extension 'colcon_pkg'
[0.226s] Level 1:colcon.colcon_core.package_identification:_identify(src/my_simulation) by extensions ['colcon_meta']
[0.226s] Level 1:colcon.colcon_core.package_identification:_identify(src/my_simulation) by extension 'colcon_meta'
[0.226s] Level 1:colcon.colcon_core.package_identification:_identify(src/my_simulation) by extensions ['ros']
[0.226s] Level 1:colcon.colcon_core.package_identification:_identify(src/my_simulation) by extension 'ros'
[0.227s] DEBUG:colcon.colcon_core.package_identification:Package 'src/my_simulation' with type 'ros.ament_cmake' and name 'my_simulation'
[0.227s] Level 1:colcon.colcon_core.package_discovery:discover_packages(recursive) using defaults
[0.227s] Level 1:colcon.colcon_core.package_discovery:discover_packages(ignore) discover
[0.227s] Level 1:colcon.colcon_core.package_discovery:discover_packages(ignore) using defaults
[0.227s] Level 1:colcon.colcon_core.package_discovery:discover_packages(path) discover
[0.227s] Level 1:colcon.colcon_core.package_discovery:discover_packages(path) using defaults
[0.255s] Level 1:colcon.colcon_core.package_discovery:discover_packages(prefix_path) check parameters
[0.255s] Level 1:colcon.colcon_core.package_discovery:discover_packages(prefix_path) discover
[0.257s] DEBUG:colcon.colcon_installed_package_information.package_discovery:Found 4 installed packages in /home/monisha/simulation_ws/install
[0.258s] DEBUG:colcon.colcon_installed_package_information.package_discovery:Found 1 installed packages in /home/monisha/forklift_ws/install
[0.258s] DEBUG:colcon.colcon_installed_package_information.package_discovery:Found 0 installed packages in /home/monisha/turtlebot_ws/install
[0.258s] DEBUG:colcon.colcon_installed_package_information.package_discovery:Found 16 installed packages in /home/monisha/turtlebot3_ws/install
[0.259s] DEBUG:colcon.colcon_installed_package_information.package_discovery:Found 37 installed packages in /home/monisha/install
[0.261s] DEBUG:colcon.colcon_installed_package_information.package_discovery:Found 365 installed packages in /opt/ros/humble
[0.263s] Level 1:colcon.colcon_core.package_discovery:discover_packages(prefix_path) using defaults
[0.297s] Level 5:colcon.colcon_core.verb:set package 'aruco' build argument 'cmake_args' from command line to 'None'
[0.297s] Level 5:colcon.colcon_core.verb:set package 'aruco' build argument 'cmake_target' from command line to 'None'
[0.297s] Level 5:colcon.colcon_core.verb:set package 'aruco' build argument 'cmake_target_skip_unavailable' from command line to 'False'
[0.297s] Level 5:colcon.colcon_core.verb:set package 'aruco' build argument 'cmake_clean_cache' from command line to 'False'
[0.297s] Level 5:colcon.colcon_core.verb:set package 'aruco' build argument 'cmake_clean_first' from command line to 'False'
[0.297s] Level 5:colcon.colcon_core.verb:set package 'aruco' build argument 'cmake_force_configure' from command line to 'False'
[0.297s] Level 5:colcon.colcon_core.verb:set package 'aruco' build argument 'ament_cmake_args' from command line to 'None'
[0.297s] Level 5:colcon.colcon_core.verb:set package 'aruco' build argument 'catkin_cmake_args' from command line to 'None'
[0.297s] Level 5:colcon.colcon_core.verb:set package 'aruco' build argument 'catkin_skip_building_tests' from command line to 'False'
[0.297s] DEBUG:colcon.colcon_core.verb:Building package 'aruco' with the following arguments: {'ament_cmake_args': None, 'build_base': '/home/monisha/simulation_ws/build/aruco', 'catkin_cmake_args': None, 'catkin_skip_building_tests': False, 'cmake_args': None, 'cmake_clean_cache': False, 'cmake_clean_first': False, 'cmake_force_configure': False, 'cmake_target': None, 'cmake_target_skip_unavailable': False, 'install_base': '/home/monisha/simulation_ws/install/aruco', 'merge_install': False, 'path': '/home/monisha/simulation_ws/src/aruco_ros/aruco', 'symlink_install': False, 'test_result_base': None}
[0.297s] Level 5:colcon.colcon_core.verb:set package 'aruco_msgs' build argument 'cmake_args' from command line to 'None'
[0.297s] Level 5:colcon.colcon_core.verb:set package 'aruco_msgs' build argument 'cmake_target' from command line to 'None'
[0.297s] Level 5:colcon.colcon_core.verb:set package 'aruco_msgs' build argument 'cmake_target_skip_unavailable' from command line to 'False'
[0.297s] Level 5:colcon.colcon_core.verb:set package 'aruco_msgs' build argument 'cmake_clean_cache' from command line to 'False'
[0.298s] Level 5:colcon.colcon_core.verb:set package 'aruco_msgs' build argument 'cmake_clean_first' from command line to 'False'
[0.298s] Level 5:colcon.colcon_core.verb:set package 'aruco_msgs' build argument 'cmake_force_configure' from command line to 'False'
[0.298s] Level 5:colcon.colcon_core.verb:set package 'aruco_msgs' build argument 'ament_cmake_args' from command line to 'None'
[0.298s] Level 5:colcon.colcon_core.verb:set package 'aruco_msgs' build argument 'catkin_cmake_args' from command line to 'None'
[0.298s] Level 5:colcon.colcon_core.verb:set package 'aruco_msgs' build argument 'catkin_skip_building_tests' from command line to 'False'
[0.298s] DEBUG:colcon.colcon_core.verb:Building package 'aruco_msgs' with the following arguments: {'ament_cmake_args': None, 'build_base': '/home/monisha/simulation_ws/build/aruco_msgs', 'catkin_cmake_args': None, 'catkin_skip_building_tests': False, 'cmake_args': None, 'cmake_clean_cache': False, 'cmake_clean_first': False, 'cmake_force_configure': False, 'cmake_target': None, 'cmake_target_skip_unavailable': False, 'install_base': '/home/monisha/simulation_ws/install/aruco_msgs', 'merge_install': False, 'path': '/home/monisha/simulation_ws/src/aruco_ros/aruco_msgs', 'symlink_install': False, 'test_result_base': None}
[0.298s] Level 5:colcon.colcon_core.verb:set package 'my_simulation' build argument 'cmake_args' from command line to 'None'
[0.298s] Level 5:colcon.colcon_core.verb:set package 'my_simulation' build argument 'cmake_target' from command line to 'None'
[0.298s] Level 5:colcon.colcon_core.verb:set package 'my_simulation' build argument 'cmake_target_skip_unavailable' from command line to 'False'
[0.298s] Level 5:colcon.colcon_core.verb:set package 'my_simulation' build argument 'cmake_clean_cache' from command line to 'False'
[0.298s] Level 5:colcon.colcon_core.verb:set package 'my_simulation' build argument 'cmake_clean_first' from command line to 'False'
[0.298s] Level 5:colcon.colcon_core.verb:set package 'my_simulation' build argument 'cmake_force_configure' from command line to 'False'
[0.298s] Level 5:colcon.colcon_core.verb:set package 'my_simulation' build argument 'ament_cmake_args' from command line to 'None'
[0.298s] Level 5:colcon.colcon_core.verb:set package 'my_simulation' build argument 'catkin_cmake_args' from command line to 'None'
[0.298s] Level 5:colcon.colcon_core.verb:set package 'my_simulation' build argument 'catkin_skip_building_tests' from command line to 'False'
[0.298s] DEBUG:colcon.colcon_core.verb:Building package 'my_simulation' with the following arguments: {'ament_cmake_args': None, 'build_base': '/home/monisha/simulation_ws/build/my_simulation', 'catkin_cmake_args': None, 'catkin_skip_building_tests': False, 'cmake_args': None, 'cmake_clean_cache': False, 'cmake_clean_first': False, 'cmake_force_configure': False, 'cmake_target': None, 'cmake_target_skip_unavailable': False, 'install_base': '/home/monisha/simulation_ws/install/my_simulation', 'merge_install': False, 'path': '/home/monisha/simulation_ws/src/my_simulation', 'symlink_install': False, 'test_result_base': None}
[0.298s] Level 5:colcon.colcon_core.verb:set package 'aruco_ros' build argument 'cmake_args' from command line to 'None'
[0.298s] Level 5:colcon.colcon_core.verb:set package 'aruco_ros' build argument 'cmake_target' from command line to 'None'
[0.298s] Level 5:colcon.colcon_core.verb:set package 'aruco_ros' build argument 'cmake_target_skip_unavailable' from command line to 'False'
[0.298s] Level 5:colcon.colcon_core.verb:set package 'aruco_ros' build argument 'cmake_clean_cache' from command line to 'False'
[0.298s] Level 5:colcon.colcon_core.verb:set package 'aruco_ros' build argument 'cmake_clean_first' from command line to 'False'
[0.298s] Level 5:colcon.colcon_core.verb:set package 'aruco_ros' build argument 'cmake_force_configure' from command line to 'False'
[0.298s] Level 5:colcon.colcon_core.verb:set package 'aruco_ros' build argument 'ament_cmake_args' from command line to 'None'
[0.298s] Level 5:colcon.colcon_core.verb:set package 'aruco_ros' build argument 'catkin_cmake_args' from command line to 'None'
[0.298s] Level 5:colcon.colcon_core.verb:set package 'aruco_ros' build argument 'catkin_skip_building_tests' from command line to 'False'
[0.298s] DEBUG:colcon.colcon_core.verb:Building package 'aruco_ros' with the following arguments: {'ament_cmake_args': None, 'build_base': '/home/monisha/simulation_ws/build/aruco_ros', 'catkin_cmake_args': None, 'catkin_skip_building_tests': False, 'cmake_args': None, 'cmake_clean_cache': False, 'cmake_clean_first': False, 'cmake_force_configure': False, 'cmake_target': None, 'cmake_target_skip_unavailable': False, 'install_base': '/home/monisha/simulation_ws/install/aruco_ros', 'merge_install': False, 'path': '/home/monisha/simulation_ws/src/aruco_ros/aruco_ros', 'symlink_install': False, 'test_result_base': None}
[0.299s] INFO:colcon.colcon_core.executor:Executing jobs using 'parallel' executor
[0.300s] DEBUG:colcon.colcon_parallel_executor.executor.parallel:run_until_complete
[0.300s] INFO:colcon.colcon_ros.task.ament_cmake.build:Building ROS package in '/home/monisha/simulation_ws/src/aruco_ros/aruco' with build type 'ament_cmake'
[0.301s] INFO:colcon.colcon_cmake.task.cmake.build:Building CMake package in '/home/monisha/simulation_ws/src/aruco_ros/aruco'
[0.303s] INFO:colcon.colcon_core.plugin_system:Skipping extension 'colcon_core.shell.bat': Not used on non-Windows systems
[0.303s] INFO:colcon.colcon_core.shell:Skip shell extension 'powershell' for command environment: Not usable outside of PowerShell
[0.303s] DEBUG:colcon.colcon_core.shell:Skip shell extension 'dsv' for command environment
[0.309s] INFO:colcon.colcon_ros.task.ament_cmake.build:Building ROS package in '/home/monisha/simulation_ws/src/aruco_ros/aruco_msgs' with build type 'ament_cmake'
[0.310s] INFO:colcon.colcon_cmake.task.cmake.build:Building CMake package in '/home/monisha/simulation_ws/src/aruco_ros/aruco_msgs'
[0.310s] INFO:colcon.colcon_core.shell:Skip shell extension 'powershell' for command environment: Not usable outside of PowerShell
[0.310s] DEBUG:colcon.colcon_core.shell:Skip shell extension 'dsv' for command environment
[0.317s] INFO:colcon.colcon_ros.task.ament_cmake.build:Building ROS package in '/home/monisha/simulation_ws/src/my_simulation' with build type 'ament_cmake'
[0.318s] INFO:colcon.colcon_cmake.task.cmake.build:Building CMake package in '/home/monisha/simulation_ws/src/my_simulation'
[0.318s] INFO:colcon.colcon_core.shell:Skip shell extension 'powershell' for command environment: Not usable outside of PowerShell
[0.318s] DEBUG:colcon.colcon_core.shell:Skip shell extension 'dsv' for command environment
[0.333s] DEBUG:colcon.colcon_core.event_handler.log_command:Invoking command in '/home/monisha/simulation_ws/build/aruco': CMAKE_PREFIX_PATH=${CMAKE_PREFIX_PATH}:/home/monisha/turtlebot3_ws/install/turtlebot3_teleop:/home/monisha/turtlebot3_ws/install/turtlebot3_example:/home/monisha/turtlebot3_ws/install/my_aruco_detector:/home/monisha/install/turtlebot3_teleop:/home/monisha/install/turtlebot3_example:/home/monisha/install/launch_testing_examples:/home/monisha/install/examples_rclpy_pointcloud_publisher:/home/monisha/install/examples_rclpy_minimal_subscriber:/home/monisha/install/examples_rclpy_minimal_service:/home/monisha/install/examples_rclpy_minimal_publisher:/home/monisha/install/examples_rclpy_minimal_client:/home/monisha/install/examples_rclpy_minimal_action_server:/home/monisha/install/examples_rclpy_minimal_action_client:/home/monisha/install/examples_rclpy_guard_conditions:/home/monisha/install/examples_rclpy_executors:/opt/ros/humble /usr/bin/cmake /home/monisha/simulation_ws/src/aruco_ros/aruco -DCMAKE_INSTALL_PREFIX=/home/monisha/simulation_ws/install/aruco
[0.337s] DEBUG:colcon.colcon_core.event_handler.log_command:Invoking command in '/home/monisha/simulation_ws/build/aruco_msgs': CMAKE_PREFIX_PATH=${CMAKE_PREFIX_PATH}:/home/monisha/turtlebot3_ws/install/turtlebot3_teleop:/home/monisha/turtlebot3_ws/install/turtlebot3_example:/home/monisha/turtlebot3_ws/install/my_aruco_detector:/home/monisha/install/turtlebot3_teleop:/home/monisha/install/turtlebot3_example:/home/monisha/install/launch_testing_examples:/home/monisha/install/examples_rclpy_pointcloud_publisher:/home/monisha/install/examples_rclpy_minimal_subscriber:/home/monisha/install/examples_rclpy_minimal_service:/home/monisha/install/examples_rclpy_minimal_publisher:/home/monisha/install/examples_rclpy_minimal_client:/home/monisha/install/examples_rclpy_minimal_action_server:/home/monisha/install/examples_rclpy_minimal_action_client:/home/monisha/install/examples_rclpy_guard_conditions:/home/monisha/install/examples_rclpy_executors:/opt/ros/humble /usr/bin/cmake /home/monisha/simulation_ws/src/aruco_ros/aruco_msgs -DCMAKE_INSTALL_PREFIX=/home/monisha/simulation_ws/install/aruco_msgs
[0.346s] DEBUG:colcon.colcon_core.event_handler.log_command:Invoking command in '/home/monisha/simulation_ws/build/my_simulation': CMAKE_PREFIX_PATH=${CMAKE_PREFIX_PATH}:/home/monisha/turtlebot3_ws/install/turtlebot3_teleop:/home/monisha/turtlebot3_ws/install/turtlebot3_example:/home/monisha/turtlebot3_ws/install/my_aruco_detector:/home/monisha/install/turtlebot3_teleop:/home/monisha/install/turtlebot3_example:/home/monisha/install/launch_testing_examples:/home/monisha/install/examples_rclpy_pointcloud_publisher:/home/monisha/install/examples_rclpy_minimal_subscriber:/home/monisha/install/examples_rclpy_minimal_service:/home/monisha/install/examples_rclpy_minimal_publisher:/home/monisha/install/examples_rclpy_minimal_client:/home/monisha/install/examples_rclpy_minimal_action_server:/home/monisha/install/examples_rclpy_minimal_action_client:/home/monisha/install/examples_rclpy_guard_conditions:/home/monisha/install/examples_rclpy_executors:/opt/ros/humble /usr/bin/cmake /home/monisha/simulation_ws/src/my_simulation -DCMAKE_INSTALL_PREFIX=/home/monisha/simulation_ws/install/my_simulation
[1.482s] DEBUG:colcon.colcon_core.event_handler.log_command:Invoked command in '/home/monisha/simulation_ws/build/aruco' returned '0': CMAKE_PREFIX_PATH=${CMAKE_PREFIX_PATH}:/home/monisha/turtlebot3_ws/install/turtlebot3_teleop:/home/monisha/turtlebot3_ws/install/turtlebot3_example:/home/monisha/turtlebot3_ws/install/my_aruco_detector:/home/monisha/install/turtlebot3_teleop:/home/monisha/install/turtlebot3_example:/home/monisha/install/launch_testing_examples:/home/monisha/install/examples_rclpy_pointcloud_publisher:/home/monisha/install/examples_rclpy_minimal_subscriber:/home/monisha/install/examples_rclpy_minimal_service:/home/monisha/install/examples_rclpy_minimal_publisher:/home/monisha/install/examples_rclpy_minimal_client:/home/monisha/install/examples_rclpy_minimal_action_server:/home/monisha/install/examples_rclpy_minimal_action_client:/home/monisha/install/examples_rclpy_guard_conditions:/home/monisha/install/examples_rclpy_executors:/opt/ros/humble /usr/bin/cmake /home/monisha/simulation_ws/src/aruco_ros/aruco -DCMAKE_INSTALL_PREFIX=/home/monisha/simulation_ws/install/aruco
[1.486s] DEBUG:colcon.colcon_core.event_handler.log_command:Invoking command in '/home/monisha/simulation_ws/build/aruco': CMAKE_PREFIX_PATH=${CMAKE_PREFIX_PATH}:/home/monisha/turtlebot3_ws/install/turtlebot3_teleop:/home/monisha/turtlebot3_ws/install/turtlebot3_example:/home/monisha/turtlebot3_ws/install/my_aruco_detector:/home/monisha/install/turtlebot3_teleop:/home/monisha/install/turtlebot3_example:/home/monisha/install/launch_testing_examples:/home/monisha/install/examples_rclpy_pointcloud_publisher:/home/monisha/install/examples_rclpy_minimal_subscriber:/home/monisha/install/examples_rclpy_minimal_service:/home/monisha/install/examples_rclpy_minimal_publisher:/home/monisha/install/examples_rclpy_minimal_client:/home/monisha/install/examples_rclpy_minimal_action_server:/home/monisha/install/examples_rclpy_minimal_action_client:/home/monisha/install/examples_rclpy_guard_conditions:/home/monisha/install/examples_rclpy_executors:/opt/ros/humble /usr/bin/cmake --build /home/monisha/simulation_ws/build/aruco -- -j12 -l12
[7.631s] DEBUG:colcon.colcon_core.event_handler.log_command:Invoked command in '/home/monisha/simulation_ws/build/aruco_msgs' returned '0': CMAKE_PREFIX_PATH=${CMAKE_PREFIX_PATH}:/home/monisha/turtlebot3_ws/install/turtlebot3_teleop:/home/monisha/turtlebot3_ws/install/turtlebot3_example:/home/monisha/turtlebot3_ws/install/my_aruco_detector:/home/monisha/install/turtlebot3_teleop:/home/monisha/install/turtlebot3_example:/home/monisha/install/launch_testing_examples:/home/monisha/install/examples_rclpy_pointcloud_publisher:/home/monisha/install/examples_rclpy_minimal_subscriber:/home/monisha/install/examples_rclpy_minimal_service:/home/monisha/install/examples_rclpy_minimal_publisher:/home/monisha/install/examples_rclpy_minimal_client:/home/monisha/install/examples_rclpy_minimal_action_server:/home/monisha/install/examples_rclpy_minimal_action_client:/home/monisha/install/examples_rclpy_guard_conditions:/home/monisha/install/examples_rclpy_executors:/opt/ros/humble /usr/bin/cmake /home/monisha/simulation_ws/src/aruco_ros/aruco_msgs -DCMAKE_INSTALL_PREFIX=/home/monisha/simulation_ws/install/aruco_msgs
[7.634s] DEBUG:colcon.colcon_core.event_handler.log_command:Invoking command in '/home/monisha/simulation_ws/build/aruco_msgs': CMAKE_PREFIX_PATH=${CMAKE_PREFIX_PATH}:/home/monisha/turtlebot3_ws/install/turtlebot3_teleop:/home/monisha/turtlebot3_ws/install/turtlebot3_example:/home/monisha/turtlebot3_ws/install/my_aruco_detector:/home/monisha/install/turtlebot3_teleop:/home/monisha/install/turtlebot3_example:/home/monisha/install/launch_testing_examples:/home/monisha/install/examples_rclpy_pointcloud_publisher:/home/monisha/install/examples_rclpy_minimal_subscriber:/home/monisha/install/examples_rclpy_minimal_service:/home/monisha/install/examples_rclpy_minimal_publisher:/home/monisha/install/examples_rclpy_minimal_client:/home/monisha/install/examples_rclpy_minimal_action_server:/home/monisha/install/examples_rclpy_minimal_action_client:/home/monisha/install/examples_rclpy_guard_conditions:/home/monisha/install/examples_rclpy_executors:/opt/ros/humble /usr/bin/cmake --build /home/monisha/simulation_ws/build/aruco_msgs -- -j12 -l12
[8.799s] DEBUG:colcon.colcon_core.event_handler.log_command:Invoked command in '/home/monisha/simulation_ws/build/my_simulation' returned '0': CMAKE_PREFIX_PATH=${CMAKE_PREFIX_PATH}:/home/monisha/turtlebot3_ws/install/turtlebot3_teleop:/home/monisha/turtlebot3_ws/install/turtlebot3_example:/home/monisha/turtlebot3_ws/install/my_aruco_detector:/home/monisha/install/turtlebot3_teleop:/home/monisha/install/turtlebot3_example:/home/monisha/install/launch_testing_examples:/home/monisha/install/examples_rclpy_pointcloud_publisher:/home/monisha/install/examples_rclpy_minimal_subscriber:/home/monisha/install/examples_rclpy_minimal_service:/home/monisha/install/examples_rclpy_minimal_publisher:/home/monisha/install/examples_rclpy_minimal_client:/home/monisha/install/examples_rclpy_minimal_action_server:/home/monisha/install/examples_rclpy_minimal_action_client:/home/monisha/install/examples_rclpy_guard_conditions:/home/monisha/install/examples_rclpy_executors:/opt/ros/humble /usr/bin/cmake /home/monisha/simulation_ws/src/my_simulation -DCMAKE_INSTALL_PREFIX=/home/monisha/simulation_ws/install/my_simulation
[8.803s] DEBUG:colcon.colcon_core.event_handler.log_command:Invoking command in '/home/monisha/simulation_ws/build/my_simulation': CMAKE_PREFIX_PATH=${CMAKE_PREFIX_PATH}:/home/monisha/turtlebot3_ws/install/turtlebot3_teleop:/home/monisha/turtlebot3_ws/install/turtlebot3_example:/home/monisha/turtlebot3_ws/install/my_aruco_detector:/home/monisha/install/turtlebot3_teleop:/home/monisha/install/turtlebot3_example:/home/monisha/install/launch_testing_examples:/home/monisha/install/examples_rclpy_pointcloud_publisher:/home/monisha/install/examples_rclpy_minimal_subscriber:/home/monisha/install/examples_rclpy_minimal_service:/home/monisha/install/examples_rclpy_minimal_publisher:/home/monisha/install/examples_rclpy_minimal_client:/home/monisha/install/examples_rclpy_minimal_action_server:/home/monisha/install/examples_rclpy_minimal_action_client:/home/monisha/install/examples_rclpy_guard_conditions:/home/monisha/install/examples_rclpy_executors:/opt/ros/humble /usr/bin/cmake --build /home/monisha/simulation_ws/build/my_simulation -- -j12 -l12
[8.927s] DEBUG:colcon.colcon_core.event_handler.log_command:Invoked command in '/home/monisha/simulation_ws/build/my_simulation' returned '0': CMAKE_PREFIX_PATH=${CMAKE_PREFIX_PATH}:/home/monisha/turtlebot3_ws/install/turtlebot3_teleop:/home/monisha/turtlebot3_ws/install/turtlebot3_example:/home/monisha/turtlebot3_ws/install/my_aruco_detector:/home/monisha/install/turtlebot3_teleop:/home/monisha/install/turtlebot3_example:/home/monisha/install/launch_testing_examples:/home/monisha/install/examples_rclpy_pointcloud_publisher:/home/monisha/install/examples_rclpy_minimal_subscriber:/home/monisha/install/examples_rclpy_minimal_service:/home/monisha/install/examples_rclpy_minimal_publisher:/home/monisha/install/examples_rclpy_minimal_client:/home/monisha/install/examples_rclpy_minimal_action_server:/home/monisha/install/examples_rclpy_minimal_action_client:/home/monisha/install/examples_rclpy_guard_conditions:/home/monisha/install/examples_rclpy_executors:/opt/ros/humble /usr/bin/cmake --build /home/monisha/simulation_ws/build/my_simulation -- -j12 -l12
[8.956s] DEBUG:colcon.colcon_core.event_handler.log_command:Invoking command in '/home/monisha/simulation_ws/build/my_simulation': CMAKE_PREFIX_PATH=${CMAKE_PREFIX_PATH}:/home/monisha/turtlebot3_ws/install/turtlebot3_teleop:/home/monisha/turtlebot3_ws/install/turtlebot3_example:/home/monisha/turtlebot3_ws/install/my_aruco_detector:/home/monisha/install/turtlebot3_teleop:/home/monisha/install/turtlebot3_example:/home/monisha/install/launch_testing_examples:/home/monisha/install/examples_rclpy_pointcloud_publisher:/home/monisha/install/examples_rclpy_minimal_subscriber:/home/monisha/install/examples_rclpy_minimal_service:/home/monisha/install/examples_rclpy_minimal_publisher:/home/monisha/install/examples_rclpy_minimal_client:/home/monisha/install/examples_rclpy_minimal_action_server:/home/monisha/install/examples_rclpy_minimal_action_client:/home/monisha/install/examples_rclpy_guard_conditions:/home/monisha/install/examples_rclpy_executors:/opt/ros/humble /usr/bin/cmake --install /home/monisha/simulation_ws/build/my_simulation
[8.999s] Level 1:colcon.colcon_core.environment:create_environment_scripts_only(my_simulation)
[9.002s] DEBUG:colcon.colcon_core.event_handler.log_command:Invoked command in '/home/monisha/simulation_ws/build/my_simulation' returned '0': CMAKE_PREFIX_PATH=${CMAKE_PREFIX_PATH}:/home/monisha/turtlebot3_ws/install/turtlebot3_teleop:/home/monisha/turtlebot3_ws/install/turtlebot3_example:/home/monisha/turtlebot3_ws/install/my_aruco_detector:/home/monisha/install/turtlebot3_teleop:/home/monisha/install/turtlebot3_example:/home/monisha/install/launch_testing_examples:/home/monisha/install/examples_rclpy_pointcloud_publisher:/home/monisha/install/examples_rclpy_minimal_subscriber:/home/monisha/install/examples_rclpy_minimal_service:/home/monisha/install/examples_rclpy_minimal_publisher:/home/monisha/install/examples_rclpy_minimal_client:/home/monisha/install/examples_rclpy_minimal_action_server:/home/monisha/install/examples_rclpy_minimal_action_client:/home/monisha/install/examples_rclpy_guard_conditions:/home/monisha/install/examples_rclpy_executors:/opt/ros/humble /usr/bin/cmake --install /home/monisha/simulation_ws/build/my_simulation
[9.012s] Level 1:colcon.colcon_core.environment:checking '/home/monisha/simulation_ws/install/my_simulation' for CMake module files
[9.014s] Level 1:colcon.colcon_core.environment:checking '/home/monisha/simulation_ws/install/my_simulation' for CMake config files
[9.014s] Level 1:colcon.colcon_core.shell:create_environment_hook('my_simulation', 'cmake_prefix_path')
[9.015s] INFO:colcon.colcon_core.shell:Creating environment hook '/home/monisha/simulation_ws/install/my_simulation/share/my_simulation/hook/cmake_prefix_path.ps1'
[9.016s] INFO:colcon.colcon_core.shell:Creating environment descriptor '/home/monisha/simulation_ws/install/my_simulation/share/my_simulation/hook/cmake_prefix_path.dsv'
[9.018s] INFO:colcon.colcon_core.shell:Creating environment hook '/home/monisha/simulation_ws/install/my_simulation/share/my_simulation/hook/cmake_prefix_path.sh'
[9.020s] Level 1:colcon.colcon_core.environment:checking '/home/monisha/simulation_ws/install/my_simulation/lib'
[9.020s] Level 1:colcon.colcon_core.environment:checking '/home/monisha/simulation_ws/install/my_simulation/bin'
[9.021s] Level 1:colcon.colcon_core.environment:checking '/home/monisha/simulation_ws/install/my_simulation/lib/pkgconfig/my_simulation.pc'
[9.021s] Level 1:colcon.colcon_core.environment:checking '/home/monisha/simulation_ws/install/my_simulation/lib/python3.10/site-packages'
[9.022s] Level 1:colcon.colcon_core.environment:checking '/home/monisha/simulation_ws/install/my_simulation/bin'
[9.023s] INFO:colcon.colcon_core.shell:Creating package script '/home/monisha/simulation_ws/install/my_simulation/share/my_simulation/package.ps1'
[9.025s] INFO:colcon.colcon_core.shell:Creating package descriptor '/home/monisha/simulation_ws/install/my_simulation/share/my_simulation/package.dsv'
[9.026s] INFO:colcon.colcon_core.shell:Creating package script '/home/monisha/simulation_ws/install/my_simulation/share/my_simulation/package.sh'
[9.028s] INFO:colcon.colcon_core.shell:Creating package script '/home/monisha/simulation_ws/install/my_simulation/share/my_simulation/package.bash'
[9.030s] INFO:colcon.colcon_core.shell:Creating package script '/home/monisha/simulation_ws/install/my_simulation/share/my_simulation/package.zsh'
[9.031s] Level 1:colcon.colcon_core.environment:create_file_with_runtime_dependencies(/home/monisha/simulation_ws/install/my_simulation/share/colcon-core/packages/my_simulation)
[9.033s] Level 1:colcon.colcon_core.environment:create_environment_scripts_only(my_simulation)
[9.033s] Level 1:colcon.colcon_core.environment:checking '/home/monisha/simulation_ws/install/my_simulation' for CMake module files
[9.035s] Level 1:colcon.colcon_core.environment:checking '/home/monisha/simulation_ws/install/my_simulation' for CMake config files
[9.035s] Level 1:colcon.colcon_core.shell:create_environment_hook('my_simulation', 'cmake_prefix_path')
[9.036s] INFO:colcon.colcon_core.shell:Creating environment hook '/home/monisha/simulation_ws/install/my_simulation/share/my_simulation/hook/cmake_prefix_path.ps1'
[9.037s] INFO:colcon.colcon_core.shell:Creating environment descriptor '/home/monisha/simulation_ws/install/my_simulation/share/my_simulation/hook/cmake_prefix_path.dsv'
[9.037s] INFO:colcon.colcon_core.shell:Creating environment hook '/home/monisha/simulation_ws/install/my_simulation/share/my_simulation/hook/cmake_prefix_path.sh'
[9.039s] Level 1:colcon.colcon_core.environment:checking '/home/monisha/simulation_ws/install/my_simulation/lib'
[9.039s] Level 1:colcon.colcon_core.environment:checking '/home/monisha/simulation_ws/install/my_simulation/bin'
[9.039s] Level 1:colcon.colcon_core.environment:checking '/home/monisha/simulation_ws/install/my_simulation/lib/pkgconfig/my_simulation.pc'
[9.040s] Level 1:colcon.colcon_core.environment:checking '/home/monisha/simulation_ws/install/my_simulation/lib/python3.10/site-packages'
[9.040s] Level 1:colcon.colcon_core.environment:checking '/home/monisha/simulation_ws/install/my_simulation/bin'
[9.041s] INFO:colcon.colcon_core.shell:Creating package script '/home/monisha/simulation_ws/install/my_simulation/share/my_simulation/package.ps1'
[9.042s] INFO:colcon.colcon_core.shell:Creating package descriptor '/home/monisha/simulation_ws/install/my_simulation/share/my_simulation/package.dsv'
[9.044s] INFO:colcon.colcon_core.shell:Creating package script '/home/monisha/simulation_ws/install/my_simulation/share/my_simulation/package.sh'
[9.045s] INFO:colcon.colcon_core.shell:Creating package script '/home/monisha/simulation_ws/install/my_simulation/share/my_simulation/package.bash'
[9.046s] INFO:colcon.colcon_core.shell:Creating package script '/home/monisha/simulation_ws/install/my_simulation/share/my_simulation/package.zsh'
[9.047s] Level 1:colcon.colcon_core.environment:create_file_with_runtime_dependencies(/home/monisha/simulation_ws/install/my_simulation/share/colcon-core/packages/my_simulation)
[12.032s] DEBUG:colcon.colcon_core.event_handler.log_command:Invoked command in '/home/monisha/simulation_ws/build/aruco_msgs' returned '0': CMAKE_PREFIX_PATH=${CMAKE_PREFIX_PATH}:/home/monisha/turtlebot3_ws/install/turtlebot3_teleop:/home/monisha/turtlebot3_ws/install/turtlebot3_example:/home/monisha/turtlebot3_ws/install/my_aruco_detector:/home/monisha/install/turtlebot3_teleop:/home/monisha/install/turtlebot3_example:/home/monisha/install/launch_testing_examples:/home/monisha/install/examples_rclpy_pointcloud_publisher:/home/monisha/install/examples_rclpy_minimal_subscriber:/home/monisha/install/examples_rclpy_minimal_service:/home/monisha/install/examples_rclpy_minimal_publisher:/home/monisha/install/examples_rclpy_minimal_client:/home/monisha/install/examples_rclpy_minimal_action_server:/home/monisha/install/examples_rclpy_minimal_action_client:/home/monisha/install/examples_rclpy_guard_conditions:/home/monisha/install/examples_rclpy_executors:/opt/ros/humble /usr/bin/cmake --build /home/monisha/simulation_ws/build/aruco_msgs -- -j12 -l12
[12.035s] DEBUG:colcon.colcon_core.event_handler.log_command:Invoking command in '/home/monisha/simulation_ws/build/aruco_msgs': CMAKE_PREFIX_PATH=${CMAKE_PREFIX_PATH}:/home/monisha/turtlebot3_ws/install/turtlebot3_teleop:/home/monisha/turtlebot3_ws/install/turtlebot3_example:/home/monisha/turtlebot3_ws/install/my_aruco_detector:/home/monisha/install/turtlebot3_teleop:/home/monisha/install/turtlebot3_example:/home/monisha/install/launch_testing_examples:/home/monisha/install/examples_rclpy_pointcloud_publisher:/home/monisha/install/examples_rclpy_minimal_subscriber:/home/monisha/install/examples_rclpy_minimal_service:/home/monisha/install/examples_rclpy_minimal_publisher:/home/monisha/install/examples_rclpy_minimal_client:/home/monisha/install/examples_rclpy_minimal_action_server:/home/monisha/install/examples_rclpy_minimal_action_client:/home/monisha/install/examples_rclpy_guard_conditions:/home/monisha/install/examples_rclpy_executors:/opt/ros/humble /usr/bin/cmake --install /home/monisha/simulation_ws/build/aruco_msgs
[12.148s] Level 1:colcon.colcon_core.environment:create_environment_scripts_only(aruco_msgs)
[12.149s] DEBUG:colcon.colcon_core.event_handler.log_command:Invoked command in '/home/monisha/simulation_ws/build/aruco_msgs' returned '0': CMAKE_PREFIX_PATH=${CMAKE_PREFIX_PATH}:/home/monisha/turtlebot3_ws/install/turtlebot3_teleop:/home/monisha/turtlebot3_ws/install/turtlebot3_example:/home/monisha/turtlebot3_ws/install/my_aruco_detector:/home/monisha/install/turtlebot3_teleop:/home/monisha/install/turtlebot3_example:/home/monisha/install/launch_testing_examples:/home/monisha/install/examples_rclpy_pointcloud_publisher:/home/monisha/install/examples_rclpy_minimal_subscriber:/home/monisha/install/examples_rclpy_minimal_service:/home/monisha/install/examples_rclpy_minimal_publisher:/home/monisha/install/examples_rclpy_minimal_client:/home/monisha/install/examples_rclpy_minimal_action_server:/home/monisha/install/examples_rclpy_minimal_action_client:/home/monisha/install/examples_rclpy_guard_conditions:/home/monisha/install/examples_rclpy_executors:/opt/ros/humble /usr/bin/cmake --install /home/monisha/simulation_ws/build/aruco_msgs
[12.150s] Level 1:colcon.colcon_core.environment:checking '/home/monisha/simulation_ws/install/aruco_msgs' for CMake module files
[12.151s] Level 1:colcon.colcon_core.environment:checking '/home/monisha/simulation_ws/install/aruco_msgs' for CMake config files
[12.151s] Level 1:colcon.colcon_core.shell:create_environment_hook('aruco_msgs', 'cmake_prefix_path')
[12.152s] INFO:colcon.colcon_core.shell:Creating environment hook '/home/monisha/simulation_ws/install/aruco_msgs/share/aruco_msgs/hook/cmake_prefix_path.ps1'
[12.153s] INFO:colcon.colcon_core.shell:Creating environment descriptor '/home/monisha/simulation_ws/install/aruco_msgs/share/aruco_msgs/hook/cmake_prefix_path.dsv'
[12.153s] INFO:colcon.colcon_core.shell:Creating environment hook '/home/monisha/simulation_ws/install/aruco_msgs/share/aruco_msgs/hook/cmake_prefix_path.sh'
[12.154s] Level 1:colcon.colcon_core.environment:checking '/home/monisha/simulation_ws/install/aruco_msgs/lib'
[12.154s] Level 1:colcon.colcon_core.shell:create_environment_hook('aruco_msgs', 'ld_library_path_lib')
[12.155s] INFO:colcon.colcon_core.shell:Creating environment hook '/home/monisha/simulation_ws/install/aruco_msgs/share/aruco_msgs/hook/ld_library_path_lib.ps1'
[12.156s] INFO:colcon.colcon_core.shell:Creating environment descriptor '/home/monisha/simulation_ws/install/aruco_msgs/share/aruco_msgs/hook/ld_library_path_lib.dsv'
[12.156s] INFO:colcon.colcon_core.shell:Creating environment hook '/home/monisha/simulation_ws/install/aruco_msgs/share/aruco_msgs/hook/ld_library_path_lib.sh'
[12.157s] Level 1:colcon.colcon_core.environment:checking '/home/monisha/simulation_ws/install/aruco_msgs/bin'
[12.157s] Level 1:colcon.colcon_core.environment:checking '/home/monisha/simulation_ws/install/aruco_msgs/lib/pkgconfig/aruco_msgs.pc'
[12.158s] Level 1:colcon.colcon_core.environment:checking '/home/monisha/simulation_ws/install/aruco_msgs/lib/python3.10/site-packages'
[12.158s] Level 1:colcon.colcon_core.environment:checking '/home/monisha/simulation_ws/install/aruco_msgs/bin'
[12.158s] INFO:colcon.colcon_core.shell:Creating package script '/home/monisha/simulation_ws/install/aruco_msgs/share/aruco_msgs/package.ps1'
[12.159s] INFO:colcon.colcon_core.shell:Creating package descriptor '/home/monisha/simulation_ws/install/aruco_msgs/share/aruco_msgs/package.dsv'
[12.160s] INFO:colcon.colcon_core.shell:Creating package script '/home/monisha/simulation_ws/install/aruco_msgs/share/aruco_msgs/package.sh'
[12.161s] INFO:colcon.colcon_core.shell:Creating package script '/home/monisha/simulation_ws/install/aruco_msgs/share/aruco_msgs/package.bash'
[12.161s] INFO:colcon.colcon_core.shell:Creating package script '/home/monisha/simulation_ws/install/aruco_msgs/share/aruco_msgs/package.zsh'
[12.162s] Level 1:colcon.colcon_core.environment:create_file_with_runtime_dependencies(/home/monisha/simulation_ws/install/aruco_msgs/share/colcon-core/packages/aruco_msgs)
[12.162s] Level 1:colcon.colcon_core.environment:create_environment_scripts_only(aruco_msgs)
[12.163s] Level 1:colcon.colcon_core.environment:checking '/home/monisha/simulation_ws/install/aruco_msgs' for CMake module files
[12.163s] Level 1:colcon.colcon_core.environment:checking '/home/monisha/simulation_ws/install/aruco_msgs' for CMake config files
[12.163s] Level 1:colcon.colcon_core.shell:create_environment_hook('aruco_msgs', 'cmake_prefix_path')
[12.163s] INFO:colcon.colcon_core.shell:Creating environment hook '/home/monisha/simulation_ws/install/aruco_msgs/share/aruco_msgs/hook/cmake_prefix_path.ps1'
[12.164s] INFO:colcon.colcon_core.shell:Creating environment descriptor '/home/monisha/simulation_ws/install/aruco_msgs/share/aruco_msgs/hook/cmake_prefix_path.dsv'
[12.164s] INFO:colcon.colcon_core.shell:Creating environment hook '/home/monisha/simulation_ws/install/aruco_msgs/share/aruco_msgs/hook/cmake_prefix_path.sh'
[12.165s] Level 1:colcon.colcon_core.environment:checking '/home/monisha/simulation_ws/install/aruco_msgs/lib'
[12.165s] Level 1:colcon.colcon_core.shell:create_environment_hook('aruco_msgs', 'ld_library_path_lib')
[12.165s] INFO:colcon.colcon_core.shell:Creating environment hook '/home/monisha/simulation_ws/install/aruco_msgs/share/aruco_msgs/hook/ld_library_path_lib.ps1'
[12.165s] INFO:colcon.colcon_core.shell:Creating environment descriptor '/home/monisha/simulation_ws/install/aruco_msgs/share/aruco_msgs/hook/ld_library_path_lib.dsv'
[12.165s] INFO:colcon.colcon_core.shell:Creating environment hook '/home/monisha/simulation_ws/install/aruco_msgs/share/aruco_msgs/hook/ld_library_path_lib.sh'
[12.166s] Level 1:colcon.colcon_core.environment:checking '/home/monisha/simulation_ws/install/aruco_msgs/bin'
[12.166s] Level 1:colcon.colcon_core.environment:checking '/home/monisha/simulation_ws/install/aruco_msgs/lib/pkgconfig/aruco_msgs.pc'
[12.166s] Level 1:colcon.colcon_core.environment:checking '/home/monisha/simulation_ws/install/aruco_msgs/lib/python3.10/site-packages'
[12.166s] Level 1:colcon.colcon_core.environment:checking '/home/monisha/simulation_ws/install/aruco_msgs/bin'
[12.166s] INFO:colcon.colcon_core.shell:Creating package script '/home/monisha/simulation_ws/install/aruco_msgs/share/aruco_msgs/package.ps1'
[12.167s] INFO:colcon.colcon_core.shell:Creating package descriptor '/home/monisha/simulation_ws/install/aruco_msgs/share/aruco_msgs/package.dsv'
[12.167s] INFO:colcon.colcon_core.shell:Creating package script '/home/monisha/simulation_ws/install/aruco_msgs/share/aruco_msgs/package.sh'
[12.168s] INFO:colcon.colcon_core.shell:Creating package script '/home/monisha/simulation_ws/install/aruco_msgs/share/aruco_msgs/package.bash'
[12.168s] INFO:colcon.colcon_core.shell:Creating package script '/home/monisha/simulation_ws/install/aruco_msgs/share/aruco_msgs/package.zsh'
[12.168s] Level 1:colcon.colcon_core.environment:create_file_with_runtime_dependencies(/home/monisha/simulation_ws/install/aruco_msgs/share/colcon-core/packages/aruco_msgs)
[13.534s] DEBUG:colcon.colcon_core.event_handler.log_command:Invoked command in '/home/monisha/simulation_ws/build/aruco' returned '0': CMAKE_PREFIX_PATH=${CMAKE_PREFIX_PATH}:/home/monisha/turtlebot3_ws/install/turtlebot3_teleop:/home/monisha/turtlebot3_ws/install/turtlebot3_example:/home/monisha/turtlebot3_ws/install/my_aruco_detector:/home/monisha/install/turtlebot3_teleop:/home/monisha/install/turtlebot3_example:/home/monisha/install/launch_testing_examples:/home/monisha/install/examples_rclpy_pointcloud_publisher:/home/monisha/install/examples_rclpy_minimal_subscriber:/home/monisha/install/examples_rclpy_minimal_service:/home/monisha/install/examples_rclpy_minimal_publisher:/home/monisha/install/examples_rclpy_minimal_client:/home/monisha/install/examples_rclpy_minimal_action_server:/home/monisha/install/examples_rclpy_minimal_action_client:/home/monisha/install/examples_rclpy_guard_conditions:/home/monisha/install/examples_rclpy_executors:/opt/ros/humble /usr/bin/cmake --build /home/monisha/simulation_ws/build/aruco -- -j12 -l12
[13.536s] DEBUG:colcon.colcon_core.event_handler.log_command:Invoking command in '/home/monisha/simulation_ws/build/aruco': CMAKE_PREFIX_PATH=${CMAKE_PREFIX_PATH}:/home/monisha/turtlebot3_ws/install/turtlebot3_teleop:/home/monisha/turtlebot3_ws/install/turtlebot3_example:/home/monisha/turtlebot3_ws/install/my_aruco_detector:/home/monisha/install/turtlebot3_teleop:/home/monisha/install/turtlebot3_example:/home/monisha/install/launch_testing_examples:/home/monisha/install/examples_rclpy_pointcloud_publisher:/home/monisha/install/examples_rclpy_minimal_subscriber:/home/monisha/install/examples_rclpy_minimal_service:/home/monisha/install/examples_rclpy_minimal_publisher:/home/monisha/install/examples_rclpy_minimal_client:/home/monisha/install/examples_rclpy_minimal_action_server:/home/monisha/install/examples_rclpy_minimal_action_client:/home/monisha/install/examples_rclpy_guard_conditions:/home/monisha/install/examples_rclpy_executors:/opt/ros/humble /usr/bin/cmake --install /home/monisha/simulation_ws/build/aruco
[13.552s] Level 1:colcon.colcon_core.environment:create_environment_scripts_only(aruco)
[13.553s] DEBUG:colcon.colcon_core.event_handler.log_command:Invoked command in '/home/monisha/simulation_ws/build/aruco' returned '0': CMAKE_PREFIX_PATH=${CMAKE_PREFIX_PATH}:/home/monisha/turtlebot3_ws/install/turtlebot3_teleop:/home/monisha/turtlebot3_ws/install/turtlebot3_example:/home/monisha/turtlebot3_ws/install/my_aruco_detector:/home/monisha/install/turtlebot3_teleop:/home/monisha/install/turtlebot3_example:/home/monisha/install/launch_testing_examples:/home/monisha/install/examples_rclpy_pointcloud_publisher:/home/monisha/install/examples_rclpy_minimal_subscriber:/home/monisha/install/examples_rclpy_minimal_service:/home/monisha/install/examples_rclpy_minimal_publisher:/home/monisha/install/examples_rclpy_minimal_client:/home/monisha/install/examples_rclpy_minimal_action_server:/home/monisha/install/examples_rclpy_minimal_action_client:/home/monisha/install/examples_rclpy_guard_conditions:/home/monisha/install/examples_rclpy_executors:/opt/ros/humble /usr/bin/cmake --install /home/monisha/simulation_ws/build/aruco
[13.553s] Level 1:colcon.colcon_core.environment:checking '/home/monisha/simulation_ws/install/aruco' for CMake module files
[13.554s] Level 1:colcon.colcon_core.environment:checking '/home/monisha/simulation_ws/install/aruco' for CMake config files
[13.555s] Level 1:colcon.colcon_core.shell:create_environment_hook('aruco', 'cmake_prefix_path')
[13.555s] INFO:colcon.colcon_core.shell:Creating environment hook '/home/monisha/simulation_ws/install/aruco/share/aruco/hook/cmake_prefix_path.ps1'
[13.556s] INFO:colcon.colcon_core.shell:Creating environment descriptor '/home/monisha/simulation_ws/install/aruco/share/aruco/hook/cmake_prefix_path.dsv'
[13.556s] INFO:colcon.colcon_core.shell:Creating environment hook '/home/monisha/simulation_ws/install/aruco/share/aruco/hook/cmake_prefix_path.sh'
[13.557s] Level 1:colcon.colcon_core.environment:checking '/home/monisha/simulation_ws/install/aruco/lib'
[13.557s] Level 1:colcon.colcon_core.shell:create_environment_hook('aruco', 'ld_library_path_lib')
[13.557s] INFO:colcon.colcon_core.shell:Creating environment hook '/home/monisha/simulation_ws/install/aruco/share/aruco/hook/ld_library_path_lib.ps1'
[13.558s] INFO:colcon.colcon_core.shell:Creating environment descriptor '/home/monisha/simulation_ws/install/aruco/share/aruco/hook/ld_library_path_lib.dsv'
[13.558s] INFO:colcon.colcon_core.shell:Creating environment hook '/home/monisha/simulation_ws/install/aruco/share/aruco/hook/ld_library_path_lib.sh'
[13.559s] Level 1:colcon.colcon_core.environment:checking '/home/monisha/simulation_ws/install/aruco/bin'
[13.559s] Level 1:colcon.colcon_core.environment:checking '/home/monisha/simulation_ws/install/aruco/lib/pkgconfig/aruco.pc'
[13.559s] Level 1:colcon.colcon_core.environment:checking '/home/monisha/simulation_ws/install/aruco/lib/python3.10/site-packages'
[13.560s] Level 1:colcon.colcon_core.environment:checking '/home/monisha/simulation_ws/install/aruco/bin'
[13.560s] INFO:colcon.colcon_core.shell:Creating package script '/home/monisha/simulation_ws/install/aruco/share/aruco/package.ps1'
[13.561s] INFO:colcon.colcon_core.shell:Creating package descriptor '/home/monisha/simulation_ws/install/aruco/share/aruco/package.dsv'
[13.561s] INFO:colcon.colcon_core.shell:Creating package script '/home/monisha/simulation_ws/install/aruco/share/aruco/package.sh'
[13.562s] INFO:colcon.colcon_core.shell:Creating package script '/home/monisha/simulation_ws/install/aruco/share/aruco/package.bash'
[13.563s] INFO:colcon.colcon_core.shell:Creating package script '/home/monisha/simulation_ws/install/aruco/share/aruco/package.zsh'
[13.563s] Level 1:colcon.colcon_core.environment:create_file_with_runtime_dependencies(/home/monisha/simulation_ws/install/aruco/share/colcon-core/packages/aruco)
[13.564s] Level 1:colcon.colcon_core.environment:create_environment_scripts_only(aruco)
[13.564s] Level 1:colcon.colcon_core.environment:checking '/home/monisha/simulation_ws/install/aruco' for CMake module files
[13.565s] Level 1:colcon.colcon_core.environment:checking '/home/monisha/simulation_ws/install/aruco' for CMake config files
[13.565s] Level 1:colcon.colcon_core.shell:create_environment_hook('aruco', 'cmake_prefix_path')
[13.565s] INFO:colcon.colcon_core.shell:Creating environment hook '/home/monisha/simulation_ws/install/aruco/share/aruco/hook/cmake_prefix_path.ps1'
[13.565s] INFO:colcon.colcon_core.shell:Creating environment descriptor '/home/monisha/simulation_ws/install/aruco/share/aruco/hook/cmake_prefix_path.dsv'
[13.566s] INFO:colcon.colcon_core.shell:Creating environment hook '/home/monisha/simulation_ws/install/aruco/share/aruco/hook/cmake_prefix_path.sh'
[13.566s] Level 1:colcon.colcon_core.environment:checking '/home/monisha/simulation_ws/install/aruco/lib'
[13.566s] Level 1:colcon.colcon_core.shell:create_environment_hook('aruco', 'ld_library_path_lib')
[13.567s] INFO:colcon.colcon_core.shell:Creating environment hook '/home/monisha/simulation_ws/install/aruco/share/aruco/hook/ld_library_path_lib.ps1'
[13.567s] INFO:colcon.colcon_core.shell:Creating environment descriptor '/home/monisha/simulation_ws/install/aruco/share/aruco/hook/ld_library_path_lib.dsv'
[13.567s] INFO:colcon.colcon_core.shell:Creating environment hook '/home/monisha/simulation_ws/install/aruco/share/aruco/hook/ld_library_path_lib.sh'
[13.568s] Level 1:colcon.colcon_core.environment:checking '/home/monisha/simulation_ws/install/aruco/bin'
[13.568s] Level 1:colcon.colcon_core.environment:checking '/home/monisha/simulation_ws/install/aruco/lib/pkgconfig/aruco.pc'
[13.568s] Level 1:colcon.colcon_core.environment:checking '/home/monisha/simulation_ws/install/aruco/lib/python3.10/site-packages'
[13.568s] Level 1:colcon.colcon_core.environment:checking '/home/monisha/simulation_ws/install/aruco/bin'
[13.568s] INFO:colcon.colcon_core.shell:Creating package script '/home/monisha/simulation_ws/install/aruco/share/aruco/package.ps1'
[13.569s] INFO:colcon.colcon_core.shell:Creating package descriptor '/home/monisha/simulation_ws/install/aruco/share/aruco/package.dsv'
[13.569s] INFO:colcon.colcon_core.shell:Creating package script '/home/monisha/simulation_ws/install/aruco/share/aruco/package.sh'
[13.569s] INFO:colcon.colcon_core.shell:Creating package script '/home/monisha/simulation_ws/install/aruco/share/aruco/package.bash'
[13.570s] INFO:colcon.colcon_core.shell:Creating package script '/home/monisha/simulation_ws/install/aruco/share/aruco/package.zsh'
[13.570s] Level 1:colcon.colcon_core.environment:create_file_with_runtime_dependencies(/home/monisha/simulation_ws/install/aruco/share/colcon-core/packages/aruco)
[13.570s] INFO:colcon.colcon_ros.task.ament_cmake.build:Building ROS package in '/home/monisha/simulation_ws/src/aruco_ros/aruco_ros' with build type 'ament_cmake'
[13.570s] INFO:colcon.colcon_cmake.task.cmake.build:Building CMake package in '/home/monisha/simulation_ws/src/aruco_ros/aruco_ros'
[13.570s] INFO:colcon.colcon_core.shell:Skip shell extension 'powershell' for command environment: Not usable outside of PowerShell
[13.571s] DEBUG:colcon.colcon_core.shell:Skip shell extension 'dsv' for command environment
[13.596s] DEBUG:colcon.colcon_core.event_handler.log_command:Invoking command in '/home/monisha/simulation_ws/build/aruco_ros': CMAKE_PREFIX_PATH=/home/monisha/simulation_ws/install/aruco_msgs:/home/monisha/simulation_ws/install/aruco:/home/monisha/turtlebot3_ws/install/turtlebot3:/home/monisha/turtlebot3_ws/install/turtlebot3_simulations:/home/monisha/turtlebot3_ws/install/turtlebot3_bringup:/home/monisha/turtlebot3_ws/install/turtlebot3_node:/home/monisha/turtlebot3_ws/install/turtlebot3_navigation2:/home/monisha/turtlebot3_ws/install/turtlebot3_fake_node:/home/monisha/turtlebot3_ws/install/turtlebot3_msgs:/home/monisha/turtlebot3_ws/install/turtlebot3_gazebo:/home/monisha/turtlebot3_ws/install/turtlebot3_description:/home/monisha/turtlebot3_ws/install/turtlebot3_cartographer:/home/monisha/turtlebot3_ws/install/dynamixel_sdk_examples:/home/monisha/turtlebot3_ws/install/dynamixel_sdk_custom_interfaces:/home/monisha/turtlebot3_ws/install/dynamixel_sdk:/home/monisha/simulation_ws/install/my_simulation:/home/monisha/simulation_ws/install/aruco_ros:/home/monisha/forklift_ws/install/articubot_one:/home/monisha/install/turtlebot3:/home/monisha/install/turtlebot3_simulations:/home/monisha/install/turtlebot3_bringup:/home/monisha/install/turtlebot3_node:/home/monisha/install/turtlebot3_navigation2:/home/monisha/install/turtlebot3_fake_node:/home/monisha/install/turtlebot3_msgs:/home/monisha/install/turtlebot3_gazebo:/home/monisha/install/turtlebot3_description:/home/monisha/install/turtlebot3_cartographer:/home/monisha/install/examples_rclcpp_wait_set:/home/monisha/install/examples_rclcpp_multithreaded_executor:/home/monisha/install/examples_rclcpp_minimal_timer:/home/monisha/install/examples_rclcpp_minimal_subscriber:/home/monisha/install/examples_rclcpp_minimal_service:/home/monisha/install/examples_rclcpp_minimal_publisher:/home/monisha/install/examples_rclcpp_minimal_composition:/home/monisha/install/examples_rclcpp_minimal_client:/home/monisha/install/examples_rclcpp_minimal_action_server:/home/monisha/install/examples_rclcpp_minimal_action_client:/home/monisha/install/examples_rclcpp_cbg_executor:/home/monisha/install/examples_rclcpp_async_client:/home/monisha/install/dynamixel_sdk_examples:/home/monisha/install/dynamixel_sdk_custom_interfaces:/home/monisha/install/dynamixel_sdk:/home/monisha/turtlebot3_ws/install/turtlebot3_teleop:/home/monisha/turtlebot3_ws/install/turtlebot3_example:/home/monisha/turtlebot3_ws/install/my_aruco_detector:/home/monisha/install/turtlebot3_teleop:/home/monisha/install/turtlebot3_example:/home/monisha/install/launch_testing_examples:/home/monisha/install/examples_rclpy_pointcloud_publisher:/home/monisha/install/examples_rclpy_minimal_subscriber:/home/monisha/install/examples_rclpy_minimal_service:/home/monisha/install/examples_rclpy_minimal_publisher:/home/monisha/install/examples_rclpy_minimal_client:/home/monisha/install/examples_rclpy_minimal_action_server:/home/monisha/install/examples_rclpy_minimal_action_client:/home/monisha/install/examples_rclpy_guard_conditions:/home/monisha/install/examples_rclpy_executors:/opt/ros/humble LD_LIBRARY_PATH=/home/monisha/simulation_ws/install/aruco_msgs/lib:/home/monisha/simulation_ws/install/aruco/lib:/home/monisha/turtlebot3_ws/install/turtlebot3_msgs/lib:/home/monisha/turtlebot3_ws/install/dynamixel_sdk_custom_interfaces/lib:/home/monisha/turtlebot3_ws/install/dynamixel_sdk/lib:/home/monisha/simulation_ws/install/aruco_ros/lib:/home/monisha/install/turtlebot3_msgs/lib:/home/monisha/install/examples_rclcpp_wait_set/lib:/home/monisha/install/examples_rclcpp_minimal_subscriber/lib:/home/monisha/install/examples_rclcpp_minimal_composition/lib:/home/monisha/install/dynamixel_sdk_custom_interfaces/lib:/home/monisha/install/dynamixel_sdk/lib:/usr/lib/x86_64-linux-gnu/gazebo-11/plugins:/opt/ros/humble/opt/rviz_ogre_vendor/lib:/opt/ros/humble/lib/x86_64-linux-gnu:/opt/ros/humble/lib:/usr/lib/x86_64-linux-gnu/gazebo-11/plugins:/usr/lib/x86_64-linux-gnu/gazebo-11/plugins:/usr/lib/x86_64-linux-gnu/gazebo-11/plugins:/usr/lib/x86_64-linux-gnu/gazebo-11/plugins:/usr/lib/x86_64-linux-gnu/gazebo-11/plugins:/usr/lib/x86_64-linux-gnu/gazebo-11/plugins:/usr/lib/x86_64-linux-gnu/gazebo-11/plugins:/usr/lib/x86_64-linux-gnu/gazebo-11/plugins:/usr/lib/x86_64-linux-gnu/gazebo-11/plugins:/usr/lib/x86_64-linux-gnu/gazebo-11/plugins /usr/bin/cmake /home/monisha/simulation_ws/src/aruco_ros/aruco_ros -DCMAKE_INSTALL_PREFIX=/home/monisha/simulation_ws/install/aruco_ros
[15.400s] DEBUG:colcon.colcon_core.event_handler.log_command:Invoked command in '/home/monisha/simulation_ws/build/aruco_ros' returned '0': CMAKE_PREFIX_PATH=/home/monisha/simulation_ws/install/aruco_msgs:/home/monisha/simulation_ws/install/aruco:/home/monisha/turtlebot3_ws/install/turtlebot3:/home/monisha/turtlebot3_ws/install/turtlebot3_simulations:/home/monisha/turtlebot3_ws/install/turtlebot3_bringup:/home/monisha/turtlebot3_ws/install/turtlebot3_node:/home/monisha/turtlebot3_ws/install/turtlebot3_navigation2:/home/monisha/turtlebot3_ws/install/turtlebot3_fake_node:/home/monisha/turtlebot3_ws/install/turtlebot3_msgs:/home/monisha/turtlebot3_ws/install/turtlebot3_gazebo:/home/monisha/turtlebot3_ws/install/turtlebot3_description:/home/monisha/turtlebot3_ws/install/turtlebot3_cartographer:/home/monisha/turtlebot3_ws/install/dynamixel_sdk_examples:/home/monisha/turtlebot3_ws/install/dynamixel_sdk_custom_interfaces:/home/monisha/turtlebot3_ws/install/dynamixel_sdk:/home/monisha/simulation_ws/install/my_simulation:/home/monisha/simulation_ws/install/aruco_ros:/home/monisha/forklift_ws/install/articubot_one:/home/monisha/install/turtlebot3:/home/monisha/install/turtlebot3_simulations:/home/monisha/install/turtlebot3_bringup:/home/monisha/install/turtlebot3_node:/home/monisha/install/turtlebot3_navigation2:/home/monisha/install/turtlebot3_fake_node:/home/monisha/install/turtlebot3_msgs:/home/monisha/install/turtlebot3_gazebo:/home/monisha/install/turtlebot3_description:/home/monisha/install/turtlebot3_cartographer:/home/monisha/install/examples_rclcpp_wait_set:/home/monisha/install/examples_rclcpp_multithreaded_executor:/home/monisha/install/examples_rclcpp_minimal_timer:/home/monisha/install/examples_rclcpp_minimal_subscriber:/home/monisha/install/examples_rclcpp_minimal_service:/home/monisha/install/examples_rclcpp_minimal_publisher:/home/monisha/install/examples_rclcpp_minimal_composition:/home/monisha/install/examples_rclcpp_minimal_client:/home/monisha/install/examples_rclcpp_minimal_action_server:/home/monisha/install/examples_rclcpp_minimal_action_client:/home/monisha/install/examples_rclcpp_cbg_executor:/home/monisha/install/examples_rclcpp_async_client:/home/monisha/install/dynamixel_sdk_examples:/home/monisha/install/dynamixel_sdk_custom_interfaces:/home/monisha/install/dynamixel_sdk:/home/monisha/turtlebot3_ws/install/turtlebot3_teleop:/home/monisha/turtlebot3_ws/install/turtlebot3_example:/home/monisha/turtlebot3_ws/install/my_aruco_detector:/home/monisha/install/turtlebot3_teleop:/home/monisha/install/turtlebot3_example:/home/monisha/install/launch_testing_examples:/home/monisha/install/examples_rclpy_pointcloud_publisher:/home/monisha/install/examples_rclpy_minimal_subscriber:/home/monisha/install/examples_rclpy_minimal_service:/home/monisha/install/examples_rclpy_minimal_publisher:/home/monisha/install/examples_rclpy_minimal_client:/home/monisha/install/examples_rclpy_minimal_action_server:/home/monisha/install/examples_rclpy_minimal_action_client:/home/monisha/install/examples_rclpy_guard_conditions:/home/monisha/install/examples_rclpy_executors:/opt/ros/humble LD_LIBRARY_PATH=/home/monisha/simulation_ws/install/aruco_msgs/lib:/home/monisha/simulation_ws/install/aruco/lib:/home/monisha/turtlebot3_ws/install/turtlebot3_msgs/lib:/home/monisha/turtlebot3_ws/install/dynamixel_sdk_custom_interfaces/lib:/home/monisha/turtlebot3_ws/install/dynamixel_sdk/lib:/home/monisha/simulation_ws/install/aruco_ros/lib:/home/monisha/install/turtlebot3_msgs/lib:/home/monisha/install/examples_rclcpp_wait_set/lib:/home/monisha/install/examples_rclcpp_minimal_subscriber/lib:/home/monisha/install/examples_rclcpp_minimal_composition/lib:/home/monisha/install/dynamixel_sdk_custom_interfaces/lib:/home/monisha/install/dynamixel_sdk/lib:/usr/lib/x86_64-linux-gnu/gazebo-11/plugins:/opt/ros/humble/opt/rviz_ogre_vendor/lib:/opt/ros/humble/lib/x86_64-linux-gnu:/opt/ros/humble/lib:/usr/lib/x86_64-linux-gnu/gazebo-11/plugins:/usr/lib/x86_64-linux-gnu/gazebo-11/plugins:/usr/lib/x86_64-linux-gnu/gazebo-11/plugins:/usr/lib/x86_64-linux-gnu/gazebo-11/plugins:/usr/lib/x86_64-linux-gnu/gazebo-11/plugins:/usr/lib/x86_64-linux-gnu/gazebo-11/plugins:/usr/lib/x86_64-linux-gnu/gazebo-11/plugins:/usr/lib/x86_64-linux-gnu/gazebo-11/plugins:/usr/lib/x86_64-linux-gnu/gazebo-11/plugins:/usr/lib/x86_64-linux-gnu/gazebo-11/plugins /usr/bin/cmake /home/monisha/simulation_ws/src/aruco_ros/aruco_ros -DCMAKE_INSTALL_PREFIX=/home/monisha/simulation_ws/install/aruco_ros
[15.401s] DEBUG:colcon.colcon_core.event_handler.log_command:Invoking command in '/home/monisha/simulation_ws/build/aruco_ros': CMAKE_PREFIX_PATH=/home/monisha/simulation_ws/install/aruco_msgs:/home/monisha/simulation_ws/install/aruco:/home/monisha/turtlebot3_ws/install/turtlebot3:/home/monisha/turtlebot3_ws/install/turtlebot3_simulations:/home/monisha/turtlebot3_ws/install/turtlebot3_bringup:/home/monisha/turtlebot3_ws/install/turtlebot3_node:/home/monisha/turtlebot3_ws/install/turtlebot3_navigation2:/home/monisha/turtlebot3_ws/install/turtlebot3_fake_node:/home/monisha/turtlebot3_ws/install/turtlebot3_msgs:/home/monisha/turtlebot3_ws/install/turtlebot3_gazebo:/home/monisha/turtlebot3_ws/install/turtlebot3_description:/home/monisha/turtlebot3_ws/install/turtlebot3_cartographer:/home/monisha/turtlebot3_ws/install/dynamixel_sdk_examples:/home/monisha/turtlebot3_ws/install/dynamixel_sdk_custom_interfaces:/home/monisha/turtlebot3_ws/install/dynamixel_sdk:/home/monisha/simulation_ws/install/my_simulation:/home/monisha/simulation_ws/install/aruco_ros:/home/monisha/forklift_ws/install/articubot_one:/home/monisha/install/turtlebot3:/home/monisha/install/turtlebot3_simulations:/home/monisha/install/turtlebot3_bringup:/home/monisha/install/turtlebot3_node:/home/monisha/install/turtlebot3_navigation2:/home/monisha/install/turtlebot3_fake_node:/home/monisha/install/turtlebot3_msgs:/home/monisha/install/turtlebot3_gazebo:/home/monisha/install/turtlebot3_description:/home/monisha/install/turtlebot3_cartographer:/home/monisha/install/examples_rclcpp_wait_set:/home/monisha/install/examples_rclcpp_multithreaded_executor:/home/monisha/install/examples_rclcpp_minimal_timer:/home/monisha/install/examples_rclcpp_minimal_subscriber:/home/monisha/install/examples_rclcpp_minimal_service:/home/monisha/install/examples_rclcpp_minimal_publisher:/home/monisha/install/examples_rclcpp_minimal_composition:/home/monisha/install/examples_rclcpp_minimal_client:/home/monisha/install/examples_rclcpp_minimal_action_server:/home/monisha/install/examples_rclcpp_minimal_action_client:/home/monisha/install/examples_rclcpp_cbg_executor:/home/monisha/install/examples_rclcpp_async_client:/home/monisha/install/dynamixel_sdk_examples:/home/monisha/install/dynamixel_sdk_custom_interfaces:/home/monisha/install/dynamixel_sdk:/home/monisha/turtlebot3_ws/install/turtlebot3_teleop:/home/monisha/turtlebot3_ws/install/turtlebot3_example:/home/monisha/turtlebot3_ws/install/my_aruco_detector:/home/monisha/install/turtlebot3_teleop:/home/monisha/install/turtlebot3_example:/home/monisha/install/launch_testing_examples:/home/monisha/install/examples_rclpy_pointcloud_publisher:/home/monisha/install/examples_rclpy_minimal_subscriber:/home/monisha/install/examples_rclpy_minimal_service:/home/monisha/install/examples_rclpy_minimal_publisher:/home/monisha/install/examples_rclpy_minimal_client:/home/monisha/install/examples_rclpy_minimal_action_server:/home/monisha/install/examples_rclpy_minimal_action_client:/home/monisha/install/examples_rclpy_guard_conditions:/home/monisha/install/examples_rclpy_executors:/opt/ros/humble LD_LIBRARY_PATH=/home/monisha/simulation_ws/install/aruco_msgs/lib:/home/monisha/simulation_ws/install/aruco/lib:/home/monisha/turtlebot3_ws/install/turtlebot3_msgs/lib:/home/monisha/turtlebot3_ws/install/dynamixel_sdk_custom_interfaces/lib:/home/monisha/turtlebot3_ws/install/dynamixel_sdk/lib:/home/monisha/simulation_ws/install/aruco_ros/lib:/home/monisha/install/turtlebot3_msgs/lib:/home/monisha/install/examples_rclcpp_wait_set/lib:/home/monisha/install/examples_rclcpp_minimal_subscriber/lib:/home/monisha/install/examples_rclcpp_minimal_composition/lib:/home/monisha/install/dynamixel_sdk_custom_interfaces/lib:/home/monisha/install/dynamixel_sdk/lib:/usr/lib/x86_64-linux-gnu/gazebo-11/plugins:/opt/ros/humble/opt/rviz_ogre_vendor/lib:/opt/ros/humble/lib/x86_64-linux-gnu:/opt/ros/humble/lib:/usr/lib/x86_64-linux-gnu/gazebo-11/plugins:/usr/lib/x86_64-linux-gnu/gazebo-11/plugins:/usr/lib/x86_64-linux-gnu/gazebo-11/plugins:/usr/lib/x86_64-linux-gnu/gazebo-11/plugins:/usr/lib/x86_64-linux-gnu/gazebo-11/plugins:/usr/lib/x86_64-linux-gnu/gazebo-11/plugins:/usr/lib/x86_64-linux-gnu/gazebo-11/plugins:/usr/lib/x86_64-linux-gnu/gazebo-11/plugins:/usr/lib/x86_64-linux-gnu/gazebo-11/plugins:/usr/lib/x86_64-linux-gnu/gazebo-11/plugins /usr/bin/cmake --build /home/monisha/simulation_ws/build/aruco_ros -- -j12 -l12
[34.066s] DEBUG:colcon.colcon_core.event_handler.log_command:Invoked command in '/home/monisha/simulation_ws/build/aruco_ros' returned '0': CMAKE_PREFIX_PATH=/home/monisha/simulation_ws/install/aruco_msgs:/home/monisha/simulation_ws/install/aruco:/home/monisha/turtlebot3_ws/install/turtlebot3:/home/monisha/turtlebot3_ws/install/turtlebot3_simulations:/home/monisha/turtlebot3_ws/install/turtlebot3_bringup:/home/monisha/turtlebot3_ws/install/turtlebot3_node:/home/monisha/turtlebot3_ws/install/turtlebot3_navigation2:/home/monisha/turtlebot3_ws/install/turtlebot3_fake_node:/home/monisha/turtlebot3_ws/install/turtlebot3_msgs:/home/monisha/turtlebot3_ws/install/turtlebot3_gazebo:/home/monisha/turtlebot3_ws/install/turtlebot3_description:/home/monisha/turtlebot3_ws/install/turtlebot3_cartographer:/home/monisha/turtlebot3_ws/install/dynamixel_sdk_examples:/home/monisha/turtlebot3_ws/install/dynamixel_sdk_custom_interfaces:/home/monisha/turtlebot3_ws/install/dynamixel_sdk:/home/monisha/simulation_ws/install/my_simulation:/home/monisha/simulation_ws/install/aruco_ros:/home/monisha/forklift_ws/install/articubot_one:/home/monisha/install/turtlebot3:/home/monisha/install/turtlebot3_simulations:/home/monisha/install/turtlebot3_bringup:/home/monisha/install/turtlebot3_node:/home/monisha/install/turtlebot3_navigation2:/home/monisha/install/turtlebot3_fake_node:/home/monisha/install/turtlebot3_msgs:/home/monisha/install/turtlebot3_gazebo:/home/monisha/install/turtlebot3_description:/home/monisha/install/turtlebot3_cartographer:/home/monisha/install/examples_rclcpp_wait_set:/home/monisha/install/examples_rclcpp_multithreaded_executor:/home/monisha/install/examples_rclcpp_minimal_timer:/home/monisha/install/examples_rclcpp_minimal_subscriber:/home/monisha/install/examples_rclcpp_minimal_service:/home/monisha/install/examples_rclcpp_minimal_publisher:/home/monisha/install/examples_rclcpp_minimal_composition:/home/monisha/install/examples_rclcpp_minimal_client:/home/monisha/install/examples_rclcpp_minimal_action_server:/home/monisha/install/examples_rclcpp_minimal_action_client:/home/monisha/install/examples_rclcpp_cbg_executor:/home/monisha/install/examples_rclcpp_async_client:/home/monisha/install/dynamixel_sdk_examples:/home/monisha/install/dynamixel_sdk_custom_interfaces:/home/monisha/install/dynamixel_sdk:/home/monisha/turtlebot3_ws/install/turtlebot3_teleop:/home/monisha/turtlebot3_ws/install/turtlebot3_example:/home/monisha/turtlebot3_ws/install/my_aruco_detector:/home/monisha/install/turtlebot3_teleop:/home/monisha/install/turtlebot3_example:/home/monisha/install/launch_testing_examples:/home/monisha/install/examples_rclpy_pointcloud_publisher:/home/monisha/install/examples_rclpy_minimal_subscriber:/home/monisha/install/examples_rclpy_minimal_service:/home/monisha/install/examples_rclpy_minimal_publisher:/home/monisha/install/examples_rclpy_minimal_client:/home/monisha/install/examples_rclpy_minimal_action_server:/home/monisha/install/examples_rclpy_minimal_action_client:/home/monisha/install/examples_rclpy_guard_conditions:/home/monisha/install/examples_rclpy_executors:/opt/ros/humble LD_LIBRARY_PATH=/home/monisha/simulation_ws/install/aruco_msgs/lib:/home/monisha/simulation_ws/install/aruco/lib:/home/monisha/turtlebot3_ws/install/turtlebot3_msgs/lib:/home/monisha/turtlebot3_ws/install/dynamixel_sdk_custom_interfaces/lib:/home/monisha/turtlebot3_ws/install/dynamixel_sdk/lib:/home/monisha/simulation_ws/install/aruco_ros/lib:/home/monisha/install/turtlebot3_msgs/lib:/home/monisha/install/examples_rclcpp_wait_set/lib:/home/monisha/install/examples_rclcpp_minimal_subscriber/lib:/home/monisha/install/examples_rclcpp_minimal_composition/lib:/home/monisha/install/dynamixel_sdk_custom_interfaces/lib:/home/monisha/install/dynamixel_sdk/lib:/usr/lib/x86_64-linux-gnu/gazebo-11/plugins:/opt/ros/humble/opt/rviz_ogre_vendor/lib:/opt/ros/humble/lib/x86_64-linux-gnu:/opt/ros/humble/lib:/usr/lib/x86_64-linux-gnu/gazebo-11/plugins:/usr/lib/x86_64-linux-gnu/gazebo-11/plugins:/usr/lib/x86_64-linux-gnu/gazebo-11/plugins:/usr/lib/x86_64-linux-gnu/gazebo-11/plugins:/usr/lib/x86_64-linux-gnu/gazebo-11/plugins:/usr/lib/x86_64-linux-gnu/gazebo-11/plugins:/usr/lib/x86_64-linux-gnu/gazebo-11/plugins:/usr/lib/x86_64-linux-gnu/gazebo-11/plugins:/usr/lib/x86_64-linux-gnu/gazebo-11/plugins:/usr/lib/x86_64-linux-gnu/gazebo-11/plugins /usr/bin/cmake --build /home/monisha/simulation_ws/build/aruco_ros -- -j12 -l12
[34.069s] DEBUG:colcon.colcon_core.event_handler.log_command:Invoking command in '/home/monisha/simulation_ws/build/aruco_ros': CMAKE_PREFIX_PATH=/home/monisha/simulation_ws/install/aruco_msgs:/home/monisha/simulation_ws/install/aruco:/home/monisha/turtlebot3_ws/install/turtlebot3:/home/monisha/turtlebot3_ws/install/turtlebot3_simulations:/home/monisha/turtlebot3_ws/install/turtlebot3_bringup:/home/monisha/turtlebot3_ws/install/turtlebot3_node:/home/monisha/turtlebot3_ws/install/turtlebot3_navigation2:/home/monisha/turtlebot3_ws/install/turtlebot3_fake_node:/home/monisha/turtlebot3_ws/install/turtlebot3_msgs:/home/monisha/turtlebot3_ws/install/turtlebot3_gazebo:/home/monisha/turtlebot3_ws/install/turtlebot3_description:/home/monisha/turtlebot3_ws/install/turtlebot3_cartographer:/home/monisha/turtlebot3_ws/install/dynamixel_sdk_examples:/home/monisha/turtlebot3_ws/install/dynamixel_sdk_custom_interfaces:/home/monisha/turtlebot3_ws/install/dynamixel_sdk:/home/monisha/simulation_ws/install/my_simulation:/home/monisha/simulation_ws/install/aruco_ros:/home/monisha/forklift_ws/install/articubot_one:/home/monisha/install/turtlebot3:/home/monisha/install/turtlebot3_simulations:/home/monisha/install/turtlebot3_bringup:/home/monisha/install/turtlebot3_node:/home/monisha/install/turtlebot3_navigation2:/home/monisha/install/turtlebot3_fake_node:/home/monisha/install/turtlebot3_msgs:/home/monisha/install/turtlebot3_gazebo:/home/monisha/install/turtlebot3_description:/home/monisha/install/turtlebot3_cartographer:/home/monisha/install/examples_rclcpp_wait_set:/home/monisha/install/examples_rclcpp_multithreaded_executor:/home/monisha/install/examples_rclcpp_minimal_timer:/home/monisha/install/examples_rclcpp_minimal_subscriber:/home/monisha/install/examples_rclcpp_minimal_service:/home/monisha/install/examples_rclcpp_minimal_publisher:/home/monisha/install/examples_rclcpp_minimal_composition:/home/monisha/install/examples_rclcpp_minimal_client:/home/monisha/install/examples_rclcpp_minimal_action_server:/home/monisha/install/examples_rclcpp_minimal_action_client:/home/monisha/install/examples_rclcpp_cbg_executor:/home/monisha/install/examples_rclcpp_async_client:/home/monisha/install/dynamixel_sdk_examples:/home/monisha/install/dynamixel_sdk_custom_interfaces:/home/monisha/install/dynamixel_sdk:/home/monisha/turtlebot3_ws/install/turtlebot3_teleop:/home/monisha/turtlebot3_ws/install/turtlebot3_example:/home/monisha/turtlebot3_ws/install/my_aruco_detector:/home/monisha/install/turtlebot3_teleop:/home/monisha/install/turtlebot3_example:/home/monisha/install/launch_testing_examples:/home/monisha/install/examples_rclpy_pointcloud_publisher:/home/monisha/install/examples_rclpy_minimal_subscriber:/home/monisha/install/examples_rclpy_minimal_service:/home/monisha/install/examples_rclpy_minimal_publisher:/home/monisha/install/examples_rclpy_minimal_client:/home/monisha/install/examples_rclpy_minimal_action_server:/home/monisha/install/examples_rclpy_minimal_action_client:/home/monisha/install/examples_rclpy_guard_conditions:/home/monisha/install/examples_rclpy_executors:/opt/ros/humble LD_LIBRARY_PATH=/home/monisha/simulation_ws/install/aruco_msgs/lib:/home/monisha/simulation_ws/install/aruco/lib:/home/monisha/turtlebot3_ws/install/turtlebot3_msgs/lib:/home/monisha/turtlebot3_ws/install/dynamixel_sdk_custom_interfaces/lib:/home/monisha/turtlebot3_ws/install/dynamixel_sdk/lib:/home/monisha/simulation_ws/install/aruco_ros/lib:/home/monisha/install/turtlebot3_msgs/lib:/home/monisha/install/examples_rclcpp_wait_set/lib:/home/monisha/install/examples_rclcpp_minimal_subscriber/lib:/home/monisha/install/examples_rclcpp_minimal_composition/lib:/home/monisha/install/dynamixel_sdk_custom_interfaces/lib:/home/monisha/install/dynamixel_sdk/lib:/usr/lib/x86_64-linux-gnu/gazebo-11/plugins:/opt/ros/humble/opt/rviz_ogre_vendor/lib:/opt/ros/humble/lib/x86_64-linux-gnu:/opt/ros/humble/lib:/usr/lib/x86_64-linux-gnu/gazebo-11/plugins:/usr/lib/x86_64-linux-gnu/gazebo-11/plugins:/usr/lib/x86_64-linux-gnu/gazebo-11/plugins:/usr/lib/x86_64-linux-gnu/gazebo-11/plugins:/usr/lib/x86_64-linux-gnu/gazebo-11/plugins:/usr/lib/x86_64-linux-gnu/gazebo-11/plugins:/usr/lib/x86_64-linux-gnu/gazebo-11/plugins:/usr/lib/x86_64-linux-gnu/gazebo-11/plugins:/usr/lib/x86_64-linux-gnu/gazebo-11/plugins:/usr/lib/x86_64-linux-gnu/gazebo-11/plugins /usr/bin/cmake --install /home/monisha/simulation_ws/build/aruco_ros
[34.100s] Level 1:colcon.colcon_core.environment:create_environment_scripts_only(aruco_ros)
[34.100s] Level 1:colcon.colcon_core.environment:checking '/home/monisha/simulation_ws/install/aruco_ros' for CMake module files
[34.101s] DEBUG:colcon.colcon_core.event_handler.log_command:Invoked command in '/home/monisha/simulation_ws/build/aruco_ros' returned '0': CMAKE_PREFIX_PATH=/home/monisha/simulation_ws/install/aruco_msgs:/home/monisha/simulation_ws/install/aruco:/home/monisha/turtlebot3_ws/install/turtlebot3:/home/monisha/turtlebot3_ws/install/turtlebot3_simulations:/home/monisha/turtlebot3_ws/install/turtlebot3_bringup:/home/monisha/turtlebot3_ws/install/turtlebot3_node:/home/monisha/turtlebot3_ws/install/turtlebot3_navigation2:/home/monisha/turtlebot3_ws/install/turtlebot3_fake_node:/home/monisha/turtlebot3_ws/install/turtlebot3_msgs:/home/monisha/turtlebot3_ws/install/turtlebot3_gazebo:/home/monisha/turtlebot3_ws/install/turtlebot3_description:/home/monisha/turtlebot3_ws/install/turtlebot3_cartographer:/home/monisha/turtlebot3_ws/install/dynamixel_sdk_examples:/home/monisha/turtlebot3_ws/install/dynamixel_sdk_custom_interfaces:/home/monisha/turtlebot3_ws/install/dynamixel_sdk:/home/monisha/simulation_ws/install/my_simulation:/home/monisha/simulation_ws/install/aruco_ros:/home/monisha/forklift_ws/install/articubot_one:/home/monisha/install/turtlebot3:/home/monisha/install/turtlebot3_simulations:/home/monisha/install/turtlebot3_bringup:/home/monisha/install/turtlebot3_node:/home/monisha/install/turtlebot3_navigation2:/home/monisha/install/turtlebot3_fake_node:/home/monisha/install/turtlebot3_msgs:/home/monisha/install/turtlebot3_gazebo:/home/monisha/install/turtlebot3_description:/home/monisha/install/turtlebot3_cartographer:/home/monisha/install/examples_rclcpp_wait_set:/home/monisha/install/examples_rclcpp_multithreaded_executor:/home/monisha/install/examples_rclcpp_minimal_timer:/home/monisha/install/examples_rclcpp_minimal_subscriber:/home/monisha/install/examples_rclcpp_minimal_service:/home/monisha/install/examples_rclcpp_minimal_publisher:/home/monisha/install/examples_rclcpp_minimal_composition:/home/monisha/install/examples_rclcpp_minimal_client:/home/monisha/install/examples_rclcpp_minimal_action_server:/home/monisha/install/examples_rclcpp_minimal_action_client:/home/monisha/install/examples_rclcpp_cbg_executor:/home/monisha/install/examples_rclcpp_async_client:/home/monisha/install/dynamixel_sdk_examples:/home/monisha/install/dynamixel_sdk_custom_interfaces:/home/monisha/install/dynamixel_sdk:/home/monisha/turtlebot3_ws/install/turtlebot3_teleop:/home/monisha/turtlebot3_ws/install/turtlebot3_example:/home/monisha/turtlebot3_ws/install/my_aruco_detector:/home/monisha/install/turtlebot3_teleop:/home/monisha/install/turtlebot3_example:/home/monisha/install/launch_testing_examples:/home/monisha/install/examples_rclpy_pointcloud_publisher:/home/monisha/install/examples_rclpy_minimal_subscriber:/home/monisha/install/examples_rclpy_minimal_service:/home/monisha/install/examples_rclpy_minimal_publisher:/home/monisha/install/examples_rclpy_minimal_client:/home/monisha/install/examples_rclpy_minimal_action_server:/home/monisha/install/examples_rclpy_minimal_action_client:/home/monisha/install/examples_rclpy_guard_conditions:/home/monisha/install/examples_rclpy_executors:/opt/ros/humble LD_LIBRARY_PATH=/home/monisha/simulation_ws/install/aruco_msgs/lib:/home/monisha/simulation_ws/install/aruco/lib:/home/monisha/turtlebot3_ws/install/turtlebot3_msgs/lib:/home/monisha/turtlebot3_ws/install/dynamixel_sdk_custom_interfaces/lib:/home/monisha/turtlebot3_ws/install/dynamixel_sdk/lib:/home/monisha/simulation_ws/install/aruco_ros/lib:/home/monisha/install/turtlebot3_msgs/lib:/home/monisha/install/examples_rclcpp_wait_set/lib:/home/monisha/install/examples_rclcpp_minimal_subscriber/lib:/home/monisha/install/examples_rclcpp_minimal_composition/lib:/home/monisha/install/dynamixel_sdk_custom_interfaces/lib:/home/monisha/install/dynamixel_sdk/lib:/usr/lib/x86_64-linux-gnu/gazebo-11/plugins:/opt/ros/humble/opt/rviz_ogre_vendor/lib:/opt/ros/humble/lib/x86_64-linux-gnu:/opt/ros/humble/lib:/usr/lib/x86_64-linux-gnu/gazebo-11/plugins:/usr/lib/x86_64-linux-gnu/gazebo-11/plugins:/usr/lib/x86_64-linux-gnu/gazebo-11/plugins:/usr/lib/x86_64-linux-gnu/gazebo-11/plugins:/usr/lib/x86_64-linux-gnu/gazebo-11/plugins:/usr/lib/x86_64-linux-gnu/gazebo-11/plugins:/usr/lib/x86_64-linux-gnu/gazebo-11/plugins:/usr/lib/x86_64-linux-gnu/gazebo-11/plugins:/usr/lib/x86_64-linux-gnu/gazebo-11/plugins:/usr/lib/x86_64-linux-gnu/gazebo-11/plugins /usr/bin/cmake --install /home/monisha/simulation_ws/build/aruco_ros
[34.101s] Level 1:colcon.colcon_core.environment:checking '/home/monisha/simulation_ws/install/aruco_ros' for CMake config files
[34.101s] Level 1:colcon.colcon_core.shell:create_environment_hook('aruco_ros', 'cmake_prefix_path')
[34.102s] INFO:colcon.colcon_core.shell:Creating environment hook '/home/monisha/simulation_ws/install/aruco_ros/share/aruco_ros/hook/cmake_prefix_path.ps1'
[34.102s] INFO:colcon.colcon_core.shell:Creating environment descriptor '/home/monisha/simulation_ws/install/aruco_ros/share/aruco_ros/hook/cmake_prefix_path.dsv'
[34.102s] INFO:colcon.colcon_core.shell:Creating environment hook '/home/monisha/simulation_ws/install/aruco_ros/share/aruco_ros/hook/cmake_prefix_path.sh'
[34.103s] Level 1:colcon.colcon_core.environment:checking '/home/monisha/simulation_ws/install/aruco_ros/lib'
[34.103s] Level 1:colcon.colcon_core.shell:create_environment_hook('aruco_ros', 'ld_library_path_lib')
[34.103s] INFO:colcon.colcon_core.shell:Creating environment hook '/home/monisha/simulation_ws/install/aruco_ros/share/aruco_ros/hook/ld_library_path_lib.ps1'
[34.104s] INFO:colcon.colcon_core.shell:Creating environment descriptor '/home/monisha/simulation_ws/install/aruco_ros/share/aruco_ros/hook/ld_library_path_lib.dsv'
[34.104s] INFO:colcon.colcon_core.shell:Creating environment hook '/home/monisha/simulation_ws/install/aruco_ros/share/aruco_ros/hook/ld_library_path_lib.sh'
[34.105s] Level 1:colcon.colcon_core.environment:checking '/home/monisha/simulation_ws/install/aruco_ros/bin'
[34.105s] Level 1:colcon.colcon_core.environment:checking '/home/monisha/simulation_ws/install/aruco_ros/lib/pkgconfig/aruco_ros.pc'
[34.105s] Level 1:colcon.colcon_core.environment:checking '/home/monisha/simulation_ws/install/aruco_ros/lib/python3.10/site-packages'
[34.105s] Level 1:colcon.colcon_core.environment:checking '/home/monisha/simulation_ws/install/aruco_ros/bin'
[34.105s] INFO:colcon.colcon_core.shell:Creating package script '/home/monisha/simulation_ws/install/aruco_ros/share/aruco_ros/package.ps1'
[34.106s] INFO:colcon.colcon_core.shell:Creating package descriptor '/home/monisha/simulation_ws/install/aruco_ros/share/aruco_ros/package.dsv'
[34.106s] INFO:colcon.colcon_core.shell:Creating package script '/home/monisha/simulation_ws/install/aruco_ros/share/aruco_ros/package.sh'
[34.107s] INFO:colcon.colcon_core.shell:Creating package script '/home/monisha/simulation_ws/install/aruco_ros/share/aruco_ros/package.bash'
[34.107s] INFO:colcon.colcon_core.shell:Creating package script '/home/monisha/simulation_ws/install/aruco_ros/share/aruco_ros/package.zsh'
[34.108s] Level 1:colcon.colcon_core.environment:create_file_with_runtime_dependencies(/home/monisha/simulation_ws/install/aruco_ros/share/colcon-core/packages/aruco_ros)
[34.108s] Level 1:colcon.colcon_core.environment:create_environment_scripts_only(aruco_ros)
[34.108s] Level 1:colcon.colcon_core.environment:checking '/home/monisha/simulation_ws/install/aruco_ros' for CMake module files
[34.109s] Level 1:colcon.colcon_core.environment:checking '/home/monisha/simulation_ws/install/aruco_ros' for CMake config files
[34.109s] Level 1:colcon.colcon_core.shell:create_environment_hook('aruco_ros', 'cmake_prefix_path')
[34.109s] INFO:colcon.colcon_core.shell:Creating environment hook '/home/monisha/simulation_ws/install/aruco_ros/share/aruco_ros/hook/cmake_prefix_path.ps1'
[34.109s] INFO:colcon.colcon_core.shell:Creating environment descriptor '/home/monisha/simulation_ws/install/aruco_ros/share/aruco_ros/hook/cmake_prefix_path.dsv'
[34.110s] INFO:colcon.colcon_core.shell:Creating environment hook '/home/monisha/simulation_ws/install/aruco_ros/share/aruco_ros/hook/cmake_prefix_path.sh'
[34.110s] Level 1:colcon.colcon_core.environment:checking '/home/monisha/simulation_ws/install/aruco_ros/lib'
[34.110s] Level 1:colcon.colcon_core.shell:create_environment_hook('aruco_ros', 'ld_library_path_lib')
[34.110s] INFO:colcon.colcon_core.shell:Creating environment hook '/home/monisha/simulation_ws/install/aruco_ros/share/aruco_ros/hook/ld_library_path_lib.ps1'
[34.111s] INFO:colcon.colcon_core.shell:Creating environment descriptor '/home/monisha/simulation_ws/install/aruco_ros/share/aruco_ros/hook/ld_library_path_lib.dsv'
[34.111s] INFO:colcon.colcon_core.shell:Creating environment hook '/home/monisha/simulation_ws/install/aruco_ros/share/aruco_ros/hook/ld_library_path_lib.sh'
[34.111s] Level 1:colcon.colcon_core.environment:checking '/home/monisha/simulation_ws/install/aruco_ros/bin'
[34.111s] Level 1:colcon.colcon_core.environment:checking '/home/monisha/simulation_ws/install/aruco_ros/lib/pkgconfig/aruco_ros.pc'
[34.112s] Level 1:colcon.colcon_core.environment:checking '/home/monisha/simulation_ws/install/aruco_ros/lib/python3.10/site-packages'
[34.112s] Level 1:colcon.colcon_core.environment:checking '/home/monisha/simulation_ws/install/aruco_ros/bin'
[34.112s] INFO:colcon.colcon_core.shell:Creating package script '/home/monisha/simulation_ws/install/aruco_ros/share/aruco_ros/package.ps1'
[34.113s] INFO:colcon.colcon_core.shell:Creating package descriptor '/home/monisha/simulation_ws/install/aruco_ros/share/aruco_ros/package.dsv'
[34.113s] INFO:colcon.colcon_core.shell:Creating package script '/home/monisha/simulation_ws/install/aruco_ros/share/aruco_ros/package.sh'
[34.113s] INFO:colcon.colcon_core.shell:Creating package script '/home/monisha/simulation_ws/install/aruco_ros/share/aruco_ros/package.bash'
[34.114s] INFO:colcon.colcon_core.shell:Creating package script '/home/monisha/simulation_ws/install/aruco_ros/share/aruco_ros/package.zsh'
[34.114s] Level 1:colcon.colcon_core.environment:create_file_with_runtime_dependencies(/home/monisha/simulation_ws/install/aruco_ros/share/colcon-core/packages/aruco_ros)
[34.114s] DEBUG:colcon.colcon_parallel_executor.executor.parallel:closing loop
[34.114s] DEBUG:colcon.colcon_parallel_executor.executor.parallel:loop closed
[34.114s] DEBUG:colcon.colcon_parallel_executor.executor.parallel:run_until_complete finished with '0'
[34.115s] DEBUG:colcon.colcon_core.event_reactor:joining thread
[34.123s] INFO:colcon.colcon_core.plugin_system:Skipping extension 'colcon_notification.desktop_notification.terminal_notifier': Not used on non-Darwin systems
[34.123s] INFO:colcon.colcon_core.plugin_system:Skipping extension 'colcon_notification.desktop_notification.win32': Not used on non-Windows systems
[34.123s] INFO:colcon.colcon_notification.desktop_notification:Sending desktop notification using 'notify2'
[34.135s] DEBUG:colcon.colcon_core.event_reactor:joined thread
[34.135s] INFO:colcon.colcon_core.shell:Creating prefix script '/home/monisha/simulation_ws/install/local_setup.ps1'
[34.137s] INFO:colcon.colcon_core.shell:Creating prefix util module '/home/monisha/simulation_ws/install/_local_setup_util_ps1.py'
[34.140s] INFO:colcon.colcon_core.shell:Creating prefix chain script '/home/monisha/simulation_ws/install/setup.ps1'
[34.142s] INFO:colcon.colcon_core.shell:Creating prefix script '/home/monisha/simulation_ws/install/local_setup.sh'
[34.143s] INFO:colcon.colcon_core.shell:Creating prefix util module '/home/monisha/simulation_ws/install/_local_setup_util_sh.py'
[34.143s] INFO:colcon.colcon_core.shell:Creating prefix chain script '/home/monisha/simulation_ws/install/setup.sh'
[34.145s] INFO:colcon.colcon_core.shell:Creating prefix script '/home/monisha/simulation_ws/install/local_setup.bash'
[34.145s] INFO:colcon.colcon_core.shell:Creating prefix chain script '/home/monisha/simulation_ws/install/setup.bash'
[34.148s] INFO:colcon.colcon_core.shell:Creating prefix script '/home/monisha/simulation_ws/install/local_setup.zsh'
[34.149s] INFO:colcon.colcon_core.shell:Creating prefix chain script '/home/monisha/simulation_ws/install/setup.zsh'
