-- Install configuration: ""
-- Up-to-date: /home/monisha/simulation_ws/install/my_simulation/share/my_simulation//launch
-- Up-to-date: /home/monisha/simulation_ws/install/my_simulation/share/my_simulation//launch/sim_launch.launch.py
-- Up-to-date: /home/monisha/simulation_ws/install/my_simulation/share/my_simulation//launch/my_gazebo.launch.py
-- Up-to-date: /home/monisha/simulation_ws/install/my_simulation/share/my_simulation//worlds
-- Up-to-date: /home/monisha/simulation_ws/install/my_simulation/share/my_simulation//worlds/test_world.world
-- Up-to-date: /home/monisha/simulation_ws/install/my_simulation/share/my_simulation//worlds/empty_world_og.world
-- Up-to-date: /home/monisha/simulation_ws/install/my_simulation/share/my_simulation//worlds/empty_world.txt
-- Up-to-date: /home/monisha/simulation_ws/install/my_simulation/share/my_simulation//worlds/empty_world.world
-- Installing: /home/monisha/simulation_ws/install/my_simulation/lib/my_simulation/camera_follower_node.py
-- Up-to-date: /home/monisha/simulation_ws/install/my_simulation/lib/my_simulation/aruco_live_detector.py
-- Up-to-date: /home/monisha/simulation_ws/install/my_simulation/share/ament_index/resource_index/package_run_dependencies/my_simulation
-- Up-to-date: /home/monisha/simulation_ws/install/my_simulation/share/ament_index/resource_index/parent_prefix_path/my_simulation
-- Up-to-date: /home/monisha/simulation_ws/install/my_simulation/share/my_simulation/environment/ament_prefix_path.sh
-- Up-to-date: /home/monisha/simulation_ws/install/my_simulation/share/my_simulation/environment/ament_prefix_path.dsv
-- Up-to-date: /home/monisha/simulation_ws/install/my_simulation/share/my_simulation/environment/path.sh
-- Up-to-date: /home/monisha/simulation_ws/install/my_simulation/share/my_simulation/environment/path.dsv
-- Up-to-date: /home/monisha/simulation_ws/install/my_simulation/share/my_simulation/local_setup.bash
-- Up-to-date: /home/monisha/simulation_ws/install/my_simulation/share/my_simulation/local_setup.sh
-- Up-to-date: /home/monisha/simulation_ws/install/my_simulation/share/my_simulation/local_setup.zsh
-- Up-to-date: /home/monisha/simulation_ws/install/my_simulation/share/my_simulation/local_setup.dsv
-- Installing: /home/monisha/simulation_ws/install/my_simulation/share/my_simulation/package.dsv
-- Up-to-date: /home/monisha/simulation_ws/install/my_simulation/share/ament_index/resource_index/packages/my_simulation
-- Up-to-date: /home/monisha/simulation_ws/install/my_simulation/share/my_simulation/cmake/my_simulationConfig.cmake
-- Up-to-date: /home/monisha/simulation_ws/install/my_simulation/share/my_simulation/cmake/my_simulationConfig-version.cmake
-- Up-to-date: /home/monisha/simulation_ws/install/my_simulation/share/my_simulation/package.xml
