[0.029s] Invoking command in '/home/monisha/simulation_ws/build/aruco_msgs': CMAKE_PREFIX_PATH=${CMAKE_PREFIX_PATH}:/home/monisha/turtlebot3_ws/install/turtlebot3_teleop:/home/monisha/turtlebot3_ws/install/turtlebot3_example:/home/monisha/turtlebot3_ws/install/my_aruco_detector:/home/monisha/install/turtlebot3_teleop:/home/monisha/install/turtlebot3_example:/home/monisha/install/launch_testing_examples:/home/monisha/install/examples_rclpy_pointcloud_publisher:/home/monisha/install/examples_rclpy_minimal_subscriber:/home/monisha/install/examples_rclpy_minimal_service:/home/monisha/install/examples_rclpy_minimal_publisher:/home/monisha/install/examples_rclpy_minimal_client:/home/monisha/install/examples_rclpy_minimal_action_server:/home/monisha/install/examples_rclpy_minimal_action_client:/home/monisha/install/examples_rclpy_guard_conditions:/home/monisha/install/examples_rclpy_executors:/opt/ros/humble /usr/bin/cmake --build /home/monisha/simulation_ws/build/aruco_msgs -- -j12 -l12
[0.118s] [  2%] Built target aruco_msgs__cpp
[0.127s] [ 12%] Built target aruco_msgs__rosidl_generator_c
[0.140s] [ 12%] Built target ament_cmake_python_copy_aruco_msgs
[0.176s] [ 28%] Built target aruco_msgs__rosidl_typesupport_cpp
[0.176s] [ 33%] Built target aruco_msgs__rosidl_typesupport_fastrtps_cpp
[0.178s] [ 43%] Built target aruco_msgs__rosidl_typesupport_introspection_cpp
[0.182s] [ 53%] Built target aruco_msgs__rosidl_typesupport_fastrtps_c
[0.185s] [ 64%] Built target aruco_msgs__rosidl_typesupport_c
[0.188s] [ 74%] Built target aruco_msgs__rosidl_typesupport_introspection_c
[0.232s] [ 74%] Built target aruco_msgs
[0.276s] [ 76%] Built target aruco_msgs__py
[0.317s] [ 84%] Built target aruco_msgs__rosidl_generator_py
[0.365s] [ 89%] Built target aruco_msgs__rosidl_typesupport_c__pyext
[0.366s] [ 94%] Built target aruco_msgs__rosidl_typesupport_fastrtps_c__pyext
[0.367s] [100%] Built target aruco_msgs__rosidl_typesupport_introspection_c__pyext
[0.501s] running egg_info
[0.502s] writing aruco_msgs.egg-info/PKG-INFO
[0.502s] writing dependency_links to aruco_msgs.egg-info/dependency_links.txt
[0.502s] writing top-level names to aruco_msgs.egg-info/top_level.txt
[0.504s] reading manifest file 'aruco_msgs.egg-info/SOURCES.txt'
[0.505s] writing manifest file 'aruco_msgs.egg-info/SOURCES.txt'
[0.531s] [100%] Built target ament_cmake_python_build_aruco_msgs_egg
[0.545s] Invoked command in '/home/monisha/simulation_ws/build/aruco_msgs' returned '0': CMAKE_PREFIX_PATH=${CMAKE_PREFIX_PATH}:/home/monisha/turtlebot3_ws/install/turtlebot3_teleop:/home/monisha/turtlebot3_ws/install/turtlebot3_example:/home/monisha/turtlebot3_ws/install/my_aruco_detector:/home/monisha/install/turtlebot3_teleop:/home/monisha/install/turtlebot3_example:/home/monisha/install/launch_testing_examples:/home/monisha/install/examples_rclpy_pointcloud_publisher:/home/monisha/install/examples_rclpy_minimal_subscriber:/home/monisha/install/examples_rclpy_minimal_service:/home/monisha/install/examples_rclpy_minimal_publisher:/home/monisha/install/examples_rclpy_minimal_client:/home/monisha/install/examples_rclpy_minimal_action_server:/home/monisha/install/examples_rclpy_minimal_action_client:/home/monisha/install/examples_rclpy_guard_conditions:/home/monisha/install/examples_rclpy_executors:/opt/ros/humble /usr/bin/cmake --build /home/monisha/simulation_ws/build/aruco_msgs -- -j12 -l12
[0.548s] Invoking command in '/home/monisha/simulation_ws/build/aruco_msgs': CMAKE_PREFIX_PATH=${CMAKE_PREFIX_PATH}:/home/monisha/turtlebot3_ws/install/turtlebot3_teleop:/home/monisha/turtlebot3_ws/install/turtlebot3_example:/home/monisha/turtlebot3_ws/install/my_aruco_detector:/home/monisha/install/turtlebot3_teleop:/home/monisha/install/turtlebot3_example:/home/monisha/install/launch_testing_examples:/home/monisha/install/examples_rclpy_pointcloud_publisher:/home/monisha/install/examples_rclpy_minimal_subscriber:/home/monisha/install/examples_rclpy_minimal_service:/home/monisha/install/examples_rclpy_minimal_publisher:/home/monisha/install/examples_rclpy_minimal_client:/home/monisha/install/examples_rclpy_minimal_action_server:/home/monisha/install/examples_rclpy_minimal_action_client:/home/monisha/install/examples_rclpy_guard_conditions:/home/monisha/install/examples_rclpy_executors:/opt/ros/humble /usr/bin/cmake --install /home/monisha/simulation_ws/build/aruco_msgs
[0.557s] -- Install configuration: ""
[0.557s] -- Up-to-date: /home/monisha/simulation_ws/install/aruco_msgs/share/ament_index/resource_index/rosidl_interfaces/aruco_msgs
[0.557s] -- Up-to-date: /home/monisha/simulation_ws/install/aruco_msgs/include/aruco_msgs/aruco_msgs
[0.557s] -- Up-to-date: /home/monisha/simulation_ws/install/aruco_msgs/include/aruco_msgs/aruco_msgs/msg
[0.557s] -- Up-to-date: /home/monisha/simulation_ws/install/aruco_msgs/include/aruco_msgs/aruco_msgs/msg/rosidl_generator_c__visibility_control.h
[0.557s] -- Up-to-date: /home/monisha/simulation_ws/install/aruco_msgs/include/aruco_msgs/aruco_msgs/msg/detail
[0.558s] -- Up-to-date: /home/monisha/simulation_ws/install/aruco_msgs/include/aruco_msgs/aruco_msgs/msg/detail/marker_array__functions.h
[0.558s] -- Up-to-date: /home/monisha/simulation_ws/install/aruco_msgs/include/aruco_msgs/aruco_msgs/msg/detail/marker__functions.h
[0.558s] -- Up-to-date: /home/monisha/simulation_ws/install/aruco_msgs/include/aruco_msgs/aruco_msgs/msg/detail/marker__type_support.h
[0.558s] -- Up-to-date: /home/monisha/simulation_ws/install/aruco_msgs/include/aruco_msgs/aruco_msgs/msg/detail/marker__struct.h
[0.558s] -- Up-to-date: /home/monisha/simulation_ws/install/aruco_msgs/include/aruco_msgs/aruco_msgs/msg/detail/marker_array__struct.h
[0.558s] -- Up-to-date: /home/monisha/simulation_ws/install/aruco_msgs/include/aruco_msgs/aruco_msgs/msg/detail/marker_array__type_support.h
[0.558s] -- Up-to-date: /home/monisha/simulation_ws/install/aruco_msgs/include/aruco_msgs/aruco_msgs/msg/detail/marker__functions.c
[0.558s] -- Up-to-date: /home/monisha/simulation_ws/install/aruco_msgs/include/aruco_msgs/aruco_msgs/msg/detail/marker_array__functions.c
[0.558s] -- Up-to-date: /home/monisha/simulation_ws/install/aruco_msgs/include/aruco_msgs/aruco_msgs/msg/marker_array.h
[0.558s] -- Up-to-date: /home/monisha/simulation_ws/install/aruco_msgs/include/aruco_msgs/aruco_msgs/msg/marker.h
[0.559s] -- Up-to-date: /home/monisha/simulation_ws/install/aruco_msgs/share/aruco_msgs/environment/library_path.sh
[0.559s] -- Up-to-date: /home/monisha/simulation_ws/install/aruco_msgs/share/aruco_msgs/environment/library_path.dsv
[0.559s] -- Up-to-date: /home/monisha/simulation_ws/install/aruco_msgs/lib/libaruco_msgs__rosidl_generator_c.so
[0.559s] -- Up-to-date: /home/monisha/simulation_ws/install/aruco_msgs/include/aruco_msgs/aruco_msgs
[0.559s] -- Up-to-date: /home/monisha/simulation_ws/install/aruco_msgs/include/aruco_msgs/aruco_msgs/msg
[0.559s] -- Up-to-date: /home/monisha/simulation_ws/install/aruco_msgs/include/aruco_msgs/aruco_msgs/msg/detail
[0.560s] -- Up-to-date: /home/monisha/simulation_ws/install/aruco_msgs/include/aruco_msgs/aruco_msgs/msg/detail/marker_array__rosidl_typesupport_fastrtps_c.h
[0.560s] -- Up-to-date: /home/monisha/simulation_ws/install/aruco_msgs/include/aruco_msgs/aruco_msgs/msg/detail/marker__rosidl_typesupport_fastrtps_c.h
[0.560s] -- Up-to-date: /home/monisha/simulation_ws/install/aruco_msgs/include/aruco_msgs/aruco_msgs/msg/rosidl_typesupport_fastrtps_c__visibility_control.h
[0.560s] -- Up-to-date: /home/monisha/simulation_ws/install/aruco_msgs/lib/libaruco_msgs__rosidl_typesupport_fastrtps_c.so
[0.560s] -- Up-to-date: /home/monisha/simulation_ws/install/aruco_msgs/include/aruco_msgs/aruco_msgs
[0.560s] -- Up-to-date: /home/monisha/simulation_ws/install/aruco_msgs/include/aruco_msgs/aruco_msgs/msg
[0.560s] -- Up-to-date: /home/monisha/simulation_ws/install/aruco_msgs/include/aruco_msgs/aruco_msgs/msg/detail
[0.560s] -- Up-to-date: /home/monisha/simulation_ws/install/aruco_msgs/include/aruco_msgs/aruco_msgs/msg/detail/marker_array__traits.hpp
[0.561s] -- Up-to-date: /home/monisha/simulation_ws/install/aruco_msgs/include/aruco_msgs/aruco_msgs/msg/detail/marker__struct.hpp
[0.561s] -- Up-to-date: /home/monisha/simulation_ws/install/aruco_msgs/include/aruco_msgs/aruco_msgs/msg/detail/marker_array__struct.hpp
[0.561s] -- Up-to-date: /home/monisha/simulation_ws/install/aruco_msgs/include/aruco_msgs/aruco_msgs/msg/detail/marker__traits.hpp
[0.561s] -- Up-to-date: /home/monisha/simulation_ws/install/aruco_msgs/include/aruco_msgs/aruco_msgs/msg/detail/marker__type_support.hpp
[0.561s] -- Up-to-date: /home/monisha/simulation_ws/install/aruco_msgs/include/aruco_msgs/aruco_msgs/msg/detail/marker_array__builder.hpp
[0.561s] -- Up-to-date: /home/monisha/simulation_ws/install/aruco_msgs/include/aruco_msgs/aruco_msgs/msg/detail/marker__builder.hpp
[0.561s] -- Up-to-date: /home/monisha/simulation_ws/install/aruco_msgs/include/aruco_msgs/aruco_msgs/msg/detail/marker_array__type_support.hpp
[0.561s] -- Up-to-date: /home/monisha/simulation_ws/install/aruco_msgs/include/aruco_msgs/aruco_msgs/msg/marker.hpp
[0.561s] -- Up-to-date: /home/monisha/simulation_ws/install/aruco_msgs/include/aruco_msgs/aruco_msgs/msg/rosidl_generator_cpp__visibility_control.hpp
[0.561s] -- Up-to-date: /home/monisha/simulation_ws/install/aruco_msgs/include/aruco_msgs/aruco_msgs/msg/marker_array.hpp
[0.561s] -- Up-to-date: /home/monisha/simulation_ws/install/aruco_msgs/include/aruco_msgs/aruco_msgs
[0.562s] -- Up-to-date: /home/monisha/simulation_ws/install/aruco_msgs/include/aruco_msgs/aruco_msgs/msg
[0.562s] -- Up-to-date: /home/monisha/simulation_ws/install/aruco_msgs/include/aruco_msgs/aruco_msgs/msg/rosidl_typesupport_fastrtps_cpp__visibility_control.h
[0.562s] -- Up-to-date: /home/monisha/simulation_ws/install/aruco_msgs/include/aruco_msgs/aruco_msgs/msg/detail
[0.562s] -- Up-to-date: /home/monisha/simulation_ws/install/aruco_msgs/include/aruco_msgs/aruco_msgs/msg/detail/marker__rosidl_typesupport_fastrtps_cpp.hpp
[0.562s] -- Up-to-date: /home/monisha/simulation_ws/install/aruco_msgs/include/aruco_msgs/aruco_msgs/msg/detail/marker_array__rosidl_typesupport_fastrtps_cpp.hpp
[0.562s] -- Up-to-date: /home/monisha/simulation_ws/install/aruco_msgs/include/aruco_msgs/aruco_msgs/msg/detail/dds_fastrtps
[0.562s] -- Up-to-date: /home/monisha/simulation_ws/install/aruco_msgs/lib/libaruco_msgs__rosidl_typesupport_fastrtps_cpp.so
[0.562s] -- Up-to-date: /home/monisha/simulation_ws/install/aruco_msgs/include/aruco_msgs/aruco_msgs
[0.562s] -- Up-to-date: /home/monisha/simulation_ws/install/aruco_msgs/include/aruco_msgs/aruco_msgs/msg
[0.562s] -- Up-to-date: /home/monisha/simulation_ws/install/aruco_msgs/include/aruco_msgs/aruco_msgs/msg/detail
[0.562s] -- Up-to-date: /home/monisha/simulation_ws/install/aruco_msgs/include/aruco_msgs/aruco_msgs/msg/detail/marker_array__type_support.c
[0.562s] -- Up-to-date: /home/monisha/simulation_ws/install/aruco_msgs/include/aruco_msgs/aruco_msgs/msg/detail/marker__rosidl_typesupport_introspection_c.h
[0.562s] -- Up-to-date: /home/monisha/simulation_ws/install/aruco_msgs/include/aruco_msgs/aruco_msgs/msg/detail/marker_array__rosidl_typesupport_introspection_c.h
[0.563s] -- Up-to-date: /home/monisha/simulation_ws/install/aruco_msgs/include/aruco_msgs/aruco_msgs/msg/detail/marker__type_support.c
[0.563s] -- Up-to-date: /home/monisha/simulation_ws/install/aruco_msgs/include/aruco_msgs/aruco_msgs/msg/rosidl_typesupport_introspection_c__visibility_control.h
[0.563s] -- Up-to-date: /home/monisha/simulation_ws/install/aruco_msgs/lib/libaruco_msgs__rosidl_typesupport_introspection_c.so
[0.563s] -- Up-to-date: /home/monisha/simulation_ws/install/aruco_msgs/lib/libaruco_msgs__rosidl_typesupport_c.so
[0.563s] -- Up-to-date: /home/monisha/simulation_ws/install/aruco_msgs/include/aruco_msgs/aruco_msgs
[0.563s] -- Up-to-date: /home/monisha/simulation_ws/install/aruco_msgs/include/aruco_msgs/aruco_msgs/msg
[0.563s] -- Up-to-date: /home/monisha/simulation_ws/install/aruco_msgs/include/aruco_msgs/aruco_msgs/msg/detail
[0.563s] -- Up-to-date: /home/monisha/simulation_ws/install/aruco_msgs/include/aruco_msgs/aruco_msgs/msg/detail/marker_array__rosidl_typesupport_introspection_cpp.hpp
[0.563s] -- Up-to-date: /home/monisha/simulation_ws/install/aruco_msgs/include/aruco_msgs/aruco_msgs/msg/detail/marker_array__type_support.cpp
[0.563s] -- Up-to-date: /home/monisha/simulation_ws/install/aruco_msgs/include/aruco_msgs/aruco_msgs/msg/detail/marker__type_support.cpp
[0.563s] -- Up-to-date: /home/monisha/simulation_ws/install/aruco_msgs/include/aruco_msgs/aruco_msgs/msg/detail/marker__rosidl_typesupport_introspection_cpp.hpp
[0.563s] -- Up-to-date: /home/monisha/simulation_ws/install/aruco_msgs/lib/libaruco_msgs__rosidl_typesupport_introspection_cpp.so
[0.564s] -- Up-to-date: /home/monisha/simulation_ws/install/aruco_msgs/lib/libaruco_msgs__rosidl_typesupport_cpp.so
[0.564s] -- Up-to-date: /home/monisha/simulation_ws/install/aruco_msgs/share/aruco_msgs/environment/pythonpath.sh
[0.564s] -- Up-to-date: /home/monisha/simulation_ws/install/aruco_msgs/share/aruco_msgs/environment/pythonpath.dsv
[0.564s] -- Up-to-date: /home/monisha/simulation_ws/install/aruco_msgs/local/lib/python3.10/dist-packages/aruco_msgs-5.0.5-py3.10.egg-info
[0.564s] -- Installing: /home/monisha/simulation_ws/install/aruco_msgs/local/lib/python3.10/dist-packages/aruco_msgs-5.0.5-py3.10.egg-info/PKG-INFO
[0.564s] -- Installing: /home/monisha/simulation_ws/install/aruco_msgs/local/lib/python3.10/dist-packages/aruco_msgs-5.0.5-py3.10.egg-info/SOURCES.txt
[0.564s] -- Installing: /home/monisha/simulation_ws/install/aruco_msgs/local/lib/python3.10/dist-packages/aruco_msgs-5.0.5-py3.10.egg-info/top_level.txt
[0.564s] -- Installing: /home/monisha/simulation_ws/install/aruco_msgs/local/lib/python3.10/dist-packages/aruco_msgs-5.0.5-py3.10.egg-info/dependency_links.txt
[0.564s] -- Up-to-date: /home/monisha/simulation_ws/install/aruco_msgs/local/lib/python3.10/dist-packages/aruco_msgs
[0.564s] -- Up-to-date: /home/monisha/simulation_ws/install/aruco_msgs/local/lib/python3.10/dist-packages/aruco_msgs/_aruco_msgs_s.ep.rosidl_typesupport_introspection_c.c
[0.564s] -- Up-to-date: /home/monisha/simulation_ws/install/aruco_msgs/local/lib/python3.10/dist-packages/aruco_msgs/_aruco_msgs_s.ep.rosidl_typesupport_fastrtps_c.c
[0.564s] -- Up-to-date: /home/monisha/simulation_ws/install/aruco_msgs/local/lib/python3.10/dist-packages/aruco_msgs/aruco_msgs_s__rosidl_typesupport_c.cpython-310-x86_64-linux-gnu.so
[0.564s] -- Up-to-date: /home/monisha/simulation_ws/install/aruco_msgs/local/lib/python3.10/dist-packages/aruco_msgs/msg
[0.565s] -- Up-to-date: /home/monisha/simulation_ws/install/aruco_msgs/local/lib/python3.10/dist-packages/aruco_msgs/msg/_marker_array.py
[0.565s] -- Up-to-date: /home/monisha/simulation_ws/install/aruco_msgs/local/lib/python3.10/dist-packages/aruco_msgs/msg/__init__.py
[0.565s] -- Up-to-date: /home/monisha/simulation_ws/install/aruco_msgs/local/lib/python3.10/dist-packages/aruco_msgs/msg/_marker_s.c
[0.565s] -- Up-to-date: /home/monisha/simulation_ws/install/aruco_msgs/local/lib/python3.10/dist-packages/aruco_msgs/msg/_marker_array_s.c
[0.565s] -- Up-to-date: /home/monisha/simulation_ws/install/aruco_msgs/local/lib/python3.10/dist-packages/aruco_msgs/msg/_marker.py
[0.565s] -- Up-to-date: /home/monisha/simulation_ws/install/aruco_msgs/local/lib/python3.10/dist-packages/aruco_msgs/__init__.py
[0.565s] -- Up-to-date: /home/monisha/simulation_ws/install/aruco_msgs/local/lib/python3.10/dist-packages/aruco_msgs/libaruco_msgs__rosidl_generator_py.so
[0.565s] -- Up-to-date: /home/monisha/simulation_ws/install/aruco_msgs/local/lib/python3.10/dist-packages/aruco_msgs/aruco_msgs_s__rosidl_typesupport_fastrtps_c.cpython-310-x86_64-linux-gnu.so
[0.565s] -- Up-to-date: /home/monisha/simulation_ws/install/aruco_msgs/local/lib/python3.10/dist-packages/aruco_msgs/aruco_msgs_s__rosidl_typesupport_introspection_c.cpython-310-x86_64-linux-gnu.so
[0.565s] -- Up-to-date: /home/monisha/simulation_ws/install/aruco_msgs/local/lib/python3.10/dist-packages/aruco_msgs/_aruco_msgs_s.ep.rosidl_typesupport_c.c
[0.605s] Listing '/home/monisha/simulation_ws/install/aruco_msgs/local/lib/python3.10/dist-packages/aruco_msgs'...
[0.606s] Listing '/home/monisha/simulation_ws/install/aruco_msgs/local/lib/python3.10/dist-packages/aruco_msgs/msg'...
[0.610s] -- Up-to-date: /home/monisha/simulation_ws/install/aruco_msgs/local/lib/python3.10/dist-packages/aruco_msgs/aruco_msgs_s__rosidl_typesupport_fastrtps_c.cpython-310-x86_64-linux-gnu.so
[0.610s] -- Up-to-date: /home/monisha/simulation_ws/install/aruco_msgs/local/lib/python3.10/dist-packages/aruco_msgs/aruco_msgs_s__rosidl_typesupport_introspection_c.cpython-310-x86_64-linux-gnu.so
[0.610s] -- Up-to-date: /home/monisha/simulation_ws/install/aruco_msgs/local/lib/python3.10/dist-packages/aruco_msgs/aruco_msgs_s__rosidl_typesupport_c.cpython-310-x86_64-linux-gnu.so
[0.611s] -- Up-to-date: /home/monisha/simulation_ws/install/aruco_msgs/lib/libaruco_msgs__rosidl_generator_py.so
[0.611s] -- Up-to-date: /home/monisha/simulation_ws/install/aruco_msgs/share/aruco_msgs/msg/Marker.idl
[0.611s] -- Up-to-date: /home/monisha/simulation_ws/install/aruco_msgs/share/aruco_msgs/msg/MarkerArray.idl
[0.611s] -- Up-to-date: /home/monisha/simulation_ws/install/aruco_msgs/share/aruco_msgs/msg/Marker.msg
[0.611s] -- Up-to-date: /home/monisha/simulation_ws/install/aruco_msgs/share/aruco_msgs/msg/MarkerArray.msg
[0.611s] -- Up-to-date: /home/monisha/simulation_ws/install/aruco_msgs/share/ament_index/resource_index/package_run_dependencies/aruco_msgs
[0.611s] -- Up-to-date: /home/monisha/simulation_ws/install/aruco_msgs/share/ament_index/resource_index/parent_prefix_path/aruco_msgs
[0.612s] -- Up-to-date: /home/monisha/simulation_ws/install/aruco_msgs/share/aruco_msgs/environment/ament_prefix_path.sh
[0.612s] -- Up-to-date: /home/monisha/simulation_ws/install/aruco_msgs/share/aruco_msgs/environment/ament_prefix_path.dsv
[0.612s] -- Up-to-date: /home/monisha/simulation_ws/install/aruco_msgs/share/aruco_msgs/environment/path.sh
[0.612s] -- Up-to-date: /home/monisha/simulation_ws/install/aruco_msgs/share/aruco_msgs/environment/path.dsv
[0.612s] -- Up-to-date: /home/monisha/simulation_ws/install/aruco_msgs/share/aruco_msgs/local_setup.bash
[0.612s] -- Up-to-date: /home/monisha/simulation_ws/install/aruco_msgs/share/aruco_msgs/local_setup.sh
[0.612s] -- Up-to-date: /home/monisha/simulation_ws/install/aruco_msgs/share/aruco_msgs/local_setup.zsh
[0.612s] -- Up-to-date: /home/monisha/simulation_ws/install/aruco_msgs/share/aruco_msgs/local_setup.dsv
[0.613s] -- Installing: /home/monisha/simulation_ws/install/aruco_msgs/share/aruco_msgs/package.dsv
[0.613s] -- Up-to-date: /home/monisha/simulation_ws/install/aruco_msgs/share/ament_index/resource_index/packages/aruco_msgs
[0.613s] -- Up-to-date: /home/monisha/simulation_ws/install/aruco_msgs/share/aruco_msgs/cmake/export_aruco_msgs__rosidl_generator_cExport.cmake
[0.613s] -- Up-to-date: /home/monisha/simulation_ws/install/aruco_msgs/share/aruco_msgs/cmake/export_aruco_msgs__rosidl_generator_cExport-noconfig.cmake
[0.613s] -- Up-to-date: /home/monisha/simulation_ws/install/aruco_msgs/share/aruco_msgs/cmake/export_aruco_msgs__rosidl_typesupport_fastrtps_cExport.cmake
[0.613s] -- Up-to-date: /home/monisha/simulation_ws/install/aruco_msgs/share/aruco_msgs/cmake/export_aruco_msgs__rosidl_typesupport_fastrtps_cExport-noconfig.cmake
[0.613s] -- Up-to-date: /home/monisha/simulation_ws/install/aruco_msgs/share/aruco_msgs/cmake/export_aruco_msgs__rosidl_generator_cppExport.cmake
[0.613s] -- Up-to-date: /home/monisha/simulation_ws/install/aruco_msgs/share/aruco_msgs/cmake/export_aruco_msgs__rosidl_typesupport_fastrtps_cppExport.cmake
[0.614s] -- Up-to-date: /home/monisha/simulation_ws/install/aruco_msgs/share/aruco_msgs/cmake/export_aruco_msgs__rosidl_typesupport_fastrtps_cppExport-noconfig.cmake
[0.614s] -- Up-to-date: /home/monisha/simulation_ws/install/aruco_msgs/share/aruco_msgs/cmake/aruco_msgs__rosidl_typesupport_introspection_cExport.cmake
[0.614s] -- Up-to-date: /home/monisha/simulation_ws/install/aruco_msgs/share/aruco_msgs/cmake/aruco_msgs__rosidl_typesupport_introspection_cExport-noconfig.cmake
[0.614s] -- Up-to-date: /home/monisha/simulation_ws/install/aruco_msgs/share/aruco_msgs/cmake/aruco_msgs__rosidl_typesupport_cExport.cmake
[0.614s] -- Up-to-date: /home/monisha/simulation_ws/install/aruco_msgs/share/aruco_msgs/cmake/aruco_msgs__rosidl_typesupport_cExport-noconfig.cmake
[0.614s] -- Up-to-date: /home/monisha/simulation_ws/install/aruco_msgs/share/aruco_msgs/cmake/aruco_msgs__rosidl_typesupport_introspection_cppExport.cmake
[0.614s] -- Up-to-date: /home/monisha/simulation_ws/install/aruco_msgs/share/aruco_msgs/cmake/aruco_msgs__rosidl_typesupport_introspection_cppExport-noconfig.cmake
[0.614s] -- Up-to-date: /home/monisha/simulation_ws/install/aruco_msgs/share/aruco_msgs/cmake/aruco_msgs__rosidl_typesupport_cppExport.cmake
[0.614s] -- Up-to-date: /home/monisha/simulation_ws/install/aruco_msgs/share/aruco_msgs/cmake/aruco_msgs__rosidl_typesupport_cppExport-noconfig.cmake
[0.614s] -- Up-to-date: /home/monisha/simulation_ws/install/aruco_msgs/share/aruco_msgs/cmake/export_aruco_msgs__rosidl_generator_pyExport.cmake
[0.615s] -- Up-to-date: /home/monisha/simulation_ws/install/aruco_msgs/share/aruco_msgs/cmake/export_aruco_msgs__rosidl_generator_pyExport-noconfig.cmake
[0.615s] -- Up-to-date: /home/monisha/simulation_ws/install/aruco_msgs/share/aruco_msgs/cmake/rosidl_cmake-extras.cmake
[0.615s] -- Up-to-date: /home/monisha/simulation_ws/install/aruco_msgs/share/aruco_msgs/cmake/ament_cmake_export_dependencies-extras.cmake
[0.615s] -- Up-to-date: /home/monisha/simulation_ws/install/aruco_msgs/share/aruco_msgs/cmake/ament_cmake_export_include_directories-extras.cmake
[0.615s] -- Up-to-date: /home/monisha/simulation_ws/install/aruco_msgs/share/aruco_msgs/cmake/ament_cmake_export_libraries-extras.cmake
[0.616s] -- Up-to-date: /home/monisha/simulation_ws/install/aruco_msgs/share/aruco_msgs/cmake/ament_cmake_export_targets-extras.cmake
[0.616s] -- Up-to-date: /home/monisha/simulation_ws/install/aruco_msgs/share/aruco_msgs/cmake/rosidl_cmake_export_typesupport_targets-extras.cmake
[0.616s] -- Up-to-date: /home/monisha/simulation_ws/install/aruco_msgs/share/aruco_msgs/cmake/rosidl_cmake_export_typesupport_libraries-extras.cmake
[0.616s] -- Up-to-date: /home/monisha/simulation_ws/install/aruco_msgs/share/aruco_msgs/cmake/aruco_msgsConfig.cmake
[0.616s] -- Up-to-date: /home/monisha/simulation_ws/install/aruco_msgs/share/aruco_msgs/cmake/aruco_msgsConfig-version.cmake
[0.616s] -- Up-to-date: /home/monisha/simulation_ws/install/aruco_msgs/share/aruco_msgs/package.xml
[0.618s] Invoked command in '/home/monisha/simulation_ws/build/aruco_msgs' returned '0': CMAKE_PREFIX_PATH=${CMAKE_PREFIX_PATH}:/home/monisha/turtlebot3_ws/install/turtlebot3_teleop:/home/monisha/turtlebot3_ws/install/turtlebot3_example:/home/monisha/turtlebot3_ws/install/my_aruco_detector:/home/monisha/install/turtlebot3_teleop:/home/monisha/install/turtlebot3_example:/home/monisha/install/launch_testing_examples:/home/monisha/install/examples_rclpy_pointcloud_publisher:/home/monisha/install/examples_rclpy_minimal_subscriber:/home/monisha/install/examples_rclpy_minimal_service:/home/monisha/install/examples_rclpy_minimal_publisher:/home/monisha/install/examples_rclpy_minimal_client:/home/monisha/install/examples_rclpy_minimal_action_server:/home/monisha/install/examples_rclpy_minimal_action_client:/home/monisha/install/examples_rclpy_guard_conditions:/home/monisha/install/examples_rclpy_executors:/opt/ros/humble /usr/bin/cmake --install /home/monisha/simulation_ws/build/aruco_msgs
