[0.098s] DEBUG:colcon:Command line arguments: ['/usr/bin/colcon', 'build']
[0.098s] DEBUG:colcon:Parsed command line arguments: Namespace(log_base=None, log_level=None, verb_name='build', build_base='build', install_base='install', merge_install=False, symlink_install=False, test_result_base=None, continue_on_error=False, executor='parallel', parallel_workers=12, event_handlers=None, ignore_user_meta=False, metas=['./colcon.meta'], base_paths=['.'], packages_ignore=None, packages_ignore_regex=None, paths=None, packages_up_to=None, packages_up_to_regex=None, packages_above=None, packages_above_and_dependencies=None, packages_above_depth=None, packages_select_by_dep=None, packages_skip_by_dep=None, packages_skip_up_to=None, packages_select_build_failed=False, packages_skip_build_finished=False, packages_select_test_failures=False, packages_skip_test_passed=False, packages_select=None, packages_skip=None, packages_select_regex=None, packages_skip_regex=None, packages_start=None, packages_end=None, allow_overriding=[], cmake_args=None, cmake_target=None, cmake_target_skip_unavailable=False, cmake_clean_cache=False, cmake_clean_first=False, cmake_force_configure=False, ament_cmake_args=None, catkin_cmake_args=None, catkin_skip_building_tests=False, verb_parser=<colcon_defaults.argument_parser.defaults.DefaultArgumentsDecorator object at 0x7cad2b18e1d0>, verb_extension=<colcon_core.verb.build.BuildVerb object at 0x7cad2b18d390>, main=<bound method BuildVerb.main of <colcon_core.verb.build.BuildVerb object at 0x7cad2b18d390>>)
[0.245s] Level 1:colcon.colcon_core.package_discovery:discover_packages(colcon_meta) check parameters
[0.246s] Level 1:colcon.colcon_core.package_discovery:discover_packages(recursive) check parameters
[0.246s] Level 1:colcon.colcon_core.package_discovery:discover_packages(ignore) check parameters
[0.246s] Level 1:colcon.colcon_core.package_discovery:discover_packages(path) check parameters
[0.246s] Level 1:colcon.colcon_core.package_discovery:discover_packages(colcon_meta) discover
[0.246s] Level 1:colcon.colcon_core.package_discovery:discover_packages(recursive) discover
[0.246s] INFO:colcon.colcon_core.package_discovery:Crawling recursively for packages in '/home/monisha/simulation_ws'
[0.246s] Level 1:colcon.colcon_core.package_identification:_identify(.) by extensions ['ignore', 'ignore_ament_install']
[0.246s] Level 1:colcon.colcon_core.package_identification:_identify(.) by extension 'ignore'
[0.246s] Level 1:colcon.colcon_core.package_identification:_identify(.) by extension 'ignore_ament_install'
[0.246s] Level 1:colcon.colcon_core.package_identification:_identify(.) by extensions ['colcon_pkg']
[0.246s] Level 1:colcon.colcon_core.package_identification:_identify(.) by extension 'colcon_pkg'
[0.246s] Level 1:colcon.colcon_core.package_identification:_identify(.) by extensions ['colcon_meta']
[0.246s] Level 1:colcon.colcon_core.package_identification:_identify(.) by extension 'colcon_meta'
[0.246s] Level 1:colcon.colcon_core.package_identification:_identify(.) by extensions ['ros']
[0.246s] Level 1:colcon.colcon_core.package_identification:_identify(.) by extension 'ros'
[0.255s] Level 1:colcon.colcon_core.package_identification:_identify(.) by extensions ['cmake', 'python']
[0.255s] Level 1:colcon.colcon_core.package_identification:_identify(.) by extension 'cmake'
[0.255s] Level 1:colcon.colcon_core.package_identification:_identify(.) by extension 'python'
[0.255s] Level 1:colcon.colcon_core.package_identification:_identify(.) by extensions ['python_setup_py']
[0.255s] Level 1:colcon.colcon_core.package_identification:_identify(.) by extension 'python_setup_py'
[0.256s] Level 1:colcon.colcon_core.package_identification:_identify(build) by extensions ['ignore', 'ignore_ament_install']
[0.256s] Level 1:colcon.colcon_core.package_identification:_identify(build) by extension 'ignore'
[0.256s] Level 1:colcon.colcon_core.package_identification:_identify(build) ignored
[0.256s] Level 1:colcon.colcon_core.package_identification:_identify(install) by extensions ['ignore', 'ignore_ament_install']
[0.256s] Level 1:colcon.colcon_core.package_identification:_identify(install) by extension 'ignore'
[0.256s] Level 1:colcon.colcon_core.package_identification:_identify(install) ignored
[0.256s] Level 1:colcon.colcon_core.package_identification:_identify(log) by extensions ['ignore', 'ignore_ament_install']
[0.256s] Level 1:colcon.colcon_core.package_identification:_identify(log) by extension 'ignore'
[0.256s] Level 1:colcon.colcon_core.package_identification:_identify(log) ignored
[0.256s] Level 1:colcon.colcon_core.package_identification:_identify(src) by extensions ['ignore', 'ignore_ament_install']
[0.256s] Level 1:colcon.colcon_core.package_identification:_identify(src) by extension 'ignore'
[0.256s] Level 1:colcon.colcon_core.package_identification:_identify(src) by extension 'ignore_ament_install'
[0.256s] Level 1:colcon.colcon_core.package_identification:_identify(src) by extensions ['colcon_pkg']
[0.256s] Level 1:colcon.colcon_core.package_identification:_identify(src) by extension 'colcon_pkg'
[0.256s] Level 1:colcon.colcon_core.package_identification:_identify(src) by extensions ['colcon_meta']
[0.256s] Level 1:colcon.colcon_core.package_identification:_identify(src) by extension 'colcon_meta'
[0.256s] Level 1:colcon.colcon_core.package_identification:_identify(src) by extensions ['ros']
[0.256s] Level 1:colcon.colcon_core.package_identification:_identify(src) by extension 'ros'
[0.256s] Level 1:colcon.colcon_core.package_identification:_identify(src) by extensions ['cmake', 'python']
[0.256s] Level 1:colcon.colcon_core.package_identification:_identify(src) by extension 'cmake'
[0.256s] Level 1:colcon.colcon_core.package_identification:_identify(src) by extension 'python'
[0.256s] Level 1:colcon.colcon_core.package_identification:_identify(src) by extensions ['python_setup_py']
[0.256s] Level 1:colcon.colcon_core.package_identification:_identify(src) by extension 'python_setup_py'
[0.257s] Level 1:colcon.colcon_core.package_identification:_identify(src/aruco_ros) by extensions ['ignore', 'ignore_ament_install']
[0.257s] Level 1:colcon.colcon_core.package_identification:_identify(src/aruco_ros) by extension 'ignore'
[0.257s] Level 1:colcon.colcon_core.package_identification:_identify(src/aruco_ros) by extension 'ignore_ament_install'
[0.257s] Level 1:colcon.colcon_core.package_identification:_identify(src/aruco_ros) by extensions ['colcon_pkg']
[0.257s] Level 1:colcon.colcon_core.package_identification:_identify(src/aruco_ros) by extension 'colcon_pkg'
[0.257s] Level 1:colcon.colcon_core.package_identification:_identify(src/aruco_ros) by extensions ['colcon_meta']
[0.257s] Level 1:colcon.colcon_core.package_identification:_identify(src/aruco_ros) by extension 'colcon_meta'
[0.257s] Level 1:colcon.colcon_core.package_identification:_identify(src/aruco_ros) by extensions ['ros']
[0.257s] Level 1:colcon.colcon_core.package_identification:_identify(src/aruco_ros) by extension 'ros'
[0.257s] Level 1:colcon.colcon_core.package_identification:_identify(src/aruco_ros) by extensions ['cmake', 'python']
[0.257s] Level 1:colcon.colcon_core.package_identification:_identify(src/aruco_ros) by extension 'cmake'
[0.257s] Level 1:colcon.colcon_core.package_identification:_identify(src/aruco_ros) by extension 'python'
[0.257s] Level 1:colcon.colcon_core.package_identification:_identify(src/aruco_ros) by extensions ['python_setup_py']
[0.257s] Level 1:colcon.colcon_core.package_identification:_identify(src/aruco_ros) by extension 'python_setup_py'
[0.257s] Level 1:colcon.colcon_core.package_identification:_identify(src/aruco_ros/aruco) by extensions ['ignore', 'ignore_ament_install']
[0.257s] Level 1:colcon.colcon_core.package_identification:_identify(src/aruco_ros/aruco) by extension 'ignore'
[0.257s] Level 1:colcon.colcon_core.package_identification:_identify(src/aruco_ros/aruco) by extension 'ignore_ament_install'
[0.257s] Level 1:colcon.colcon_core.package_identification:_identify(src/aruco_ros/aruco) by extensions ['colcon_pkg']
[0.257s] Level 1:colcon.colcon_core.package_identification:_identify(src/aruco_ros/aruco) by extension 'colcon_pkg'
[0.257s] Level 1:colcon.colcon_core.package_identification:_identify(src/aruco_ros/aruco) by extensions ['colcon_meta']
[0.257s] Level 1:colcon.colcon_core.package_identification:_identify(src/aruco_ros/aruco) by extension 'colcon_meta'
[0.257s] Level 1:colcon.colcon_core.package_identification:_identify(src/aruco_ros/aruco) by extensions ['ros']
[0.257s] Level 1:colcon.colcon_core.package_identification:_identify(src/aruco_ros/aruco) by extension 'ros'
[0.259s] DEBUG:colcon.colcon_core.package_identification:Package 'src/aruco_ros/aruco' with type 'ros.ament_cmake' and name 'aruco'
[0.259s] Level 1:colcon.colcon_core.package_identification:_identify(src/aruco_ros/aruco_msgs) by extensions ['ignore', 'ignore_ament_install']
[0.260s] Level 1:colcon.colcon_core.package_identification:_identify(src/aruco_ros/aruco_msgs) by extension 'ignore'
[0.260s] Level 1:colcon.colcon_core.package_identification:_identify(src/aruco_ros/aruco_msgs) by extension 'ignore_ament_install'
[0.260s] Level 1:colcon.colcon_core.package_identification:_identify(src/aruco_ros/aruco_msgs) by extensions ['colcon_pkg']
[0.260s] Level 1:colcon.colcon_core.package_identification:_identify(src/aruco_ros/aruco_msgs) by extension 'colcon_pkg'
[0.260s] Level 1:colcon.colcon_core.package_identification:_identify(src/aruco_ros/aruco_msgs) by extensions ['colcon_meta']
[0.260s] Level 1:colcon.colcon_core.package_identification:_identify(src/aruco_ros/aruco_msgs) by extension 'colcon_meta'
[0.260s] Level 1:colcon.colcon_core.package_identification:_identify(src/aruco_ros/aruco_msgs) by extensions ['ros']
[0.260s] Level 1:colcon.colcon_core.package_identification:_identify(src/aruco_ros/aruco_msgs) by extension 'ros'
[0.260s] DEBUG:colcon.colcon_core.package_identification:Package 'src/aruco_ros/aruco_msgs' with type 'ros.ament_cmake' and name 'aruco_msgs'
[0.260s] Level 1:colcon.colcon_core.package_identification:_identify(src/aruco_ros/aruco_ros) by extensions ['ignore', 'ignore_ament_install']
[0.261s] Level 1:colcon.colcon_core.package_identification:_identify(src/aruco_ros/aruco_ros) by extension 'ignore'
[0.261s] Level 1:colcon.colcon_core.package_identification:_identify(src/aruco_ros/aruco_ros) by extension 'ignore_ament_install'
[0.261s] Level 1:colcon.colcon_core.package_identification:_identify(src/aruco_ros/aruco_ros) by extensions ['colcon_pkg']
[0.261s] Level 1:colcon.colcon_core.package_identification:_identify(src/aruco_ros/aruco_ros) by extension 'colcon_pkg'
[0.261s] Level 1:colcon.colcon_core.package_identification:_identify(src/aruco_ros/aruco_ros) by extensions ['colcon_meta']
[0.261s] Level 1:colcon.colcon_core.package_identification:_identify(src/aruco_ros/aruco_ros) by extension 'colcon_meta'
[0.261s] Level 1:colcon.colcon_core.package_identification:_identify(src/aruco_ros/aruco_ros) by extensions ['ros']
[0.261s] Level 1:colcon.colcon_core.package_identification:_identify(src/aruco_ros/aruco_ros) by extension 'ros'
[0.263s] DEBUG:colcon.colcon_core.package_identification:Package 'src/aruco_ros/aruco_ros' with type 'ros.ament_cmake' and name 'aruco_ros'
[0.263s] Level 1:colcon.colcon_core.package_identification:_identify(src/my_simulation) by extensions ['ignore', 'ignore_ament_install']
[0.263s] Level 1:colcon.colcon_core.package_identification:_identify(src/my_simulation) by extension 'ignore'
[0.264s] Level 1:colcon.colcon_core.package_identification:_identify(src/my_simulation) by extension 'ignore_ament_install'
[0.264s] Level 1:colcon.colcon_core.package_identification:_identify(src/my_simulation) by extensions ['colcon_pkg']
[0.264s] Level 1:colcon.colcon_core.package_identification:_identify(src/my_simulation) by extension 'colcon_pkg'
[0.264s] Level 1:colcon.colcon_core.package_identification:_identify(src/my_simulation) by extensions ['colcon_meta']
[0.264s] Level 1:colcon.colcon_core.package_identification:_identify(src/my_simulation) by extension 'colcon_meta'
[0.264s] Level 1:colcon.colcon_core.package_identification:_identify(src/my_simulation) by extensions ['ros']
[0.264s] Level 1:colcon.colcon_core.package_identification:_identify(src/my_simulation) by extension 'ros'
[0.264s] DEBUG:colcon.colcon_core.package_identification:Package 'src/my_simulation' with type 'ros.ament_cmake' and name 'my_simulation'
[0.264s] Level 1:colcon.colcon_core.package_discovery:discover_packages(recursive) using defaults
[0.264s] Level 1:colcon.colcon_core.package_discovery:discover_packages(ignore) discover
[0.264s] Level 1:colcon.colcon_core.package_discovery:discover_packages(ignore) using defaults
[0.264s] Level 1:colcon.colcon_core.package_discovery:discover_packages(path) discover
[0.264s] Level 1:colcon.colcon_core.package_discovery:discover_packages(path) using defaults
[0.292s] Level 1:colcon.colcon_core.package_discovery:discover_packages(prefix_path) check parameters
[0.292s] Level 1:colcon.colcon_core.package_discovery:discover_packages(prefix_path) discover
[0.294s] DEBUG:colcon.colcon_installed_package_information.package_discovery:Found 4 installed packages in /home/monisha/simulation_ws/install
[0.295s] DEBUG:colcon.colcon_installed_package_information.package_discovery:Found 1 installed packages in /home/monisha/forklift_ws/install
[0.295s] DEBUG:colcon.colcon_installed_package_information.package_discovery:Found 0 installed packages in /home/monisha/turtlebot_ws/install
[0.295s] DEBUG:colcon.colcon_installed_package_information.package_discovery:Found 16 installed packages in /home/monisha/turtlebot3_ws/install
[0.296s] DEBUG:colcon.colcon_installed_package_information.package_discovery:Found 37 installed packages in /home/monisha/install
[0.298s] DEBUG:colcon.colcon_installed_package_information.package_discovery:Found 365 installed packages in /opt/ros/humble
[0.300s] Level 1:colcon.colcon_core.package_discovery:discover_packages(prefix_path) using defaults
[0.334s] Level 5:colcon.colcon_core.verb:set package 'aruco' build argument 'cmake_args' from command line to 'None'
[0.334s] Level 5:colcon.colcon_core.verb:set package 'aruco' build argument 'cmake_target' from command line to 'None'
[0.334s] Level 5:colcon.colcon_core.verb:set package 'aruco' build argument 'cmake_target_skip_unavailable' from command line to 'False'
[0.334s] Level 5:colcon.colcon_core.verb:set package 'aruco' build argument 'cmake_clean_cache' from command line to 'False'
[0.334s] Level 5:colcon.colcon_core.verb:set package 'aruco' build argument 'cmake_clean_first' from command line to 'False'
[0.334s] Level 5:colcon.colcon_core.verb:set package 'aruco' build argument 'cmake_force_configure' from command line to 'False'
[0.334s] Level 5:colcon.colcon_core.verb:set package 'aruco' build argument 'ament_cmake_args' from command line to 'None'
[0.334s] Level 5:colcon.colcon_core.verb:set package 'aruco' build argument 'catkin_cmake_args' from command line to 'None'
[0.335s] Level 5:colcon.colcon_core.verb:set package 'aruco' build argument 'catkin_skip_building_tests' from command line to 'False'
[0.335s] DEBUG:colcon.colcon_core.verb:Building package 'aruco' with the following arguments: {'ament_cmake_args': None, 'build_base': '/home/monisha/simulation_ws/build/aruco', 'catkin_cmake_args': None, 'catkin_skip_building_tests': False, 'cmake_args': None, 'cmake_clean_cache': False, 'cmake_clean_first': False, 'cmake_force_configure': False, 'cmake_target': None, 'cmake_target_skip_unavailable': False, 'install_base': '/home/monisha/simulation_ws/install/aruco', 'merge_install': False, 'path': '/home/monisha/simulation_ws/src/aruco_ros/aruco', 'symlink_install': False, 'test_result_base': None}
[0.335s] Level 5:colcon.colcon_core.verb:set package 'aruco_msgs' build argument 'cmake_args' from command line to 'None'
[0.335s] Level 5:colcon.colcon_core.verb:set package 'aruco_msgs' build argument 'cmake_target' from command line to 'None'
[0.335s] Level 5:colcon.colcon_core.verb:set package 'aruco_msgs' build argument 'cmake_target_skip_unavailable' from command line to 'False'
[0.335s] Level 5:colcon.colcon_core.verb:set package 'aruco_msgs' build argument 'cmake_clean_cache' from command line to 'False'
[0.335s] Level 5:colcon.colcon_core.verb:set package 'aruco_msgs' build argument 'cmake_clean_first' from command line to 'False'
[0.335s] Level 5:colcon.colcon_core.verb:set package 'aruco_msgs' build argument 'cmake_force_configure' from command line to 'False'
[0.335s] Level 5:colcon.colcon_core.verb:set package 'aruco_msgs' build argument 'ament_cmake_args' from command line to 'None'
[0.335s] Level 5:colcon.colcon_core.verb:set package 'aruco_msgs' build argument 'catkin_cmake_args' from command line to 'None'
[0.335s] Level 5:colcon.colcon_core.verb:set package 'aruco_msgs' build argument 'catkin_skip_building_tests' from command line to 'False'
[0.335s] DEBUG:colcon.colcon_core.verb:Building package 'aruco_msgs' with the following arguments: {'ament_cmake_args': None, 'build_base': '/home/monisha/simulation_ws/build/aruco_msgs', 'catkin_cmake_args': None, 'catkin_skip_building_tests': False, 'cmake_args': None, 'cmake_clean_cache': False, 'cmake_clean_first': False, 'cmake_force_configure': False, 'cmake_target': None, 'cmake_target_skip_unavailable': False, 'install_base': '/home/monisha/simulation_ws/install/aruco_msgs', 'merge_install': False, 'path': '/home/monisha/simulation_ws/src/aruco_ros/aruco_msgs', 'symlink_install': False, 'test_result_base': None}
[0.335s] Level 5:colcon.colcon_core.verb:set package 'my_simulation' build argument 'cmake_args' from command line to 'None'
[0.335s] Level 5:colcon.colcon_core.verb:set package 'my_simulation' build argument 'cmake_target' from command line to 'None'
[0.335s] Level 5:colcon.colcon_core.verb:set package 'my_simulation' build argument 'cmake_target_skip_unavailable' from command line to 'False'
[0.335s] Level 5:colcon.colcon_core.verb:set package 'my_simulation' build argument 'cmake_clean_cache' from command line to 'False'
[0.335s] Level 5:colcon.colcon_core.verb:set package 'my_simulation' build argument 'cmake_clean_first' from command line to 'False'
[0.335s] Level 5:colcon.colcon_core.verb:set package 'my_simulation' build argument 'cmake_force_configure' from command line to 'False'
[0.335s] Level 5:colcon.colcon_core.verb:set package 'my_simulation' build argument 'ament_cmake_args' from command line to 'None'
[0.335s] Level 5:colcon.colcon_core.verb:set package 'my_simulation' build argument 'catkin_cmake_args' from command line to 'None'
[0.335s] Level 5:colcon.colcon_core.verb:set package 'my_simulation' build argument 'catkin_skip_building_tests' from command line to 'False'
[0.335s] DEBUG:colcon.colcon_core.verb:Building package 'my_simulation' with the following arguments: {'ament_cmake_args': None, 'build_base': '/home/monisha/simulation_ws/build/my_simulation', 'catkin_cmake_args': None, 'catkin_skip_building_tests': False, 'cmake_args': None, 'cmake_clean_cache': False, 'cmake_clean_first': False, 'cmake_force_configure': False, 'cmake_target': None, 'cmake_target_skip_unavailable': False, 'install_base': '/home/monisha/simulation_ws/install/my_simulation', 'merge_install': False, 'path': '/home/monisha/simulation_ws/src/my_simulation', 'symlink_install': False, 'test_result_base': None}
[0.336s] Level 5:colcon.colcon_core.verb:set package 'aruco_ros' build argument 'cmake_args' from command line to 'None'
[0.336s] Level 5:colcon.colcon_core.verb:set package 'aruco_ros' build argument 'cmake_target' from command line to 'None'
[0.336s] Level 5:colcon.colcon_core.verb:set package 'aruco_ros' build argument 'cmake_target_skip_unavailable' from command line to 'False'
[0.336s] Level 5:colcon.colcon_core.verb:set package 'aruco_ros' build argument 'cmake_clean_cache' from command line to 'False'
[0.336s] Level 5:colcon.colcon_core.verb:set package 'aruco_ros' build argument 'cmake_clean_first' from command line to 'False'
[0.336s] Level 5:colcon.colcon_core.verb:set package 'aruco_ros' build argument 'cmake_force_configure' from command line to 'False'
[0.336s] Level 5:colcon.colcon_core.verb:set package 'aruco_ros' build argument 'ament_cmake_args' from command line to 'None'
[0.336s] Level 5:colcon.colcon_core.verb:set package 'aruco_ros' build argument 'catkin_cmake_args' from command line to 'None'
[0.336s] Level 5:colcon.colcon_core.verb:set package 'aruco_ros' build argument 'catkin_skip_building_tests' from command line to 'False'
[0.336s] DEBUG:colcon.colcon_core.verb:Building package 'aruco_ros' with the following arguments: {'ament_cmake_args': None, 'build_base': '/home/monisha/simulation_ws/build/aruco_ros', 'catkin_cmake_args': None, 'catkin_skip_building_tests': False, 'cmake_args': None, 'cmake_clean_cache': False, 'cmake_clean_first': False, 'cmake_force_configure': False, 'cmake_target': None, 'cmake_target_skip_unavailable': False, 'install_base': '/home/monisha/simulation_ws/install/aruco_ros', 'merge_install': False, 'path': '/home/monisha/simulation_ws/src/aruco_ros/aruco_ros', 'symlink_install': False, 'test_result_base': None}
[0.336s] INFO:colcon.colcon_core.executor:Executing jobs using 'parallel' executor
[0.337s] DEBUG:colcon.colcon_parallel_executor.executor.parallel:run_until_complete
[0.338s] INFO:colcon.colcon_ros.task.ament_cmake.build:Building ROS package in '/home/monisha/simulation_ws/src/aruco_ros/aruco' with build type 'ament_cmake'
[0.338s] INFO:colcon.colcon_cmake.task.cmake.build:Building CMake package in '/home/monisha/simulation_ws/src/aruco_ros/aruco'
[0.340s] INFO:colcon.colcon_core.plugin_system:Skipping extension 'colcon_core.shell.bat': Not used on non-Windows systems
[0.340s] INFO:colcon.colcon_core.shell:Skip shell extension 'powershell' for command environment: Not usable outside of PowerShell
[0.340s] DEBUG:colcon.colcon_core.shell:Skip shell extension 'dsv' for command environment
[0.346s] INFO:colcon.colcon_ros.task.ament_cmake.build:Building ROS package in '/home/monisha/simulation_ws/src/aruco_ros/aruco_msgs' with build type 'ament_cmake'
[0.347s] INFO:colcon.colcon_cmake.task.cmake.build:Building CMake package in '/home/monisha/simulation_ws/src/aruco_ros/aruco_msgs'
[0.347s] INFO:colcon.colcon_core.shell:Skip shell extension 'powershell' for command environment: Not usable outside of PowerShell
[0.347s] DEBUG:colcon.colcon_core.shell:Skip shell extension 'dsv' for command environment
[0.356s] INFO:colcon.colcon_ros.task.ament_cmake.build:Building ROS package in '/home/monisha/simulation_ws/src/my_simulation' with build type 'ament_cmake'
[0.356s] INFO:colcon.colcon_cmake.task.cmake.build:Building CMake package in '/home/monisha/simulation_ws/src/my_simulation'
[0.356s] INFO:colcon.colcon_core.shell:Skip shell extension 'powershell' for command environment: Not usable outside of PowerShell
[0.356s] DEBUG:colcon.colcon_core.shell:Skip shell extension 'dsv' for command environment
[0.367s] DEBUG:colcon.colcon_core.event_handler.log_command:Invoking command in '/home/monisha/simulation_ws/build/aruco': CMAKE_PREFIX_PATH=${CMAKE_PREFIX_PATH}:/home/monisha/turtlebot3_ws/install/turtlebot3_teleop:/home/monisha/turtlebot3_ws/install/turtlebot3_example:/home/monisha/turtlebot3_ws/install/my_aruco_detector:/home/monisha/install/turtlebot3_teleop:/home/monisha/install/turtlebot3_example:/home/monisha/install/launch_testing_examples:/home/monisha/install/examples_rclpy_pointcloud_publisher:/home/monisha/install/examples_rclpy_minimal_subscriber:/home/monisha/install/examples_rclpy_minimal_service:/home/monisha/install/examples_rclpy_minimal_publisher:/home/monisha/install/examples_rclpy_minimal_client:/home/monisha/install/examples_rclpy_minimal_action_server:/home/monisha/install/examples_rclpy_minimal_action_client:/home/monisha/install/examples_rclpy_guard_conditions:/home/monisha/install/examples_rclpy_executors:/opt/ros/humble /usr/bin/cmake --build /home/monisha/simulation_ws/build/aruco -- -j12 -l12
[0.376s] DEBUG:colcon.colcon_core.event_handler.log_command:Invoking command in '/home/monisha/simulation_ws/build/aruco_msgs': CMAKE_PREFIX_PATH=${CMAKE_PREFIX_PATH}:/home/monisha/turtlebot3_ws/install/turtlebot3_teleop:/home/monisha/turtlebot3_ws/install/turtlebot3_example:/home/monisha/turtlebot3_ws/install/my_aruco_detector:/home/monisha/install/turtlebot3_teleop:/home/monisha/install/turtlebot3_example:/home/monisha/install/launch_testing_examples:/home/monisha/install/examples_rclpy_pointcloud_publisher:/home/monisha/install/examples_rclpy_minimal_subscriber:/home/monisha/install/examples_rclpy_minimal_service:/home/monisha/install/examples_rclpy_minimal_publisher:/home/monisha/install/examples_rclpy_minimal_client:/home/monisha/install/examples_rclpy_minimal_action_server:/home/monisha/install/examples_rclpy_minimal_action_client:/home/monisha/install/examples_rclpy_guard_conditions:/home/monisha/install/examples_rclpy_executors:/opt/ros/humble /usr/bin/cmake --build /home/monisha/simulation_ws/build/aruco_msgs -- -j12 -l12
[0.387s] DEBUG:colcon.colcon_core.event_handler.log_command:Invoking command in '/home/monisha/simulation_ws/build/my_simulation': CMAKE_PREFIX_PATH=${CMAKE_PREFIX_PATH}:/home/monisha/turtlebot3_ws/install/turtlebot3_teleop:/home/monisha/turtlebot3_ws/install/turtlebot3_example:/home/monisha/turtlebot3_ws/install/my_aruco_detector:/home/monisha/install/turtlebot3_teleop:/home/monisha/install/turtlebot3_example:/home/monisha/install/launch_testing_examples:/home/monisha/install/examples_rclpy_pointcloud_publisher:/home/monisha/install/examples_rclpy_minimal_subscriber:/home/monisha/install/examples_rclpy_minimal_service:/home/monisha/install/examples_rclpy_minimal_publisher:/home/monisha/install/examples_rclpy_minimal_client:/home/monisha/install/examples_rclpy_minimal_action_server:/home/monisha/install/examples_rclpy_minimal_action_client:/home/monisha/install/examples_rclpy_guard_conditions:/home/monisha/install/examples_rclpy_executors:/opt/ros/humble /usr/bin/cmake --build /home/monisha/simulation_ws/build/my_simulation -- -j12 -l12
[0.456s] DEBUG:colcon.colcon_core.event_handler.log_command:Invoked command in '/home/monisha/simulation_ws/build/my_simulation' returned '0': CMAKE_PREFIX_PATH=${CMAKE_PREFIX_PATH}:/home/monisha/turtlebot3_ws/install/turtlebot3_teleop:/home/monisha/turtlebot3_ws/install/turtlebot3_example:/home/monisha/turtlebot3_ws/install/my_aruco_detector:/home/monisha/install/turtlebot3_teleop:/home/monisha/install/turtlebot3_example:/home/monisha/install/launch_testing_examples:/home/monisha/install/examples_rclpy_pointcloud_publisher:/home/monisha/install/examples_rclpy_minimal_subscriber:/home/monisha/install/examples_rclpy_minimal_service:/home/monisha/install/examples_rclpy_minimal_publisher:/home/monisha/install/examples_rclpy_minimal_client:/home/monisha/install/examples_rclpy_minimal_action_server:/home/monisha/install/examples_rclpy_minimal_action_client:/home/monisha/install/examples_rclpy_guard_conditions:/home/monisha/install/examples_rclpy_executors:/opt/ros/humble /usr/bin/cmake --build /home/monisha/simulation_ws/build/my_simulation -- -j12 -l12
[0.482s] DEBUG:colcon.colcon_core.event_handler.log_command:Invoking command in '/home/monisha/simulation_ws/build/my_simulation': CMAKE_PREFIX_PATH=${CMAKE_PREFIX_PATH}:/home/monisha/turtlebot3_ws/install/turtlebot3_teleop:/home/monisha/turtlebot3_ws/install/turtlebot3_example:/home/monisha/turtlebot3_ws/install/my_aruco_detector:/home/monisha/install/turtlebot3_teleop:/home/monisha/install/turtlebot3_example:/home/monisha/install/launch_testing_examples:/home/monisha/install/examples_rclpy_pointcloud_publisher:/home/monisha/install/examples_rclpy_minimal_subscriber:/home/monisha/install/examples_rclpy_minimal_service:/home/monisha/install/examples_rclpy_minimal_publisher:/home/monisha/install/examples_rclpy_minimal_client:/home/monisha/install/examples_rclpy_minimal_action_server:/home/monisha/install/examples_rclpy_minimal_action_client:/home/monisha/install/examples_rclpy_guard_conditions:/home/monisha/install/examples_rclpy_executors:/opt/ros/humble /usr/bin/cmake --install /home/monisha/simulation_ws/build/my_simulation
[0.509s] Level 1:colcon.colcon_core.environment:create_environment_scripts_only(my_simulation)
[0.511s] DEBUG:colcon.colcon_core.event_handler.log_command:Invoked command in '/home/monisha/simulation_ws/build/my_simulation' returned '0': CMAKE_PREFIX_PATH=${CMAKE_PREFIX_PATH}:/home/monisha/turtlebot3_ws/install/turtlebot3_teleop:/home/monisha/turtlebot3_ws/install/turtlebot3_example:/home/monisha/turtlebot3_ws/install/my_aruco_detector:/home/monisha/install/turtlebot3_teleop:/home/monisha/install/turtlebot3_example:/home/monisha/install/launch_testing_examples:/home/monisha/install/examples_rclpy_pointcloud_publisher:/home/monisha/install/examples_rclpy_minimal_subscriber:/home/monisha/install/examples_rclpy_minimal_service:/home/monisha/install/examples_rclpy_minimal_publisher:/home/monisha/install/examples_rclpy_minimal_client:/home/monisha/install/examples_rclpy_minimal_action_server:/home/monisha/install/examples_rclpy_minimal_action_client:/home/monisha/install/examples_rclpy_guard_conditions:/home/monisha/install/examples_rclpy_executors:/opt/ros/humble /usr/bin/cmake --install /home/monisha/simulation_ws/build/my_simulation
[0.519s] Level 1:colcon.colcon_core.environment:checking '/home/monisha/simulation_ws/install/my_simulation' for CMake module files
[0.521s] Level 1:colcon.colcon_core.environment:checking '/home/monisha/simulation_ws/install/my_simulation' for CMake config files
[0.521s] Level 1:colcon.colcon_core.shell:create_environment_hook('my_simulation', 'cmake_prefix_path')
[0.522s] INFO:colcon.colcon_core.shell:Creating environment hook '/home/monisha/simulation_ws/install/my_simulation/share/my_simulation/hook/cmake_prefix_path.ps1'
[0.525s] INFO:colcon.colcon_core.shell:Creating environment descriptor '/home/monisha/simulation_ws/install/my_simulation/share/my_simulation/hook/cmake_prefix_path.dsv'
[0.526s] INFO:colcon.colcon_core.shell:Creating environment hook '/home/monisha/simulation_ws/install/my_simulation/share/my_simulation/hook/cmake_prefix_path.sh'
[0.528s] Level 1:colcon.colcon_core.environment:checking '/home/monisha/simulation_ws/install/my_simulation/lib'
[0.529s] Level 1:colcon.colcon_core.environment:checking '/home/monisha/simulation_ws/install/my_simulation/bin'
[0.529s] Level 1:colcon.colcon_core.environment:checking '/home/monisha/simulation_ws/install/my_simulation/lib/pkgconfig/my_simulation.pc'
[0.530s] Level 1:colcon.colcon_core.environment:checking '/home/monisha/simulation_ws/install/my_simulation/lib/python3.10/site-packages'
[0.531s] Level 1:colcon.colcon_core.environment:checking '/home/monisha/simulation_ws/install/my_simulation/bin'
[0.532s] INFO:colcon.colcon_core.shell:Creating package script '/home/monisha/simulation_ws/install/my_simulation/share/my_simulation/package.ps1'
[0.535s] INFO:colcon.colcon_core.shell:Creating package descriptor '/home/monisha/simulation_ws/install/my_simulation/share/my_simulation/package.dsv'
[0.537s] INFO:colcon.colcon_core.shell:Creating package script '/home/monisha/simulation_ws/install/my_simulation/share/my_simulation/package.sh'
[0.539s] INFO:colcon.colcon_core.shell:Creating package script '/home/monisha/simulation_ws/install/my_simulation/share/my_simulation/package.bash'
[0.540s] INFO:colcon.colcon_core.shell:Creating package script '/home/monisha/simulation_ws/install/my_simulation/share/my_simulation/package.zsh'
[0.541s] Level 1:colcon.colcon_core.environment:create_file_with_runtime_dependencies(/home/monisha/simulation_ws/install/my_simulation/share/colcon-core/packages/my_simulation)
[0.541s] Level 1:colcon.colcon_core.environment:create_environment_scripts_only(my_simulation)
[0.542s] Level 1:colcon.colcon_core.environment:checking '/home/monisha/simulation_ws/install/my_simulation' for CMake module files
[0.542s] Level 1:colcon.colcon_core.environment:checking '/home/monisha/simulation_ws/install/my_simulation' for CMake config files
[0.542s] Level 1:colcon.colcon_core.shell:create_environment_hook('my_simulation', 'cmake_prefix_path')
[0.542s] INFO:colcon.colcon_core.shell:Creating environment hook '/home/monisha/simulation_ws/install/my_simulation/share/my_simulation/hook/cmake_prefix_path.ps1'
[0.543s] INFO:colcon.colcon_core.shell:Creating environment descriptor '/home/monisha/simulation_ws/install/my_simulation/share/my_simulation/hook/cmake_prefix_path.dsv'
[0.543s] INFO:colcon.colcon_core.shell:Creating environment hook '/home/monisha/simulation_ws/install/my_simulation/share/my_simulation/hook/cmake_prefix_path.sh'
[0.544s] Level 1:colcon.colcon_core.environment:checking '/home/monisha/simulation_ws/install/my_simulation/lib'
[0.544s] Level 1:colcon.colcon_core.environment:checking '/home/monisha/simulation_ws/install/my_simulation/bin'
[0.544s] Level 1:colcon.colcon_core.environment:checking '/home/monisha/simulation_ws/install/my_simulation/lib/pkgconfig/my_simulation.pc'
[0.544s] Level 1:colcon.colcon_core.environment:checking '/home/monisha/simulation_ws/install/my_simulation/lib/python3.10/site-packages'
[0.544s] Level 1:colcon.colcon_core.environment:checking '/home/monisha/simulation_ws/install/my_simulation/bin'
[0.545s] INFO:colcon.colcon_core.shell:Creating package script '/home/monisha/simulation_ws/install/my_simulation/share/my_simulation/package.ps1'
[0.545s] INFO:colcon.colcon_core.shell:Creating package descriptor '/home/monisha/simulation_ws/install/my_simulation/share/my_simulation/package.dsv'
[0.546s] INFO:colcon.colcon_core.shell:Creating package script '/home/monisha/simulation_ws/install/my_simulation/share/my_simulation/package.sh'
[0.546s] INFO:colcon.colcon_core.shell:Creating package script '/home/monisha/simulation_ws/install/my_simulation/share/my_simulation/package.bash'
[0.547s] INFO:colcon.colcon_core.shell:Creating package script '/home/monisha/simulation_ws/install/my_simulation/share/my_simulation/package.zsh'
[0.547s] Level 1:colcon.colcon_core.environment:create_file_with_runtime_dependencies(/home/monisha/simulation_ws/install/my_simulation/share/colcon-core/packages/my_simulation)
[0.551s] DEBUG:colcon.colcon_core.event_handler.log_command:Invoked command in '/home/monisha/simulation_ws/build/aruco' returned '0': CMAKE_PREFIX_PATH=${CMAKE_PREFIX_PATH}:/home/monisha/turtlebot3_ws/install/turtlebot3_teleop:/home/monisha/turtlebot3_ws/install/turtlebot3_example:/home/monisha/turtlebot3_ws/install/my_aruco_detector:/home/monisha/install/turtlebot3_teleop:/home/monisha/install/turtlebot3_example:/home/monisha/install/launch_testing_examples:/home/monisha/install/examples_rclpy_pointcloud_publisher:/home/monisha/install/examples_rclpy_minimal_subscriber:/home/monisha/install/examples_rclpy_minimal_service:/home/monisha/install/examples_rclpy_minimal_publisher:/home/monisha/install/examples_rclpy_minimal_client:/home/monisha/install/examples_rclpy_minimal_action_server:/home/monisha/install/examples_rclpy_minimal_action_client:/home/monisha/install/examples_rclpy_guard_conditions:/home/monisha/install/examples_rclpy_executors:/opt/ros/humble /usr/bin/cmake --build /home/monisha/simulation_ws/build/aruco -- -j12 -l12
[0.554s] DEBUG:colcon.colcon_core.event_handler.log_command:Invoking command in '/home/monisha/simulation_ws/build/aruco': CMAKE_PREFIX_PATH=${CMAKE_PREFIX_PATH}:/home/monisha/turtlebot3_ws/install/turtlebot3_teleop:/home/monisha/turtlebot3_ws/install/turtlebot3_example:/home/monisha/turtlebot3_ws/install/my_aruco_detector:/home/monisha/install/turtlebot3_teleop:/home/monisha/install/turtlebot3_example:/home/monisha/install/launch_testing_examples:/home/monisha/install/examples_rclpy_pointcloud_publisher:/home/monisha/install/examples_rclpy_minimal_subscriber:/home/monisha/install/examples_rclpy_minimal_service:/home/monisha/install/examples_rclpy_minimal_publisher:/home/monisha/install/examples_rclpy_minimal_client:/home/monisha/install/examples_rclpy_minimal_action_server:/home/monisha/install/examples_rclpy_minimal_action_client:/home/monisha/install/examples_rclpy_guard_conditions:/home/monisha/install/examples_rclpy_executors:/opt/ros/humble /usr/bin/cmake --install /home/monisha/simulation_ws/build/aruco
[0.571s] Level 1:colcon.colcon_core.environment:create_environment_scripts_only(aruco)
[0.573s] Level 1:colcon.colcon_core.environment:checking '/home/monisha/simulation_ws/install/aruco' for CMake module files
[0.578s] Level 1:colcon.colcon_core.environment:checking '/home/monisha/simulation_ws/install/aruco' for CMake config files
[0.579s] DEBUG:colcon.colcon_core.event_handler.log_command:Invoked command in '/home/monisha/simulation_ws/build/aruco' returned '0': CMAKE_PREFIX_PATH=${CMAKE_PREFIX_PATH}:/home/monisha/turtlebot3_ws/install/turtlebot3_teleop:/home/monisha/turtlebot3_ws/install/turtlebot3_example:/home/monisha/turtlebot3_ws/install/my_aruco_detector:/home/monisha/install/turtlebot3_teleop:/home/monisha/install/turtlebot3_example:/home/monisha/install/launch_testing_examples:/home/monisha/install/examples_rclpy_pointcloud_publisher:/home/monisha/install/examples_rclpy_minimal_subscriber:/home/monisha/install/examples_rclpy_minimal_service:/home/monisha/install/examples_rclpy_minimal_publisher:/home/monisha/install/examples_rclpy_minimal_client:/home/monisha/install/examples_rclpy_minimal_action_server:/home/monisha/install/examples_rclpy_minimal_action_client:/home/monisha/install/examples_rclpy_guard_conditions:/home/monisha/install/examples_rclpy_executors:/opt/ros/humble /usr/bin/cmake --install /home/monisha/simulation_ws/build/aruco
[0.579s] Level 1:colcon.colcon_core.shell:create_environment_hook('aruco', 'cmake_prefix_path')
[0.580s] INFO:colcon.colcon_core.shell:Creating environment hook '/home/monisha/simulation_ws/install/aruco/share/aruco/hook/cmake_prefix_path.ps1'
[0.582s] INFO:colcon.colcon_core.shell:Creating environment descriptor '/home/monisha/simulation_ws/install/aruco/share/aruco/hook/cmake_prefix_path.dsv'
[0.583s] INFO:colcon.colcon_core.shell:Creating environment hook '/home/monisha/simulation_ws/install/aruco/share/aruco/hook/cmake_prefix_path.sh'
[0.584s] Level 1:colcon.colcon_core.environment:checking '/home/monisha/simulation_ws/install/aruco/lib'
[0.584s] Level 1:colcon.colcon_core.shell:create_environment_hook('aruco', 'ld_library_path_lib')
[0.585s] INFO:colcon.colcon_core.shell:Creating environment hook '/home/monisha/simulation_ws/install/aruco/share/aruco/hook/ld_library_path_lib.ps1'
[0.586s] INFO:colcon.colcon_core.shell:Creating environment descriptor '/home/monisha/simulation_ws/install/aruco/share/aruco/hook/ld_library_path_lib.dsv'
[0.587s] INFO:colcon.colcon_core.shell:Creating environment hook '/home/monisha/simulation_ws/install/aruco/share/aruco/hook/ld_library_path_lib.sh'
[0.589s] Level 1:colcon.colcon_core.environment:checking '/home/monisha/simulation_ws/install/aruco/bin'
[0.589s] Level 1:colcon.colcon_core.environment:checking '/home/monisha/simulation_ws/install/aruco/lib/pkgconfig/aruco.pc'
[0.589s] Level 1:colcon.colcon_core.environment:checking '/home/monisha/simulation_ws/install/aruco/lib/python3.10/site-packages'
[0.590s] Level 1:colcon.colcon_core.environment:checking '/home/monisha/simulation_ws/install/aruco/bin'
[0.590s] INFO:colcon.colcon_core.shell:Creating package script '/home/monisha/simulation_ws/install/aruco/share/aruco/package.ps1'
[0.592s] INFO:colcon.colcon_core.shell:Creating package descriptor '/home/monisha/simulation_ws/install/aruco/share/aruco/package.dsv'
[0.593s] INFO:colcon.colcon_core.shell:Creating package script '/home/monisha/simulation_ws/install/aruco/share/aruco/package.sh'
[0.594s] INFO:colcon.colcon_core.shell:Creating package script '/home/monisha/simulation_ws/install/aruco/share/aruco/package.bash'
[0.595s] INFO:colcon.colcon_core.shell:Creating package script '/home/monisha/simulation_ws/install/aruco/share/aruco/package.zsh'
[0.596s] Level 1:colcon.colcon_core.environment:create_file_with_runtime_dependencies(/home/monisha/simulation_ws/install/aruco/share/colcon-core/packages/aruco)
[0.597s] Level 1:colcon.colcon_core.environment:create_environment_scripts_only(aruco)
[0.597s] Level 1:colcon.colcon_core.environment:checking '/home/monisha/simulation_ws/install/aruco' for CMake module files
[0.598s] Level 1:colcon.colcon_core.environment:checking '/home/monisha/simulation_ws/install/aruco' for CMake config files
[0.598s] Level 1:colcon.colcon_core.shell:create_environment_hook('aruco', 'cmake_prefix_path')
[0.598s] INFO:colcon.colcon_core.shell:Creating environment hook '/home/monisha/simulation_ws/install/aruco/share/aruco/hook/cmake_prefix_path.ps1'
[0.599s] INFO:colcon.colcon_core.shell:Creating environment descriptor '/home/monisha/simulation_ws/install/aruco/share/aruco/hook/cmake_prefix_path.dsv'
[0.599s] INFO:colcon.colcon_core.shell:Creating environment hook '/home/monisha/simulation_ws/install/aruco/share/aruco/hook/cmake_prefix_path.sh'
[0.600s] Level 1:colcon.colcon_core.environment:checking '/home/monisha/simulation_ws/install/aruco/lib'
[0.600s] Level 1:colcon.colcon_core.shell:create_environment_hook('aruco', 'ld_library_path_lib')
[0.601s] INFO:colcon.colcon_core.shell:Creating environment hook '/home/monisha/simulation_ws/install/aruco/share/aruco/hook/ld_library_path_lib.ps1'
[0.601s] INFO:colcon.colcon_core.shell:Creating environment descriptor '/home/monisha/simulation_ws/install/aruco/share/aruco/hook/ld_library_path_lib.dsv'
[0.602s] INFO:colcon.colcon_core.shell:Creating environment hook '/home/monisha/simulation_ws/install/aruco/share/aruco/hook/ld_library_path_lib.sh'
[0.603s] Level 1:colcon.colcon_core.environment:checking '/home/monisha/simulation_ws/install/aruco/bin'
[0.603s] Level 1:colcon.colcon_core.environment:checking '/home/monisha/simulation_ws/install/aruco/lib/pkgconfig/aruco.pc'
[0.604s] Level 1:colcon.colcon_core.environment:checking '/home/monisha/simulation_ws/install/aruco/lib/python3.10/site-packages'
[0.604s] Level 1:colcon.colcon_core.environment:checking '/home/monisha/simulation_ws/install/aruco/bin'
[0.605s] INFO:colcon.colcon_core.shell:Creating package script '/home/monisha/simulation_ws/install/aruco/share/aruco/package.ps1'
[0.607s] INFO:colcon.colcon_core.shell:Creating package descriptor '/home/monisha/simulation_ws/install/aruco/share/aruco/package.dsv'
[0.608s] INFO:colcon.colcon_core.shell:Creating package script '/home/monisha/simulation_ws/install/aruco/share/aruco/package.sh'
[0.608s] INFO:colcon.colcon_core.shell:Creating package script '/home/monisha/simulation_ws/install/aruco/share/aruco/package.bash'
[0.609s] INFO:colcon.colcon_core.shell:Creating package script '/home/monisha/simulation_ws/install/aruco/share/aruco/package.zsh'
[0.610s] Level 1:colcon.colcon_core.environment:create_file_with_runtime_dependencies(/home/monisha/simulation_ws/install/aruco/share/colcon-core/packages/aruco)
[0.893s] DEBUG:colcon.colcon_core.event_handler.log_command:Invoked command in '/home/monisha/simulation_ws/build/aruco_msgs' returned '0': CMAKE_PREFIX_PATH=${CMAKE_PREFIX_PATH}:/home/monisha/turtlebot3_ws/install/turtlebot3_teleop:/home/monisha/turtlebot3_ws/install/turtlebot3_example:/home/monisha/turtlebot3_ws/install/my_aruco_detector:/home/monisha/install/turtlebot3_teleop:/home/monisha/install/turtlebot3_example:/home/monisha/install/launch_testing_examples:/home/monisha/install/examples_rclpy_pointcloud_publisher:/home/monisha/install/examples_rclpy_minimal_subscriber:/home/monisha/install/examples_rclpy_minimal_service:/home/monisha/install/examples_rclpy_minimal_publisher:/home/monisha/install/examples_rclpy_minimal_client:/home/monisha/install/examples_rclpy_minimal_action_server:/home/monisha/install/examples_rclpy_minimal_action_client:/home/monisha/install/examples_rclpy_guard_conditions:/home/monisha/install/examples_rclpy_executors:/opt/ros/humble /usr/bin/cmake --build /home/monisha/simulation_ws/build/aruco_msgs -- -j12 -l12
[0.896s] DEBUG:colcon.colcon_core.event_handler.log_command:Invoking command in '/home/monisha/simulation_ws/build/aruco_msgs': CMAKE_PREFIX_PATH=${CMAKE_PREFIX_PATH}:/home/monisha/turtlebot3_ws/install/turtlebot3_teleop:/home/monisha/turtlebot3_ws/install/turtlebot3_example:/home/monisha/turtlebot3_ws/install/my_aruco_detector:/home/monisha/install/turtlebot3_teleop:/home/monisha/install/turtlebot3_example:/home/monisha/install/launch_testing_examples:/home/monisha/install/examples_rclpy_pointcloud_publisher:/home/monisha/install/examples_rclpy_minimal_subscriber:/home/monisha/install/examples_rclpy_minimal_service:/home/monisha/install/examples_rclpy_minimal_publisher:/home/monisha/install/examples_rclpy_minimal_client:/home/monisha/install/examples_rclpy_minimal_action_server:/home/monisha/install/examples_rclpy_minimal_action_client:/home/monisha/install/examples_rclpy_guard_conditions:/home/monisha/install/examples_rclpy_executors:/opt/ros/humble /usr/bin/cmake --install /home/monisha/simulation_ws/build/aruco_msgs
[0.964s] Level 1:colcon.colcon_core.environment:create_environment_scripts_only(aruco_msgs)
[0.965s] DEBUG:colcon.colcon_core.event_handler.log_command:Invoked command in '/home/monisha/simulation_ws/build/aruco_msgs' returned '0': CMAKE_PREFIX_PATH=${CMAKE_PREFIX_PATH}:/home/monisha/turtlebot3_ws/install/turtlebot3_teleop:/home/monisha/turtlebot3_ws/install/turtlebot3_example:/home/monisha/turtlebot3_ws/install/my_aruco_detector:/home/monisha/install/turtlebot3_teleop:/home/monisha/install/turtlebot3_example:/home/monisha/install/launch_testing_examples:/home/monisha/install/examples_rclpy_pointcloud_publisher:/home/monisha/install/examples_rclpy_minimal_subscriber:/home/monisha/install/examples_rclpy_minimal_service:/home/monisha/install/examples_rclpy_minimal_publisher:/home/monisha/install/examples_rclpy_minimal_client:/home/monisha/install/examples_rclpy_minimal_action_server:/home/monisha/install/examples_rclpy_minimal_action_client:/home/monisha/install/examples_rclpy_guard_conditions:/home/monisha/install/examples_rclpy_executors:/opt/ros/humble /usr/bin/cmake --install /home/monisha/simulation_ws/build/aruco_msgs
[0.966s] Level 1:colcon.colcon_core.environment:checking '/home/monisha/simulation_ws/install/aruco_msgs' for CMake module files
[0.967s] Level 1:colcon.colcon_core.environment:checking '/home/monisha/simulation_ws/install/aruco_msgs' for CMake config files
[0.967s] Level 1:colcon.colcon_core.shell:create_environment_hook('aruco_msgs', 'cmake_prefix_path')
[0.968s] INFO:colcon.colcon_core.shell:Creating environment hook '/home/monisha/simulation_ws/install/aruco_msgs/share/aruco_msgs/hook/cmake_prefix_path.ps1'
[0.968s] INFO:colcon.colcon_core.shell:Creating environment descriptor '/home/monisha/simulation_ws/install/aruco_msgs/share/aruco_msgs/hook/cmake_prefix_path.dsv'
[0.969s] INFO:colcon.colcon_core.shell:Creating environment hook '/home/monisha/simulation_ws/install/aruco_msgs/share/aruco_msgs/hook/cmake_prefix_path.sh'
[0.970s] Level 1:colcon.colcon_core.environment:checking '/home/monisha/simulation_ws/install/aruco_msgs/lib'
[0.970s] Level 1:colcon.colcon_core.shell:create_environment_hook('aruco_msgs', 'ld_library_path_lib')
[0.970s] INFO:colcon.colcon_core.shell:Creating environment hook '/home/monisha/simulation_ws/install/aruco_msgs/share/aruco_msgs/hook/ld_library_path_lib.ps1'
[0.971s] INFO:colcon.colcon_core.shell:Creating environment descriptor '/home/monisha/simulation_ws/install/aruco_msgs/share/aruco_msgs/hook/ld_library_path_lib.dsv'
[0.971s] INFO:colcon.colcon_core.shell:Creating environment hook '/home/monisha/simulation_ws/install/aruco_msgs/share/aruco_msgs/hook/ld_library_path_lib.sh'
[0.972s] Level 1:colcon.colcon_core.environment:checking '/home/monisha/simulation_ws/install/aruco_msgs/bin'
[0.972s] Level 1:colcon.colcon_core.environment:checking '/home/monisha/simulation_ws/install/aruco_msgs/lib/pkgconfig/aruco_msgs.pc'
[0.973s] Level 1:colcon.colcon_core.environment:checking '/home/monisha/simulation_ws/install/aruco_msgs/lib/python3.10/site-packages'
[0.973s] Level 1:colcon.colcon_core.environment:checking '/home/monisha/simulation_ws/install/aruco_msgs/bin'
[0.973s] INFO:colcon.colcon_core.shell:Creating package script '/home/monisha/simulation_ws/install/aruco_msgs/share/aruco_msgs/package.ps1'
[0.974s] INFO:colcon.colcon_core.shell:Creating package descriptor '/home/monisha/simulation_ws/install/aruco_msgs/share/aruco_msgs/package.dsv'
[0.974s] INFO:colcon.colcon_core.shell:Creating package script '/home/monisha/simulation_ws/install/aruco_msgs/share/aruco_msgs/package.sh'
[0.975s] INFO:colcon.colcon_core.shell:Creating package script '/home/monisha/simulation_ws/install/aruco_msgs/share/aruco_msgs/package.bash'
[0.975s] INFO:colcon.colcon_core.shell:Creating package script '/home/monisha/simulation_ws/install/aruco_msgs/share/aruco_msgs/package.zsh'
[0.976s] Level 1:colcon.colcon_core.environment:create_file_with_runtime_dependencies(/home/monisha/simulation_ws/install/aruco_msgs/share/colcon-core/packages/aruco_msgs)
[0.976s] Level 1:colcon.colcon_core.environment:create_environment_scripts_only(aruco_msgs)
[0.976s] Level 1:colcon.colcon_core.environment:checking '/home/monisha/simulation_ws/install/aruco_msgs' for CMake module files
[0.977s] Level 1:colcon.colcon_core.environment:checking '/home/monisha/simulation_ws/install/aruco_msgs' for CMake config files
[0.977s] Level 1:colcon.colcon_core.shell:create_environment_hook('aruco_msgs', 'cmake_prefix_path')
[0.977s] INFO:colcon.colcon_core.shell:Creating environment hook '/home/monisha/simulation_ws/install/aruco_msgs/share/aruco_msgs/hook/cmake_prefix_path.ps1'
[0.977s] INFO:colcon.colcon_core.shell:Creating environment descriptor '/home/monisha/simulation_ws/install/aruco_msgs/share/aruco_msgs/hook/cmake_prefix_path.dsv'
[0.978s] INFO:colcon.colcon_core.shell:Creating environment hook '/home/monisha/simulation_ws/install/aruco_msgs/share/aruco_msgs/hook/cmake_prefix_path.sh'
[0.978s] Level 1:colcon.colcon_core.environment:checking '/home/monisha/simulation_ws/install/aruco_msgs/lib'
[0.978s] Level 1:colcon.colcon_core.shell:create_environment_hook('aruco_msgs', 'ld_library_path_lib')
[0.979s] INFO:colcon.colcon_core.shell:Creating environment hook '/home/monisha/simulation_ws/install/aruco_msgs/share/aruco_msgs/hook/ld_library_path_lib.ps1'
[0.979s] INFO:colcon.colcon_core.shell:Creating environment descriptor '/home/monisha/simulation_ws/install/aruco_msgs/share/aruco_msgs/hook/ld_library_path_lib.dsv'
[0.979s] INFO:colcon.colcon_core.shell:Creating environment hook '/home/monisha/simulation_ws/install/aruco_msgs/share/aruco_msgs/hook/ld_library_path_lib.sh'
[0.980s] Level 1:colcon.colcon_core.environment:checking '/home/monisha/simulation_ws/install/aruco_msgs/bin'
[0.980s] Level 1:colcon.colcon_core.environment:checking '/home/monisha/simulation_ws/install/aruco_msgs/lib/pkgconfig/aruco_msgs.pc'
[0.980s] Level 1:colcon.colcon_core.environment:checking '/home/monisha/simulation_ws/install/aruco_msgs/lib/python3.10/site-packages'
[0.980s] Level 1:colcon.colcon_core.environment:checking '/home/monisha/simulation_ws/install/aruco_msgs/bin'
[0.980s] INFO:colcon.colcon_core.shell:Creating package script '/home/monisha/simulation_ws/install/aruco_msgs/share/aruco_msgs/package.ps1'
[0.981s] INFO:colcon.colcon_core.shell:Creating package descriptor '/home/monisha/simulation_ws/install/aruco_msgs/share/aruco_msgs/package.dsv'
[0.982s] INFO:colcon.colcon_core.shell:Creating package script '/home/monisha/simulation_ws/install/aruco_msgs/share/aruco_msgs/package.sh'
[0.983s] INFO:colcon.colcon_core.shell:Creating package script '/home/monisha/simulation_ws/install/aruco_msgs/share/aruco_msgs/package.bash'
[0.983s] INFO:colcon.colcon_core.shell:Creating package script '/home/monisha/simulation_ws/install/aruco_msgs/share/aruco_msgs/package.zsh'
[0.984s] Level 1:colcon.colcon_core.environment:create_file_with_runtime_dependencies(/home/monisha/simulation_ws/install/aruco_msgs/share/colcon-core/packages/aruco_msgs)
[0.984s] INFO:colcon.colcon_ros.task.ament_cmake.build:Building ROS package in '/home/monisha/simulation_ws/src/aruco_ros/aruco_ros' with build type 'ament_cmake'
[0.984s] INFO:colcon.colcon_cmake.task.cmake.build:Building CMake package in '/home/monisha/simulation_ws/src/aruco_ros/aruco_ros'
[0.984s] INFO:colcon.colcon_core.shell:Skip shell extension 'powershell' for command environment: Not usable outside of PowerShell
[0.984s] DEBUG:colcon.colcon_core.shell:Skip shell extension 'dsv' for command environment
[1.006s] DEBUG:colcon.colcon_core.event_handler.log_command:Invoking command in '/home/monisha/simulation_ws/build/aruco_ros': CMAKE_PREFIX_PATH=/home/monisha/simulation_ws/install/aruco_msgs:/home/monisha/simulation_ws/install/aruco:/home/monisha/turtlebot3_ws/install/turtlebot3:/home/monisha/turtlebot3_ws/install/turtlebot3_simulations:/home/monisha/turtlebot3_ws/install/turtlebot3_bringup:/home/monisha/turtlebot3_ws/install/turtlebot3_node:/home/monisha/turtlebot3_ws/install/turtlebot3_navigation2:/home/monisha/turtlebot3_ws/install/turtlebot3_fake_node:/home/monisha/turtlebot3_ws/install/turtlebot3_msgs:/home/monisha/turtlebot3_ws/install/turtlebot3_gazebo:/home/monisha/turtlebot3_ws/install/turtlebot3_description:/home/monisha/turtlebot3_ws/install/turtlebot3_cartographer:/home/monisha/turtlebot3_ws/install/dynamixel_sdk_examples:/home/monisha/turtlebot3_ws/install/dynamixel_sdk_custom_interfaces:/home/monisha/turtlebot3_ws/install/dynamixel_sdk:/home/monisha/simulation_ws/install/my_simulation:/home/monisha/simulation_ws/install/aruco_ros:/home/monisha/forklift_ws/install/articubot_one:/home/monisha/install/turtlebot3:/home/monisha/install/turtlebot3_simulations:/home/monisha/install/turtlebot3_bringup:/home/monisha/install/turtlebot3_node:/home/monisha/install/turtlebot3_navigation2:/home/monisha/install/turtlebot3_fake_node:/home/monisha/install/turtlebot3_msgs:/home/monisha/install/turtlebot3_gazebo:/home/monisha/install/turtlebot3_description:/home/monisha/install/turtlebot3_cartographer:/home/monisha/install/examples_rclcpp_wait_set:/home/monisha/install/examples_rclcpp_multithreaded_executor:/home/monisha/install/examples_rclcpp_minimal_timer:/home/monisha/install/examples_rclcpp_minimal_subscriber:/home/monisha/install/examples_rclcpp_minimal_service:/home/monisha/install/examples_rclcpp_minimal_publisher:/home/monisha/install/examples_rclcpp_minimal_composition:/home/monisha/install/examples_rclcpp_minimal_client:/home/monisha/install/examples_rclcpp_minimal_action_server:/home/monisha/install/examples_rclcpp_minimal_action_client:/home/monisha/install/examples_rclcpp_cbg_executor:/home/monisha/install/examples_rclcpp_async_client:/home/monisha/install/dynamixel_sdk_examples:/home/monisha/install/dynamixel_sdk_custom_interfaces:/home/monisha/install/dynamixel_sdk:/home/monisha/turtlebot3_ws/install/turtlebot3_teleop:/home/monisha/turtlebot3_ws/install/turtlebot3_example:/home/monisha/turtlebot3_ws/install/my_aruco_detector:/home/monisha/install/turtlebot3_teleop:/home/monisha/install/turtlebot3_example:/home/monisha/install/launch_testing_examples:/home/monisha/install/examples_rclpy_pointcloud_publisher:/home/monisha/install/examples_rclpy_minimal_subscriber:/home/monisha/install/examples_rclpy_minimal_service:/home/monisha/install/examples_rclpy_minimal_publisher:/home/monisha/install/examples_rclpy_minimal_client:/home/monisha/install/examples_rclpy_minimal_action_server:/home/monisha/install/examples_rclpy_minimal_action_client:/home/monisha/install/examples_rclpy_guard_conditions:/home/monisha/install/examples_rclpy_executors:/opt/ros/humble LD_LIBRARY_PATH=/home/monisha/simulation_ws/install/aruco_msgs/lib:/home/monisha/simulation_ws/install/aruco/lib:/home/monisha/turtlebot3_ws/install/turtlebot3_msgs/lib:/home/monisha/turtlebot3_ws/install/dynamixel_sdk_custom_interfaces/lib:/home/monisha/turtlebot3_ws/install/dynamixel_sdk/lib:/home/monisha/simulation_ws/install/aruco_ros/lib:/home/monisha/install/turtlebot3_msgs/lib:/home/monisha/install/examples_rclcpp_wait_set/lib:/home/monisha/install/examples_rclcpp_minimal_subscriber/lib:/home/monisha/install/examples_rclcpp_minimal_composition/lib:/home/monisha/install/dynamixel_sdk_custom_interfaces/lib:/home/monisha/install/dynamixel_sdk/lib:/usr/lib/x86_64-linux-gnu/gazebo-11/plugins:/opt/ros/humble/opt/rviz_ogre_vendor/lib:/opt/ros/humble/lib/x86_64-linux-gnu:/opt/ros/humble/lib:/usr/lib/x86_64-linux-gnu/gazebo-11/plugins:/usr/lib/x86_64-linux-gnu/gazebo-11/plugins:/usr/lib/x86_64-linux-gnu/gazebo-11/plugins:/usr/lib/x86_64-linux-gnu/gazebo-11/plugins:/usr/lib/x86_64-linux-gnu/gazebo-11/plugins:/usr/lib/x86_64-linux-gnu/gazebo-11/plugins:/usr/lib/x86_64-linux-gnu/gazebo-11/plugins:/usr/lib/x86_64-linux-gnu/gazebo-11/plugins:/usr/lib/x86_64-linux-gnu/gazebo-11/plugins:/usr/lib/x86_64-linux-gnu/gazebo-11/plugins /usr/bin/cmake --build /home/monisha/simulation_ws/build/aruco_ros -- -j12 -l12
[1.110s] DEBUG:colcon.colcon_core.event_handler.log_command:Invoked command in '/home/monisha/simulation_ws/build/aruco_ros' returned '0': CMAKE_PREFIX_PATH=/home/monisha/simulation_ws/install/aruco_msgs:/home/monisha/simulation_ws/install/aruco:/home/monisha/turtlebot3_ws/install/turtlebot3:/home/monisha/turtlebot3_ws/install/turtlebot3_simulations:/home/monisha/turtlebot3_ws/install/turtlebot3_bringup:/home/monisha/turtlebot3_ws/install/turtlebot3_node:/home/monisha/turtlebot3_ws/install/turtlebot3_navigation2:/home/monisha/turtlebot3_ws/install/turtlebot3_fake_node:/home/monisha/turtlebot3_ws/install/turtlebot3_msgs:/home/monisha/turtlebot3_ws/install/turtlebot3_gazebo:/home/monisha/turtlebot3_ws/install/turtlebot3_description:/home/monisha/turtlebot3_ws/install/turtlebot3_cartographer:/home/monisha/turtlebot3_ws/install/dynamixel_sdk_examples:/home/monisha/turtlebot3_ws/install/dynamixel_sdk_custom_interfaces:/home/monisha/turtlebot3_ws/install/dynamixel_sdk:/home/monisha/simulation_ws/install/my_simulation:/home/monisha/simulation_ws/install/aruco_ros:/home/monisha/forklift_ws/install/articubot_one:/home/monisha/install/turtlebot3:/home/monisha/install/turtlebot3_simulations:/home/monisha/install/turtlebot3_bringup:/home/monisha/install/turtlebot3_node:/home/monisha/install/turtlebot3_navigation2:/home/monisha/install/turtlebot3_fake_node:/home/monisha/install/turtlebot3_msgs:/home/monisha/install/turtlebot3_gazebo:/home/monisha/install/turtlebot3_description:/home/monisha/install/turtlebot3_cartographer:/home/monisha/install/examples_rclcpp_wait_set:/home/monisha/install/examples_rclcpp_multithreaded_executor:/home/monisha/install/examples_rclcpp_minimal_timer:/home/monisha/install/examples_rclcpp_minimal_subscriber:/home/monisha/install/examples_rclcpp_minimal_service:/home/monisha/install/examples_rclcpp_minimal_publisher:/home/monisha/install/examples_rclcpp_minimal_composition:/home/monisha/install/examples_rclcpp_minimal_client:/home/monisha/install/examples_rclcpp_minimal_action_server:/home/monisha/install/examples_rclcpp_minimal_action_client:/home/monisha/install/examples_rclcpp_cbg_executor:/home/monisha/install/examples_rclcpp_async_client:/home/monisha/install/dynamixel_sdk_examples:/home/monisha/install/dynamixel_sdk_custom_interfaces:/home/monisha/install/dynamixel_sdk:/home/monisha/turtlebot3_ws/install/turtlebot3_teleop:/home/monisha/turtlebot3_ws/install/turtlebot3_example:/home/monisha/turtlebot3_ws/install/my_aruco_detector:/home/monisha/install/turtlebot3_teleop:/home/monisha/install/turtlebot3_example:/home/monisha/install/launch_testing_examples:/home/monisha/install/examples_rclpy_pointcloud_publisher:/home/monisha/install/examples_rclpy_minimal_subscriber:/home/monisha/install/examples_rclpy_minimal_service:/home/monisha/install/examples_rclpy_minimal_publisher:/home/monisha/install/examples_rclpy_minimal_client:/home/monisha/install/examples_rclpy_minimal_action_server:/home/monisha/install/examples_rclpy_minimal_action_client:/home/monisha/install/examples_rclpy_guard_conditions:/home/monisha/install/examples_rclpy_executors:/opt/ros/humble LD_LIBRARY_PATH=/home/monisha/simulation_ws/install/aruco_msgs/lib:/home/monisha/simulation_ws/install/aruco/lib:/home/monisha/turtlebot3_ws/install/turtlebot3_msgs/lib:/home/monisha/turtlebot3_ws/install/dynamixel_sdk_custom_interfaces/lib:/home/monisha/turtlebot3_ws/install/dynamixel_sdk/lib:/home/monisha/simulation_ws/install/aruco_ros/lib:/home/monisha/install/turtlebot3_msgs/lib:/home/monisha/install/examples_rclcpp_wait_set/lib:/home/monisha/install/examples_rclcpp_minimal_subscriber/lib:/home/monisha/install/examples_rclcpp_minimal_composition/lib:/home/monisha/install/dynamixel_sdk_custom_interfaces/lib:/home/monisha/install/dynamixel_sdk/lib:/usr/lib/x86_64-linux-gnu/gazebo-11/plugins:/opt/ros/humble/opt/rviz_ogre_vendor/lib:/opt/ros/humble/lib/x86_64-linux-gnu:/opt/ros/humble/lib:/usr/lib/x86_64-linux-gnu/gazebo-11/plugins:/usr/lib/x86_64-linux-gnu/gazebo-11/plugins:/usr/lib/x86_64-linux-gnu/gazebo-11/plugins:/usr/lib/x86_64-linux-gnu/gazebo-11/plugins:/usr/lib/x86_64-linux-gnu/gazebo-11/plugins:/usr/lib/x86_64-linux-gnu/gazebo-11/plugins:/usr/lib/x86_64-linux-gnu/gazebo-11/plugins:/usr/lib/x86_64-linux-gnu/gazebo-11/plugins:/usr/lib/x86_64-linux-gnu/gazebo-11/plugins:/usr/lib/x86_64-linux-gnu/gazebo-11/plugins /usr/bin/cmake --build /home/monisha/simulation_ws/build/aruco_ros -- -j12 -l12
[1.112s] DEBUG:colcon.colcon_core.event_handler.log_command:Invoking command in '/home/monisha/simulation_ws/build/aruco_ros': CMAKE_PREFIX_PATH=/home/monisha/simulation_ws/install/aruco_msgs:/home/monisha/simulation_ws/install/aruco:/home/monisha/turtlebot3_ws/install/turtlebot3:/home/monisha/turtlebot3_ws/install/turtlebot3_simulations:/home/monisha/turtlebot3_ws/install/turtlebot3_bringup:/home/monisha/turtlebot3_ws/install/turtlebot3_node:/home/monisha/turtlebot3_ws/install/turtlebot3_navigation2:/home/monisha/turtlebot3_ws/install/turtlebot3_fake_node:/home/monisha/turtlebot3_ws/install/turtlebot3_msgs:/home/monisha/turtlebot3_ws/install/turtlebot3_gazebo:/home/monisha/turtlebot3_ws/install/turtlebot3_description:/home/monisha/turtlebot3_ws/install/turtlebot3_cartographer:/home/monisha/turtlebot3_ws/install/dynamixel_sdk_examples:/home/monisha/turtlebot3_ws/install/dynamixel_sdk_custom_interfaces:/home/monisha/turtlebot3_ws/install/dynamixel_sdk:/home/monisha/simulation_ws/install/my_simulation:/home/monisha/simulation_ws/install/aruco_ros:/home/monisha/forklift_ws/install/articubot_one:/home/monisha/install/turtlebot3:/home/monisha/install/turtlebot3_simulations:/home/monisha/install/turtlebot3_bringup:/home/monisha/install/turtlebot3_node:/home/monisha/install/turtlebot3_navigation2:/home/monisha/install/turtlebot3_fake_node:/home/monisha/install/turtlebot3_msgs:/home/monisha/install/turtlebot3_gazebo:/home/monisha/install/turtlebot3_description:/home/monisha/install/turtlebot3_cartographer:/home/monisha/install/examples_rclcpp_wait_set:/home/monisha/install/examples_rclcpp_multithreaded_executor:/home/monisha/install/examples_rclcpp_minimal_timer:/home/monisha/install/examples_rclcpp_minimal_subscriber:/home/monisha/install/examples_rclcpp_minimal_service:/home/monisha/install/examples_rclcpp_minimal_publisher:/home/monisha/install/examples_rclcpp_minimal_composition:/home/monisha/install/examples_rclcpp_minimal_client:/home/monisha/install/examples_rclcpp_minimal_action_server:/home/monisha/install/examples_rclcpp_minimal_action_client:/home/monisha/install/examples_rclcpp_cbg_executor:/home/monisha/install/examples_rclcpp_async_client:/home/monisha/install/dynamixel_sdk_examples:/home/monisha/install/dynamixel_sdk_custom_interfaces:/home/monisha/install/dynamixel_sdk:/home/monisha/turtlebot3_ws/install/turtlebot3_teleop:/home/monisha/turtlebot3_ws/install/turtlebot3_example:/home/monisha/turtlebot3_ws/install/my_aruco_detector:/home/monisha/install/turtlebot3_teleop:/home/monisha/install/turtlebot3_example:/home/monisha/install/launch_testing_examples:/home/monisha/install/examples_rclpy_pointcloud_publisher:/home/monisha/install/examples_rclpy_minimal_subscriber:/home/monisha/install/examples_rclpy_minimal_service:/home/monisha/install/examples_rclpy_minimal_publisher:/home/monisha/install/examples_rclpy_minimal_client:/home/monisha/install/examples_rclpy_minimal_action_server:/home/monisha/install/examples_rclpy_minimal_action_client:/home/monisha/install/examples_rclpy_guard_conditions:/home/monisha/install/examples_rclpy_executors:/opt/ros/humble LD_LIBRARY_PATH=/home/monisha/simulation_ws/install/aruco_msgs/lib:/home/monisha/simulation_ws/install/aruco/lib:/home/monisha/turtlebot3_ws/install/turtlebot3_msgs/lib:/home/monisha/turtlebot3_ws/install/dynamixel_sdk_custom_interfaces/lib:/home/monisha/turtlebot3_ws/install/dynamixel_sdk/lib:/home/monisha/simulation_ws/install/aruco_ros/lib:/home/monisha/install/turtlebot3_msgs/lib:/home/monisha/install/examples_rclcpp_wait_set/lib:/home/monisha/install/examples_rclcpp_minimal_subscriber/lib:/home/monisha/install/examples_rclcpp_minimal_composition/lib:/home/monisha/install/dynamixel_sdk_custom_interfaces/lib:/home/monisha/install/dynamixel_sdk/lib:/usr/lib/x86_64-linux-gnu/gazebo-11/plugins:/opt/ros/humble/opt/rviz_ogre_vendor/lib:/opt/ros/humble/lib/x86_64-linux-gnu:/opt/ros/humble/lib:/usr/lib/x86_64-linux-gnu/gazebo-11/plugins:/usr/lib/x86_64-linux-gnu/gazebo-11/plugins:/usr/lib/x86_64-linux-gnu/gazebo-11/plugins:/usr/lib/x86_64-linux-gnu/gazebo-11/plugins:/usr/lib/x86_64-linux-gnu/gazebo-11/plugins:/usr/lib/x86_64-linux-gnu/gazebo-11/plugins:/usr/lib/x86_64-linux-gnu/gazebo-11/plugins:/usr/lib/x86_64-linux-gnu/gazebo-11/plugins:/usr/lib/x86_64-linux-gnu/gazebo-11/plugins:/usr/lib/x86_64-linux-gnu/gazebo-11/plugins /usr/bin/cmake --install /home/monisha/simulation_ws/build/aruco_ros
[1.127s] Level 1:colcon.colcon_core.environment:create_environment_scripts_only(aruco_ros)
[1.128s] Level 1:colcon.colcon_core.environment:checking '/home/monisha/simulation_ws/install/aruco_ros' for CMake module files
[1.128s] DEBUG:colcon.colcon_core.event_handler.log_command:Invoked command in '/home/monisha/simulation_ws/build/aruco_ros' returned '0': CMAKE_PREFIX_PATH=/home/monisha/simulation_ws/install/aruco_msgs:/home/monisha/simulation_ws/install/aruco:/home/monisha/turtlebot3_ws/install/turtlebot3:/home/monisha/turtlebot3_ws/install/turtlebot3_simulations:/home/monisha/turtlebot3_ws/install/turtlebot3_bringup:/home/monisha/turtlebot3_ws/install/turtlebot3_node:/home/monisha/turtlebot3_ws/install/turtlebot3_navigation2:/home/monisha/turtlebot3_ws/install/turtlebot3_fake_node:/home/monisha/turtlebot3_ws/install/turtlebot3_msgs:/home/monisha/turtlebot3_ws/install/turtlebot3_gazebo:/home/monisha/turtlebot3_ws/install/turtlebot3_description:/home/monisha/turtlebot3_ws/install/turtlebot3_cartographer:/home/monisha/turtlebot3_ws/install/dynamixel_sdk_examples:/home/monisha/turtlebot3_ws/install/dynamixel_sdk_custom_interfaces:/home/monisha/turtlebot3_ws/install/dynamixel_sdk:/home/monisha/simulation_ws/install/my_simulation:/home/monisha/simulation_ws/install/aruco_ros:/home/monisha/forklift_ws/install/articubot_one:/home/monisha/install/turtlebot3:/home/monisha/install/turtlebot3_simulations:/home/monisha/install/turtlebot3_bringup:/home/monisha/install/turtlebot3_node:/home/monisha/install/turtlebot3_navigation2:/home/monisha/install/turtlebot3_fake_node:/home/monisha/install/turtlebot3_msgs:/home/monisha/install/turtlebot3_gazebo:/home/monisha/install/turtlebot3_description:/home/monisha/install/turtlebot3_cartographer:/home/monisha/install/examples_rclcpp_wait_set:/home/monisha/install/examples_rclcpp_multithreaded_executor:/home/monisha/install/examples_rclcpp_minimal_timer:/home/monisha/install/examples_rclcpp_minimal_subscriber:/home/monisha/install/examples_rclcpp_minimal_service:/home/monisha/install/examples_rclcpp_minimal_publisher:/home/monisha/install/examples_rclcpp_minimal_composition:/home/monisha/install/examples_rclcpp_minimal_client:/home/monisha/install/examples_rclcpp_minimal_action_server:/home/monisha/install/examples_rclcpp_minimal_action_client:/home/monisha/install/examples_rclcpp_cbg_executor:/home/monisha/install/examples_rclcpp_async_client:/home/monisha/install/dynamixel_sdk_examples:/home/monisha/install/dynamixel_sdk_custom_interfaces:/home/monisha/install/dynamixel_sdk:/home/monisha/turtlebot3_ws/install/turtlebot3_teleop:/home/monisha/turtlebot3_ws/install/turtlebot3_example:/home/monisha/turtlebot3_ws/install/my_aruco_detector:/home/monisha/install/turtlebot3_teleop:/home/monisha/install/turtlebot3_example:/home/monisha/install/launch_testing_examples:/home/monisha/install/examples_rclpy_pointcloud_publisher:/home/monisha/install/examples_rclpy_minimal_subscriber:/home/monisha/install/examples_rclpy_minimal_service:/home/monisha/install/examples_rclpy_minimal_publisher:/home/monisha/install/examples_rclpy_minimal_client:/home/monisha/install/examples_rclpy_minimal_action_server:/home/monisha/install/examples_rclpy_minimal_action_client:/home/monisha/install/examples_rclpy_guard_conditions:/home/monisha/install/examples_rclpy_executors:/opt/ros/humble LD_LIBRARY_PATH=/home/monisha/simulation_ws/install/aruco_msgs/lib:/home/monisha/simulation_ws/install/aruco/lib:/home/monisha/turtlebot3_ws/install/turtlebot3_msgs/lib:/home/monisha/turtlebot3_ws/install/dynamixel_sdk_custom_interfaces/lib:/home/monisha/turtlebot3_ws/install/dynamixel_sdk/lib:/home/monisha/simulation_ws/install/aruco_ros/lib:/home/monisha/install/turtlebot3_msgs/lib:/home/monisha/install/examples_rclcpp_wait_set/lib:/home/monisha/install/examples_rclcpp_minimal_subscriber/lib:/home/monisha/install/examples_rclcpp_minimal_composition/lib:/home/monisha/install/dynamixel_sdk_custom_interfaces/lib:/home/monisha/install/dynamixel_sdk/lib:/usr/lib/x86_64-linux-gnu/gazebo-11/plugins:/opt/ros/humble/opt/rviz_ogre_vendor/lib:/opt/ros/humble/lib/x86_64-linux-gnu:/opt/ros/humble/lib:/usr/lib/x86_64-linux-gnu/gazebo-11/plugins:/usr/lib/x86_64-linux-gnu/gazebo-11/plugins:/usr/lib/x86_64-linux-gnu/gazebo-11/plugins:/usr/lib/x86_64-linux-gnu/gazebo-11/plugins:/usr/lib/x86_64-linux-gnu/gazebo-11/plugins:/usr/lib/x86_64-linux-gnu/gazebo-11/plugins:/usr/lib/x86_64-linux-gnu/gazebo-11/plugins:/usr/lib/x86_64-linux-gnu/gazebo-11/plugins:/usr/lib/x86_64-linux-gnu/gazebo-11/plugins:/usr/lib/x86_64-linux-gnu/gazebo-11/plugins /usr/bin/cmake --install /home/monisha/simulation_ws/build/aruco_ros
[1.129s] Level 1:colcon.colcon_core.environment:checking '/home/monisha/simulation_ws/install/aruco_ros' for CMake config files
[1.129s] Level 1:colcon.colcon_core.shell:create_environment_hook('aruco_ros', 'cmake_prefix_path')
[1.129s] INFO:colcon.colcon_core.shell:Creating environment hook '/home/monisha/simulation_ws/install/aruco_ros/share/aruco_ros/hook/cmake_prefix_path.ps1'
[1.130s] INFO:colcon.colcon_core.shell:Creating environment descriptor '/home/monisha/simulation_ws/install/aruco_ros/share/aruco_ros/hook/cmake_prefix_path.dsv'
[1.130s] INFO:colcon.colcon_core.shell:Creating environment hook '/home/monisha/simulation_ws/install/aruco_ros/share/aruco_ros/hook/cmake_prefix_path.sh'
[1.131s] Level 1:colcon.colcon_core.environment:checking '/home/monisha/simulation_ws/install/aruco_ros/lib'
[1.131s] Level 1:colcon.colcon_core.shell:create_environment_hook('aruco_ros', 'ld_library_path_lib')
[1.132s] INFO:colcon.colcon_core.shell:Creating environment hook '/home/monisha/simulation_ws/install/aruco_ros/share/aruco_ros/hook/ld_library_path_lib.ps1'
[1.133s] INFO:colcon.colcon_core.shell:Creating environment descriptor '/home/monisha/simulation_ws/install/aruco_ros/share/aruco_ros/hook/ld_library_path_lib.dsv'
[1.133s] INFO:colcon.colcon_core.shell:Creating environment hook '/home/monisha/simulation_ws/install/aruco_ros/share/aruco_ros/hook/ld_library_path_lib.sh'
[1.133s] Level 1:colcon.colcon_core.environment:checking '/home/monisha/simulation_ws/install/aruco_ros/bin'
[1.133s] Level 1:colcon.colcon_core.environment:checking '/home/monisha/simulation_ws/install/aruco_ros/lib/pkgconfig/aruco_ros.pc'
[1.134s] Level 1:colcon.colcon_core.environment:checking '/home/monisha/simulation_ws/install/aruco_ros/lib/python3.10/site-packages'
[1.134s] Level 1:colcon.colcon_core.environment:checking '/home/monisha/simulation_ws/install/aruco_ros/bin'
[1.134s] INFO:colcon.colcon_core.shell:Creating package script '/home/monisha/simulation_ws/install/aruco_ros/share/aruco_ros/package.ps1'
[1.134s] INFO:colcon.colcon_core.shell:Creating package descriptor '/home/monisha/simulation_ws/install/aruco_ros/share/aruco_ros/package.dsv'
[1.135s] INFO:colcon.colcon_core.shell:Creating package script '/home/monisha/simulation_ws/install/aruco_ros/share/aruco_ros/package.sh'
[1.135s] INFO:colcon.colcon_core.shell:Creating package script '/home/monisha/simulation_ws/install/aruco_ros/share/aruco_ros/package.bash'
[1.135s] INFO:colcon.colcon_core.shell:Creating package script '/home/monisha/simulation_ws/install/aruco_ros/share/aruco_ros/package.zsh'
[1.136s] Level 1:colcon.colcon_core.environment:create_file_with_runtime_dependencies(/home/monisha/simulation_ws/install/aruco_ros/share/colcon-core/packages/aruco_ros)
[1.136s] Level 1:colcon.colcon_core.environment:create_environment_scripts_only(aruco_ros)
[1.137s] Level 1:colcon.colcon_core.environment:checking '/home/monisha/simulation_ws/install/aruco_ros' for CMake module files
[1.137s] Level 1:colcon.colcon_core.environment:checking '/home/monisha/simulation_ws/install/aruco_ros' for CMake config files
[1.137s] Level 1:colcon.colcon_core.shell:create_environment_hook('aruco_ros', 'cmake_prefix_path')
[1.138s] INFO:colcon.colcon_core.shell:Creating environment hook '/home/monisha/simulation_ws/install/aruco_ros/share/aruco_ros/hook/cmake_prefix_path.ps1'
[1.138s] INFO:colcon.colcon_core.shell:Creating environment descriptor '/home/monisha/simulation_ws/install/aruco_ros/share/aruco_ros/hook/cmake_prefix_path.dsv'
[1.138s] INFO:colcon.colcon_core.shell:Creating environment hook '/home/monisha/simulation_ws/install/aruco_ros/share/aruco_ros/hook/cmake_prefix_path.sh'
[1.139s] Level 1:colcon.colcon_core.environment:checking '/home/monisha/simulation_ws/install/aruco_ros/lib'
[1.139s] Level 1:colcon.colcon_core.shell:create_environment_hook('aruco_ros', 'ld_library_path_lib')
[1.139s] INFO:colcon.colcon_core.shell:Creating environment hook '/home/monisha/simulation_ws/install/aruco_ros/share/aruco_ros/hook/ld_library_path_lib.ps1'
[1.139s] INFO:colcon.colcon_core.shell:Creating environment descriptor '/home/monisha/simulation_ws/install/aruco_ros/share/aruco_ros/hook/ld_library_path_lib.dsv'
[1.140s] INFO:colcon.colcon_core.shell:Creating environment hook '/home/monisha/simulation_ws/install/aruco_ros/share/aruco_ros/hook/ld_library_path_lib.sh'
[1.140s] Level 1:colcon.colcon_core.environment:checking '/home/monisha/simulation_ws/install/aruco_ros/bin'
[1.140s] Level 1:colcon.colcon_core.environment:checking '/home/monisha/simulation_ws/install/aruco_ros/lib/pkgconfig/aruco_ros.pc'
[1.140s] Level 1:colcon.colcon_core.environment:checking '/home/monisha/simulation_ws/install/aruco_ros/lib/python3.10/site-packages'
[1.140s] Level 1:colcon.colcon_core.environment:checking '/home/monisha/simulation_ws/install/aruco_ros/bin'
[1.141s] INFO:colcon.colcon_core.shell:Creating package script '/home/monisha/simulation_ws/install/aruco_ros/share/aruco_ros/package.ps1'
[1.141s] INFO:colcon.colcon_core.shell:Creating package descriptor '/home/monisha/simulation_ws/install/aruco_ros/share/aruco_ros/package.dsv'
[1.142s] INFO:colcon.colcon_core.shell:Creating package script '/home/monisha/simulation_ws/install/aruco_ros/share/aruco_ros/package.sh'
[1.142s] INFO:colcon.colcon_core.shell:Creating package script '/home/monisha/simulation_ws/install/aruco_ros/share/aruco_ros/package.bash'
[1.142s] INFO:colcon.colcon_core.shell:Creating package script '/home/monisha/simulation_ws/install/aruco_ros/share/aruco_ros/package.zsh'
[1.142s] Level 1:colcon.colcon_core.environment:create_file_with_runtime_dependencies(/home/monisha/simulation_ws/install/aruco_ros/share/colcon-core/packages/aruco_ros)
[1.143s] DEBUG:colcon.colcon_parallel_executor.executor.parallel:closing loop
[1.143s] DEBUG:colcon.colcon_parallel_executor.executor.parallel:loop closed
[1.143s] DEBUG:colcon.colcon_parallel_executor.executor.parallel:run_until_complete finished with '0'
[1.143s] DEBUG:colcon.colcon_core.event_reactor:joining thread
[1.150s] INFO:colcon.colcon_core.plugin_system:Skipping extension 'colcon_notification.desktop_notification.terminal_notifier': Not used on non-Darwin systems
[1.150s] INFO:colcon.colcon_core.plugin_system:Skipping extension 'colcon_notification.desktop_notification.win32': Not used on non-Windows systems
[1.150s] INFO:colcon.colcon_notification.desktop_notification:Sending desktop notification using 'notify2'
[1.162s] DEBUG:colcon.colcon_core.event_reactor:joined thread
[1.163s] INFO:colcon.colcon_core.shell:Creating prefix script '/home/monisha/simulation_ws/install/local_setup.ps1'
[1.164s] INFO:colcon.colcon_core.shell:Creating prefix util module '/home/monisha/simulation_ws/install/_local_setup_util_ps1.py'
[1.165s] INFO:colcon.colcon_core.shell:Creating prefix chain script '/home/monisha/simulation_ws/install/setup.ps1'
[1.169s] INFO:colcon.colcon_core.shell:Creating prefix script '/home/monisha/simulation_ws/install/local_setup.sh'
[1.170s] INFO:colcon.colcon_core.shell:Creating prefix util module '/home/monisha/simulation_ws/install/_local_setup_util_sh.py'
[1.171s] INFO:colcon.colcon_core.shell:Creating prefix chain script '/home/monisha/simulation_ws/install/setup.sh'
[1.173s] INFO:colcon.colcon_core.shell:Creating prefix script '/home/monisha/simulation_ws/install/local_setup.bash'
[1.174s] INFO:colcon.colcon_core.shell:Creating prefix chain script '/home/monisha/simulation_ws/install/setup.bash'
[1.175s] INFO:colcon.colcon_core.shell:Creating prefix script '/home/monisha/simulation_ws/install/local_setup.zsh'
[1.176s] INFO:colcon.colcon_core.shell:Creating prefix chain script '/home/monisha/simulation_ws/install/setup.zsh'
