[0.027s] Invoking command in '/home/monisha/simulation_ws/build/aruco_msgs': CMAKE_PREFIX_PATH=${CMAKE_PREFIX_PATH}:/home/monisha/turtlebot3_ws/install/turtlebot3_teleop:/home/monisha/turtlebot3_ws/install/turtlebot3_example:/home/monisha/turtlebot3_ws/install/my_aruco_detector:/home/monisha/install/turtlebot3_teleop:/home/monisha/install/turtlebot3_example:/home/monisha/install/launch_testing_examples:/home/monisha/install/examples_rclpy_pointcloud_publisher:/home/monisha/install/examples_rclpy_minimal_subscriber:/home/monisha/install/examples_rclpy_minimal_service:/home/monisha/install/examples_rclpy_minimal_publisher:/home/monisha/install/examples_rclpy_minimal_client:/home/monisha/install/examples_rclpy_minimal_action_server:/home/monisha/install/examples_rclpy_minimal_action_client:/home/monisha/install/examples_rclpy_guard_conditions:/home/monisha/install/examples_rclpy_executors:/opt/ros/humble /usr/bin/cmake /home/monisha/simulation_ws/src/aruco_ros/aruco_msgs -DCMAKE_INSTALL_PREFIX=/home/monisha/simulation_ws/install/aruco_msgs
[0.118s] -- The C compiler identification is GNU 11.4.0
[0.211s] -- The CXX compiler identification is GNU 11.4.0
[0.224s] -- Detecting C compiler ABI info
[0.348s] -- Detecting C compiler ABI info - done
[0.358s] -- Check for working C compiler: /usr/bin/cc - skipped
[0.358s] -- Detecting C compile features
[0.359s] -- Detecting C compile features - done
[0.364s] -- Detecting CXX compiler ABI info
[0.490s] -- Detecting CXX compiler ABI info - done
[0.507s] -- Check for working CXX compiler: /usr/bin/c++ - skipped
[0.507s] -- Detecting CXX compile features
[0.508s] -- Detecting CXX compile features - done
[0.522s] -- Found ament_cmake: 1.3.11 (/opt/ros/humble/share/ament_cmake/cmake)
[0.840s] -- Found Python3: /usr/bin/python3 (found version "3.10.12") found components: Interpreter 
[1.061s] -- Found std_msgs: 4.8.0 (/opt/ros/humble/share/std_msgs/cmake)
[1.142s] -- Found rosidl_generator_c: 3.1.6 (/opt/ros/humble/share/rosidl_generator_c/cmake)
[1.159s] -- Found rosidl_adapter: 3.1.6 (/opt/ros/humble/share/rosidl_adapter/cmake)
[1.179s] -- Found rosidl_generator_cpp: 3.1.6 (/opt/ros/humble/share/rosidl_generator_cpp/cmake)
[1.208s] -- Using all available rosidl_typesupport_c: rosidl_typesupport_fastrtps_c;rosidl_typesupport_introspection_c
[1.249s] -- Using all available rosidl_typesupport_cpp: rosidl_typesupport_fastrtps_cpp;rosidl_typesupport_introspection_cpp
[1.381s] -- Found geometry_msgs: 4.8.0 (/opt/ros/humble/share/geometry_msgs/cmake)
[1.433s] -- Found rosidl_default_generators: 1.2.0 (/opt/ros/humble/share/rosidl_default_generators/cmake)
[3.064s] -- Found ament_cmake_ros: 0.10.0 (/opt/ros/humble/share/ament_cmake_ros/cmake)
[5.890s] -- Using all available rosidl_typesupport_c: rosidl_typesupport_fastrtps_c;rosidl_typesupport_introspection_c
[6.464s] -- Using all available rosidl_typesupport_cpp: rosidl_typesupport_fastrtps_cpp;rosidl_typesupport_introspection_cpp
[6.555s] -- Found PythonInterp: /usr/bin/python3 (found suitable version "3.10.12", minimum required is "3.6") 
[6.571s] -- Found python_cmake_module: 0.10.0 (/opt/ros/humble/share/python_cmake_module/cmake)
[6.677s] -- Found PythonLibs: /usr/lib/x86_64-linux-gnu/libpython3.10.so (found suitable version "3.10.12", minimum required is "3.5") 
[6.678s] -- Using PYTHON_EXECUTABLE: /usr/bin/python3
[6.678s] -- Using PYTHON_INCLUDE_DIRS: /usr/include/python3.10
[6.678s] -- Using PYTHON_LIBRARIES: /usr/lib/x86_64-linux-gnu/libpython3.10.so
[6.768s] -- Found PythonExtra: .so  
[7.037s] -- Found ament_lint_auto: 0.12.12 (/opt/ros/humble/share/ament_lint_auto/cmake)
[7.181s] -- Added test 'copyright' to check source files copyright and LICENSE
[7.185s] -- Added test 'lint_cmake' to check CMake code style
[7.189s] -- Added test 'xmllint' to check XML markup files
[7.199s] -- Configuring done
[7.272s] -- Generating done
[7.302s] -- Build files have been written to: /home/monisha/simulation_ws/build/aruco_msgs
[7.321s] Invoked command in '/home/monisha/simulation_ws/build/aruco_msgs' returned '0': CMAKE_PREFIX_PATH=${CMAKE_PREFIX_PATH}:/home/monisha/turtlebot3_ws/install/turtlebot3_teleop:/home/monisha/turtlebot3_ws/install/turtlebot3_example:/home/monisha/turtlebot3_ws/install/my_aruco_detector:/home/monisha/install/turtlebot3_teleop:/home/monisha/install/turtlebot3_example:/home/monisha/install/launch_testing_examples:/home/monisha/install/examples_rclpy_pointcloud_publisher:/home/monisha/install/examples_rclpy_minimal_subscriber:/home/monisha/install/examples_rclpy_minimal_service:/home/monisha/install/examples_rclpy_minimal_publisher:/home/monisha/install/examples_rclpy_minimal_client:/home/monisha/install/examples_rclpy_minimal_action_server:/home/monisha/install/examples_rclpy_minimal_action_client:/home/monisha/install/examples_rclpy_guard_conditions:/home/monisha/install/examples_rclpy_executors:/opt/ros/humble /usr/bin/cmake /home/monisha/simulation_ws/src/aruco_ros/aruco_msgs -DCMAKE_INSTALL_PREFIX=/home/monisha/simulation_ws/install/aruco_msgs
[7.323s] Invoking command in '/home/monisha/simulation_ws/build/aruco_msgs': CMAKE_PREFIX_PATH=${CMAKE_PREFIX_PATH}:/home/monisha/turtlebot3_ws/install/turtlebot3_teleop:/home/monisha/turtlebot3_ws/install/turtlebot3_example:/home/monisha/turtlebot3_ws/install/my_aruco_detector:/home/monisha/install/turtlebot3_teleop:/home/monisha/install/turtlebot3_example:/home/monisha/install/launch_testing_examples:/home/monisha/install/examples_rclpy_pointcloud_publisher:/home/monisha/install/examples_rclpy_minimal_subscriber:/home/monisha/install/examples_rclpy_minimal_service:/home/monisha/install/examples_rclpy_minimal_publisher:/home/monisha/install/examples_rclpy_minimal_client:/home/monisha/install/examples_rclpy_minimal_action_server:/home/monisha/install/examples_rclpy_minimal_action_client:/home/monisha/install/examples_rclpy_guard_conditions:/home/monisha/install/examples_rclpy_executors:/opt/ros/humble /usr/bin/cmake --build /home/monisha/simulation_ws/build/aruco_msgs -- -j12 -l12
[7.418s] [  2%] [34m[1mGenerating C code for ROS interfaces[0m
[7.445s] [  5%] [34m[1mGenerating C++ code for ROS interfaces[0m
[7.467s] [  5%] Built target ament_cmake_python_copy_aruco_msgs
[7.951s] running egg_info
[7.952s] creating aruco_msgs.egg-info
[7.952s] writing aruco_msgs.egg-info/PKG-INFO
[7.953s] writing dependency_links to aruco_msgs.egg-info/dependency_links.txt
[7.953s] writing top-level names to aruco_msgs.egg-info/top_level.txt
[7.953s] writing manifest file 'aruco_msgs.egg-info/SOURCES.txt'
[7.956s] reading manifest file 'aruco_msgs.egg-info/SOURCES.txt'
[7.957s] writing manifest file 'aruco_msgs.egg-info/SOURCES.txt'
[8.007s] [  5%] Built target ament_cmake_python_build_aruco_msgs_egg
[8.098s] [  5%] Built target aruco_msgs__cpp
[8.118s] [  7%] [34m[1mGenerating C++ introspection for ROS interfaces[0m
[8.121s] [ 10%] [34m[1mGenerating C++ type support dispatch for ROS interfaces[0m
[8.122s] [ 12%] [34m[1mGenerating C++ type support for eProsima Fast-RTPS[0m
[8.275s] [ 17%] [32mBuilding C object CMakeFiles/aruco_msgs__rosidl_generator_c.dir/rosidl_generator_c/aruco_msgs/msg/detail/marker_array__functions.c.o[0m
[8.276s] [ 17%] [32mBuilding C object CMakeFiles/aruco_msgs__rosidl_generator_c.dir/rosidl_generator_c/aruco_msgs/msg/detail/marker__functions.c.o[0m
[8.397s] [ 20%] [32m[1mLinking C shared library libaruco_msgs__rosidl_generator_c.so[0m
[8.489s] [ 20%] Built target aruco_msgs__rosidl_generator_c
[8.517s] [ 25%] [34m[1mGenerating C introspection for ROS interfaces[0m
[8.517s] [ 25%] [34m[1mGenerating C type support for eProsima Fast-RTPS[0m
[8.517s] [ 28%] [34m[1mGenerating C type support dispatch for ROS interfaces[0m
[8.659s] [ 30%] [32mBuilding CXX object CMakeFiles/aruco_msgs__rosidl_typesupport_cpp.dir/rosidl_typesupport_cpp/aruco_msgs/msg/marker__type_support.cpp.o[0m
[8.662s] [ 33%] [32mBuilding CXX object CMakeFiles/aruco_msgs__rosidl_typesupport_cpp.dir/rosidl_typesupport_cpp/aruco_msgs/msg/marker_array__type_support.cpp.o[0m
[8.675s] [ 35%] [32mBuilding CXX object CMakeFiles/aruco_msgs__rosidl_typesupport_introspection_cpp.dir/rosidl_typesupport_introspection_cpp/aruco_msgs/msg/detail/marker_array__type_support.cpp.o[0m
[8.685s] [ 38%] [32mBuilding CXX object CMakeFiles/aruco_msgs__rosidl_typesupport_introspection_cpp.dir/rosidl_typesupport_introspection_cpp/aruco_msgs/msg/detail/marker__type_support.cpp.o[0m
[8.931s] [ 41%] [32mBuilding CXX object CMakeFiles/aruco_msgs__rosidl_typesupport_fastrtps_cpp.dir/rosidl_typesupport_fastrtps_cpp/aruco_msgs/msg/detail/dds_fastrtps/marker_array__type_support.cpp.o[0m
[8.940s] [ 43%] [32mBuilding CXX object CMakeFiles/aruco_msgs__rosidl_typesupport_fastrtps_cpp.dir/rosidl_typesupport_fastrtps_cpp/aruco_msgs/msg/detail/dds_fastrtps/marker__type_support.cpp.o[0m
[9.210s] [ 46%] [32mBuilding CXX object CMakeFiles/aruco_msgs__rosidl_typesupport_c.dir/rosidl_typesupport_c/aruco_msgs/msg/marker_array__type_support.cpp.o[0m
[9.211s] [ 48%] [32mBuilding CXX object CMakeFiles/aruco_msgs__rosidl_typesupport_c.dir/rosidl_typesupport_c/aruco_msgs/msg/marker__type_support.cpp.o[0m
[9.324s] [ 51%] [32m[1mLinking CXX shared library libaruco_msgs__rosidl_typesupport_c.so[0m
[9.385s] [ 53%] [32mBuilding CXX object CMakeFiles/aruco_msgs__rosidl_typesupport_fastrtps_c.dir/rosidl_typesupport_fastrtps_c/aruco_msgs/msg/detail/marker__type_support_c.cpp.o[0m
[9.385s] [ 56%] [32mBuilding CXX object CMakeFiles/aruco_msgs__rosidl_typesupport_fastrtps_c.dir/rosidl_typesupport_fastrtps_c/aruco_msgs/msg/detail/marker_array__type_support_c.cpp.o[0m
[9.498s] [ 56%] Built target aruco_msgs__rosidl_typesupport_c
[9.517s] [ 58%] [32mBuilding C object CMakeFiles/aruco_msgs__rosidl_typesupport_introspection_c.dir/rosidl_typesupport_introspection_c/aruco_msgs/msg/detail/marker_array__type_support.c.o[0m
[9.525s] [ 61%] [32mBuilding C object CMakeFiles/aruco_msgs__rosidl_typesupport_introspection_c.dir/rosidl_typesupport_introspection_c/aruco_msgs/msg/detail/marker__type_support.c.o[0m
[9.591s] [ 64%] [32m[1mLinking CXX shared library libaruco_msgs__rosidl_typesupport_cpp.so[0m
[9.642s] [ 66%] [32m[1mLinking C shared library libaruco_msgs__rosidl_typesupport_introspection_c.so[0m
[9.731s] [ 66%] Built target aruco_msgs__rosidl_typesupport_cpp
[9.755s] [ 66%] Built target aruco_msgs__rosidl_typesupport_introspection_c
[10.011s] [ 69%] [32m[1mLinking CXX shared library libaruco_msgs__rosidl_typesupport_introspection_cpp.so[0m
[10.013s] [ 71%] [32m[1mLinking CXX shared library libaruco_msgs__rosidl_typesupport_fastrtps_cpp.so[0m
[10.164s] [ 71%] Built target aruco_msgs__rosidl_typesupport_introspection_cpp
[10.196s] [ 71%] Built target aruco_msgs__rosidl_typesupport_fastrtps_cpp
[10.253s] [ 74%] [32m[1mLinking CXX shared library libaruco_msgs__rosidl_typesupport_fastrtps_c.so[0m
[10.360s] [ 74%] Built target aruco_msgs__rosidl_typesupport_fastrtps_c
[10.400s] [ 74%] Built target aruco_msgs
[10.438s] [ 76%] [34m[1mGenerating Python code for ROS interfaces[0m
[11.140s] [ 76%] Built target aruco_msgs__py
[11.182s] [ 79%] [32mBuilding C object CMakeFiles/aruco_msgs__rosidl_generator_py.dir/rosidl_generator_py/aruco_msgs/msg/_marker_s.c.o[0m
[11.183s] [ 82%] [32mBuilding C object CMakeFiles/aruco_msgs__rosidl_generator_py.dir/rosidl_generator_py/aruco_msgs/msg/_marker_array_s.c.o[0m
[11.359s] [ 84%] [32m[1mLinking C shared library rosidl_generator_py/aruco_msgs/libaruco_msgs__rosidl_generator_py.so[0m
[11.420s] [ 84%] Built target aruco_msgs__rosidl_generator_py
[11.454s] [ 87%] [32mBuilding C object CMakeFiles/aruco_msgs__rosidl_typesupport_fastrtps_c__pyext.dir/rosidl_generator_py/aruco_msgs/_aruco_msgs_s.ep.rosidl_typesupport_fastrtps_c.c.o[0m
[11.455s] [ 89%] [32mBuilding C object CMakeFiles/aruco_msgs__rosidl_typesupport_introspection_c__pyext.dir/rosidl_generator_py/aruco_msgs/_aruco_msgs_s.ep.rosidl_typesupport_introspection_c.c.o[0m
[11.457s] [ 92%] [32mBuilding C object CMakeFiles/aruco_msgs__rosidl_typesupport_c__pyext.dir/rosidl_generator_py/aruco_msgs/_aruco_msgs_s.ep.rosidl_typesupport_c.c.o[0m
[11.591s] [ 94%] [32m[1mLinking C shared library rosidl_generator_py/aruco_msgs/aruco_msgs_s__rosidl_typesupport_c.cpython-310-x86_64-linux-gnu.so[0m
[11.626s] [ 97%] [32m[1mLinking C shared library rosidl_generator_py/aruco_msgs/aruco_msgs_s__rosidl_typesupport_fastrtps_c.cpython-310-x86_64-linux-gnu.so[0m
[11.632s] [100%] [32m[1mLinking C shared library rosidl_generator_py/aruco_msgs/aruco_msgs_s__rosidl_typesupport_introspection_c.cpython-310-x86_64-linux-gnu.so[0m
[11.665s] [100%] Built target aruco_msgs__rosidl_typesupport_c__pyext
[11.701s] [100%] Built target aruco_msgs__rosidl_typesupport_introspection_c__pyext
[11.704s] [100%] Built target aruco_msgs__rosidl_typesupport_fastrtps_c__pyext
[11.721s] Invoked command in '/home/monisha/simulation_ws/build/aruco_msgs' returned '0': CMAKE_PREFIX_PATH=${CMAKE_PREFIX_PATH}:/home/monisha/turtlebot3_ws/install/turtlebot3_teleop:/home/monisha/turtlebot3_ws/install/turtlebot3_example:/home/monisha/turtlebot3_ws/install/my_aruco_detector:/home/monisha/install/turtlebot3_teleop:/home/monisha/install/turtlebot3_example:/home/monisha/install/launch_testing_examples:/home/monisha/install/examples_rclpy_pointcloud_publisher:/home/monisha/install/examples_rclpy_minimal_subscriber:/home/monisha/install/examples_rclpy_minimal_service:/home/monisha/install/examples_rclpy_minimal_publisher:/home/monisha/install/examples_rclpy_minimal_client:/home/monisha/install/examples_rclpy_minimal_action_server:/home/monisha/install/examples_rclpy_minimal_action_client:/home/monisha/install/examples_rclpy_guard_conditions:/home/monisha/install/examples_rclpy_executors:/opt/ros/humble /usr/bin/cmake --build /home/monisha/simulation_ws/build/aruco_msgs -- -j12 -l12
[11.724s] Invoking command in '/home/monisha/simulation_ws/build/aruco_msgs': CMAKE_PREFIX_PATH=${CMAKE_PREFIX_PATH}:/home/monisha/turtlebot3_ws/install/turtlebot3_teleop:/home/monisha/turtlebot3_ws/install/turtlebot3_example:/home/monisha/turtlebot3_ws/install/my_aruco_detector:/home/monisha/install/turtlebot3_teleop:/home/monisha/install/turtlebot3_example:/home/monisha/install/launch_testing_examples:/home/monisha/install/examples_rclpy_pointcloud_publisher:/home/monisha/install/examples_rclpy_minimal_subscriber:/home/monisha/install/examples_rclpy_minimal_service:/home/monisha/install/examples_rclpy_minimal_publisher:/home/monisha/install/examples_rclpy_minimal_client:/home/monisha/install/examples_rclpy_minimal_action_server:/home/monisha/install/examples_rclpy_minimal_action_client:/home/monisha/install/examples_rclpy_guard_conditions:/home/monisha/install/examples_rclpy_executors:/opt/ros/humble /usr/bin/cmake --install /home/monisha/simulation_ws/build/aruco_msgs
[11.737s] -- Install configuration: ""
[11.738s] -- Installing: /home/monisha/simulation_ws/install/aruco_msgs/share/ament_index/resource_index/rosidl_interfaces/aruco_msgs
[11.738s] -- Up-to-date: /home/monisha/simulation_ws/install/aruco_msgs/include/aruco_msgs/aruco_msgs
[11.738s] -- Up-to-date: /home/monisha/simulation_ws/install/aruco_msgs/include/aruco_msgs/aruco_msgs/msg
[11.739s] -- Installing: /home/monisha/simulation_ws/install/aruco_msgs/include/aruco_msgs/aruco_msgs/msg/rosidl_generator_c__visibility_control.h
[11.739s] -- Up-to-date: /home/monisha/simulation_ws/install/aruco_msgs/include/aruco_msgs/aruco_msgs/msg/detail
[11.739s] -- Installing: /home/monisha/simulation_ws/install/aruco_msgs/include/aruco_msgs/aruco_msgs/msg/detail/marker_array__functions.h
[11.739s] -- Installing: /home/monisha/simulation_ws/install/aruco_msgs/include/aruco_msgs/aruco_msgs/msg/detail/marker__functions.h
[11.740s] -- Installing: /home/monisha/simulation_ws/install/aruco_msgs/include/aruco_msgs/aruco_msgs/msg/detail/marker__type_support.h
[11.740s] -- Installing: /home/monisha/simulation_ws/install/aruco_msgs/include/aruco_msgs/aruco_msgs/msg/detail/marker__struct.h
[11.740s] -- Installing: /home/monisha/simulation_ws/install/aruco_msgs/include/aruco_msgs/aruco_msgs/msg/detail/marker_array__struct.h
[11.741s] -- Installing: /home/monisha/simulation_ws/install/aruco_msgs/include/aruco_msgs/aruco_msgs/msg/detail/marker_array__type_support.h
[11.741s] -- Installing: /home/monisha/simulation_ws/install/aruco_msgs/include/aruco_msgs/aruco_msgs/msg/detail/marker__functions.c
[11.741s] -- Installing: /home/monisha/simulation_ws/install/aruco_msgs/include/aruco_msgs/aruco_msgs/msg/detail/marker_array__functions.c
[11.741s] -- Installing: /home/monisha/simulation_ws/install/aruco_msgs/include/aruco_msgs/aruco_msgs/msg/marker_array.h
[11.741s] -- Installing: /home/monisha/simulation_ws/install/aruco_msgs/include/aruco_msgs/aruco_msgs/msg/marker.h
[11.742s] -- Up-to-date: /home/monisha/simulation_ws/install/aruco_msgs/share/aruco_msgs/environment/library_path.sh
[11.742s] -- Installing: /home/monisha/simulation_ws/install/aruco_msgs/share/aruco_msgs/environment/library_path.dsv
[11.742s] -- Installing: /home/monisha/simulation_ws/install/aruco_msgs/lib/libaruco_msgs__rosidl_generator_c.so
[11.742s] -- Set runtime path of "/home/monisha/simulation_ws/install/aruco_msgs/lib/libaruco_msgs__rosidl_generator_c.so" to ""
[11.742s] -- Up-to-date: /home/monisha/simulation_ws/install/aruco_msgs/include/aruco_msgs/aruco_msgs
[11.743s] -- Up-to-date: /home/monisha/simulation_ws/install/aruco_msgs/include/aruco_msgs/aruco_msgs/msg
[11.743s] -- Up-to-date: /home/monisha/simulation_ws/install/aruco_msgs/include/aruco_msgs/aruco_msgs/msg/detail
[11.743s] -- Installing: /home/monisha/simulation_ws/install/aruco_msgs/include/aruco_msgs/aruco_msgs/msg/detail/marker_array__rosidl_typesupport_fastrtps_c.h
[11.743s] -- Installing: /home/monisha/simulation_ws/install/aruco_msgs/include/aruco_msgs/aruco_msgs/msg/detail/marker__rosidl_typesupport_fastrtps_c.h
[11.743s] -- Installing: /home/monisha/simulation_ws/install/aruco_msgs/include/aruco_msgs/aruco_msgs/msg/rosidl_typesupport_fastrtps_c__visibility_control.h
[11.744s] -- Installing: /home/monisha/simulation_ws/install/aruco_msgs/lib/libaruco_msgs__rosidl_typesupport_fastrtps_c.so
[11.744s] -- Set runtime path of "/home/monisha/simulation_ws/install/aruco_msgs/lib/libaruco_msgs__rosidl_typesupport_fastrtps_c.so" to ""
[11.744s] -- Up-to-date: /home/monisha/simulation_ws/install/aruco_msgs/include/aruco_msgs/aruco_msgs
[11.744s] -- Up-to-date: /home/monisha/simulation_ws/install/aruco_msgs/include/aruco_msgs/aruco_msgs/msg
[11.745s] -- Up-to-date: /home/monisha/simulation_ws/install/aruco_msgs/include/aruco_msgs/aruco_msgs/msg/detail
[11.745s] -- Installing: /home/monisha/simulation_ws/install/aruco_msgs/include/aruco_msgs/aruco_msgs/msg/detail/marker_array__traits.hpp
[11.745s] -- Installing: /home/monisha/simulation_ws/install/aruco_msgs/include/aruco_msgs/aruco_msgs/msg/detail/marker__struct.hpp
[11.745s] -- Installing: /home/monisha/simulation_ws/install/aruco_msgs/include/aruco_msgs/aruco_msgs/msg/detail/marker_array__struct.hpp
[11.745s] -- Installing: /home/monisha/simulation_ws/install/aruco_msgs/include/aruco_msgs/aruco_msgs/msg/detail/marker__traits.hpp
[11.746s] -- Installing: /home/monisha/simulation_ws/install/aruco_msgs/include/aruco_msgs/aruco_msgs/msg/detail/marker__type_support.hpp
[11.746s] -- Installing: /home/monisha/simulation_ws/install/aruco_msgs/include/aruco_msgs/aruco_msgs/msg/detail/marker_array__builder.hpp
[11.746s] -- Installing: /home/monisha/simulation_ws/install/aruco_msgs/include/aruco_msgs/aruco_msgs/msg/detail/marker__builder.hpp
[11.746s] -- Installing: /home/monisha/simulation_ws/install/aruco_msgs/include/aruco_msgs/aruco_msgs/msg/detail/marker_array__type_support.hpp
[11.746s] -- Installing: /home/monisha/simulation_ws/install/aruco_msgs/include/aruco_msgs/aruco_msgs/msg/marker.hpp
[11.746s] -- Installing: /home/monisha/simulation_ws/install/aruco_msgs/include/aruco_msgs/aruco_msgs/msg/rosidl_generator_cpp__visibility_control.hpp
[11.747s] -- Installing: /home/monisha/simulation_ws/install/aruco_msgs/include/aruco_msgs/aruco_msgs/msg/marker_array.hpp
[11.747s] -- Up-to-date: /home/monisha/simulation_ws/install/aruco_msgs/include/aruco_msgs/aruco_msgs
[11.747s] -- Up-to-date: /home/monisha/simulation_ws/install/aruco_msgs/include/aruco_msgs/aruco_msgs/msg
[11.747s] -- Installing: /home/monisha/simulation_ws/install/aruco_msgs/include/aruco_msgs/aruco_msgs/msg/rosidl_typesupport_fastrtps_cpp__visibility_control.h
[11.747s] -- Up-to-date: /home/monisha/simulation_ws/install/aruco_msgs/include/aruco_msgs/aruco_msgs/msg/detail
[11.747s] -- Installing: /home/monisha/simulation_ws/install/aruco_msgs/include/aruco_msgs/aruco_msgs/msg/detail/marker__rosidl_typesupport_fastrtps_cpp.hpp
[11.748s] -- Installing: /home/monisha/simulation_ws/install/aruco_msgs/include/aruco_msgs/aruco_msgs/msg/detail/marker_array__rosidl_typesupport_fastrtps_cpp.hpp
[11.748s] -- Up-to-date: /home/monisha/simulation_ws/install/aruco_msgs/include/aruco_msgs/aruco_msgs/msg/detail/dds_fastrtps
[11.748s] -- Installing: /home/monisha/simulation_ws/install/aruco_msgs/lib/libaruco_msgs__rosidl_typesupport_fastrtps_cpp.so
[11.748s] -- Set runtime path of "/home/monisha/simulation_ws/install/aruco_msgs/lib/libaruco_msgs__rosidl_typesupport_fastrtps_cpp.so" to ""
[11.748s] -- Up-to-date: /home/monisha/simulation_ws/install/aruco_msgs/include/aruco_msgs/aruco_msgs
[11.748s] -- Up-to-date: /home/monisha/simulation_ws/install/aruco_msgs/include/aruco_msgs/aruco_msgs/msg
[11.749s] -- Up-to-date: /home/monisha/simulation_ws/install/aruco_msgs/include/aruco_msgs/aruco_msgs/msg/detail
[11.749s] -- Installing: /home/monisha/simulation_ws/install/aruco_msgs/include/aruco_msgs/aruco_msgs/msg/detail/marker_array__type_support.c
[11.749s] -- Installing: /home/monisha/simulation_ws/install/aruco_msgs/include/aruco_msgs/aruco_msgs/msg/detail/marker__rosidl_typesupport_introspection_c.h
[11.749s] -- Installing: /home/monisha/simulation_ws/install/aruco_msgs/include/aruco_msgs/aruco_msgs/msg/detail/marker_array__rosidl_typesupport_introspection_c.h
[11.749s] -- Installing: /home/monisha/simulation_ws/install/aruco_msgs/include/aruco_msgs/aruco_msgs/msg/detail/marker__type_support.c
[11.749s] -- Installing: /home/monisha/simulation_ws/install/aruco_msgs/include/aruco_msgs/aruco_msgs/msg/rosidl_typesupport_introspection_c__visibility_control.h
[11.750s] -- Installing: /home/monisha/simulation_ws/install/aruco_msgs/lib/libaruco_msgs__rosidl_typesupport_introspection_c.so
[11.750s] -- Set runtime path of "/home/monisha/simulation_ws/install/aruco_msgs/lib/libaruco_msgs__rosidl_typesupport_introspection_c.so" to ""
[11.750s] -- Installing: /home/monisha/simulation_ws/install/aruco_msgs/lib/libaruco_msgs__rosidl_typesupport_c.so
[11.750s] -- Set runtime path of "/home/monisha/simulation_ws/install/aruco_msgs/lib/libaruco_msgs__rosidl_typesupport_c.so" to ""
[11.750s] -- Up-to-date: /home/monisha/simulation_ws/install/aruco_msgs/include/aruco_msgs/aruco_msgs
[11.751s] -- Up-to-date: /home/monisha/simulation_ws/install/aruco_msgs/include/aruco_msgs/aruco_msgs/msg
[11.751s] -- Up-to-date: /home/monisha/simulation_ws/install/aruco_msgs/include/aruco_msgs/aruco_msgs/msg/detail
[11.751s] -- Installing: /home/monisha/simulation_ws/install/aruco_msgs/include/aruco_msgs/aruco_msgs/msg/detail/marker_array__rosidl_typesupport_introspection_cpp.hpp
[11.751s] -- Installing: /home/monisha/simulation_ws/install/aruco_msgs/include/aruco_msgs/aruco_msgs/msg/detail/marker_array__type_support.cpp
[11.751s] -- Installing: /home/monisha/simulation_ws/install/aruco_msgs/include/aruco_msgs/aruco_msgs/msg/detail/marker__type_support.cpp
[11.751s] -- Installing: /home/monisha/simulation_ws/install/aruco_msgs/include/aruco_msgs/aruco_msgs/msg/detail/marker__rosidl_typesupport_introspection_cpp.hpp
[11.751s] -- Installing: /home/monisha/simulation_ws/install/aruco_msgs/lib/libaruco_msgs__rosidl_typesupport_introspection_cpp.so
[11.752s] -- Set runtime path of "/home/monisha/simulation_ws/install/aruco_msgs/lib/libaruco_msgs__rosidl_typesupport_introspection_cpp.so" to ""
[11.752s] -- Installing: /home/monisha/simulation_ws/install/aruco_msgs/lib/libaruco_msgs__rosidl_typesupport_cpp.so
[11.752s] -- Set runtime path of "/home/monisha/simulation_ws/install/aruco_msgs/lib/libaruco_msgs__rosidl_typesupport_cpp.so" to ""
[11.752s] -- Installing: /home/monisha/simulation_ws/install/aruco_msgs/share/aruco_msgs/environment/pythonpath.sh
[11.752s] -- Installing: /home/monisha/simulation_ws/install/aruco_msgs/share/aruco_msgs/environment/pythonpath.dsv
[11.752s] -- Up-to-date: /home/monisha/simulation_ws/install/aruco_msgs/local/lib/python3.10/dist-packages/aruco_msgs-5.0.5-py3.10.egg-info
[11.752s] -- Installing: /home/monisha/simulation_ws/install/aruco_msgs/local/lib/python3.10/dist-packages/aruco_msgs-5.0.5-py3.10.egg-info/PKG-INFO
[11.753s] -- Installing: /home/monisha/simulation_ws/install/aruco_msgs/local/lib/python3.10/dist-packages/aruco_msgs-5.0.5-py3.10.egg-info/SOURCES.txt
[11.753s] -- Installing: /home/monisha/simulation_ws/install/aruco_msgs/local/lib/python3.10/dist-packages/aruco_msgs-5.0.5-py3.10.egg-info/top_level.txt
[11.753s] -- Installing: /home/monisha/simulation_ws/install/aruco_msgs/local/lib/python3.10/dist-packages/aruco_msgs-5.0.5-py3.10.egg-info/dependency_links.txt
[11.753s] -- Up-to-date: /home/monisha/simulation_ws/install/aruco_msgs/local/lib/python3.10/dist-packages/aruco_msgs
[11.753s] -- Installing: /home/monisha/simulation_ws/install/aruco_msgs/local/lib/python3.10/dist-packages/aruco_msgs/_aruco_msgs_s.ep.rosidl_typesupport_introspection_c.c
[11.753s] -- Installing: /home/monisha/simulation_ws/install/aruco_msgs/local/lib/python3.10/dist-packages/aruco_msgs/_aruco_msgs_s.ep.rosidl_typesupport_fastrtps_c.c
[11.753s] -- Installing: /home/monisha/simulation_ws/install/aruco_msgs/local/lib/python3.10/dist-packages/aruco_msgs/aruco_msgs_s__rosidl_typesupport_c.cpython-310-x86_64-linux-gnu.so
[11.753s] -- Up-to-date: /home/monisha/simulation_ws/install/aruco_msgs/local/lib/python3.10/dist-packages/aruco_msgs/msg
[11.753s] -- Installing: /home/monisha/simulation_ws/install/aruco_msgs/local/lib/python3.10/dist-packages/aruco_msgs/msg/_marker_array.py
[11.753s] -- Installing: /home/monisha/simulation_ws/install/aruco_msgs/local/lib/python3.10/dist-packages/aruco_msgs/msg/__init__.py
[11.753s] -- Installing: /home/monisha/simulation_ws/install/aruco_msgs/local/lib/python3.10/dist-packages/aruco_msgs/msg/_marker_s.c
[11.753s] -- Installing: /home/monisha/simulation_ws/install/aruco_msgs/local/lib/python3.10/dist-packages/aruco_msgs/msg/_marker_array_s.c
[11.754s] -- Installing: /home/monisha/simulation_ws/install/aruco_msgs/local/lib/python3.10/dist-packages/aruco_msgs/msg/_marker.py
[11.754s] -- Installing: /home/monisha/simulation_ws/install/aruco_msgs/local/lib/python3.10/dist-packages/aruco_msgs/__init__.py
[11.754s] -- Installing: /home/monisha/simulation_ws/install/aruco_msgs/local/lib/python3.10/dist-packages/aruco_msgs/libaruco_msgs__rosidl_generator_py.so
[11.754s] -- Installing: /home/monisha/simulation_ws/install/aruco_msgs/local/lib/python3.10/dist-packages/aruco_msgs/aruco_msgs_s__rosidl_typesupport_fastrtps_c.cpython-310-x86_64-linux-gnu.so
[11.754s] -- Installing: /home/monisha/simulation_ws/install/aruco_msgs/local/lib/python3.10/dist-packages/aruco_msgs/aruco_msgs_s__rosidl_typesupport_introspection_c.cpython-310-x86_64-linux-gnu.so
[11.754s] -- Installing: /home/monisha/simulation_ws/install/aruco_msgs/local/lib/python3.10/dist-packages/aruco_msgs/_aruco_msgs_s.ep.rosidl_typesupport_c.c
[11.820s] Listing '/home/monisha/simulation_ws/install/aruco_msgs/local/lib/python3.10/dist-packages/aruco_msgs'...
[11.820s] Compiling '/home/monisha/simulation_ws/install/aruco_msgs/local/lib/python3.10/dist-packages/aruco_msgs/__init__.py'...
[11.820s] Listing '/home/monisha/simulation_ws/install/aruco_msgs/local/lib/python3.10/dist-packages/aruco_msgs/msg'...
[11.821s] Compiling '/home/monisha/simulation_ws/install/aruco_msgs/local/lib/python3.10/dist-packages/aruco_msgs/msg/__init__.py'...
[11.821s] Compiling '/home/monisha/simulation_ws/install/aruco_msgs/local/lib/python3.10/dist-packages/aruco_msgs/msg/_marker.py'...
[11.821s] Compiling '/home/monisha/simulation_ws/install/aruco_msgs/local/lib/python3.10/dist-packages/aruco_msgs/msg/_marker_array.py'...
[11.827s] -- Installing: /home/monisha/simulation_ws/install/aruco_msgs/local/lib/python3.10/dist-packages/aruco_msgs/aruco_msgs_s__rosidl_typesupport_fastrtps_c.cpython-310-x86_64-linux-gnu.so
[11.827s] -- Set runtime path of "/home/monisha/simulation_ws/install/aruco_msgs/local/lib/python3.10/dist-packages/aruco_msgs/aruco_msgs_s__rosidl_typesupport_fastrtps_c.cpython-310-x86_64-linux-gnu.so" to ""
[11.827s] -- Installing: /home/monisha/simulation_ws/install/aruco_msgs/local/lib/python3.10/dist-packages/aruco_msgs/aruco_msgs_s__rosidl_typesupport_introspection_c.cpython-310-x86_64-linux-gnu.so
[11.828s] -- Set runtime path of "/home/monisha/simulation_ws/install/aruco_msgs/local/lib/python3.10/dist-packages/aruco_msgs/aruco_msgs_s__rosidl_typesupport_introspection_c.cpython-310-x86_64-linux-gnu.so" to ""
[11.828s] -- Installing: /home/monisha/simulation_ws/install/aruco_msgs/local/lib/python3.10/dist-packages/aruco_msgs/aruco_msgs_s__rosidl_typesupport_c.cpython-310-x86_64-linux-gnu.so
[11.828s] -- Set runtime path of "/home/monisha/simulation_ws/install/aruco_msgs/local/lib/python3.10/dist-packages/aruco_msgs/aruco_msgs_s__rosidl_typesupport_c.cpython-310-x86_64-linux-gnu.so" to ""
[11.828s] -- Installing: /home/monisha/simulation_ws/install/aruco_msgs/lib/libaruco_msgs__rosidl_generator_py.so
[11.829s] -- Set runtime path of "/home/monisha/simulation_ws/install/aruco_msgs/lib/libaruco_msgs__rosidl_generator_py.so" to ""
[11.829s] -- Installing: /home/monisha/simulation_ws/install/aruco_msgs/share/aruco_msgs/msg/Marker.idl
[11.830s] -- Installing: /home/monisha/simulation_ws/install/aruco_msgs/share/aruco_msgs/msg/MarkerArray.idl
[11.830s] -- Up-to-date: /home/monisha/simulation_ws/install/aruco_msgs/share/aruco_msgs/msg/Marker.msg
[11.830s] -- Up-to-date: /home/monisha/simulation_ws/install/aruco_msgs/share/aruco_msgs/msg/MarkerArray.msg
[11.830s] -- Installing: /home/monisha/simulation_ws/install/aruco_msgs/share/ament_index/resource_index/package_run_dependencies/aruco_msgs
[11.831s] -- Installing: /home/monisha/simulation_ws/install/aruco_msgs/share/ament_index/resource_index/parent_prefix_path/aruco_msgs
[11.831s] -- Up-to-date: /home/monisha/simulation_ws/install/aruco_msgs/share/aruco_msgs/environment/ament_prefix_path.sh
[11.831s] -- Installing: /home/monisha/simulation_ws/install/aruco_msgs/share/aruco_msgs/environment/ament_prefix_path.dsv
[11.831s] -- Up-to-date: /home/monisha/simulation_ws/install/aruco_msgs/share/aruco_msgs/environment/path.sh
[11.831s] -- Installing: /home/monisha/simulation_ws/install/aruco_msgs/share/aruco_msgs/environment/path.dsv
[11.832s] -- Installing: /home/monisha/simulation_ws/install/aruco_msgs/share/aruco_msgs/local_setup.bash
[11.832s] -- Installing: /home/monisha/simulation_ws/install/aruco_msgs/share/aruco_msgs/local_setup.sh
[11.832s] -- Installing: /home/monisha/simulation_ws/install/aruco_msgs/share/aruco_msgs/local_setup.zsh
[11.833s] -- Installing: /home/monisha/simulation_ws/install/aruco_msgs/share/aruco_msgs/local_setup.dsv
[11.833s] -- Installing: /home/monisha/simulation_ws/install/aruco_msgs/share/aruco_msgs/package.dsv
[11.833s] -- Installing: /home/monisha/simulation_ws/install/aruco_msgs/share/ament_index/resource_index/packages/aruco_msgs
[11.833s] -- Installing: /home/monisha/simulation_ws/install/aruco_msgs/share/aruco_msgs/cmake/export_aruco_msgs__rosidl_generator_cExport.cmake
[11.833s] -- Installing: /home/monisha/simulation_ws/install/aruco_msgs/share/aruco_msgs/cmake/export_aruco_msgs__rosidl_generator_cExport-noconfig.cmake
[11.833s] -- Installing: /home/monisha/simulation_ws/install/aruco_msgs/share/aruco_msgs/cmake/export_aruco_msgs__rosidl_typesupport_fastrtps_cExport.cmake
[11.834s] -- Installing: /home/monisha/simulation_ws/install/aruco_msgs/share/aruco_msgs/cmake/export_aruco_msgs__rosidl_typesupport_fastrtps_cExport-noconfig.cmake
[11.834s] -- Installing: /home/monisha/simulation_ws/install/aruco_msgs/share/aruco_msgs/cmake/export_aruco_msgs__rosidl_generator_cppExport.cmake
[11.834s] -- Installing: /home/monisha/simulation_ws/install/aruco_msgs/share/aruco_msgs/cmake/export_aruco_msgs__rosidl_typesupport_fastrtps_cppExport.cmake
[11.834s] -- Installing: /home/monisha/simulation_ws/install/aruco_msgs/share/aruco_msgs/cmake/export_aruco_msgs__rosidl_typesupport_fastrtps_cppExport-noconfig.cmake
[11.834s] -- Installing: /home/monisha/simulation_ws/install/aruco_msgs/share/aruco_msgs/cmake/aruco_msgs__rosidl_typesupport_introspection_cExport.cmake
[11.835s] -- Installing: /home/monisha/simulation_ws/install/aruco_msgs/share/aruco_msgs/cmake/aruco_msgs__rosidl_typesupport_introspection_cExport-noconfig.cmake
[11.835s] -- Installing: /home/monisha/simulation_ws/install/aruco_msgs/share/aruco_msgs/cmake/aruco_msgs__rosidl_typesupport_cExport.cmake
[11.835s] -- Installing: /home/monisha/simulation_ws/install/aruco_msgs/share/aruco_msgs/cmake/aruco_msgs__rosidl_typesupport_cExport-noconfig.cmake
[11.835s] -- Installing: /home/monisha/simulation_ws/install/aruco_msgs/share/aruco_msgs/cmake/aruco_msgs__rosidl_typesupport_introspection_cppExport.cmake
[11.835s] -- Installing: /home/monisha/simulation_ws/install/aruco_msgs/share/aruco_msgs/cmake/aruco_msgs__rosidl_typesupport_introspection_cppExport-noconfig.cmake
[11.835s] -- Installing: /home/monisha/simulation_ws/install/aruco_msgs/share/aruco_msgs/cmake/aruco_msgs__rosidl_typesupport_cppExport.cmake
[11.835s] -- Installing: /home/monisha/simulation_ws/install/aruco_msgs/share/aruco_msgs/cmake/aruco_msgs__rosidl_typesupport_cppExport-noconfig.cmake
[11.835s] -- Installing: /home/monisha/simulation_ws/install/aruco_msgs/share/aruco_msgs/cmake/export_aruco_msgs__rosidl_generator_pyExport.cmake
[11.836s] -- Installing: /home/monisha/simulation_ws/install/aruco_msgs/share/aruco_msgs/cmake/export_aruco_msgs__rosidl_generator_pyExport-noconfig.cmake
[11.836s] -- Installing: /home/monisha/simulation_ws/install/aruco_msgs/share/aruco_msgs/cmake/rosidl_cmake-extras.cmake
[11.836s] -- Installing: /home/monisha/simulation_ws/install/aruco_msgs/share/aruco_msgs/cmake/ament_cmake_export_dependencies-extras.cmake
[11.836s] -- Installing: /home/monisha/simulation_ws/install/aruco_msgs/share/aruco_msgs/cmake/ament_cmake_export_include_directories-extras.cmake
[11.836s] -- Installing: /home/monisha/simulation_ws/install/aruco_msgs/share/aruco_msgs/cmake/ament_cmake_export_libraries-extras.cmake
[11.836s] -- Installing: /home/monisha/simulation_ws/install/aruco_msgs/share/aruco_msgs/cmake/ament_cmake_export_targets-extras.cmake
[11.836s] -- Installing: /home/monisha/simulation_ws/install/aruco_msgs/share/aruco_msgs/cmake/rosidl_cmake_export_typesupport_targets-extras.cmake
[11.837s] -- Installing: /home/monisha/simulation_ws/install/aruco_msgs/share/aruco_msgs/cmake/rosidl_cmake_export_typesupport_libraries-extras.cmake
[11.837s] -- Installing: /home/monisha/simulation_ws/install/aruco_msgs/share/aruco_msgs/cmake/aruco_msgsConfig.cmake
[11.837s] -- Installing: /home/monisha/simulation_ws/install/aruco_msgs/share/aruco_msgs/cmake/aruco_msgsConfig-version.cmake
[11.837s] -- Up-to-date: /home/monisha/simulation_ws/install/aruco_msgs/share/aruco_msgs/package.xml
[11.838s] Invoked command in '/home/monisha/simulation_ws/build/aruco_msgs' returned '0': CMAKE_PREFIX_PATH=${CMAKE_PREFIX_PATH}:/home/monisha/turtlebot3_ws/install/turtlebot3_teleop:/home/monisha/turtlebot3_ws/install/turtlebot3_example:/home/monisha/turtlebot3_ws/install/my_aruco_detector:/home/monisha/install/turtlebot3_teleop:/home/monisha/install/turtlebot3_example:/home/monisha/install/launch_testing_examples:/home/monisha/install/examples_rclpy_pointcloud_publisher:/home/monisha/install/examples_rclpy_minimal_subscriber:/home/monisha/install/examples_rclpy_minimal_service:/home/monisha/install/examples_rclpy_minimal_publisher:/home/monisha/install/examples_rclpy_minimal_client:/home/monisha/install/examples_rclpy_minimal_action_server:/home/monisha/install/examples_rclpy_minimal_action_client:/home/monisha/install/examples_rclpy_guard_conditions:/home/monisha/install/examples_rclpy_executors:/opt/ros/humble /usr/bin/cmake --install /home/monisha/simulation_ws/build/aruco_msgs
