[0.131s] DEBUG:colcon:Command line arguments: ['/usr/bin/colcon', 'build']
[0.131s] DEBUG:colcon:Parsed command line arguments: Namespace(log_base=None, log_level=None, verb_name='build', build_base='build', install_base='install', merge_install=False, symlink_install=False, test_result_base=None, continue_on_error=False, executor='parallel', parallel_workers=12, event_handlers=None, ignore_user_meta=False, metas=['./colcon.meta'], base_paths=['.'], packages_ignore=None, packages_ignore_regex=None, paths=None, packages_up_to=None, packages_up_to_regex=None, packages_above=None, packages_above_and_dependencies=None, packages_above_depth=None, packages_select_by_dep=None, packages_skip_by_dep=None, packages_skip_up_to=None, packages_select_build_failed=False, packages_skip_build_finished=False, packages_select_test_failures=False, packages_skip_test_passed=False, packages_select=None, packages_skip=None, packages_select_regex=None, packages_skip_regex=None, packages_start=None, packages_end=None, allow_overriding=[], cmake_args=None, cmake_target=None, cmake_target_skip_unavailable=False, cmake_clean_cache=False, cmake_clean_first=False, cmake_force_configure=False, ament_cmake_args=None, catkin_cmake_args=None, catkin_skip_building_tests=False, verb_parser=<colcon_defaults.argument_parser.defaults.DefaultArgumentsDecorator object at 0x75d2ffb7e1d0>, verb_extension=<colcon_core.verb.build.BuildVerb object at 0x75d2ffb7d390>, main=<bound method BuildVerb.main of <colcon_core.verb.build.BuildVerb object at 0x75d2ffb7d390>>)
[0.318s] Level 1:colcon.colcon_core.package_discovery:discover_packages(colcon_meta) check parameters
[0.318s] Level 1:colcon.colcon_core.package_discovery:discover_packages(recursive) check parameters
[0.318s] Level 1:colcon.colcon_core.package_discovery:discover_packages(ignore) check parameters
[0.318s] Level 1:colcon.colcon_core.package_discovery:discover_packages(path) check parameters
[0.318s] Level 1:colcon.colcon_core.package_discovery:discover_packages(colcon_meta) discover
[0.318s] Level 1:colcon.colcon_core.package_discovery:discover_packages(recursive) discover
[0.318s] INFO:colcon.colcon_core.package_discovery:Crawling recursively for packages in '/home/monisha/simulation_ws'
[0.318s] Level 1:colcon.colcon_core.package_identification:_identify(.) by extensions ['ignore', 'ignore_ament_install']
[0.318s] Level 1:colcon.colcon_core.package_identification:_identify(.) by extension 'ignore'
[0.318s] Level 1:colcon.colcon_core.package_identification:_identify(.) by extension 'ignore_ament_install'
[0.318s] Level 1:colcon.colcon_core.package_identification:_identify(.) by extensions ['colcon_pkg']
[0.319s] Level 1:colcon.colcon_core.package_identification:_identify(.) by extension 'colcon_pkg'
[0.319s] Level 1:colcon.colcon_core.package_identification:_identify(.) by extensions ['colcon_meta']
[0.319s] Level 1:colcon.colcon_core.package_identification:_identify(.) by extension 'colcon_meta'
[0.319s] Level 1:colcon.colcon_core.package_identification:_identify(.) by extensions ['ros']
[0.319s] Level 1:colcon.colcon_core.package_identification:_identify(.) by extension 'ros'
[0.332s] Level 1:colcon.colcon_core.package_identification:_identify(.) by extensions ['cmake', 'python']
[0.332s] Level 1:colcon.colcon_core.package_identification:_identify(.) by extension 'cmake'
[0.332s] Level 1:colcon.colcon_core.package_identification:_identify(.) by extension 'python'
[0.332s] Level 1:colcon.colcon_core.package_identification:_identify(.) by extensions ['python_setup_py']
[0.332s] Level 1:colcon.colcon_core.package_identification:_identify(.) by extension 'python_setup_py'
[0.332s] Level 1:colcon.colcon_core.package_identification:_identify(build) by extensions ['ignore', 'ignore_ament_install']
[0.332s] Level 1:colcon.colcon_core.package_identification:_identify(build) by extension 'ignore'
[0.332s] Level 1:colcon.colcon_core.package_identification:_identify(build) ignored
[0.333s] Level 1:colcon.colcon_core.package_identification:_identify(install) by extensions ['ignore', 'ignore_ament_install']
[0.333s] Level 1:colcon.colcon_core.package_identification:_identify(install) by extension 'ignore'
[0.333s] Level 1:colcon.colcon_core.package_identification:_identify(install) ignored
[0.333s] Level 1:colcon.colcon_core.package_identification:_identify(log) by extensions ['ignore', 'ignore_ament_install']
[0.333s] Level 1:colcon.colcon_core.package_identification:_identify(log) by extension 'ignore'
[0.333s] Level 1:colcon.colcon_core.package_identification:_identify(log) ignored
[0.333s] Level 1:colcon.colcon_core.package_identification:_identify(src) by extensions ['ignore', 'ignore_ament_install']
[0.333s] Level 1:colcon.colcon_core.package_identification:_identify(src) by extension 'ignore'
[0.333s] Level 1:colcon.colcon_core.package_identification:_identify(src) by extension 'ignore_ament_install'
[0.333s] Level 1:colcon.colcon_core.package_identification:_identify(src) by extensions ['colcon_pkg']
[0.333s] Level 1:colcon.colcon_core.package_identification:_identify(src) by extension 'colcon_pkg'
[0.333s] Level 1:colcon.colcon_core.package_identification:_identify(src) by extensions ['colcon_meta']
[0.333s] Level 1:colcon.colcon_core.package_identification:_identify(src) by extension 'colcon_meta'
[0.333s] Level 1:colcon.colcon_core.package_identification:_identify(src) by extensions ['ros']
[0.333s] Level 1:colcon.colcon_core.package_identification:_identify(src) by extension 'ros'
[0.333s] Level 1:colcon.colcon_core.package_identification:_identify(src) by extensions ['cmake', 'python']
[0.333s] Level 1:colcon.colcon_core.package_identification:_identify(src) by extension 'cmake'
[0.333s] Level 1:colcon.colcon_core.package_identification:_identify(src) by extension 'python'
[0.333s] Level 1:colcon.colcon_core.package_identification:_identify(src) by extensions ['python_setup_py']
[0.333s] Level 1:colcon.colcon_core.package_identification:_identify(src) by extension 'python_setup_py'
[0.333s] Level 1:colcon.colcon_core.package_identification:_identify(src/aruco_ros) by extensions ['ignore', 'ignore_ament_install']
[0.333s] Level 1:colcon.colcon_core.package_identification:_identify(src/aruco_ros) by extension 'ignore'
[0.333s] Level 1:colcon.colcon_core.package_identification:_identify(src/aruco_ros) by extension 'ignore_ament_install'
[0.333s] Level 1:colcon.colcon_core.package_identification:_identify(src/aruco_ros) by extensions ['colcon_pkg']
[0.333s] Level 1:colcon.colcon_core.package_identification:_identify(src/aruco_ros) by extension 'colcon_pkg'
[0.333s] Level 1:colcon.colcon_core.package_identification:_identify(src/aruco_ros) by extensions ['colcon_meta']
[0.333s] Level 1:colcon.colcon_core.package_identification:_identify(src/aruco_ros) by extension 'colcon_meta'
[0.334s] Level 1:colcon.colcon_core.package_identification:_identify(src/aruco_ros) by extensions ['ros']
[0.334s] Level 1:colcon.colcon_core.package_identification:_identify(src/aruco_ros) by extension 'ros'
[0.334s] Level 1:colcon.colcon_core.package_identification:_identify(src/aruco_ros) by extensions ['cmake', 'python']
[0.334s] Level 1:colcon.colcon_core.package_identification:_identify(src/aruco_ros) by extension 'cmake'
[0.334s] Level 1:colcon.colcon_core.package_identification:_identify(src/aruco_ros) by extension 'python'
[0.334s] Level 1:colcon.colcon_core.package_identification:_identify(src/aruco_ros) by extensions ['python_setup_py']
[0.334s] Level 1:colcon.colcon_core.package_identification:_identify(src/aruco_ros) by extension 'python_setup_py'
[0.334s] Level 1:colcon.colcon_core.package_identification:_identify(src/aruco_ros/aruco) by extensions ['ignore', 'ignore_ament_install']
[0.334s] Level 1:colcon.colcon_core.package_identification:_identify(src/aruco_ros/aruco) by extension 'ignore'
[0.334s] Level 1:colcon.colcon_core.package_identification:_identify(src/aruco_ros/aruco) by extension 'ignore_ament_install'
[0.334s] Level 1:colcon.colcon_core.package_identification:_identify(src/aruco_ros/aruco) by extensions ['colcon_pkg']
[0.334s] Level 1:colcon.colcon_core.package_identification:_identify(src/aruco_ros/aruco) by extension 'colcon_pkg'
[0.334s] Level 1:colcon.colcon_core.package_identification:_identify(src/aruco_ros/aruco) by extensions ['colcon_meta']
[0.334s] Level 1:colcon.colcon_core.package_identification:_identify(src/aruco_ros/aruco) by extension 'colcon_meta'
[0.334s] Level 1:colcon.colcon_core.package_identification:_identify(src/aruco_ros/aruco) by extensions ['ros']
[0.334s] Level 1:colcon.colcon_core.package_identification:_identify(src/aruco_ros/aruco) by extension 'ros'
[0.336s] DEBUG:colcon.colcon_core.package_identification:Package 'src/aruco_ros/aruco' with type 'ros.ament_cmake' and name 'aruco'
[0.336s] Level 1:colcon.colcon_core.package_identification:_identify(src/aruco_ros/aruco_msgs) by extensions ['ignore', 'ignore_ament_install']
[0.336s] Level 1:colcon.colcon_core.package_identification:_identify(src/aruco_ros/aruco_msgs) by extension 'ignore'
[0.336s] Level 1:colcon.colcon_core.package_identification:_identify(src/aruco_ros/aruco_msgs) by extension 'ignore_ament_install'
[0.336s] Level 1:colcon.colcon_core.package_identification:_identify(src/aruco_ros/aruco_msgs) by extensions ['colcon_pkg']
[0.336s] Level 1:colcon.colcon_core.package_identification:_identify(src/aruco_ros/aruco_msgs) by extension 'colcon_pkg'
[0.336s] Level 1:colcon.colcon_core.package_identification:_identify(src/aruco_ros/aruco_msgs) by extensions ['colcon_meta']
[0.336s] Level 1:colcon.colcon_core.package_identification:_identify(src/aruco_ros/aruco_msgs) by extension 'colcon_meta'
[0.336s] Level 1:colcon.colcon_core.package_identification:_identify(src/aruco_ros/aruco_msgs) by extensions ['ros']
[0.336s] Level 1:colcon.colcon_core.package_identification:_identify(src/aruco_ros/aruco_msgs) by extension 'ros'
[0.337s] DEBUG:colcon.colcon_core.package_identification:Package 'src/aruco_ros/aruco_msgs' with type 'ros.ament_cmake' and name 'aruco_msgs'
[0.337s] Level 1:colcon.colcon_core.package_identification:_identify(src/aruco_ros/aruco_ros) by extensions ['ignore', 'ignore_ament_install']
[0.337s] Level 1:colcon.colcon_core.package_identification:_identify(src/aruco_ros/aruco_ros) by extension 'ignore'
[0.337s] Level 1:colcon.colcon_core.package_identification:_identify(src/aruco_ros/aruco_ros) by extension 'ignore_ament_install'
[0.337s] Level 1:colcon.colcon_core.package_identification:_identify(src/aruco_ros/aruco_ros) by extensions ['colcon_pkg']
[0.337s] Level 1:colcon.colcon_core.package_identification:_identify(src/aruco_ros/aruco_ros) by extension 'colcon_pkg'
[0.337s] Level 1:colcon.colcon_core.package_identification:_identify(src/aruco_ros/aruco_ros) by extensions ['colcon_meta']
[0.337s] Level 1:colcon.colcon_core.package_identification:_identify(src/aruco_ros/aruco_ros) by extension 'colcon_meta'
[0.337s] Level 1:colcon.colcon_core.package_identification:_identify(src/aruco_ros/aruco_ros) by extensions ['ros']
[0.337s] Level 1:colcon.colcon_core.package_identification:_identify(src/aruco_ros/aruco_ros) by extension 'ros'
[0.340s] DEBUG:colcon.colcon_core.package_identification:Package 'src/aruco_ros/aruco_ros' with type 'ros.ament_cmake' and name 'aruco_ros'
[0.340s] Level 1:colcon.colcon_core.package_identification:_identify(src/my_simulation) by extensions ['ignore', 'ignore_ament_install']
[0.341s] Level 1:colcon.colcon_core.package_identification:_identify(src/my_simulation) by extension 'ignore'
[0.341s] Level 1:colcon.colcon_core.package_identification:_identify(src/my_simulation) by extension 'ignore_ament_install'
[0.341s] Level 1:colcon.colcon_core.package_identification:_identify(src/my_simulation) by extensions ['colcon_pkg']
[0.341s] Level 1:colcon.colcon_core.package_identification:_identify(src/my_simulation) by extension 'colcon_pkg'
[0.341s] Level 1:colcon.colcon_core.package_identification:_identify(src/my_simulation) by extensions ['colcon_meta']
[0.341s] Level 1:colcon.colcon_core.package_identification:_identify(src/my_simulation) by extension 'colcon_meta'
[0.341s] Level 1:colcon.colcon_core.package_identification:_identify(src/my_simulation) by extensions ['ros']
[0.341s] Level 1:colcon.colcon_core.package_identification:_identify(src/my_simulation) by extension 'ros'
[0.342s] DEBUG:colcon.colcon_core.package_identification:Package 'src/my_simulation' with type 'ros.ament_cmake' and name 'my_simulation'
[0.342s] Level 1:colcon.colcon_core.package_discovery:discover_packages(recursive) using defaults
[0.342s] Level 1:colcon.colcon_core.package_discovery:discover_packages(ignore) discover
[0.343s] Level 1:colcon.colcon_core.package_discovery:discover_packages(ignore) using defaults
[0.343s] Level 1:colcon.colcon_core.package_discovery:discover_packages(path) discover
[0.343s] Level 1:colcon.colcon_core.package_discovery:discover_packages(path) using defaults
[0.377s] Level 1:colcon.colcon_core.package_discovery:discover_packages(prefix_path) check parameters
[0.377s] Level 1:colcon.colcon_core.package_discovery:discover_packages(prefix_path) discover
[0.382s] DEBUG:colcon.colcon_installed_package_information.package_discovery:Found 4 installed packages in /home/monisha/simulation_ws/install
[0.382s] DEBUG:colcon.colcon_installed_package_information.package_discovery:Found 1 installed packages in /home/monisha/forklift_ws/install
[0.383s] DEBUG:colcon.colcon_installed_package_information.package_discovery:Found 0 installed packages in /home/monisha/turtlebot_ws/install
[0.383s] DEBUG:colcon.colcon_installed_package_information.package_discovery:Found 16 installed packages in /home/monisha/turtlebot3_ws/install
[0.384s] DEBUG:colcon.colcon_installed_package_information.package_discovery:Found 37 installed packages in /home/monisha/install
[0.385s] DEBUG:colcon.colcon_installed_package_information.package_discovery:Found 365 installed packages in /opt/ros/humble
[0.387s] Level 1:colcon.colcon_core.package_discovery:discover_packages(prefix_path) using defaults
[0.431s] Level 5:colcon.colcon_core.verb:set package 'aruco' build argument 'cmake_args' from command line to 'None'
[0.431s] Level 5:colcon.colcon_core.verb:set package 'aruco' build argument 'cmake_target' from command line to 'None'
[0.431s] Level 5:colcon.colcon_core.verb:set package 'aruco' build argument 'cmake_target_skip_unavailable' from command line to 'False'
[0.431s] Level 5:colcon.colcon_core.verb:set package 'aruco' build argument 'cmake_clean_cache' from command line to 'False'
[0.432s] Level 5:colcon.colcon_core.verb:set package 'aruco' build argument 'cmake_clean_first' from command line to 'False'
[0.432s] Level 5:colcon.colcon_core.verb:set package 'aruco' build argument 'cmake_force_configure' from command line to 'False'
[0.432s] Level 5:colcon.colcon_core.verb:set package 'aruco' build argument 'ament_cmake_args' from command line to 'None'
[0.432s] Level 5:colcon.colcon_core.verb:set package 'aruco' build argument 'catkin_cmake_args' from command line to 'None'
[0.432s] Level 5:colcon.colcon_core.verb:set package 'aruco' build argument 'catkin_skip_building_tests' from command line to 'False'
[0.432s] DEBUG:colcon.colcon_core.verb:Building package 'aruco' with the following arguments: {'ament_cmake_args': None, 'build_base': '/home/monisha/simulation_ws/build/aruco', 'catkin_cmake_args': None, 'catkin_skip_building_tests': False, 'cmake_args': None, 'cmake_clean_cache': False, 'cmake_clean_first': False, 'cmake_force_configure': False, 'cmake_target': None, 'cmake_target_skip_unavailable': False, 'install_base': '/home/monisha/simulation_ws/install/aruco', 'merge_install': False, 'path': '/home/monisha/simulation_ws/src/aruco_ros/aruco', 'symlink_install': False, 'test_result_base': None}
[0.432s] Level 5:colcon.colcon_core.verb:set package 'aruco_msgs' build argument 'cmake_args' from command line to 'None'
[0.432s] Level 5:colcon.colcon_core.verb:set package 'aruco_msgs' build argument 'cmake_target' from command line to 'None'
[0.432s] Level 5:colcon.colcon_core.verb:set package 'aruco_msgs' build argument 'cmake_target_skip_unavailable' from command line to 'False'
[0.432s] Level 5:colcon.colcon_core.verb:set package 'aruco_msgs' build argument 'cmake_clean_cache' from command line to 'False'
[0.432s] Level 5:colcon.colcon_core.verb:set package 'aruco_msgs' build argument 'cmake_clean_first' from command line to 'False'
[0.432s] Level 5:colcon.colcon_core.verb:set package 'aruco_msgs' build argument 'cmake_force_configure' from command line to 'False'
[0.432s] Level 5:colcon.colcon_core.verb:set package 'aruco_msgs' build argument 'ament_cmake_args' from command line to 'None'
[0.432s] Level 5:colcon.colcon_core.verb:set package 'aruco_msgs' build argument 'catkin_cmake_args' from command line to 'None'
[0.432s] Level 5:colcon.colcon_core.verb:set package 'aruco_msgs' build argument 'catkin_skip_building_tests' from command line to 'False'
[0.432s] DEBUG:colcon.colcon_core.verb:Building package 'aruco_msgs' with the following arguments: {'ament_cmake_args': None, 'build_base': '/home/monisha/simulation_ws/build/aruco_msgs', 'catkin_cmake_args': None, 'catkin_skip_building_tests': False, 'cmake_args': None, 'cmake_clean_cache': False, 'cmake_clean_first': False, 'cmake_force_configure': False, 'cmake_target': None, 'cmake_target_skip_unavailable': False, 'install_base': '/home/monisha/simulation_ws/install/aruco_msgs', 'merge_install': False, 'path': '/home/monisha/simulation_ws/src/aruco_ros/aruco_msgs', 'symlink_install': False, 'test_result_base': None}
[0.432s] Level 5:colcon.colcon_core.verb:set package 'my_simulation' build argument 'cmake_args' from command line to 'None'
[0.432s] Level 5:colcon.colcon_core.verb:set package 'my_simulation' build argument 'cmake_target' from command line to 'None'
[0.432s] Level 5:colcon.colcon_core.verb:set package 'my_simulation' build argument 'cmake_target_skip_unavailable' from command line to 'False'
[0.432s] Level 5:colcon.colcon_core.verb:set package 'my_simulation' build argument 'cmake_clean_cache' from command line to 'False'
[0.432s] Level 5:colcon.colcon_core.verb:set package 'my_simulation' build argument 'cmake_clean_first' from command line to 'False'
[0.432s] Level 5:colcon.colcon_core.verb:set package 'my_simulation' build argument 'cmake_force_configure' from command line to 'False'
[0.432s] Level 5:colcon.colcon_core.verb:set package 'my_simulation' build argument 'ament_cmake_args' from command line to 'None'
[0.432s] Level 5:colcon.colcon_core.verb:set package 'my_simulation' build argument 'catkin_cmake_args' from command line to 'None'
[0.432s] Level 5:colcon.colcon_core.verb:set package 'my_simulation' build argument 'catkin_skip_building_tests' from command line to 'False'
[0.432s] DEBUG:colcon.colcon_core.verb:Building package 'my_simulation' with the following arguments: {'ament_cmake_args': None, 'build_base': '/home/monisha/simulation_ws/build/my_simulation', 'catkin_cmake_args': None, 'catkin_skip_building_tests': False, 'cmake_args': None, 'cmake_clean_cache': False, 'cmake_clean_first': False, 'cmake_force_configure': False, 'cmake_target': None, 'cmake_target_skip_unavailable': False, 'install_base': '/home/monisha/simulation_ws/install/my_simulation', 'merge_install': False, 'path': '/home/monisha/simulation_ws/src/my_simulation', 'symlink_install': False, 'test_result_base': None}
[0.433s] Level 5:colcon.colcon_core.verb:set package 'aruco_ros' build argument 'cmake_args' from command line to 'None'
[0.433s] Level 5:colcon.colcon_core.verb:set package 'aruco_ros' build argument 'cmake_target' from command line to 'None'
[0.433s] Level 5:colcon.colcon_core.verb:set package 'aruco_ros' build argument 'cmake_target_skip_unavailable' from command line to 'False'
[0.433s] Level 5:colcon.colcon_core.verb:set package 'aruco_ros' build argument 'cmake_clean_cache' from command line to 'False'
[0.433s] Level 5:colcon.colcon_core.verb:set package 'aruco_ros' build argument 'cmake_clean_first' from command line to 'False'
[0.433s] Level 5:colcon.colcon_core.verb:set package 'aruco_ros' build argument 'cmake_force_configure' from command line to 'False'
[0.433s] Level 5:colcon.colcon_core.verb:set package 'aruco_ros' build argument 'ament_cmake_args' from command line to 'None'
[0.433s] Level 5:colcon.colcon_core.verb:set package 'aruco_ros' build argument 'catkin_cmake_args' from command line to 'None'
[0.433s] Level 5:colcon.colcon_core.verb:set package 'aruco_ros' build argument 'catkin_skip_building_tests' from command line to 'False'
[0.433s] DEBUG:colcon.colcon_core.verb:Building package 'aruco_ros' with the following arguments: {'ament_cmake_args': None, 'build_base': '/home/monisha/simulation_ws/build/aruco_ros', 'catkin_cmake_args': None, 'catkin_skip_building_tests': False, 'cmake_args': None, 'cmake_clean_cache': False, 'cmake_clean_first': False, 'cmake_force_configure': False, 'cmake_target': None, 'cmake_target_skip_unavailable': False, 'install_base': '/home/monisha/simulation_ws/install/aruco_ros', 'merge_install': False, 'path': '/home/monisha/simulation_ws/src/aruco_ros/aruco_ros', 'symlink_install': False, 'test_result_base': None}
[0.433s] INFO:colcon.colcon_core.executor:Executing jobs using 'parallel' executor
[0.434s] DEBUG:colcon.colcon_parallel_executor.executor.parallel:run_until_complete
[0.435s] INFO:colcon.colcon_ros.task.ament_cmake.build:Building ROS package in '/home/monisha/simulation_ws/src/aruco_ros/aruco' with build type 'ament_cmake'
[0.435s] INFO:colcon.colcon_cmake.task.cmake.build:Building CMake package in '/home/monisha/simulation_ws/src/aruco_ros/aruco'
[0.438s] INFO:colcon.colcon_core.plugin_system:Skipping extension 'colcon_core.shell.bat': Not used on non-Windows systems
[0.438s] INFO:colcon.colcon_core.shell:Skip shell extension 'powershell' for command environment: Not usable outside of PowerShell
[0.438s] DEBUG:colcon.colcon_core.shell:Skip shell extension 'dsv' for command environment
[0.448s] INFO:colcon.colcon_ros.task.ament_cmake.build:Building ROS package in '/home/monisha/simulation_ws/src/aruco_ros/aruco_msgs' with build type 'ament_cmake'
[0.448s] INFO:colcon.colcon_cmake.task.cmake.build:Building CMake package in '/home/monisha/simulation_ws/src/aruco_ros/aruco_msgs'
[0.448s] INFO:colcon.colcon_core.shell:Skip shell extension 'powershell' for command environment: Not usable outside of PowerShell
[0.448s] DEBUG:colcon.colcon_core.shell:Skip shell extension 'dsv' for command environment
[0.454s] INFO:colcon.colcon_ros.task.ament_cmake.build:Building ROS package in '/home/monisha/simulation_ws/src/my_simulation' with build type 'ament_cmake'
[0.454s] INFO:colcon.colcon_cmake.task.cmake.build:Building CMake package in '/home/monisha/simulation_ws/src/my_simulation'
[0.455s] INFO:colcon.colcon_core.shell:Skip shell extension 'powershell' for command environment: Not usable outside of PowerShell
[0.455s] DEBUG:colcon.colcon_core.shell:Skip shell extension 'dsv' for command environment
[0.472s] DEBUG:colcon.colcon_core.event_handler.log_command:Invoking command in '/home/monisha/simulation_ws/build/aruco': CMAKE_PREFIX_PATH=${CMAKE_PREFIX_PATH}:/home/monisha/turtlebot3_ws/install/turtlebot3_teleop:/home/monisha/turtlebot3_ws/install/turtlebot3_example:/home/monisha/turtlebot3_ws/install/my_aruco_detector:/home/monisha/install/turtlebot3_teleop:/home/monisha/install/turtlebot3_example:/home/monisha/install/launch_testing_examples:/home/monisha/install/examples_rclpy_pointcloud_publisher:/home/monisha/install/examples_rclpy_minimal_subscriber:/home/monisha/install/examples_rclpy_minimal_service:/home/monisha/install/examples_rclpy_minimal_publisher:/home/monisha/install/examples_rclpy_minimal_client:/home/monisha/install/examples_rclpy_minimal_action_server:/home/monisha/install/examples_rclpy_minimal_action_client:/home/monisha/install/examples_rclpy_guard_conditions:/home/monisha/install/examples_rclpy_executors:/opt/ros/humble /usr/bin/cmake --build /home/monisha/simulation_ws/build/aruco -- -j12 -l12
[0.481s] DEBUG:colcon.colcon_core.event_handler.log_command:Invoking command in '/home/monisha/simulation_ws/build/aruco_msgs': CMAKE_PREFIX_PATH=${CMAKE_PREFIX_PATH}:/home/monisha/turtlebot3_ws/install/turtlebot3_teleop:/home/monisha/turtlebot3_ws/install/turtlebot3_example:/home/monisha/turtlebot3_ws/install/my_aruco_detector:/home/monisha/install/turtlebot3_teleop:/home/monisha/install/turtlebot3_example:/home/monisha/install/launch_testing_examples:/home/monisha/install/examples_rclpy_pointcloud_publisher:/home/monisha/install/examples_rclpy_minimal_subscriber:/home/monisha/install/examples_rclpy_minimal_service:/home/monisha/install/examples_rclpy_minimal_publisher:/home/monisha/install/examples_rclpy_minimal_client:/home/monisha/install/examples_rclpy_minimal_action_server:/home/monisha/install/examples_rclpy_minimal_action_client:/home/monisha/install/examples_rclpy_guard_conditions:/home/monisha/install/examples_rclpy_executors:/opt/ros/humble /usr/bin/cmake --build /home/monisha/simulation_ws/build/aruco_msgs -- -j12 -l12
[0.487s] DEBUG:colcon.colcon_core.event_handler.log_command:Invoking command in '/home/monisha/simulation_ws/build/my_simulation': CMAKE_PREFIX_PATH=${CMAKE_PREFIX_PATH}:/home/monisha/turtlebot3_ws/install/turtlebot3_teleop:/home/monisha/turtlebot3_ws/install/turtlebot3_example:/home/monisha/turtlebot3_ws/install/my_aruco_detector:/home/monisha/install/turtlebot3_teleop:/home/monisha/install/turtlebot3_example:/home/monisha/install/launch_testing_examples:/home/monisha/install/examples_rclpy_pointcloud_publisher:/home/monisha/install/examples_rclpy_minimal_subscriber:/home/monisha/install/examples_rclpy_minimal_service:/home/monisha/install/examples_rclpy_minimal_publisher:/home/monisha/install/examples_rclpy_minimal_client:/home/monisha/install/examples_rclpy_minimal_action_server:/home/monisha/install/examples_rclpy_minimal_action_client:/home/monisha/install/examples_rclpy_guard_conditions:/home/monisha/install/examples_rclpy_executors:/opt/ros/humble /usr/bin/cmake --build /home/monisha/simulation_ws/build/my_simulation -- -j12 -l12
[0.569s] DEBUG:colcon.colcon_core.event_handler.log_command:Invoked command in '/home/monisha/simulation_ws/build/my_simulation' returned '0': CMAKE_PREFIX_PATH=${CMAKE_PREFIX_PATH}:/home/monisha/turtlebot3_ws/install/turtlebot3_teleop:/home/monisha/turtlebot3_ws/install/turtlebot3_example:/home/monisha/turtlebot3_ws/install/my_aruco_detector:/home/monisha/install/turtlebot3_teleop:/home/monisha/install/turtlebot3_example:/home/monisha/install/launch_testing_examples:/home/monisha/install/examples_rclpy_pointcloud_publisher:/home/monisha/install/examples_rclpy_minimal_subscriber:/home/monisha/install/examples_rclpy_minimal_service:/home/monisha/install/examples_rclpy_minimal_publisher:/home/monisha/install/examples_rclpy_minimal_client:/home/monisha/install/examples_rclpy_minimal_action_server:/home/monisha/install/examples_rclpy_minimal_action_client:/home/monisha/install/examples_rclpy_guard_conditions:/home/monisha/install/examples_rclpy_executors:/opt/ros/humble /usr/bin/cmake --build /home/monisha/simulation_ws/build/my_simulation -- -j12 -l12
[0.591s] DEBUG:colcon.colcon_core.event_handler.log_command:Invoking command in '/home/monisha/simulation_ws/build/my_simulation': CMAKE_PREFIX_PATH=${CMAKE_PREFIX_PATH}:/home/monisha/turtlebot3_ws/install/turtlebot3_teleop:/home/monisha/turtlebot3_ws/install/turtlebot3_example:/home/monisha/turtlebot3_ws/install/my_aruco_detector:/home/monisha/install/turtlebot3_teleop:/home/monisha/install/turtlebot3_example:/home/monisha/install/launch_testing_examples:/home/monisha/install/examples_rclpy_pointcloud_publisher:/home/monisha/install/examples_rclpy_minimal_subscriber:/home/monisha/install/examples_rclpy_minimal_service:/home/monisha/install/examples_rclpy_minimal_publisher:/home/monisha/install/examples_rclpy_minimal_client:/home/monisha/install/examples_rclpy_minimal_action_server:/home/monisha/install/examples_rclpy_minimal_action_client:/home/monisha/install/examples_rclpy_guard_conditions:/home/monisha/install/examples_rclpy_executors:/opt/ros/humble /usr/bin/cmake --install /home/monisha/simulation_ws/build/my_simulation
[0.621s] Level 1:colcon.colcon_core.environment:create_environment_scripts_only(my_simulation)
[0.623s] DEBUG:colcon.colcon_core.event_handler.log_command:Invoked command in '/home/monisha/simulation_ws/build/my_simulation' returned '0': CMAKE_PREFIX_PATH=${CMAKE_PREFIX_PATH}:/home/monisha/turtlebot3_ws/install/turtlebot3_teleop:/home/monisha/turtlebot3_ws/install/turtlebot3_example:/home/monisha/turtlebot3_ws/install/my_aruco_detector:/home/monisha/install/turtlebot3_teleop:/home/monisha/install/turtlebot3_example:/home/monisha/install/launch_testing_examples:/home/monisha/install/examples_rclpy_pointcloud_publisher:/home/monisha/install/examples_rclpy_minimal_subscriber:/home/monisha/install/examples_rclpy_minimal_service:/home/monisha/install/examples_rclpy_minimal_publisher:/home/monisha/install/examples_rclpy_minimal_client:/home/monisha/install/examples_rclpy_minimal_action_server:/home/monisha/install/examples_rclpy_minimal_action_client:/home/monisha/install/examples_rclpy_guard_conditions:/home/monisha/install/examples_rclpy_executors:/opt/ros/humble /usr/bin/cmake --install /home/monisha/simulation_ws/build/my_simulation
[0.632s] Level 1:colcon.colcon_core.environment:checking '/home/monisha/simulation_ws/install/my_simulation' for CMake module files
[0.633s] Level 1:colcon.colcon_core.environment:checking '/home/monisha/simulation_ws/install/my_simulation' for CMake config files
[0.635s] Level 1:colcon.colcon_core.shell:create_environment_hook('my_simulation', 'cmake_prefix_path')
[0.636s] INFO:colcon.colcon_core.shell:Creating environment hook '/home/monisha/simulation_ws/install/my_simulation/share/my_simulation/hook/cmake_prefix_path.ps1'
[0.638s] INFO:colcon.colcon_core.shell:Creating environment descriptor '/home/monisha/simulation_ws/install/my_simulation/share/my_simulation/hook/cmake_prefix_path.dsv'
[0.640s] INFO:colcon.colcon_core.shell:Creating environment hook '/home/monisha/simulation_ws/install/my_simulation/share/my_simulation/hook/cmake_prefix_path.sh'
[0.645s] Level 1:colcon.colcon_core.environment:checking '/home/monisha/simulation_ws/install/my_simulation/lib'
[0.646s] Level 1:colcon.colcon_core.environment:checking '/home/monisha/simulation_ws/install/my_simulation/bin'
[0.646s] Level 1:colcon.colcon_core.environment:checking '/home/monisha/simulation_ws/install/my_simulation/lib/pkgconfig/my_simulation.pc'
[0.647s] Level 1:colcon.colcon_core.environment:checking '/home/monisha/simulation_ws/install/my_simulation/lib/python3.10/site-packages'
[0.647s] Level 1:colcon.colcon_core.environment:checking '/home/monisha/simulation_ws/install/my_simulation/bin'
[0.648s] INFO:colcon.colcon_core.shell:Creating package script '/home/monisha/simulation_ws/install/my_simulation/share/my_simulation/package.ps1'
[0.649s] INFO:colcon.colcon_core.shell:Creating package descriptor '/home/monisha/simulation_ws/install/my_simulation/share/my_simulation/package.dsv'
[0.650s] INFO:colcon.colcon_core.shell:Creating package script '/home/monisha/simulation_ws/install/my_simulation/share/my_simulation/package.sh'
[0.652s] INFO:colcon.colcon_core.shell:Creating package script '/home/monisha/simulation_ws/install/my_simulation/share/my_simulation/package.bash'
[0.654s] INFO:colcon.colcon_core.shell:Creating package script '/home/monisha/simulation_ws/install/my_simulation/share/my_simulation/package.zsh'
[0.656s] Level 1:colcon.colcon_core.environment:create_file_with_runtime_dependencies(/home/monisha/simulation_ws/install/my_simulation/share/colcon-core/packages/my_simulation)
[0.657s] Level 1:colcon.colcon_core.environment:create_environment_scripts_only(my_simulation)
[0.658s] Level 1:colcon.colcon_core.environment:checking '/home/monisha/simulation_ws/install/my_simulation' for CMake module files
[0.659s] Level 1:colcon.colcon_core.environment:checking '/home/monisha/simulation_ws/install/my_simulation' for CMake config files
[0.659s] Level 1:colcon.colcon_core.shell:create_environment_hook('my_simulation', 'cmake_prefix_path')
[0.660s] INFO:colcon.colcon_core.shell:Creating environment hook '/home/monisha/simulation_ws/install/my_simulation/share/my_simulation/hook/cmake_prefix_path.ps1'
[0.662s] INFO:colcon.colcon_core.shell:Creating environment descriptor '/home/monisha/simulation_ws/install/my_simulation/share/my_simulation/hook/cmake_prefix_path.dsv'
[0.663s] INFO:colcon.colcon_core.shell:Creating environment hook '/home/monisha/simulation_ws/install/my_simulation/share/my_simulation/hook/cmake_prefix_path.sh'
[0.664s] Level 1:colcon.colcon_core.environment:checking '/home/monisha/simulation_ws/install/my_simulation/lib'
[0.664s] Level 1:colcon.colcon_core.environment:checking '/home/monisha/simulation_ws/install/my_simulation/bin'
[0.664s] Level 1:colcon.colcon_core.environment:checking '/home/monisha/simulation_ws/install/my_simulation/lib/pkgconfig/my_simulation.pc'
[0.665s] Level 1:colcon.colcon_core.environment:checking '/home/monisha/simulation_ws/install/my_simulation/lib/python3.10/site-packages'
[0.665s] Level 1:colcon.colcon_core.environment:checking '/home/monisha/simulation_ws/install/my_simulation/bin'
[0.665s] INFO:colcon.colcon_core.shell:Creating package script '/home/monisha/simulation_ws/install/my_simulation/share/my_simulation/package.ps1'
[0.666s] INFO:colcon.colcon_core.shell:Creating package descriptor '/home/monisha/simulation_ws/install/my_simulation/share/my_simulation/package.dsv'
[0.667s] INFO:colcon.colcon_core.shell:Creating package script '/home/monisha/simulation_ws/install/my_simulation/share/my_simulation/package.sh'
[0.668s] INFO:colcon.colcon_core.shell:Creating package script '/home/monisha/simulation_ws/install/my_simulation/share/my_simulation/package.bash'
[0.668s] INFO:colcon.colcon_core.shell:Creating package script '/home/monisha/simulation_ws/install/my_simulation/share/my_simulation/package.zsh'
[0.669s] Level 1:colcon.colcon_core.environment:create_file_with_runtime_dependencies(/home/monisha/simulation_ws/install/my_simulation/share/colcon-core/packages/my_simulation)
[0.672s] DEBUG:colcon.colcon_core.event_handler.log_command:Invoked command in '/home/monisha/simulation_ws/build/aruco' returned '0': CMAKE_PREFIX_PATH=${CMAKE_PREFIX_PATH}:/home/monisha/turtlebot3_ws/install/turtlebot3_teleop:/home/monisha/turtlebot3_ws/install/turtlebot3_example:/home/monisha/turtlebot3_ws/install/my_aruco_detector:/home/monisha/install/turtlebot3_teleop:/home/monisha/install/turtlebot3_example:/home/monisha/install/launch_testing_examples:/home/monisha/install/examples_rclpy_pointcloud_publisher:/home/monisha/install/examples_rclpy_minimal_subscriber:/home/monisha/install/examples_rclpy_minimal_service:/home/monisha/install/examples_rclpy_minimal_publisher:/home/monisha/install/examples_rclpy_minimal_client:/home/monisha/install/examples_rclpy_minimal_action_server:/home/monisha/install/examples_rclpy_minimal_action_client:/home/monisha/install/examples_rclpy_guard_conditions:/home/monisha/install/examples_rclpy_executors:/opt/ros/humble /usr/bin/cmake --build /home/monisha/simulation_ws/build/aruco -- -j12 -l12
[0.676s] DEBUG:colcon.colcon_core.event_handler.log_command:Invoking command in '/home/monisha/simulation_ws/build/aruco': CMAKE_PREFIX_PATH=${CMAKE_PREFIX_PATH}:/home/monisha/turtlebot3_ws/install/turtlebot3_teleop:/home/monisha/turtlebot3_ws/install/turtlebot3_example:/home/monisha/turtlebot3_ws/install/my_aruco_detector:/home/monisha/install/turtlebot3_teleop:/home/monisha/install/turtlebot3_example:/home/monisha/install/launch_testing_examples:/home/monisha/install/examples_rclpy_pointcloud_publisher:/home/monisha/install/examples_rclpy_minimal_subscriber:/home/monisha/install/examples_rclpy_minimal_service:/home/monisha/install/examples_rclpy_minimal_publisher:/home/monisha/install/examples_rclpy_minimal_client:/home/monisha/install/examples_rclpy_minimal_action_server:/home/monisha/install/examples_rclpy_minimal_action_client:/home/monisha/install/examples_rclpy_guard_conditions:/home/monisha/install/examples_rclpy_executors:/opt/ros/humble /usr/bin/cmake --install /home/monisha/simulation_ws/build/aruco
[0.701s] Level 1:colcon.colcon_core.environment:create_environment_scripts_only(aruco)
[0.701s] Level 1:colcon.colcon_core.environment:checking '/home/monisha/simulation_ws/install/aruco' for CMake module files
[0.702s] DEBUG:colcon.colcon_core.event_handler.log_command:Invoked command in '/home/monisha/simulation_ws/build/aruco' returned '0': CMAKE_PREFIX_PATH=${CMAKE_PREFIX_PATH}:/home/monisha/turtlebot3_ws/install/turtlebot3_teleop:/home/monisha/turtlebot3_ws/install/turtlebot3_example:/home/monisha/turtlebot3_ws/install/my_aruco_detector:/home/monisha/install/turtlebot3_teleop:/home/monisha/install/turtlebot3_example:/home/monisha/install/launch_testing_examples:/home/monisha/install/examples_rclpy_pointcloud_publisher:/home/monisha/install/examples_rclpy_minimal_subscriber:/home/monisha/install/examples_rclpy_minimal_service:/home/monisha/install/examples_rclpy_minimal_publisher:/home/monisha/install/examples_rclpy_minimal_client:/home/monisha/install/examples_rclpy_minimal_action_server:/home/monisha/install/examples_rclpy_minimal_action_client:/home/monisha/install/examples_rclpy_guard_conditions:/home/monisha/install/examples_rclpy_executors:/opt/ros/humble /usr/bin/cmake --install /home/monisha/simulation_ws/build/aruco
[0.703s] Level 1:colcon.colcon_core.environment:checking '/home/monisha/simulation_ws/install/aruco' for CMake config files
[0.703s] Level 1:colcon.colcon_core.shell:create_environment_hook('aruco', 'cmake_prefix_path')
[0.703s] INFO:colcon.colcon_core.shell:Creating environment hook '/home/monisha/simulation_ws/install/aruco/share/aruco/hook/cmake_prefix_path.ps1'
[0.704s] INFO:colcon.colcon_core.shell:Creating environment descriptor '/home/monisha/simulation_ws/install/aruco/share/aruco/hook/cmake_prefix_path.dsv'
[0.705s] INFO:colcon.colcon_core.shell:Creating environment hook '/home/monisha/simulation_ws/install/aruco/share/aruco/hook/cmake_prefix_path.sh'
[0.706s] Level 1:colcon.colcon_core.environment:checking '/home/monisha/simulation_ws/install/aruco/lib'
[0.706s] Level 1:colcon.colcon_core.shell:create_environment_hook('aruco', 'ld_library_path_lib')
[0.707s] INFO:colcon.colcon_core.shell:Creating environment hook '/home/monisha/simulation_ws/install/aruco/share/aruco/hook/ld_library_path_lib.ps1'
[0.708s] INFO:colcon.colcon_core.shell:Creating environment descriptor '/home/monisha/simulation_ws/install/aruco/share/aruco/hook/ld_library_path_lib.dsv'
[0.709s] INFO:colcon.colcon_core.shell:Creating environment hook '/home/monisha/simulation_ws/install/aruco/share/aruco/hook/ld_library_path_lib.sh'
[0.710s] Level 1:colcon.colcon_core.environment:checking '/home/monisha/simulation_ws/install/aruco/bin'
[0.710s] Level 1:colcon.colcon_core.environment:checking '/home/monisha/simulation_ws/install/aruco/lib/pkgconfig/aruco.pc'
[0.711s] Level 1:colcon.colcon_core.environment:checking '/home/monisha/simulation_ws/install/aruco/lib/python3.10/site-packages'
[0.711s] Level 1:colcon.colcon_core.environment:checking '/home/monisha/simulation_ws/install/aruco/bin'
[0.712s] INFO:colcon.colcon_core.shell:Creating package script '/home/monisha/simulation_ws/install/aruco/share/aruco/package.ps1'
[0.713s] INFO:colcon.colcon_core.shell:Creating package descriptor '/home/monisha/simulation_ws/install/aruco/share/aruco/package.dsv'
[0.714s] INFO:colcon.colcon_core.shell:Creating package script '/home/monisha/simulation_ws/install/aruco/share/aruco/package.sh'
[0.715s] INFO:colcon.colcon_core.shell:Creating package script '/home/monisha/simulation_ws/install/aruco/share/aruco/package.bash'
[0.715s] INFO:colcon.colcon_core.shell:Creating package script '/home/monisha/simulation_ws/install/aruco/share/aruco/package.zsh'
[0.716s] Level 1:colcon.colcon_core.environment:create_file_with_runtime_dependencies(/home/monisha/simulation_ws/install/aruco/share/colcon-core/packages/aruco)
[0.717s] Level 1:colcon.colcon_core.environment:create_environment_scripts_only(aruco)
[0.717s] Level 1:colcon.colcon_core.environment:checking '/home/monisha/simulation_ws/install/aruco' for CMake module files
[0.718s] Level 1:colcon.colcon_core.environment:checking '/home/monisha/simulation_ws/install/aruco' for CMake config files
[0.718s] Level 1:colcon.colcon_core.shell:create_environment_hook('aruco', 'cmake_prefix_path')
[0.718s] INFO:colcon.colcon_core.shell:Creating environment hook '/home/monisha/simulation_ws/install/aruco/share/aruco/hook/cmake_prefix_path.ps1'
[0.719s] INFO:colcon.colcon_core.shell:Creating environment descriptor '/home/monisha/simulation_ws/install/aruco/share/aruco/hook/cmake_prefix_path.dsv'
[0.719s] INFO:colcon.colcon_core.shell:Creating environment hook '/home/monisha/simulation_ws/install/aruco/share/aruco/hook/cmake_prefix_path.sh'
[0.720s] Level 1:colcon.colcon_core.environment:checking '/home/monisha/simulation_ws/install/aruco/lib'
[0.720s] Level 1:colcon.colcon_core.shell:create_environment_hook('aruco', 'ld_library_path_lib')
[0.720s] INFO:colcon.colcon_core.shell:Creating environment hook '/home/monisha/simulation_ws/install/aruco/share/aruco/hook/ld_library_path_lib.ps1'
[0.721s] INFO:colcon.colcon_core.shell:Creating environment descriptor '/home/monisha/simulation_ws/install/aruco/share/aruco/hook/ld_library_path_lib.dsv'
[0.722s] INFO:colcon.colcon_core.shell:Creating environment hook '/home/monisha/simulation_ws/install/aruco/share/aruco/hook/ld_library_path_lib.sh'
[0.723s] Level 1:colcon.colcon_core.environment:checking '/home/monisha/simulation_ws/install/aruco/bin'
[0.723s] Level 1:colcon.colcon_core.environment:checking '/home/monisha/simulation_ws/install/aruco/lib/pkgconfig/aruco.pc'
[0.723s] Level 1:colcon.colcon_core.environment:checking '/home/monisha/simulation_ws/install/aruco/lib/python3.10/site-packages'
[0.724s] Level 1:colcon.colcon_core.environment:checking '/home/monisha/simulation_ws/install/aruco/bin'
[0.725s] INFO:colcon.colcon_core.shell:Creating package script '/home/monisha/simulation_ws/install/aruco/share/aruco/package.ps1'
[0.726s] INFO:colcon.colcon_core.shell:Creating package descriptor '/home/monisha/simulation_ws/install/aruco/share/aruco/package.dsv'
[0.727s] INFO:colcon.colcon_core.shell:Creating package script '/home/monisha/simulation_ws/install/aruco/share/aruco/package.sh'
[0.729s] INFO:colcon.colcon_core.shell:Creating package script '/home/monisha/simulation_ws/install/aruco/share/aruco/package.bash'
[0.729s] INFO:colcon.colcon_core.shell:Creating package script '/home/monisha/simulation_ws/install/aruco/share/aruco/package.zsh'
[0.730s] Level 1:colcon.colcon_core.environment:create_file_with_runtime_dependencies(/home/monisha/simulation_ws/install/aruco/share/colcon-core/packages/aruco)
[0.982s] DEBUG:colcon.colcon_core.event_handler.log_command:Invoked command in '/home/monisha/simulation_ws/build/aruco_msgs' returned '0': CMAKE_PREFIX_PATH=${CMAKE_PREFIX_PATH}:/home/monisha/turtlebot3_ws/install/turtlebot3_teleop:/home/monisha/turtlebot3_ws/install/turtlebot3_example:/home/monisha/turtlebot3_ws/install/my_aruco_detector:/home/monisha/install/turtlebot3_teleop:/home/monisha/install/turtlebot3_example:/home/monisha/install/launch_testing_examples:/home/monisha/install/examples_rclpy_pointcloud_publisher:/home/monisha/install/examples_rclpy_minimal_subscriber:/home/monisha/install/examples_rclpy_minimal_service:/home/monisha/install/examples_rclpy_minimal_publisher:/home/monisha/install/examples_rclpy_minimal_client:/home/monisha/install/examples_rclpy_minimal_action_server:/home/monisha/install/examples_rclpy_minimal_action_client:/home/monisha/install/examples_rclpy_guard_conditions:/home/monisha/install/examples_rclpy_executors:/opt/ros/humble /usr/bin/cmake --build /home/monisha/simulation_ws/build/aruco_msgs -- -j12 -l12
[0.984s] DEBUG:colcon.colcon_core.event_handler.log_command:Invoking command in '/home/monisha/simulation_ws/build/aruco_msgs': CMAKE_PREFIX_PATH=${CMAKE_PREFIX_PATH}:/home/monisha/turtlebot3_ws/install/turtlebot3_teleop:/home/monisha/turtlebot3_ws/install/turtlebot3_example:/home/monisha/turtlebot3_ws/install/my_aruco_detector:/home/monisha/install/turtlebot3_teleop:/home/monisha/install/turtlebot3_example:/home/monisha/install/launch_testing_examples:/home/monisha/install/examples_rclpy_pointcloud_publisher:/home/monisha/install/examples_rclpy_minimal_subscriber:/home/monisha/install/examples_rclpy_minimal_service:/home/monisha/install/examples_rclpy_minimal_publisher:/home/monisha/install/examples_rclpy_minimal_client:/home/monisha/install/examples_rclpy_minimal_action_server:/home/monisha/install/examples_rclpy_minimal_action_client:/home/monisha/install/examples_rclpy_guard_conditions:/home/monisha/install/examples_rclpy_executors:/opt/ros/humble /usr/bin/cmake --install /home/monisha/simulation_ws/build/aruco_msgs
[1.057s] Level 1:colcon.colcon_core.environment:create_environment_scripts_only(aruco_msgs)
[1.058s] Level 1:colcon.colcon_core.environment:checking '/home/monisha/simulation_ws/install/aruco_msgs' for CMake module files
[1.058s] DEBUG:colcon.colcon_core.event_handler.log_command:Invoked command in '/home/monisha/simulation_ws/build/aruco_msgs' returned '0': CMAKE_PREFIX_PATH=${CMAKE_PREFIX_PATH}:/home/monisha/turtlebot3_ws/install/turtlebot3_teleop:/home/monisha/turtlebot3_ws/install/turtlebot3_example:/home/monisha/turtlebot3_ws/install/my_aruco_detector:/home/monisha/install/turtlebot3_teleop:/home/monisha/install/turtlebot3_example:/home/monisha/install/launch_testing_examples:/home/monisha/install/examples_rclpy_pointcloud_publisher:/home/monisha/install/examples_rclpy_minimal_subscriber:/home/monisha/install/examples_rclpy_minimal_service:/home/monisha/install/examples_rclpy_minimal_publisher:/home/monisha/install/examples_rclpy_minimal_client:/home/monisha/install/examples_rclpy_minimal_action_server:/home/monisha/install/examples_rclpy_minimal_action_client:/home/monisha/install/examples_rclpy_guard_conditions:/home/monisha/install/examples_rclpy_executors:/opt/ros/humble /usr/bin/cmake --install /home/monisha/simulation_ws/build/aruco_msgs
[1.059s] Level 1:colcon.colcon_core.environment:checking '/home/monisha/simulation_ws/install/aruco_msgs' for CMake config files
[1.059s] Level 1:colcon.colcon_core.shell:create_environment_hook('aruco_msgs', 'cmake_prefix_path')
[1.059s] INFO:colcon.colcon_core.shell:Creating environment hook '/home/monisha/simulation_ws/install/aruco_msgs/share/aruco_msgs/hook/cmake_prefix_path.ps1'
[1.060s] INFO:colcon.colcon_core.shell:Creating environment descriptor '/home/monisha/simulation_ws/install/aruco_msgs/share/aruco_msgs/hook/cmake_prefix_path.dsv'
[1.060s] INFO:colcon.colcon_core.shell:Creating environment hook '/home/monisha/simulation_ws/install/aruco_msgs/share/aruco_msgs/hook/cmake_prefix_path.sh'
[1.061s] Level 1:colcon.colcon_core.environment:checking '/home/monisha/simulation_ws/install/aruco_msgs/lib'
[1.061s] Level 1:colcon.colcon_core.shell:create_environment_hook('aruco_msgs', 'ld_library_path_lib')
[1.061s] INFO:colcon.colcon_core.shell:Creating environment hook '/home/monisha/simulation_ws/install/aruco_msgs/share/aruco_msgs/hook/ld_library_path_lib.ps1'
[1.062s] INFO:colcon.colcon_core.shell:Creating environment descriptor '/home/monisha/simulation_ws/install/aruco_msgs/share/aruco_msgs/hook/ld_library_path_lib.dsv'
[1.062s] INFO:colcon.colcon_core.shell:Creating environment hook '/home/monisha/simulation_ws/install/aruco_msgs/share/aruco_msgs/hook/ld_library_path_lib.sh'
[1.063s] Level 1:colcon.colcon_core.environment:checking '/home/monisha/simulation_ws/install/aruco_msgs/bin'
[1.063s] Level 1:colcon.colcon_core.environment:checking '/home/monisha/simulation_ws/install/aruco_msgs/lib/pkgconfig/aruco_msgs.pc'
[1.063s] Level 1:colcon.colcon_core.environment:checking '/home/monisha/simulation_ws/install/aruco_msgs/lib/python3.10/site-packages'
[1.064s] Level 1:colcon.colcon_core.environment:checking '/home/monisha/simulation_ws/install/aruco_msgs/bin'
[1.064s] INFO:colcon.colcon_core.shell:Creating package script '/home/monisha/simulation_ws/install/aruco_msgs/share/aruco_msgs/package.ps1'
[1.065s] INFO:colcon.colcon_core.shell:Creating package descriptor '/home/monisha/simulation_ws/install/aruco_msgs/share/aruco_msgs/package.dsv'
[1.066s] INFO:colcon.colcon_core.shell:Creating package script '/home/monisha/simulation_ws/install/aruco_msgs/share/aruco_msgs/package.sh'
[1.067s] INFO:colcon.colcon_core.shell:Creating package script '/home/monisha/simulation_ws/install/aruco_msgs/share/aruco_msgs/package.bash'
[1.067s] INFO:colcon.colcon_core.shell:Creating package script '/home/monisha/simulation_ws/install/aruco_msgs/share/aruco_msgs/package.zsh'
[1.068s] Level 1:colcon.colcon_core.environment:create_file_with_runtime_dependencies(/home/monisha/simulation_ws/install/aruco_msgs/share/colcon-core/packages/aruco_msgs)
[1.068s] Level 1:colcon.colcon_core.environment:create_environment_scripts_only(aruco_msgs)
[1.068s] Level 1:colcon.colcon_core.environment:checking '/home/monisha/simulation_ws/install/aruco_msgs' for CMake module files
[1.069s] Level 1:colcon.colcon_core.environment:checking '/home/monisha/simulation_ws/install/aruco_msgs' for CMake config files
[1.069s] Level 1:colcon.colcon_core.shell:create_environment_hook('aruco_msgs', 'cmake_prefix_path')
[1.069s] INFO:colcon.colcon_core.shell:Creating environment hook '/home/monisha/simulation_ws/install/aruco_msgs/share/aruco_msgs/hook/cmake_prefix_path.ps1'
[1.069s] INFO:colcon.colcon_core.shell:Creating environment descriptor '/home/monisha/simulation_ws/install/aruco_msgs/share/aruco_msgs/hook/cmake_prefix_path.dsv'
[1.069s] INFO:colcon.colcon_core.shell:Creating environment hook '/home/monisha/simulation_ws/install/aruco_msgs/share/aruco_msgs/hook/cmake_prefix_path.sh'
[1.070s] Level 1:colcon.colcon_core.environment:checking '/home/monisha/simulation_ws/install/aruco_msgs/lib'
[1.070s] Level 1:colcon.colcon_core.shell:create_environment_hook('aruco_msgs', 'ld_library_path_lib')
[1.070s] INFO:colcon.colcon_core.shell:Creating environment hook '/home/monisha/simulation_ws/install/aruco_msgs/share/aruco_msgs/hook/ld_library_path_lib.ps1'
[1.070s] INFO:colcon.colcon_core.shell:Creating environment descriptor '/home/monisha/simulation_ws/install/aruco_msgs/share/aruco_msgs/hook/ld_library_path_lib.dsv'
[1.071s] INFO:colcon.colcon_core.shell:Creating environment hook '/home/monisha/simulation_ws/install/aruco_msgs/share/aruco_msgs/hook/ld_library_path_lib.sh'
[1.071s] Level 1:colcon.colcon_core.environment:checking '/home/monisha/simulation_ws/install/aruco_msgs/bin'
[1.071s] Level 1:colcon.colcon_core.environment:checking '/home/monisha/simulation_ws/install/aruco_msgs/lib/pkgconfig/aruco_msgs.pc'
[1.071s] Level 1:colcon.colcon_core.environment:checking '/home/monisha/simulation_ws/install/aruco_msgs/lib/python3.10/site-packages'
[1.071s] Level 1:colcon.colcon_core.environment:checking '/home/monisha/simulation_ws/install/aruco_msgs/bin'
[1.072s] INFO:colcon.colcon_core.shell:Creating package script '/home/monisha/simulation_ws/install/aruco_msgs/share/aruco_msgs/package.ps1'
[1.072s] INFO:colcon.colcon_core.shell:Creating package descriptor '/home/monisha/simulation_ws/install/aruco_msgs/share/aruco_msgs/package.dsv'
[1.072s] INFO:colcon.colcon_core.shell:Creating package script '/home/monisha/simulation_ws/install/aruco_msgs/share/aruco_msgs/package.sh'
[1.073s] INFO:colcon.colcon_core.shell:Creating package script '/home/monisha/simulation_ws/install/aruco_msgs/share/aruco_msgs/package.bash'
[1.073s] INFO:colcon.colcon_core.shell:Creating package script '/home/monisha/simulation_ws/install/aruco_msgs/share/aruco_msgs/package.zsh'
[1.073s] Level 1:colcon.colcon_core.environment:create_file_with_runtime_dependencies(/home/monisha/simulation_ws/install/aruco_msgs/share/colcon-core/packages/aruco_msgs)
[1.074s] INFO:colcon.colcon_ros.task.ament_cmake.build:Building ROS package in '/home/monisha/simulation_ws/src/aruco_ros/aruco_ros' with build type 'ament_cmake'
[1.074s] INFO:colcon.colcon_cmake.task.cmake.build:Building CMake package in '/home/monisha/simulation_ws/src/aruco_ros/aruco_ros'
[1.074s] INFO:colcon.colcon_core.shell:Skip shell extension 'powershell' for command environment: Not usable outside of PowerShell
[1.074s] DEBUG:colcon.colcon_core.shell:Skip shell extension 'dsv' for command environment
[1.097s] DEBUG:colcon.colcon_core.event_handler.log_command:Invoking command in '/home/monisha/simulation_ws/build/aruco_ros': CMAKE_PREFIX_PATH=/home/monisha/simulation_ws/install/aruco_msgs:/home/monisha/simulation_ws/install/aruco:/home/monisha/turtlebot3_ws/install/turtlebot3:/home/monisha/turtlebot3_ws/install/turtlebot3_simulations:/home/monisha/turtlebot3_ws/install/turtlebot3_bringup:/home/monisha/turtlebot3_ws/install/turtlebot3_node:/home/monisha/turtlebot3_ws/install/turtlebot3_navigation2:/home/monisha/turtlebot3_ws/install/turtlebot3_fake_node:/home/monisha/turtlebot3_ws/install/turtlebot3_msgs:/home/monisha/turtlebot3_ws/install/turtlebot3_gazebo:/home/monisha/turtlebot3_ws/install/turtlebot3_description:/home/monisha/turtlebot3_ws/install/turtlebot3_cartographer:/home/monisha/turtlebot3_ws/install/dynamixel_sdk_examples:/home/monisha/turtlebot3_ws/install/dynamixel_sdk_custom_interfaces:/home/monisha/turtlebot3_ws/install/dynamixel_sdk:/home/monisha/simulation_ws/install/my_simulation:/home/monisha/simulation_ws/install/aruco_ros:/home/monisha/forklift_ws/install/articubot_one:/home/monisha/install/turtlebot3:/home/monisha/install/turtlebot3_simulations:/home/monisha/install/turtlebot3_bringup:/home/monisha/install/turtlebot3_node:/home/monisha/install/turtlebot3_navigation2:/home/monisha/install/turtlebot3_fake_node:/home/monisha/install/turtlebot3_msgs:/home/monisha/install/turtlebot3_gazebo:/home/monisha/install/turtlebot3_description:/home/monisha/install/turtlebot3_cartographer:/home/monisha/install/examples_rclcpp_wait_set:/home/monisha/install/examples_rclcpp_multithreaded_executor:/home/monisha/install/examples_rclcpp_minimal_timer:/home/monisha/install/examples_rclcpp_minimal_subscriber:/home/monisha/install/examples_rclcpp_minimal_service:/home/monisha/install/examples_rclcpp_minimal_publisher:/home/monisha/install/examples_rclcpp_minimal_composition:/home/monisha/install/examples_rclcpp_minimal_client:/home/monisha/install/examples_rclcpp_minimal_action_server:/home/monisha/install/examples_rclcpp_minimal_action_client:/home/monisha/install/examples_rclcpp_cbg_executor:/home/monisha/install/examples_rclcpp_async_client:/home/monisha/install/dynamixel_sdk_examples:/home/monisha/install/dynamixel_sdk_custom_interfaces:/home/monisha/install/dynamixel_sdk:/home/monisha/turtlebot3_ws/install/turtlebot3_teleop:/home/monisha/turtlebot3_ws/install/turtlebot3_example:/home/monisha/turtlebot3_ws/install/my_aruco_detector:/home/monisha/install/turtlebot3_teleop:/home/monisha/install/turtlebot3_example:/home/monisha/install/launch_testing_examples:/home/monisha/install/examples_rclpy_pointcloud_publisher:/home/monisha/install/examples_rclpy_minimal_subscriber:/home/monisha/install/examples_rclpy_minimal_service:/home/monisha/install/examples_rclpy_minimal_publisher:/home/monisha/install/examples_rclpy_minimal_client:/home/monisha/install/examples_rclpy_minimal_action_server:/home/monisha/install/examples_rclpy_minimal_action_client:/home/monisha/install/examples_rclpy_guard_conditions:/home/monisha/install/examples_rclpy_executors:/opt/ros/humble LD_LIBRARY_PATH=/home/monisha/simulation_ws/install/aruco_msgs/lib:/home/monisha/simulation_ws/install/aruco/lib:/home/monisha/turtlebot3_ws/install/turtlebot3_msgs/lib:/home/monisha/turtlebot3_ws/install/dynamixel_sdk_custom_interfaces/lib:/home/monisha/turtlebot3_ws/install/dynamixel_sdk/lib:/home/monisha/simulation_ws/install/aruco_ros/lib:/home/monisha/install/turtlebot3_msgs/lib:/home/monisha/install/examples_rclcpp_wait_set/lib:/home/monisha/install/examples_rclcpp_minimal_subscriber/lib:/home/monisha/install/examples_rclcpp_minimal_composition/lib:/home/monisha/install/dynamixel_sdk_custom_interfaces/lib:/home/monisha/install/dynamixel_sdk/lib:/usr/lib/x86_64-linux-gnu/gazebo-11/plugins:/opt/ros/humble/opt/rviz_ogre_vendor/lib:/opt/ros/humble/lib/x86_64-linux-gnu:/opt/ros/humble/lib:/usr/lib/x86_64-linux-gnu/gazebo-11/plugins:/usr/lib/x86_64-linux-gnu/gazebo-11/plugins:/usr/lib/x86_64-linux-gnu/gazebo-11/plugins:/usr/lib/x86_64-linux-gnu/gazebo-11/plugins:/usr/lib/x86_64-linux-gnu/gazebo-11/plugins:/usr/lib/x86_64-linux-gnu/gazebo-11/plugins:/usr/lib/x86_64-linux-gnu/gazebo-11/plugins:/usr/lib/x86_64-linux-gnu/gazebo-11/plugins:/usr/lib/x86_64-linux-gnu/gazebo-11/plugins:/usr/lib/x86_64-linux-gnu/gazebo-11/plugins /usr/bin/cmake --build /home/monisha/simulation_ws/build/aruco_ros -- -j12 -l12
[1.195s] DEBUG:colcon.colcon_core.event_handler.log_command:Invoked command in '/home/monisha/simulation_ws/build/aruco_ros' returned '0': CMAKE_PREFIX_PATH=/home/monisha/simulation_ws/install/aruco_msgs:/home/monisha/simulation_ws/install/aruco:/home/monisha/turtlebot3_ws/install/turtlebot3:/home/monisha/turtlebot3_ws/install/turtlebot3_simulations:/home/monisha/turtlebot3_ws/install/turtlebot3_bringup:/home/monisha/turtlebot3_ws/install/turtlebot3_node:/home/monisha/turtlebot3_ws/install/turtlebot3_navigation2:/home/monisha/turtlebot3_ws/install/turtlebot3_fake_node:/home/monisha/turtlebot3_ws/install/turtlebot3_msgs:/home/monisha/turtlebot3_ws/install/turtlebot3_gazebo:/home/monisha/turtlebot3_ws/install/turtlebot3_description:/home/monisha/turtlebot3_ws/install/turtlebot3_cartographer:/home/monisha/turtlebot3_ws/install/dynamixel_sdk_examples:/home/monisha/turtlebot3_ws/install/dynamixel_sdk_custom_interfaces:/home/monisha/turtlebot3_ws/install/dynamixel_sdk:/home/monisha/simulation_ws/install/my_simulation:/home/monisha/simulation_ws/install/aruco_ros:/home/monisha/forklift_ws/install/articubot_one:/home/monisha/install/turtlebot3:/home/monisha/install/turtlebot3_simulations:/home/monisha/install/turtlebot3_bringup:/home/monisha/install/turtlebot3_node:/home/monisha/install/turtlebot3_navigation2:/home/monisha/install/turtlebot3_fake_node:/home/monisha/install/turtlebot3_msgs:/home/monisha/install/turtlebot3_gazebo:/home/monisha/install/turtlebot3_description:/home/monisha/install/turtlebot3_cartographer:/home/monisha/install/examples_rclcpp_wait_set:/home/monisha/install/examples_rclcpp_multithreaded_executor:/home/monisha/install/examples_rclcpp_minimal_timer:/home/monisha/install/examples_rclcpp_minimal_subscriber:/home/monisha/install/examples_rclcpp_minimal_service:/home/monisha/install/examples_rclcpp_minimal_publisher:/home/monisha/install/examples_rclcpp_minimal_composition:/home/monisha/install/examples_rclcpp_minimal_client:/home/monisha/install/examples_rclcpp_minimal_action_server:/home/monisha/install/examples_rclcpp_minimal_action_client:/home/monisha/install/examples_rclcpp_cbg_executor:/home/monisha/install/examples_rclcpp_async_client:/home/monisha/install/dynamixel_sdk_examples:/home/monisha/install/dynamixel_sdk_custom_interfaces:/home/monisha/install/dynamixel_sdk:/home/monisha/turtlebot3_ws/install/turtlebot3_teleop:/home/monisha/turtlebot3_ws/install/turtlebot3_example:/home/monisha/turtlebot3_ws/install/my_aruco_detector:/home/monisha/install/turtlebot3_teleop:/home/monisha/install/turtlebot3_example:/home/monisha/install/launch_testing_examples:/home/monisha/install/examples_rclpy_pointcloud_publisher:/home/monisha/install/examples_rclpy_minimal_subscriber:/home/monisha/install/examples_rclpy_minimal_service:/home/monisha/install/examples_rclpy_minimal_publisher:/home/monisha/install/examples_rclpy_minimal_client:/home/monisha/install/examples_rclpy_minimal_action_server:/home/monisha/install/examples_rclpy_minimal_action_client:/home/monisha/install/examples_rclpy_guard_conditions:/home/monisha/install/examples_rclpy_executors:/opt/ros/humble LD_LIBRARY_PATH=/home/monisha/simulation_ws/install/aruco_msgs/lib:/home/monisha/simulation_ws/install/aruco/lib:/home/monisha/turtlebot3_ws/install/turtlebot3_msgs/lib:/home/monisha/turtlebot3_ws/install/dynamixel_sdk_custom_interfaces/lib:/home/monisha/turtlebot3_ws/install/dynamixel_sdk/lib:/home/monisha/simulation_ws/install/aruco_ros/lib:/home/monisha/install/turtlebot3_msgs/lib:/home/monisha/install/examples_rclcpp_wait_set/lib:/home/monisha/install/examples_rclcpp_minimal_subscriber/lib:/home/monisha/install/examples_rclcpp_minimal_composition/lib:/home/monisha/install/dynamixel_sdk_custom_interfaces/lib:/home/monisha/install/dynamixel_sdk/lib:/usr/lib/x86_64-linux-gnu/gazebo-11/plugins:/opt/ros/humble/opt/rviz_ogre_vendor/lib:/opt/ros/humble/lib/x86_64-linux-gnu:/opt/ros/humble/lib:/usr/lib/x86_64-linux-gnu/gazebo-11/plugins:/usr/lib/x86_64-linux-gnu/gazebo-11/plugins:/usr/lib/x86_64-linux-gnu/gazebo-11/plugins:/usr/lib/x86_64-linux-gnu/gazebo-11/plugins:/usr/lib/x86_64-linux-gnu/gazebo-11/plugins:/usr/lib/x86_64-linux-gnu/gazebo-11/plugins:/usr/lib/x86_64-linux-gnu/gazebo-11/plugins:/usr/lib/x86_64-linux-gnu/gazebo-11/plugins:/usr/lib/x86_64-linux-gnu/gazebo-11/plugins:/usr/lib/x86_64-linux-gnu/gazebo-11/plugins /usr/bin/cmake --build /home/monisha/simulation_ws/build/aruco_ros -- -j12 -l12
[1.197s] DEBUG:colcon.colcon_core.event_handler.log_command:Invoking command in '/home/monisha/simulation_ws/build/aruco_ros': CMAKE_PREFIX_PATH=/home/monisha/simulation_ws/install/aruco_msgs:/home/monisha/simulation_ws/install/aruco:/home/monisha/turtlebot3_ws/install/turtlebot3:/home/monisha/turtlebot3_ws/install/turtlebot3_simulations:/home/monisha/turtlebot3_ws/install/turtlebot3_bringup:/home/monisha/turtlebot3_ws/install/turtlebot3_node:/home/monisha/turtlebot3_ws/install/turtlebot3_navigation2:/home/monisha/turtlebot3_ws/install/turtlebot3_fake_node:/home/monisha/turtlebot3_ws/install/turtlebot3_msgs:/home/monisha/turtlebot3_ws/install/turtlebot3_gazebo:/home/monisha/turtlebot3_ws/install/turtlebot3_description:/home/monisha/turtlebot3_ws/install/turtlebot3_cartographer:/home/monisha/turtlebot3_ws/install/dynamixel_sdk_examples:/home/monisha/turtlebot3_ws/install/dynamixel_sdk_custom_interfaces:/home/monisha/turtlebot3_ws/install/dynamixel_sdk:/home/monisha/simulation_ws/install/my_simulation:/home/monisha/simulation_ws/install/aruco_ros:/home/monisha/forklift_ws/install/articubot_one:/home/monisha/install/turtlebot3:/home/monisha/install/turtlebot3_simulations:/home/monisha/install/turtlebot3_bringup:/home/monisha/install/turtlebot3_node:/home/monisha/install/turtlebot3_navigation2:/home/monisha/install/turtlebot3_fake_node:/home/monisha/install/turtlebot3_msgs:/home/monisha/install/turtlebot3_gazebo:/home/monisha/install/turtlebot3_description:/home/monisha/install/turtlebot3_cartographer:/home/monisha/install/examples_rclcpp_wait_set:/home/monisha/install/examples_rclcpp_multithreaded_executor:/home/monisha/install/examples_rclcpp_minimal_timer:/home/monisha/install/examples_rclcpp_minimal_subscriber:/home/monisha/install/examples_rclcpp_minimal_service:/home/monisha/install/examples_rclcpp_minimal_publisher:/home/monisha/install/examples_rclcpp_minimal_composition:/home/monisha/install/examples_rclcpp_minimal_client:/home/monisha/install/examples_rclcpp_minimal_action_server:/home/monisha/install/examples_rclcpp_minimal_action_client:/home/monisha/install/examples_rclcpp_cbg_executor:/home/monisha/install/examples_rclcpp_async_client:/home/monisha/install/dynamixel_sdk_examples:/home/monisha/install/dynamixel_sdk_custom_interfaces:/home/monisha/install/dynamixel_sdk:/home/monisha/turtlebot3_ws/install/turtlebot3_teleop:/home/monisha/turtlebot3_ws/install/turtlebot3_example:/home/monisha/turtlebot3_ws/install/my_aruco_detector:/home/monisha/install/turtlebot3_teleop:/home/monisha/install/turtlebot3_example:/home/monisha/install/launch_testing_examples:/home/monisha/install/examples_rclpy_pointcloud_publisher:/home/monisha/install/examples_rclpy_minimal_subscriber:/home/monisha/install/examples_rclpy_minimal_service:/home/monisha/install/examples_rclpy_minimal_publisher:/home/monisha/install/examples_rclpy_minimal_client:/home/monisha/install/examples_rclpy_minimal_action_server:/home/monisha/install/examples_rclpy_minimal_action_client:/home/monisha/install/examples_rclpy_guard_conditions:/home/monisha/install/examples_rclpy_executors:/opt/ros/humble LD_LIBRARY_PATH=/home/monisha/simulation_ws/install/aruco_msgs/lib:/home/monisha/simulation_ws/install/aruco/lib:/home/monisha/turtlebot3_ws/install/turtlebot3_msgs/lib:/home/monisha/turtlebot3_ws/install/dynamixel_sdk_custom_interfaces/lib:/home/monisha/turtlebot3_ws/install/dynamixel_sdk/lib:/home/monisha/simulation_ws/install/aruco_ros/lib:/home/monisha/install/turtlebot3_msgs/lib:/home/monisha/install/examples_rclcpp_wait_set/lib:/home/monisha/install/examples_rclcpp_minimal_subscriber/lib:/home/monisha/install/examples_rclcpp_minimal_composition/lib:/home/monisha/install/dynamixel_sdk_custom_interfaces/lib:/home/monisha/install/dynamixel_sdk/lib:/usr/lib/x86_64-linux-gnu/gazebo-11/plugins:/opt/ros/humble/opt/rviz_ogre_vendor/lib:/opt/ros/humble/lib/x86_64-linux-gnu:/opt/ros/humble/lib:/usr/lib/x86_64-linux-gnu/gazebo-11/plugins:/usr/lib/x86_64-linux-gnu/gazebo-11/plugins:/usr/lib/x86_64-linux-gnu/gazebo-11/plugins:/usr/lib/x86_64-linux-gnu/gazebo-11/plugins:/usr/lib/x86_64-linux-gnu/gazebo-11/plugins:/usr/lib/x86_64-linux-gnu/gazebo-11/plugins:/usr/lib/x86_64-linux-gnu/gazebo-11/plugins:/usr/lib/x86_64-linux-gnu/gazebo-11/plugins:/usr/lib/x86_64-linux-gnu/gazebo-11/plugins:/usr/lib/x86_64-linux-gnu/gazebo-11/plugins /usr/bin/cmake --install /home/monisha/simulation_ws/build/aruco_ros
[1.210s] Level 1:colcon.colcon_core.environment:create_environment_scripts_only(aruco_ros)
[1.211s] Level 1:colcon.colcon_core.environment:checking '/home/monisha/simulation_ws/install/aruco_ros' for CMake module files
[1.211s] DEBUG:colcon.colcon_core.event_handler.log_command:Invoked command in '/home/monisha/simulation_ws/build/aruco_ros' returned '0': CMAKE_PREFIX_PATH=/home/monisha/simulation_ws/install/aruco_msgs:/home/monisha/simulation_ws/install/aruco:/home/monisha/turtlebot3_ws/install/turtlebot3:/home/monisha/turtlebot3_ws/install/turtlebot3_simulations:/home/monisha/turtlebot3_ws/install/turtlebot3_bringup:/home/monisha/turtlebot3_ws/install/turtlebot3_node:/home/monisha/turtlebot3_ws/install/turtlebot3_navigation2:/home/monisha/turtlebot3_ws/install/turtlebot3_fake_node:/home/monisha/turtlebot3_ws/install/turtlebot3_msgs:/home/monisha/turtlebot3_ws/install/turtlebot3_gazebo:/home/monisha/turtlebot3_ws/install/turtlebot3_description:/home/monisha/turtlebot3_ws/install/turtlebot3_cartographer:/home/monisha/turtlebot3_ws/install/dynamixel_sdk_examples:/home/monisha/turtlebot3_ws/install/dynamixel_sdk_custom_interfaces:/home/monisha/turtlebot3_ws/install/dynamixel_sdk:/home/monisha/simulation_ws/install/my_simulation:/home/monisha/simulation_ws/install/aruco_ros:/home/monisha/forklift_ws/install/articubot_one:/home/monisha/install/turtlebot3:/home/monisha/install/turtlebot3_simulations:/home/monisha/install/turtlebot3_bringup:/home/monisha/install/turtlebot3_node:/home/monisha/install/turtlebot3_navigation2:/home/monisha/install/turtlebot3_fake_node:/home/monisha/install/turtlebot3_msgs:/home/monisha/install/turtlebot3_gazebo:/home/monisha/install/turtlebot3_description:/home/monisha/install/turtlebot3_cartographer:/home/monisha/install/examples_rclcpp_wait_set:/home/monisha/install/examples_rclcpp_multithreaded_executor:/home/monisha/install/examples_rclcpp_minimal_timer:/home/monisha/install/examples_rclcpp_minimal_subscriber:/home/monisha/install/examples_rclcpp_minimal_service:/home/monisha/install/examples_rclcpp_minimal_publisher:/home/monisha/install/examples_rclcpp_minimal_composition:/home/monisha/install/examples_rclcpp_minimal_client:/home/monisha/install/examples_rclcpp_minimal_action_server:/home/monisha/install/examples_rclcpp_minimal_action_client:/home/monisha/install/examples_rclcpp_cbg_executor:/home/monisha/install/examples_rclcpp_async_client:/home/monisha/install/dynamixel_sdk_examples:/home/monisha/install/dynamixel_sdk_custom_interfaces:/home/monisha/install/dynamixel_sdk:/home/monisha/turtlebot3_ws/install/turtlebot3_teleop:/home/monisha/turtlebot3_ws/install/turtlebot3_example:/home/monisha/turtlebot3_ws/install/my_aruco_detector:/home/monisha/install/turtlebot3_teleop:/home/monisha/install/turtlebot3_example:/home/monisha/install/launch_testing_examples:/home/monisha/install/examples_rclpy_pointcloud_publisher:/home/monisha/install/examples_rclpy_minimal_subscriber:/home/monisha/install/examples_rclpy_minimal_service:/home/monisha/install/examples_rclpy_minimal_publisher:/home/monisha/install/examples_rclpy_minimal_client:/home/monisha/install/examples_rclpy_minimal_action_server:/home/monisha/install/examples_rclpy_minimal_action_client:/home/monisha/install/examples_rclpy_guard_conditions:/home/monisha/install/examples_rclpy_executors:/opt/ros/humble LD_LIBRARY_PATH=/home/monisha/simulation_ws/install/aruco_msgs/lib:/home/monisha/simulation_ws/install/aruco/lib:/home/monisha/turtlebot3_ws/install/turtlebot3_msgs/lib:/home/monisha/turtlebot3_ws/install/dynamixel_sdk_custom_interfaces/lib:/home/monisha/turtlebot3_ws/install/dynamixel_sdk/lib:/home/monisha/simulation_ws/install/aruco_ros/lib:/home/monisha/install/turtlebot3_msgs/lib:/home/monisha/install/examples_rclcpp_wait_set/lib:/home/monisha/install/examples_rclcpp_minimal_subscriber/lib:/home/monisha/install/examples_rclcpp_minimal_composition/lib:/home/monisha/install/dynamixel_sdk_custom_interfaces/lib:/home/monisha/install/dynamixel_sdk/lib:/usr/lib/x86_64-linux-gnu/gazebo-11/plugins:/opt/ros/humble/opt/rviz_ogre_vendor/lib:/opt/ros/humble/lib/x86_64-linux-gnu:/opt/ros/humble/lib:/usr/lib/x86_64-linux-gnu/gazebo-11/plugins:/usr/lib/x86_64-linux-gnu/gazebo-11/plugins:/usr/lib/x86_64-linux-gnu/gazebo-11/plugins:/usr/lib/x86_64-linux-gnu/gazebo-11/plugins:/usr/lib/x86_64-linux-gnu/gazebo-11/plugins:/usr/lib/x86_64-linux-gnu/gazebo-11/plugins:/usr/lib/x86_64-linux-gnu/gazebo-11/plugins:/usr/lib/x86_64-linux-gnu/gazebo-11/plugins:/usr/lib/x86_64-linux-gnu/gazebo-11/plugins:/usr/lib/x86_64-linux-gnu/gazebo-11/plugins /usr/bin/cmake --install /home/monisha/simulation_ws/build/aruco_ros
[1.212s] Level 1:colcon.colcon_core.environment:checking '/home/monisha/simulation_ws/install/aruco_ros' for CMake config files
[1.212s] Level 1:colcon.colcon_core.shell:create_environment_hook('aruco_ros', 'cmake_prefix_path')
[1.212s] INFO:colcon.colcon_core.shell:Creating environment hook '/home/monisha/simulation_ws/install/aruco_ros/share/aruco_ros/hook/cmake_prefix_path.ps1'
[1.213s] INFO:colcon.colcon_core.shell:Creating environment descriptor '/home/monisha/simulation_ws/install/aruco_ros/share/aruco_ros/hook/cmake_prefix_path.dsv'
[1.213s] INFO:colcon.colcon_core.shell:Creating environment hook '/home/monisha/simulation_ws/install/aruco_ros/share/aruco_ros/hook/cmake_prefix_path.sh'
[1.214s] Level 1:colcon.colcon_core.environment:checking '/home/monisha/simulation_ws/install/aruco_ros/lib'
[1.214s] Level 1:colcon.colcon_core.shell:create_environment_hook('aruco_ros', 'ld_library_path_lib')
[1.214s] INFO:colcon.colcon_core.shell:Creating environment hook '/home/monisha/simulation_ws/install/aruco_ros/share/aruco_ros/hook/ld_library_path_lib.ps1'
[1.214s] INFO:colcon.colcon_core.shell:Creating environment descriptor '/home/monisha/simulation_ws/install/aruco_ros/share/aruco_ros/hook/ld_library_path_lib.dsv'
[1.215s] INFO:colcon.colcon_core.shell:Creating environment hook '/home/monisha/simulation_ws/install/aruco_ros/share/aruco_ros/hook/ld_library_path_lib.sh'
[1.215s] Level 1:colcon.colcon_core.environment:checking '/home/monisha/simulation_ws/install/aruco_ros/bin'
[1.215s] Level 1:colcon.colcon_core.environment:checking '/home/monisha/simulation_ws/install/aruco_ros/lib/pkgconfig/aruco_ros.pc'
[1.215s] Level 1:colcon.colcon_core.environment:checking '/home/monisha/simulation_ws/install/aruco_ros/lib/python3.10/site-packages'
[1.215s] Level 1:colcon.colcon_core.environment:checking '/home/monisha/simulation_ws/install/aruco_ros/bin'
[1.216s] INFO:colcon.colcon_core.shell:Creating package script '/home/monisha/simulation_ws/install/aruco_ros/share/aruco_ros/package.ps1'
[1.216s] INFO:colcon.colcon_core.shell:Creating package descriptor '/home/monisha/simulation_ws/install/aruco_ros/share/aruco_ros/package.dsv'
[1.217s] INFO:colcon.colcon_core.shell:Creating package script '/home/monisha/simulation_ws/install/aruco_ros/share/aruco_ros/package.sh'
[1.217s] INFO:colcon.colcon_core.shell:Creating package script '/home/monisha/simulation_ws/install/aruco_ros/share/aruco_ros/package.bash'
[1.217s] INFO:colcon.colcon_core.shell:Creating package script '/home/monisha/simulation_ws/install/aruco_ros/share/aruco_ros/package.zsh'
[1.218s] Level 1:colcon.colcon_core.environment:create_file_with_runtime_dependencies(/home/monisha/simulation_ws/install/aruco_ros/share/colcon-core/packages/aruco_ros)
[1.218s] Level 1:colcon.colcon_core.environment:create_environment_scripts_only(aruco_ros)
[1.218s] Level 1:colcon.colcon_core.environment:checking '/home/monisha/simulation_ws/install/aruco_ros' for CMake module files
[1.219s] Level 1:colcon.colcon_core.environment:checking '/home/monisha/simulation_ws/install/aruco_ros' for CMake config files
[1.219s] Level 1:colcon.colcon_core.shell:create_environment_hook('aruco_ros', 'cmake_prefix_path')
[1.219s] INFO:colcon.colcon_core.shell:Creating environment hook '/home/monisha/simulation_ws/install/aruco_ros/share/aruco_ros/hook/cmake_prefix_path.ps1'
[1.219s] INFO:colcon.colcon_core.shell:Creating environment descriptor '/home/monisha/simulation_ws/install/aruco_ros/share/aruco_ros/hook/cmake_prefix_path.dsv'
[1.220s] INFO:colcon.colcon_core.shell:Creating environment hook '/home/monisha/simulation_ws/install/aruco_ros/share/aruco_ros/hook/cmake_prefix_path.sh'
[1.220s] Level 1:colcon.colcon_core.environment:checking '/home/monisha/simulation_ws/install/aruco_ros/lib'
[1.220s] Level 1:colcon.colcon_core.shell:create_environment_hook('aruco_ros', 'ld_library_path_lib')
[1.220s] INFO:colcon.colcon_core.shell:Creating environment hook '/home/monisha/simulation_ws/install/aruco_ros/share/aruco_ros/hook/ld_library_path_lib.ps1'
[1.221s] INFO:colcon.colcon_core.shell:Creating environment descriptor '/home/monisha/simulation_ws/install/aruco_ros/share/aruco_ros/hook/ld_library_path_lib.dsv'
[1.221s] INFO:colcon.colcon_core.shell:Creating environment hook '/home/monisha/simulation_ws/install/aruco_ros/share/aruco_ros/hook/ld_library_path_lib.sh'
[1.221s] Level 1:colcon.colcon_core.environment:checking '/home/monisha/simulation_ws/install/aruco_ros/bin'
[1.221s] Level 1:colcon.colcon_core.environment:checking '/home/monisha/simulation_ws/install/aruco_ros/lib/pkgconfig/aruco_ros.pc'
[1.222s] Level 1:colcon.colcon_core.environment:checking '/home/monisha/simulation_ws/install/aruco_ros/lib/python3.10/site-packages'
[1.222s] Level 1:colcon.colcon_core.environment:checking '/home/monisha/simulation_ws/install/aruco_ros/bin'
[1.222s] INFO:colcon.colcon_core.shell:Creating package script '/home/monisha/simulation_ws/install/aruco_ros/share/aruco_ros/package.ps1'
[1.223s] INFO:colcon.colcon_core.shell:Creating package descriptor '/home/monisha/simulation_ws/install/aruco_ros/share/aruco_ros/package.dsv'
[1.223s] INFO:colcon.colcon_core.shell:Creating package script '/home/monisha/simulation_ws/install/aruco_ros/share/aruco_ros/package.sh'
[1.223s] INFO:colcon.colcon_core.shell:Creating package script '/home/monisha/simulation_ws/install/aruco_ros/share/aruco_ros/package.bash'
[1.224s] INFO:colcon.colcon_core.shell:Creating package script '/home/monisha/simulation_ws/install/aruco_ros/share/aruco_ros/package.zsh'
[1.224s] Level 1:colcon.colcon_core.environment:create_file_with_runtime_dependencies(/home/monisha/simulation_ws/install/aruco_ros/share/colcon-core/packages/aruco_ros)
[1.224s] DEBUG:colcon.colcon_parallel_executor.executor.parallel:closing loop
[1.225s] DEBUG:colcon.colcon_parallel_executor.executor.parallel:loop closed
[1.225s] DEBUG:colcon.colcon_parallel_executor.executor.parallel:run_until_complete finished with '0'
[1.225s] DEBUG:colcon.colcon_core.event_reactor:joining thread
[1.232s] INFO:colcon.colcon_core.plugin_system:Skipping extension 'colcon_notification.desktop_notification.terminal_notifier': Not used on non-Darwin systems
[1.232s] INFO:colcon.colcon_core.plugin_system:Skipping extension 'colcon_notification.desktop_notification.win32': Not used on non-Windows systems
[1.232s] INFO:colcon.colcon_notification.desktop_notification:Sending desktop notification using 'notify2'
[1.246s] DEBUG:colcon.colcon_core.event_reactor:joined thread
[1.247s] INFO:colcon.colcon_core.shell:Creating prefix script '/home/monisha/simulation_ws/install/local_setup.ps1'
[1.248s] INFO:colcon.colcon_core.shell:Creating prefix util module '/home/monisha/simulation_ws/install/_local_setup_util_ps1.py'
[1.251s] INFO:colcon.colcon_core.shell:Creating prefix chain script '/home/monisha/simulation_ws/install/setup.ps1'
[1.254s] INFO:colcon.colcon_core.shell:Creating prefix script '/home/monisha/simulation_ws/install/local_setup.sh'
[1.254s] INFO:colcon.colcon_core.shell:Creating prefix util module '/home/monisha/simulation_ws/install/_local_setup_util_sh.py'
[1.255s] INFO:colcon.colcon_core.shell:Creating prefix chain script '/home/monisha/simulation_ws/install/setup.sh'
[1.257s] INFO:colcon.colcon_core.shell:Creating prefix script '/home/monisha/simulation_ws/install/local_setup.bash'
[1.257s] INFO:colcon.colcon_core.shell:Creating prefix chain script '/home/monisha/simulation_ws/install/setup.bash'
[1.259s] INFO:colcon.colcon_core.shell:Creating prefix script '/home/monisha/simulation_ws/install/local_setup.zsh'
[1.259s] INFO:colcon.colcon_core.shell:Creating prefix chain script '/home/monisha/simulation_ws/install/setup.zsh'
