[0.037s] Invoking command in '/home/monisha/simulation_ws/build/my_simulation': CMAKE_PREFIX_PATH=${CMAKE_PREFIX_PATH}:/home/monisha/turtlebot3_ws/install/turtlebot3_teleop:/home/monisha/turtlebot3_ws/install/turtlebot3_example:/home/monisha/turtlebot3_ws/install/my_aruco_detector:/home/monisha/install/turtlebot3_teleop:/home/monisha/install/turtlebot3_example:/home/monisha/install/launch_testing_examples:/home/monisha/install/examples_rclpy_pointcloud_publisher:/home/monisha/install/examples_rclpy_minimal_subscriber:/home/monisha/install/examples_rclpy_minimal_service:/home/monisha/install/examples_rclpy_minimal_publisher:/home/monisha/install/examples_rclpy_minimal_client:/home/monisha/install/examples_rclpy_minimal_action_server:/home/monisha/install/examples_rclpy_minimal_action_client:/home/monisha/install/examples_rclpy_guard_conditions:/home/monisha/install/examples_rclpy_executors:/opt/ros/humble /usr/bin/cmake --build /home/monisha/simulation_ws/build/my_simulation -- -j12 -l12
[0.113s] Invoked command in '/home/monisha/simulation_ws/build/my_simulation' returned '0': CMAKE_PREFIX_PATH=${CMAKE_PREFIX_PATH}:/home/monisha/turtlebot3_ws/install/turtlebot3_teleop:/home/monisha/turtlebot3_ws/install/turtlebot3_example:/home/monisha/turtlebot3_ws/install/my_aruco_detector:/home/monisha/install/turtlebot3_teleop:/home/monisha/install/turtlebot3_example:/home/monisha/install/launch_testing_examples:/home/monisha/install/examples_rclpy_pointcloud_publisher:/home/monisha/install/examples_rclpy_minimal_subscriber:/home/monisha/install/examples_rclpy_minimal_service:/home/monisha/install/examples_rclpy_minimal_publisher:/home/monisha/install/examples_rclpy_minimal_client:/home/monisha/install/examples_rclpy_minimal_action_server:/home/monisha/install/examples_rclpy_minimal_action_client:/home/monisha/install/examples_rclpy_guard_conditions:/home/monisha/install/examples_rclpy_executors:/opt/ros/humble /usr/bin/cmake --build /home/monisha/simulation_ws/build/my_simulation -- -j12 -l12
[0.142s] Invoking command in '/home/monisha/simulation_ws/build/my_simulation': CMAKE_PREFIX_PATH=${CMAKE_PREFIX_PATH}:/home/monisha/turtlebot3_ws/install/turtlebot3_teleop:/home/monisha/turtlebot3_ws/install/turtlebot3_example:/home/monisha/turtlebot3_ws/install/my_aruco_detector:/home/monisha/install/turtlebot3_teleop:/home/monisha/install/turtlebot3_example:/home/monisha/install/launch_testing_examples:/home/monisha/install/examples_rclpy_pointcloud_publisher:/home/monisha/install/examples_rclpy_minimal_subscriber:/home/monisha/install/examples_rclpy_minimal_service:/home/monisha/install/examples_rclpy_minimal_publisher:/home/monisha/install/examples_rclpy_minimal_client:/home/monisha/install/examples_rclpy_minimal_action_server:/home/monisha/install/examples_rclpy_minimal_action_client:/home/monisha/install/examples_rclpy_guard_conditions:/home/monisha/install/examples_rclpy_executors:/opt/ros/humble /usr/bin/cmake --install /home/monisha/simulation_ws/build/my_simulation
[0.162s] -- Install configuration: ""
[0.163s] -- Up-to-date: /home/monisha/simulation_ws/install/my_simulation/share/my_simulation//launch
[0.163s] -- Up-to-date: /home/monisha/simulation_ws/install/my_simulation/share/my_simulation//launch/sim_launch.launch.py
[0.163s] -- Up-to-date: /home/monisha/simulation_ws/install/my_simulation/share/my_simulation//launch/my_gazebo.launch.py
[0.163s] -- Up-to-date: /home/monisha/simulation_ws/install/my_simulation/share/my_simulation//worlds
[0.163s] -- Up-to-date: /home/monisha/simulation_ws/install/my_simulation/share/my_simulation//worlds/test_world.world
[0.164s] -- Up-to-date: /home/monisha/simulation_ws/install/my_simulation/share/my_simulation//worlds/empty_world_og.world
[0.164s] -- Up-to-date: /home/monisha/simulation_ws/install/my_simulation/share/my_simulation//worlds/empty_world.txt
[0.165s] -- Up-to-date: /home/monisha/simulation_ws/install/my_simulation/share/my_simulation//worlds/empty_world.world
[0.166s] -- Installing: /home/monisha/simulation_ws/install/my_simulation/lib/my_simulation/camera_follower_node.py
[0.166s] -- Up-to-date: /home/monisha/simulation_ws/install/my_simulation/lib/my_simulation/aruco_live_detector.py
[0.166s] -- Up-to-date: /home/monisha/simulation_ws/install/my_simulation/share/ament_index/resource_index/package_run_dependencies/my_simulation
[0.167s] -- Up-to-date: /home/monisha/simulation_ws/install/my_simulation/share/ament_index/resource_index/parent_prefix_path/my_simulation
[0.167s] -- Up-to-date: /home/monisha/simulation_ws/install/my_simulation/share/my_simulation/environment/ament_prefix_path.sh
[0.167s] -- Up-to-date: /home/monisha/simulation_ws/install/my_simulation/share/my_simulation/environment/ament_prefix_path.dsv
[0.167s] -- Up-to-date: /home/monisha/simulation_ws/install/my_simulation/share/my_simulation/environment/path.sh
[0.168s] -- Up-to-date: /home/monisha/simulation_ws/install/my_simulation/share/my_simulation/environment/path.dsv
[0.168s] -- Up-to-date: /home/monisha/simulation_ws/install/my_simulation/share/my_simulation/local_setup.bash
[0.168s] -- Up-to-date: /home/monisha/simulation_ws/install/my_simulation/share/my_simulation/local_setup.sh
[0.169s] -- Up-to-date: /home/monisha/simulation_ws/install/my_simulation/share/my_simulation/local_setup.zsh
[0.169s] -- Up-to-date: /home/monisha/simulation_ws/install/my_simulation/share/my_simulation/local_setup.dsv
[0.169s] -- Installing: /home/monisha/simulation_ws/install/my_simulation/share/my_simulation/package.dsv
[0.169s] -- Up-to-date: /home/monisha/simulation_ws/install/my_simulation/share/ament_index/resource_index/packages/my_simulation
[0.169s] -- Up-to-date: /home/monisha/simulation_ws/install/my_simulation/share/my_simulation/cmake/my_simulationConfig.cmake
[0.170s] -- Up-to-date: /home/monisha/simulation_ws/install/my_simulation/share/my_simulation/cmake/my_simulationConfig-version.cmake
[0.170s] -- Up-to-date: /home/monisha/simulation_ws/install/my_simulation/share/my_simulation/package.xml
[0.174s] Invoked command in '/home/monisha/simulation_ws/build/my_simulation' returned '0': CMAKE_PREFIX_PATH=${CMAKE_PREFIX_PATH}:/home/monisha/turtlebot3_ws/install/turtlebot3_teleop:/home/monisha/turtlebot3_ws/install/turtlebot3_example:/home/monisha/turtlebot3_ws/install/my_aruco_detector:/home/monisha/install/turtlebot3_teleop:/home/monisha/install/turtlebot3_example:/home/monisha/install/launch_testing_examples:/home/monisha/install/examples_rclpy_pointcloud_publisher:/home/monisha/install/examples_rclpy_minimal_subscriber:/home/monisha/install/examples_rclpy_minimal_service:/home/monisha/install/examples_rclpy_minimal_publisher:/home/monisha/install/examples_rclpy_minimal_client:/home/monisha/install/examples_rclpy_minimal_action_server:/home/monisha/install/examples_rclpy_minimal_action_client:/home/monisha/install/examples_rclpy_guard_conditions:/home/monisha/install/examples_rclpy_executors:/opt/ros/humble /usr/bin/cmake --install /home/monisha/simulation_ws/build/my_simulation
