[0.027s] Invoking command in '/home/monisha/simulation_ws/build/my_simulation': CMAKE_PREFIX_PATH=${CMAKE_PREFIX_PATH}:/home/monisha/turtlebot3_ws/install/turtlebot3_teleop:/home/monisha/turtlebot3_ws/install/turtlebot3_example:/home/monisha/turtlebot3_ws/install/my_aruco_detector:/home/monisha/install/turtlebot3_teleop:/home/monisha/install/turtlebot3_example:/home/monisha/install/launch_testing_examples:/home/monisha/install/examples_rclpy_pointcloud_publisher:/home/monisha/install/examples_rclpy_minimal_subscriber:/home/monisha/install/examples_rclpy_minimal_service:/home/monisha/install/examples_rclpy_minimal_publisher:/home/monisha/install/examples_rclpy_minimal_client:/home/monisha/install/examples_rclpy_minimal_action_server:/home/monisha/install/examples_rclpy_minimal_action_client:/home/monisha/install/examples_rclpy_guard_conditions:/home/monisha/install/examples_rclpy_executors:/opt/ros/humble /usr/bin/cmake /home/monisha/simulation_ws/src/my_simulation -DCMAKE_INSTALL_PREFIX=/home/monisha/simulation_ws/install/my_simulation
[0.113s] -- The C compiler identification is GNU 11.4.0
[0.193s] -- The CXX compiler identification is GNU 11.4.0
[0.205s] -- Detecting C compiler ABI info
[0.310s] -- Detecting C compiler ABI info - done
[0.322s] -- Check for working C compiler: /usr/bin/cc - skipped
[0.323s] -- Detecting C compile features
[0.323s] -- Detecting C compile features - done
[0.328s] -- Detecting CXX compiler ABI info
[0.451s] -- Detecting CXX compiler ABI info - done
[0.466s] -- Check for working CXX compiler: /usr/bin/c++ - skipped
[0.466s] -- Detecting CXX compile features
[0.467s] -- Detecting CXX compile features - done
[0.479s] -- Found ament_cmake: 1.3.11 (/opt/ros/humble/share/ament_cmake/cmake)
[0.819s] -- Found Python3: /usr/bin/python3 (found version "3.10.12") found components: Interpreter 
[1.076s] -- Found gazebo_ros: 3.9.0 (/opt/ros/humble/share/gazebo_ros/cmake)
[1.230s] -- Found rosidl_generator_c: 3.1.6 (/opt/ros/humble/share/rosidl_generator_c/cmake)
[1.248s] -- Found rosidl_adapter: 3.1.6 (/opt/ros/humble/share/rosidl_adapter/cmake)
[1.308s] -- Found rosidl_generator_cpp: 3.1.6 (/opt/ros/humble/share/rosidl_generator_cpp/cmake)
[1.384s] -- Using all available rosidl_typesupport_c: rosidl_typesupport_fastrtps_c;rosidl_typesupport_introspection_c
[1.477s] -- Using all available rosidl_typesupport_cpp: rosidl_typesupport_fastrtps_cpp;rosidl_typesupport_introspection_cpp
[1.927s] -- Found rmw_implementation_cmake: 6.1.2 (/opt/ros/humble/share/rmw_implementation_cmake/cmake)
[1.964s] -- Found rmw_fastrtps_cpp: 6.2.7 (/opt/ros/humble/share/rmw_fastrtps_cpp/cmake)
[2.434s] -- Found OpenSSL: /usr/lib/x86_64-linux-gnu/libcrypto.so (found version "3.0.2")  
[2.551s] -- Found FastRTPS: /opt/ros/humble/include  
[2.730s] -- Using RMW implementation 'rmw_fastrtps_cpp' as default
[2.793s] -- Looking for pthread.h
[3.109s] -- Looking for pthread.h - found
[3.114s] -- Performing Test CMAKE_HAVE_LIBC_PTHREAD
[3.470s] -- Performing Test CMAKE_HAVE_LIBC_PTHREAD - Success
[3.483s] -- Found Threads: TRUE  
[3.902s] -- Found PkgConfig: /usr/bin/pkg-config (found version "0.29.2") 
[3.906s] -- Checking for module 'bullet>=2.82'
[3.972s] --   Found bullet, version 3.05
[4.776s] -- Found fcl: /usr/include (found suitable version "0.7.0", minimum required is "0.5.0") 
[5.090s] -- Found assimp: /usr/include (found version "5.2.0") 
[5.218s] -- Found DART: /usr/include (Required is at least version "6.6") found components: dart 
[5.382s] -- Found Boost: /usr/lib/x86_64-linux-gnu/cmake/Boost-1.74.0/BoostConfig.cmake (found suitable version "1.74.0", minimum required is "1.40.0") found components: thread system filesystem program_options regex iostreams date_time 
[5.445s] -- Found Protobuf: /usr/lib/x86_64-linux-gnu/libprotobuf.so (found version "3.12.4") 
[5.483s] -- Looking for ignition-math6 -- found version 6.15.1
[5.511s] -- Searching for dependencies of ignition-math6
[5.516s] -- Looking for OGRE...
[5.518s] -- OGRE_PREFIX_WATCH changed.
[5.534s] -- Checking for module 'OGRE'
[5.620s] --   Found OGRE, version 1.9.0
[5.768s] -- Found Ogre Ghadamon (1.9.0)
[5.805s] -- Found OGRE: optimized;/usr/lib/x86_64-linux-gnu/libOgreMain.so;debug;/usr/lib/x86_64-linux-gnu/libOgreMain.so
[5.834s] -- Looking for OGRE_Paging...
[5.866s] -- Found OGRE_Paging: optimized;/usr/lib/x86_64-linux-gnu/libOgrePaging.so;debug;/usr/lib/x86_64-linux-gnu/libOgrePaging.so
[5.866s] -- Looking for OGRE_Terrain...
[5.898s] -- Found OGRE_Terrain: optimized;/usr/lib/x86_64-linux-gnu/libOgreTerrain.so;debug;/usr/lib/x86_64-linux-gnu/libOgreTerrain.so
[5.898s] -- Looking for OGRE_Property...
[5.926s] -- Found OGRE_Property: optimized;/usr/lib/x86_64-linux-gnu/libOgreProperty.so;debug;/usr/lib/x86_64-linux-gnu/libOgreProperty.so
[5.926s] -- Looking for OGRE_RTShaderSystem...
[5.956s] -- Found OGRE_RTShaderSystem: optimized;/usr/lib/x86_64-linux-gnu/libOgreRTShaderSystem.so;debug;/usr/lib/x86_64-linux-gnu/libOgreRTShaderSystem.so
[5.956s] -- Looking for OGRE_Volume...
[5.989s] -- Found OGRE_Volume: optimized;/usr/lib/x86_64-linux-gnu/libOgreVolume.so;debug;/usr/lib/x86_64-linux-gnu/libOgreVolume.so
[5.990s] -- Looking for OGRE_Overlay...
[6.023s] -- Found OGRE_Overlay: optimized;/usr/lib/x86_64-linux-gnu/libOgreOverlay.so;debug;/usr/lib/x86_64-linux-gnu/libOgreOverlay.so
[6.724s] -- Looking for ignition-math6 -- found version 6.15.1
[6.741s] -- Looking for ignition-transport8 -- found version 8.2.1
[6.743s] -- Searching for dependencies of ignition-transport8
[6.797s] -- Found Protobuf: /usr/lib/x86_64-linux-gnu/libprotobuf.so (found suitable version "3.12.4", minimum required is "3") 
[6.832s] -- Config-file not installed for ZeroMQ -- checking for pkg-config
[6.845s] -- Checking for module 'libzmq >= 4'
[6.887s] --   Found libzmq , version 4.3.4
[6.980s] -- Found ZeroMQ: TRUE (Required is at least version "4") 
[6.997s] -- Checking for module 'uuid'
[7.036s] --   Found uuid, version 2.37.2
[7.117s] -- Found UUID: TRUE  
[7.132s] -- Looking for ignition-msgs5 -- found version 5.8.1
[7.133s] -- Searching for dependencies of ignition-msgs5
[7.183s] -- Looking for ignition-math6 -- found version 6.15.1
[7.197s] -- Checking for module 'tinyxml2'
[7.233s] --   Found tinyxml2, version 9.0.0
[7.315s] -- Looking for ignition-msgs5 -- found version 5.8.1
[7.328s] -- Looking for ignition-common3 -- found version 3.14.0
[7.329s] -- Searching for dependencies of ignition-common3
[7.331s] -- Looking for dlfcn.h - found
[7.333s] -- Looking for libdl - found
[7.337s] -- Found DL: TRUE  
[7.372s] -- Found tinyobjloader: /usr/lib/x86_64-linux-gnu/cmake/tinyobjloader/tinyobjloader-config.cmake (found version "2.0.0") 
[7.373s] -- Searching for <ignition-common3> component [graphics]
[7.388s] -- Looking for ignition-common3-graphics -- found version 3.14.0
[7.390s] -- Searching for dependencies of ignition-common3-graphics
[7.391s] -- Looking for ignition-math6 -- found version 6.15.1
[7.411s] -- Looking for ignition-fuel_tools4 -- found version 4.4.0
[7.411s] -- Searching for dependencies of ignition-fuel_tools4
[7.645s] -- Found CURL: /usr/lib/x86_64-linux-gnu/libcurl.so (found version "7.81.0")  
[7.677s] -- Checking for module 'jsoncpp'
[7.715s] --   Found jsoncpp, version 1.9.5
[7.791s] -- Found JSONCPP: TRUE  
[7.804s] -- Checking for module 'libzip'
[7.841s] --   Found libzip, version 1.7.3
[7.930s] -- Found ZIP: TRUE  
[7.931s] -- Looking for ignition-common3 -- found version 3.14.0
[7.932s] -- Looking for ignition-math6 -- found version 6.15.1
[7.934s] -- Looking for ignition-msgs5 -- found version 5.8.1
[7.951s] -- Gazebo version: 11.10
[7.951s] -- Checking for module 'tbb'
[7.993s] --   Found tbb, version 2021.5.0
[8.080s] -- Found ament_lint_auto: 0.12.12 (/opt/ros/humble/share/ament_lint_auto/cmake)
[8.410s] -- Added test 'flake8' to check Python code syntax and style conventions
[8.415s] -- Added test 'lint_cmake' to check CMake code style
[8.418s] -- Added test 'pep257' to check Python code against some of the docstring style conventions in PEP 257
[8.431s] -- Added test 'xmllint' to check XML markup files
[8.437s] -- Configuring done
[8.448s] -- Generating done
[8.455s] -- Build files have been written to: /home/monisha/simulation_ws/build/my_simulation
[8.480s] Invoked command in '/home/monisha/simulation_ws/build/my_simulation' returned '0': CMAKE_PREFIX_PATH=${CMAKE_PREFIX_PATH}:/home/monisha/turtlebot3_ws/install/turtlebot3_teleop:/home/monisha/turtlebot3_ws/install/turtlebot3_example:/home/monisha/turtlebot3_ws/install/my_aruco_detector:/home/monisha/install/turtlebot3_teleop:/home/monisha/install/turtlebot3_example:/home/monisha/install/launch_testing_examples:/home/monisha/install/examples_rclpy_pointcloud_publisher:/home/monisha/install/examples_rclpy_minimal_subscriber:/home/monisha/install/examples_rclpy_minimal_service:/home/monisha/install/examples_rclpy_minimal_publisher:/home/monisha/install/examples_rclpy_minimal_client:/home/monisha/install/examples_rclpy_minimal_action_server:/home/monisha/install/examples_rclpy_minimal_action_client:/home/monisha/install/examples_rclpy_guard_conditions:/home/monisha/install/examples_rclpy_executors:/opt/ros/humble /usr/bin/cmake /home/monisha/simulation_ws/src/my_simulation -DCMAKE_INSTALL_PREFIX=/home/monisha/simulation_ws/install/my_simulation
[8.485s] Invoking command in '/home/monisha/simulation_ws/build/my_simulation': CMAKE_PREFIX_PATH=${CMAKE_PREFIX_PATH}:/home/monisha/turtlebot3_ws/install/turtlebot3_teleop:/home/monisha/turtlebot3_ws/install/turtlebot3_example:/home/monisha/turtlebot3_ws/install/my_aruco_detector:/home/monisha/install/turtlebot3_teleop:/home/monisha/install/turtlebot3_example:/home/monisha/install/launch_testing_examples:/home/monisha/install/examples_rclpy_pointcloud_publisher:/home/monisha/install/examples_rclpy_minimal_subscriber:/home/monisha/install/examples_rclpy_minimal_service:/home/monisha/install/examples_rclpy_minimal_publisher:/home/monisha/install/examples_rclpy_minimal_client:/home/monisha/install/examples_rclpy_minimal_action_server:/home/monisha/install/examples_rclpy_minimal_action_client:/home/monisha/install/examples_rclpy_guard_conditions:/home/monisha/install/examples_rclpy_executors:/opt/ros/humble /usr/bin/cmake --build /home/monisha/simulation_ws/build/my_simulation -- -j12 -l12
[8.609s] Invoked command in '/home/monisha/simulation_ws/build/my_simulation' returned '0': CMAKE_PREFIX_PATH=${CMAKE_PREFIX_PATH}:/home/monisha/turtlebot3_ws/install/turtlebot3_teleop:/home/monisha/turtlebot3_ws/install/turtlebot3_example:/home/monisha/turtlebot3_ws/install/my_aruco_detector:/home/monisha/install/turtlebot3_teleop:/home/monisha/install/turtlebot3_example:/home/monisha/install/launch_testing_examples:/home/monisha/install/examples_rclpy_pointcloud_publisher:/home/monisha/install/examples_rclpy_minimal_subscriber:/home/monisha/install/examples_rclpy_minimal_service:/home/monisha/install/examples_rclpy_minimal_publisher:/home/monisha/install/examples_rclpy_minimal_client:/home/monisha/install/examples_rclpy_minimal_action_server:/home/monisha/install/examples_rclpy_minimal_action_client:/home/monisha/install/examples_rclpy_guard_conditions:/home/monisha/install/examples_rclpy_executors:/opt/ros/humble /usr/bin/cmake --build /home/monisha/simulation_ws/build/my_simulation -- -j12 -l12
[8.637s] Invoking command in '/home/monisha/simulation_ws/build/my_simulation': CMAKE_PREFIX_PATH=${CMAKE_PREFIX_PATH}:/home/monisha/turtlebot3_ws/install/turtlebot3_teleop:/home/monisha/turtlebot3_ws/install/turtlebot3_example:/home/monisha/turtlebot3_ws/install/my_aruco_detector:/home/monisha/install/turtlebot3_teleop:/home/monisha/install/turtlebot3_example:/home/monisha/install/launch_testing_examples:/home/monisha/install/examples_rclpy_pointcloud_publisher:/home/monisha/install/examples_rclpy_minimal_subscriber:/home/monisha/install/examples_rclpy_minimal_service:/home/monisha/install/examples_rclpy_minimal_publisher:/home/monisha/install/examples_rclpy_minimal_client:/home/monisha/install/examples_rclpy_minimal_action_server:/home/monisha/install/examples_rclpy_minimal_action_client:/home/monisha/install/examples_rclpy_guard_conditions:/home/monisha/install/examples_rclpy_executors:/opt/ros/humble /usr/bin/cmake --install /home/monisha/simulation_ws/build/my_simulation
[8.668s] -- Install configuration: ""
[8.668s] -- Up-to-date: /home/monisha/simulation_ws/install/my_simulation/share/my_simulation//launch
[8.668s] -- Up-to-date: /home/monisha/simulation_ws/install/my_simulation/share/my_simulation//launch/sim_launch.launch.py
[8.668s] -- Up-to-date: /home/monisha/simulation_ws/install/my_simulation/share/my_simulation//launch/my_gazebo.launch.py
[8.668s] -- Up-to-date: /home/monisha/simulation_ws/install/my_simulation/share/my_simulation//worlds
[8.668s] -- Up-to-date: /home/monisha/simulation_ws/install/my_simulation/share/my_simulation//worlds/test_world.world
[8.669s] -- Up-to-date: /home/monisha/simulation_ws/install/my_simulation/share/my_simulation//worlds/empty_world_og.world
[8.669s] -- Up-to-date: /home/monisha/simulation_ws/install/my_simulation/share/my_simulation//worlds/empty_world.txt
[8.671s] -- Up-to-date: /home/monisha/simulation_ws/install/my_simulation/share/my_simulation//worlds/empty_world.world
[8.674s] -- Installing: /home/monisha/simulation_ws/install/my_simulation/lib/my_simulation/camera_follower_node.py
[8.674s] -- Up-to-date: /home/monisha/simulation_ws/install/my_simulation/lib/my_simulation/aruco_live_detector.py
[8.675s] -- Installing: /home/monisha/simulation_ws/install/my_simulation/share/ament_index/resource_index/package_run_dependencies/my_simulation
[8.675s] -- Installing: /home/monisha/simulation_ws/install/my_simulation/share/ament_index/resource_index/parent_prefix_path/my_simulation
[8.675s] -- Up-to-date: /home/monisha/simulation_ws/install/my_simulation/share/my_simulation/environment/ament_prefix_path.sh
[8.676s] -- Installing: /home/monisha/simulation_ws/install/my_simulation/share/my_simulation/environment/ament_prefix_path.dsv
[8.676s] -- Up-to-date: /home/monisha/simulation_ws/install/my_simulation/share/my_simulation/environment/path.sh
[8.676s] -- Installing: /home/monisha/simulation_ws/install/my_simulation/share/my_simulation/environment/path.dsv
[8.676s] -- Installing: /home/monisha/simulation_ws/install/my_simulation/share/my_simulation/local_setup.bash
[8.677s] -- Installing: /home/monisha/simulation_ws/install/my_simulation/share/my_simulation/local_setup.sh
[8.677s] -- Installing: /home/monisha/simulation_ws/install/my_simulation/share/my_simulation/local_setup.zsh
[8.677s] -- Installing: /home/monisha/simulation_ws/install/my_simulation/share/my_simulation/local_setup.dsv
[8.678s] -- Installing: /home/monisha/simulation_ws/install/my_simulation/share/my_simulation/package.dsv
[8.678s] -- Installing: /home/monisha/simulation_ws/install/my_simulation/share/ament_index/resource_index/packages/my_simulation
[8.678s] -- Installing: /home/monisha/simulation_ws/install/my_simulation/share/my_simulation/cmake/my_simulationConfig.cmake
[8.678s] -- Installing: /home/monisha/simulation_ws/install/my_simulation/share/my_simulation/cmake/my_simulationConfig-version.cmake
[8.679s] -- Up-to-date: /home/monisha/simulation_ws/install/my_simulation/share/my_simulation/package.xml
[8.684s] Invoked command in '/home/monisha/simulation_ws/build/my_simulation' returned '0': CMAKE_PREFIX_PATH=${CMAKE_PREFIX_PATH}:/home/monisha/turtlebot3_ws/install/turtlebot3_teleop:/home/monisha/turtlebot3_ws/install/turtlebot3_example:/home/monisha/turtlebot3_ws/install/my_aruco_detector:/home/monisha/install/turtlebot3_teleop:/home/monisha/install/turtlebot3_example:/home/monisha/install/launch_testing_examples:/home/monisha/install/examples_rclpy_pointcloud_publisher:/home/monisha/install/examples_rclpy_minimal_subscriber:/home/monisha/install/examples_rclpy_minimal_service:/home/monisha/install/examples_rclpy_minimal_publisher:/home/monisha/install/examples_rclpy_minimal_client:/home/monisha/install/examples_rclpy_minimal_action_server:/home/monisha/install/examples_rclpy_minimal_action_client:/home/monisha/install/examples_rclpy_guard_conditions:/home/monisha/install/examples_rclpy_executors:/opt/ros/humble /usr/bin/cmake --install /home/monisha/simulation_ws/build/my_simulation
